INFO: 2024-11-11 19:02:04,195: main() 'Using profile folder /home/pawel/.config/variety/'
INFO: 2024-11-11 19:02:04,197: perform_upgrade() 'Last run version was 0.8.12 or earlier, current version is 0.8.12'
INFO: 2024-11-11 19:02:04,264: process_command() 'Received command: ['-n']'
INFO: 2024-11-11 19:02:04,265: start() 'Using data_path /usr/share/variety'
INFO: 2024-11-11 19:02:04,265: load() 'Jumble loading'
INFO: 2024-11-11 19:02:04,265: _walk_modules() 'Jumble loading module in __init__ from /usr/lib/python3.12/site-packages/variety/plugins/builtin/__init__.py'
INFO: 2024-11-11 19:02:04,265: _walk_modules() 'Jumble loading module in GnomeDisplayModesPlugin from /usr/lib/python3.12/site-packages/variety/plugins/builtin/display_modes/GnomeDisplayModesPlugin.py'
INFO: 2024-11-11 19:02:04,265: load() 'Jumble found plugin class: <class 'GnomeDisplayModesPlugin.GnomeDisplayModesPlugin'>: {'name': 'GnomeDisplayModesPlugin', 'description': 'Display modes relying on the underlying desktop environment', 'version': '1.0', 'author': 'Peter Levi'}'
INFO: 2024-11-11 19:02:04,265: _walk_modules() 'Jumble loading module in LegacyDisplayModesPlugin from /usr/lib/python3.12/site-packages/variety/plugins/builtin/display_modes/LegacyDisplayModesPlugin.py'
INFO: 2024-11-11 19:02:04,266: load() 'Jumble found plugin class: <class 'LegacyDisplayModesPlugin.LegacyDisplayModesPlugin'>: {'name': 'LegacyDisplayModesPlugin', 'description': 'Legacy display mode for compatibility with past Variety versions', 'version': '1.0', 'author': 'Peter Levi'}'
INFO: 2024-11-11 19:02:04,266: _walk_modules() 'Jumble loading module in ResizingDisplayModesPlugin from /usr/lib/python3.12/site-packages/variety/plugins/builtin/display_modes/ResizingDisplayModesPlugin.py'
INFO: 2024-11-11 19:02:04,266: load() 'Jumble found plugin class: <class 'ResizingDisplayModesPlugin.ResizingDisplayModesPlugin'>: {'name': 'ResizingDisplayModesPlugin', 'description': 'Display modes that use image resizing within Variety', 'version': '1.0', 'author': 'Peter Levi'}'
INFO: 2024-11-11 19:02:04,266: _walk_modules() 'Jumble loading module in __init__ from /usr/lib/python3.12/site-packages/variety/plugins/builtin/display_modes/__init__.py'
INFO: 2024-11-11 19:02:04,266: _walk_modules() 'Jumble loading module in APODDownloader from /usr/lib/python3.12/site-packages/variety/plugins/builtin/downloaders/APODDownloader.py'
INFO: 2024-11-11 19:02:04,267: load() 'Jumble found plugin class: <class 'APODDownloader.APODDownloader'>: {'name': 'APODDownloader', 'description': 'NASA Astro Pic of the Day', 'author': 'Peter Levi', 'version': '0.1'}'
INFO: 2024-11-11 19:02:04,267: _walk_modules() 'Jumble loading module in ArtStationDownloader from /usr/lib/python3.12/site-packages/variety/plugins/builtin/downloaders/ArtStationDownloader.py'
INFO: 2024-11-11 19:02:04,267: _walk_modules() 'Jumble loading module in ArtStationSource from /usr/lib/python3.12/site-packages/variety/plugins/builtin/downloaders/ArtStationSource.py'
INFO: 2024-11-11 19:02:04,268: load() 'Jumble found plugin class: <class 'ArtStationSource.ArtStationSource'>: {'name': 'ArtStationSource', 'description': 'Configurable source for fetching images from ArtStation', 'author': 'Denis Gordeev', 'version': '0.1'}'
INFO: 2024-11-11 19:02:04,268: _walk_modules() 'Jumble loading module in BingDownloader from /usr/lib/python3.12/site-packages/variety/plugins/builtin/downloaders/BingDownloader.py'
INFO: 2024-11-11 19:02:04,268: load() 'Jumble found plugin class: <class 'BingDownloader.BingDownloader'>: {'name': 'BingDownloader', 'description': 'Bing Photo of the Day', 'author': 'Peter Levi', 'version': '0.1'}'
INFO: 2024-11-11 19:02:04,268: _walk_modules() 'Jumble loading module in EarthviewDownloader from /usr/lib/python3.12/site-packages/variety/plugins/builtin/downloaders/EarthviewDownloader.py'
INFO: 2024-11-11 19:02:04,269: load() 'Jumble found plugin class: <class 'EarthviewDownloader.EarthviewDownloader'>: {'name': 'EarthviewDownloader', 'description': 'Google Earth View Wallpapers', 'author': 'Peter Levi', 'version': '0.1'}'
INFO: 2024-11-11 19:02:04,269: _walk_modules() 'Jumble loading module in MediaRSSDownloader from /usr/lib/python3.12/site-packages/variety/plugins/builtin/downloaders/MediaRSSDownloader.py'
INFO: 2024-11-11 19:02:04,269: _walk_modules() 'Jumble loading module in MediaRSSSource from /usr/lib/python3.12/site-packages/variety/plugins/builtin/downloaders/MediaRSSSource.py'
INFO: 2024-11-11 19:02:04,270: load() 'Jumble found plugin class: <class 'MediaRSSSource.MediaRSSSource'>: {'name': 'MediaRSSSource', 'description': 'Configurable source for fetching images from MediaRSS feeds', 'author': 'Peter Levi', 'version': '0.1'}'
INFO: 2024-11-11 19:02:04,270: _walk_modules() 'Jumble loading module in NationalGeographicDownloader from /usr/lib/python3.12/site-packages/variety/plugins/builtin/downloaders/NationalGeographicDownloader.py'
INFO: 2024-11-11 19:02:04,270: load() 'Jumble found plugin class: <class 'NationalGeographicDownloader.NationalGeographicDownloader'>: {'name': 'NationalGeographicDownloader', 'description': "National Geographic's photo of the day", 'author': 'Eric RÃ¶sch', 'version': '0.1'}'
INFO: 2024-11-11 19:02:04,270: _walk_modules() 'Jumble loading module in RedditDownloader from /usr/lib/python3.12/site-packages/variety/plugins/builtin/downloaders/RedditDownloader.py'
INFO: 2024-11-11 19:02:04,271: _walk_modules() 'Jumble loading module in RedditSource from /usr/lib/python3.12/site-packages/variety/plugins/builtin/downloaders/RedditSource.py'
INFO: 2024-11-11 19:02:04,271: load() 'Jumble found plugin class: <class 'RedditSource.RedditSource'>: {'name': 'RedditSource', 'description': 'Configurable source for fetching images from Reddit', 'author': 'Peter Levi', 'version': '0.1'}'
INFO: 2024-11-11 19:02:04,271: _walk_modules() 'Jumble loading module in UnsplashConfigurableSource from /usr/lib/python3.12/site-packages/variety/plugins/builtin/downloaders/UnsplashConfigurableSource.py'
INFO: 2024-11-11 19:02:04,272: load() 'Jumble found plugin class: <class 'UnsplashConfigurableSource.UnsplashConfigurableSource'>: {'name': 'UnsplashConfigurableSource', 'description': 'Configurable source for fetching photos from Unsplash.com', 'author': 'Peter Levi', 'version': '0.1'}'
INFO: 2024-11-11 19:02:04,272: _walk_modules() 'Jumble loading module in UnsplashDownloader from /usr/lib/python3.12/site-packages/variety/plugins/builtin/downloaders/UnsplashDownloader.py'
INFO: 2024-11-11 19:02:04,272: load() 'Jumble found plugin class: <class 'UnsplashDownloader.UnsplashDownloader'>: {'name': 'UnsplashDownloader', 'description': 'High-resolution photos from Unsplash.com', 'author': 'Peter Levi', 'version': '0.1'}'
INFO: 2024-11-11 19:02:04,272: _walk_modules() 'Jumble loading module in WallhavenDownloader from /usr/lib/python3.12/site-packages/variety/plugins/builtin/downloaders/WallhavenDownloader.py'
INFO: 2024-11-11 19:02:04,273: _walk_modules() 'Jumble loading module in WallhavenLegacyDownloader from /usr/lib/python3.12/site-packages/variety/plugins/builtin/downloaders/WallhavenLegacyDownloader.py'
INFO: 2024-11-11 19:02:04,273: _walk_modules() 'Jumble loading module in WallhavenSource from /usr/lib/python3.12/site-packages/variety/plugins/builtin/downloaders/WallhavenSource.py'
INFO: 2024-11-11 19:02:04,274: load() 'Jumble found plugin class: <class 'WallhavenSource.WallhavenSource'>: {'name': 'WallhavenSource', 'description': 'Configurable source for fetching images from Wallhaven.cc', 'author': 'Peter Levi', 'version': '0.1'}'
INFO: 2024-11-11 19:02:04,274: _walk_modules() 'Jumble loading module in __init__ from /usr/lib/python3.12/site-packages/variety/plugins/builtin/downloaders/__init__.py'
INFO: 2024-11-11 19:02:04,274: _walk_modules() 'Jumble loading module in FortuneSource from /usr/lib/python3.12/site-packages/variety/plugins/builtin/quotes/FortuneSource.py'
INFO: 2024-11-11 19:02:04,274: load() 'Jumble found plugin class: <class 'FortuneSource.FortuneSource'>: {'name': 'UNIX fortune program', 'description': 'Displays quotes using the UNIX fortune program. You may want to install additional fortune packs, e.g. fortunes-bofh-excuses.', 'author': 'Dan Jones', 'version': '0.1'}'
INFO: 2024-11-11 19:02:04,274: _walk_modules() 'Jumble loading module in GoodreadsSource from /usr/lib/python3.12/site-packages/variety/plugins/builtin/quotes/GoodreadsSource.py'
INFO: 2024-11-11 19:02:04,293: load() 'Jumble found plugin class: <class 'GoodreadsSource.GoodreadsSource'>: {'name': 'Goodreads', 'description': 'Fetches quotes from Goodreads.com', 'author': 'Peter Levi', 'version': '0.1'}'
INFO: 2024-11-11 19:02:04,293: _walk_modules() 'Jumble loading module in LocalFilesSource from /usr/lib/python3.12/site-packages/variety/plugins/builtin/quotes/LocalFilesSource.py'
INFO: 2024-11-11 19:02:04,294: load() 'Jumble found plugin class: <class 'LocalFilesSource.LocalFilesSource'>: {'name': 'Local text files', 'description': 'Displays quotes, defined in local text files.\nPut your own txt files in: ~/.config/variety/pluginconfig/quotes/.\nThe file format is:\n\nquote -- author\n.\nsecond quote -- another author\n.\netc...\n\nExample: http://rvelthuis.de/zips/quotes.txt', 'author': 'Peter Levi', 'version': '0.1'}'
INFO: 2024-11-11 19:02:04,294: _walk_modules() 'Jumble loading module in QuotationsPageSource from /usr/lib/python3.12/site-packages/variety/plugins/builtin/quotes/QuotationsPageSource.py'
INFO: 2024-11-11 19:02:04,294: load() 'Jumble found plugin class: <class 'QuotationsPageSource.QuotationsPageSource'>: {'name': 'TheQuotationsPage.com', 'description': 'Fetches quotes from TheQuotationsPage.com', 'author': 'Peter Levi', 'version': '0.1'}'
INFO: 2024-11-11 19:02:04,294: _walk_modules() 'Jumble loading module in UrbanDictionarySource from /usr/lib/python3.12/site-packages/variety/plugins/builtin/quotes/UrbanDictionarySource.py'
INFO: 2024-11-11 19:02:04,294: load() 'Jumble found plugin class: <class 'UrbanDictionarySource.UrbanDictionarySource'>: {'name': 'Urban Dictionary', 'description': 'Displays definitions from Urban Dictionary', 'author': 'James Miller', 'version': '0.1'}'
INFO: 2024-11-11 19:02:04,294: _walk_modules() 'Jumble loading module in __init__ from /usr/lib/python3.12/site-packages/variety/plugins/builtin/quotes/__init__.py'
INFO: 2024-11-11 19:02:04,299: reload_config() 'Creating new downloader for type apod, location NASA's Astronomy Picture of the Day'
INFO: 2024-11-11 19:02:04,299: reload_config() 'Creating new downloader for type bing, location Bing Photo of the Day'
INFO: 2024-11-11 19:02:04,299: reload_config() 'Creating new downloader for type earthview, location Google Earth View Wallpapers'
INFO: 2024-11-11 19:02:04,299: reload_config() 'Creating new downloader for type natgeo, location National Geographic's photo of the day'
INFO: 2024-11-11 19:02:04,299: reload_config() 'Creating new downloader for type reddit, location https://www.reddit.com/r/ultrahdwallpapers/top/?t=all'
INFO: 2024-11-11 19:02:04,299: reload_config() 'Creating new downloader for type reddit, location https://www.reddit.com/r/wallpapers/top/?t=all'
INFO: 2024-11-11 19:02:04,299: log_options() 'Loaded options:'
INFO: 2024-11-11 19:02:04,299: log_options() 'change_enabled = True'
INFO: 2024-11-11 19:02:04,299: log_options() 'change_interval = 300'
INFO: 2024-11-11 19:02:04,299: log_options() 'change_on_start = False'
INFO: 2024-11-11 19:02:04,300: log_options() 'clipboard_enabled = False'
INFO: 2024-11-11 19:02:04,300: log_options() 'clipboard_hosts = ['wallhaven.cc', 'wallpapers.net', 'flickr.com', 'imgur.com', 'deviantart.com', 'interfacelift.com', 'vladstudio.com', 'imageshack.us', 'deviantart.net', 'imageshack.com']'
INFO: 2024-11-11 19:02:04,300: log_options() 'clipboard_use_whitelist = True'
INFO: 2024-11-11 19:02:04,300: log_options() 'clock_date_font = Ubuntu Nerd Font Medium 26'
INFO: 2024-11-11 19:02:04,300: log_options() 'clock_enabled = True'
INFO: 2024-11-11 19:02:04,300: log_options() 'clock_filter = -density 100 -font `fc-match -f '%{file[0]}' '%CLOCK_FONT_NAME'` -pointsize %CLOCK_FONT_SIZE -gravity SouthEast -fill '#00000044' -annotate 0x0+[%HOFFSET+58]+[%VOFFSET+108] '%H:%M' -fill white -annotate 0x0+[%HOFFSET+60]+[%VOFFSET+110] '%H:%M' -font `fc-match -f '%{file[0]}' '%DATE_FONT_NAME'` -pointsize %DATE_FONT_SIZE -fill '#00000044' -annotate 0x0+[%HOFFSET+58]+[%VOFFSET+58] '%A, %B %d' -fill white -annotate 0x0+[%HOFFSET+60]+[%VOFFSET+60] '%A, %B %d''
INFO: 2024-11-11 19:02:04,300: log_options() 'clock_font = Ubuntu Nerd Font 60'
INFO: 2024-11-11 19:02:04,300: log_options() 'configfile = /home/pawel/.config/variety/variety.conf'
INFO: 2024-11-11 19:02:04,300: log_options() 'copyto_enabled = False'
INFO: 2024-11-11 19:02:04,300: log_options() 'copyto_folder = Default'
INFO: 2024-11-11 19:02:04,300: log_options() 'desired_color = [160, 160, 160]'
INFO: 2024-11-11 19:02:04,300: log_options() 'desired_color_enabled = False'
INFO: 2024-11-11 19:02:04,300: log_options() 'download_folder = /home/pawel/.config/variety/Downloaded'
INFO: 2024-11-11 19:02:04,300: log_options() 'download_preference_ratio = 0.9'
INFO: 2024-11-11 19:02:04,300: log_options() 'favorites_folder = /home/pawel/.config/variety/Favorites'
INFO: 2024-11-11 19:02:04,300: log_options() 'favorites_operations = [['Downloaded', 'Copy'], ['Fetched', 'Move'], ['Others', 'Copy']]'
INFO: 2024-11-11 19:02:04,300: log_options() 'fetched_folder = /home/pawel/.config/variety/Fetched'
INFO: 2024-11-11 19:02:04,300: log_options() 'filters = [[False, 'Keep original', ''], [False, 'Grayscale', '-type Grayscale'], [False, 'Heavy blur', '-scale 20% -blur 0x10 -resize 500%'], [False, 'Soft blur', '-scale 20% -blur 0x2 -resize 500%'], [False, 'Oil painting', '-paint 8'], [False, 'Pointilism', '-spread 10 -noise 3'], [False, 'Pixellate', '-scale 3% -scale 3333%']]'
INFO: 2024-11-11 19:02:04,300: log_options() 'get_wallpaper_script = /home/pawel/.config/variety/scripts/get_wallpaper'
INFO: 2024-11-11 19:02:04,300: log_options() 'icon = Light'
INFO: 2024-11-11 19:02:04,300: log_options() 'internet_enabled = True'
INFO: 2024-11-11 19:02:04,300: log_options() 'lightness_enabled = False'
INFO: 2024-11-11 19:02:04,300: log_options() 'lightness_mode = 0'
INFO: 2024-11-11 19:02:04,300: log_options() 'min_rating = 2'
INFO: 2024-11-11 19:02:04,300: log_options() 'min_rating_enabled = False'
INFO: 2024-11-11 19:02:04,300: log_options() 'min_size = 80'
INFO: 2024-11-11 19:02:04,300: log_options() 'min_size_enabled = True'
INFO: 2024-11-11 19:02:04,300: log_options() 'quota_enabled = True'
INFO: 2024-11-11 19:02:04,300: log_options() 'quota_size = 1000'
INFO: 2024-11-11 19:02:04,300: log_options() 'quotes_authors = '
INFO: 2024-11-11 19:02:04,300: log_options() 'quotes_bg_color = [80, 80, 80]'
INFO: 2024-11-11 19:02:04,300: log_options() 'quotes_bg_opacity = 55'
INFO: 2024-11-11 19:02:04,300: log_options() 'quotes_change_enabled = False'
INFO: 2024-11-11 19:02:04,300: log_options() 'quotes_change_interval = 300'
INFO: 2024-11-11 19:02:04,300: log_options() 'quotes_disabled_sources = ['Urban Dictionary']'
INFO: 2024-11-11 19:02:04,300: log_options() 'quotes_enabled = False'
INFO: 2024-11-11 19:02:04,300: log_options() 'quotes_favorites_file = /home/pawel/.config/variety/favorite_quotes.txt'
INFO: 2024-11-11 19:02:04,300: log_options() 'quotes_font = Serif 30'
INFO: 2024-11-11 19:02:04,300: log_options() 'quotes_hpos = 100'
INFO: 2024-11-11 19:02:04,300: log_options() 'quotes_max_length = 250'
INFO: 2024-11-11 19:02:04,300: log_options() 'quotes_tags = '
INFO: 2024-11-11 19:02:04,300: log_options() 'quotes_text_color = [255, 255, 255]'
INFO: 2024-11-11 19:02:04,300: log_options() 'quotes_text_shadow = False'
INFO: 2024-11-11 19:02:04,300: log_options() 'quotes_vpos = 40'
INFO: 2024-11-11 19:02:04,300: log_options() 'quotes_width = 70'
INFO: 2024-11-11 19:02:04,300: log_options() 'safe_mode = False'
INFO: 2024-11-11 19:02:04,300: log_options() 'set_wallpaper_script = /home/pawel/.config/variety/scripts/set_wallpaper'
INFO: 2024-11-11 19:02:04,300: log_options() 'slideshow_custom_enabled = False'
INFO: 2024-11-11 19:02:04,300: log_options() 'slideshow_custom_folder = /home/pawel/Obrazy'
INFO: 2024-11-11 19:02:04,300: log_options() 'slideshow_downloads_enabled = False'
INFO: 2024-11-11 19:02:04,300: log_options() 'slideshow_fade = 0.4'
INFO: 2024-11-11 19:02:04,300: log_options() 'slideshow_favorites_enabled = True'
INFO: 2024-11-11 19:02:04,300: log_options() 'slideshow_mode = Fullscreen'
INFO: 2024-11-11 19:02:04,300: log_options() 'slideshow_monitor = All'
INFO: 2024-11-11 19:02:04,300: log_options() 'slideshow_pan = 0.05'
INFO: 2024-11-11 19:02:04,300: log_options() 'slideshow_seconds = 6.0'
INFO: 2024-11-11 19:02:04,300: log_options() 'slideshow_sort_order = Random'
INFO: 2024-11-11 19:02:04,300: log_options() 'slideshow_sources_enabled = True'
INFO: 2024-11-11 19:02:04,300: log_options() 'slideshow_zoom = 0.2'
INFO: 2024-11-11 19:02:04,300: log_options() 'smart_enabled = False'
INFO: 2024-11-11 19:02:04,300: log_options() 'smart_notice_shown = False'
INFO: 2024-11-11 19:02:04,300: log_options() 'smart_register_shown = False'
INFO: 2024-11-11 19:02:04,300: log_options() 'sources = [[False, 'favorites', 'The Favorites folder'], [False, 'fetched', 'The Fetched folder'], [False, 'folder', '/usr/share/backgrounds'], [False, 'flickr', 'user:www.flickr.com/photos/peter-levi/;user_id:93647178@N00;'], [True, 'apod', "NASA's Astronomy Picture of the Day"], [True, 'bing', 'Bing Photo of the Day'], [True, 'earthview', 'Google Earth View Wallpapers'], [True, 'natgeo', "National Geographic's photo of the day"], [False, 'unsplash', 'High-resolution photos from Unsplash.com'], [True, 'folder', '/usr/share/wallpapers'], [True, 'reddit', 'https://www.reddit.com/r/ultrahdwallpapers/top/?t=all'], [True, 'reddit', 'https://www.reddit.com/r/wallpapers/top/?t=all']]'
INFO: 2024-11-11 19:02:04,300: log_options() 'stats_enabled = True'
INFO: 2024-11-11 19:02:04,300: log_options() 'stats_notice_shown = False'
INFO: 2024-11-11 19:02:04,300: log_options() 'sync_enabled = True'
INFO: 2024-11-11 19:02:04,300: log_options() 'use_landscape_enabled = False'
INFO: 2024-11-11 19:02:04,300: log_options() 'wallhaven_api_key = '
INFO: 2024-11-11 19:02:04,300: log_options() 'wallpaper_auto_rotate = False'
INFO: 2024-11-11 19:02:04,300: log_options() 'wallpaper_display_mode = os'
INFO: 2024-11-11 19:02:04,300: reload_config() 'No need to clear prepared queue'
INFO: 2024-11-11 19:02:04,300: clock_thread_method() 'clock thread running'
INFO: 2024-11-11 19:02:04,300: update_indicator() 'Setting file info to: /home/pawel/.config/variety/Downloaded/reddit_www_reddit_com_r_ultrahdwallpapers_top__t_all/qc19lekgc9oc1.jpeg'
INFO: 2024-11-11 19:02:04,301: load_banned() 'Missing or invalid banned URLs list, no URLs will be banned'
INFO: 2024-11-11 19:02:04,301: load_last_change_time() 'Change interval < 6 hours, ignore persisted last_change_time, wait initially the whole interval: 300'
INFO: 2024-11-11 19:02:04,301: update_indicator() 'Setting file info to: /home/pawel/.config/variety/Downloaded/reddit_www_reddit_com_r_ultrahdwallpapers_top__t_all/qc19lekgc9oc1.jpeg'
INFO: 2024-11-11 19:02:04,301: regular_change_thread() 'regular_change thread running'
INFO: 2024-11-11 19:02:04,301: prepare_thread() 'Prepare thread running'
INFO: 2024-11-11 19:02:04,301: prepare_thread() 'Prepared buffer contains 0 images'
INFO: 2024-11-11 19:02:04,301: prepare_thread() 'Preparing some images'
INFO: 2024-11-11 19:02:04,302: get_throttling() 'Earth View: parsing serverside options'
INFO: 2024-11-11 19:02:04,302: get_throttling() 'Could not parse Earth View serverside options, using defaults 20, None'
INFO: 2024-11-11 19:02:04,302: get_throttling() 'Earth View: parsing serverside options'
INFO: 2024-11-11 19:02:04,302: get_throttling() 'Could not parse Earth View serverside options, using defaults 20, None'
INFO: 2024-11-11 19:02:04,302: download_one() 'Earth View: Downloading an image, config: None'
INFO: 2024-11-11 19:02:04,302: download_one() 'Earth View: Queue size: 0'
INFO: 2024-11-11 19:02:04,302: get_throttling() 'Earth View: parsing serverside options'
INFO: 2024-11-11 19:02:04,302: get_throttling() 'Could not parse Earth View serverside options, using defaults 20, None'
INFO: 2024-11-11 19:02:04,302: download_one() 'Earth View: Filling queue'
INFO: 2024-11-11 19:02:04,302: update_indicator_icon() 'Creating indicator'
WARNING: 2024-11-11 19:02:04,307: create_menu() 'Variety Slideshow is not installed. This is an optional extension adding pan-and-zoom slideshows to Variety: see https://github.com/peterlevi/variety-slideshow for details'
INFO: 2024-11-11 19:02:04,307: create_indicator() 'indicator backend: fallback tray'
INFO: 2024-11-11 19:02:04,329: set_from_theme_icon() 'Showing status icon variety-indicator from GTK theme'
INFO: 2024-11-11 19:02:04,332: prepare_thread() 'After search prepared buffer contains 25 images'
INFO: 2024-11-11 19:02:04,401: do_set_wp() 'Calling do_set_wp with /home/pawel/.config/variety/Downloaded/reddit_www_reddit_com_r_ultrahdwallpapers_top__t_all/qc19lekgc9oc1.jpeg, time: 1731348124.4017515'
INFO: 2024-11-11 19:02:04,403: compute_trimmed_offsets() 'Trimmed offsets debug info: w:1920, h:1080, ratio:1.777778, iw:3840, ih:2160, scw:1920, sch:1080, ho:0, vo:0'
INFO: 2024-11-11 19:02:04,403: build_imagemagick_clock_cmd() 'Applying clock filter: -density 100 -font `fc-match -f '%{file[0]}' 'Ubuntu Nerd Font:60'` -pointsize 60 -gravity SouthEast -fill '#00000044' -annotate 0x0+58+108 '19:02' -fill white -annotate 0x0+60+110 '19:02' -font `fc-match -f '%{file[0]}' 'Ubuntu Nerd Font:Medium:26'` -pointsize 26 -fill '#00000044' -annotate 0x0+58+58 'poniedziaÅek, listopada 11' -fill white -annotate 0x0+60+60 'poniedziaÅek, listopada 11''
INFO: 2024-11-11 19:02:04,403: build_imagemagick_clock_cmd() 'ImageMagick clock cmd: convert /home/pawel/.config/variety/Downloaded/reddit_www_reddit_com_r_ultrahdwallpapers_top__t_all/qc19lekgc9oc1.jpeg -scale 1920x1080^ -density 100 -font `fc-match -f '%{file[0]}' 'Ubuntu Nerd Font:60'` -pointsize 60 -gravity SouthEast -fill '#00000044' -annotate 0x0+58+108 '19:02' -fill white -annotate 0x0+60+110 '19:02' -font `fc-match -f '%{file[0]}' 'Ubuntu Nerd Font:Medium:26'` -pointsize 26 -fill '#00000044' -annotate 0x0+58+58 'poniedziaÅek, listopada 11' -fill white -annotate 0x0+60+60 'poniedziaÅek, listopada 11' /home/pawel/.config/variety/wallpaper/wallpaper-clock-a48a76b01ca48996460b32e720297599.jpg'
ERROR: 2024-11-11 19:02:04,500: download_one_from() 'Could not download wallpaper:'
Traceback (most recent call last):
  File "/usr/lib/python3.12/site-packages/variety/VarietyWindow.py", line 1164, in download_one_from
    file = downloader.download_one()
           ^^^^^^^^^^^^^^^^^^^^^^^^^
  File "/usr/lib/python3.12/site-packages/variety/plugins/downloaders/DefaultDownloader.py", line 141, in download_one
    items = self.fill_queue()
            ^^^^^^^^^^^^^^^^^
  File "/usr/lib/python3.12/site-packages/variety/plugins/builtin/downloaders/EarthviewDownloader.py", line 57, in fill_queue
    queue = Util.fetch_json(DATA_URL)
            ^^^^^^^^^^^^^^^^^^^^^^^^^
  File "/usr/lib/python3.12/site-packages/variety/Util.py", line 684, in fetch_json
    return Util.request(url, data, **request_kwargs).json()
           ^^^^^^^^^^^^^^^^^^^^^^^^^^^^^^^^^^^^^^^^^
  File "/usr/lib/python3.12/site-packages/variety/Util.py", line 663, in request
    r.raise_for_status()
  File "/usr/lib/python3.12/site-packages/requests/models.py", line 1024, in raise_for_status
    raise HTTPError(http_error_msg, response=self)
requests.exceptions.HTTPError: 404 Client Error: Not Found for url: https://earthview.withgoogle.com/_api/photos.json
INFO: 2024-11-11 19:02:04,555: update_indicator() 'Setting file info to: /home/pawel/.config/variety/Downloaded/reddit_www_reddit_com_r_ultrahdwallpapers_top__t_all/qc19lekgc9oc1.jpeg'
INFO: 2024-11-11 19:02:04,555: list_files() 'More than 1 files in the folders, stop listing'
INFO: 2024-11-11 19:02:05,301: clock_thread_method() 'clock_thread updates wallpaper'
INFO: 2024-11-11 19:02:05,401: do_set_wp() 'Calling do_set_wp with /home/pawel/.config/variety/Downloaded/reddit_www_reddit_com_r_ultrahdwallpapers_top__t_all/qc19lekgc9oc1.jpeg, time: 1731348125.401966'
INFO: 2024-11-11 19:02:05,402: compute_trimmed_offsets() 'Trimmed offsets debug info: w:1920, h:1080, ratio:1.777778, iw:3840, ih:2160, scw:1920, sch:1080, ho:0, vo:0'
INFO: 2024-11-11 19:02:05,402: build_imagemagick_clock_cmd() 'Applying clock filter: -density 100 -font `fc-match -f '%{file[0]}' 'Ubuntu Nerd Font:60'` -pointsize 60 -gravity SouthEast -fill '#00000044' -annotate 0x0+58+108 '19:02' -fill white -annotate 0x0+60+110 '19:02' -font `fc-match -f '%{file[0]}' 'Ubuntu Nerd Font:Medium:26'` -pointsize 26 -fill '#00000044' -annotate 0x0+58+58 'poniedziaÅek, listopada 11' -fill white -annotate 0x0+60+60 'poniedziaÅek, listopada 11''
INFO: 2024-11-11 19:02:05,403: build_imagemagick_clock_cmd() 'ImageMagick clock cmd: convert /home/pawel/.config/variety/Downloaded/reddit_www_reddit_com_r_ultrahdwallpapers_top__t_all/qc19lekgc9oc1.jpeg -scale 1920x1080^ -density 100 -font `fc-match -f '%{file[0]}' 'Ubuntu Nerd Font:60'` -pointsize 60 -gravity SouthEast -fill '#00000044' -annotate 0x0+58+108 '19:02' -fill white -annotate 0x0+60+110 '19:02' -font `fc-match -f '%{file[0]}' 'Ubuntu Nerd Font:Medium:26'` -pointsize 26 -fill '#00000044' -annotate 0x0+58+58 'poniedziaÅek, listopada 11' -fill white -annotate 0x0+60+60 'poniedziaÅek, listopada 11' /home/pawel/.config/variety/wallpaper/wallpaper-clock-2ca948e0ce8dcffa93335d90701ed28d.jpg'
INFO: 2024-11-11 19:02:05,436: reload() 'Reloading preferences dialog'
INFO: 2024-11-11 19:02:05,501: get_throttling() 'National Geographic: parsing serverside options'
INFO: 2024-11-11 19:02:05,501: get_throttling() 'Could not parse National Geographic serverside options, using defaults None, None'
INFO: 2024-11-11 19:02:05,501: get_throttling() 'National Geographic: parsing serverside options'
INFO: 2024-11-11 19:02:05,501: get_throttling() 'Could not parse National Geographic serverside options, using defaults None, None'
INFO: 2024-11-11 19:02:05,501: download_one() 'National Geographic: Downloading an image, config: None'
INFO: 2024-11-11 19:02:05,501: download_one() 'National Geographic: Queue size: 0'
INFO: 2024-11-11 19:02:05,501: get_throttling() 'National Geographic: parsing serverside options'
INFO: 2024-11-11 19:02:05,501: get_throttling() 'Could not parse National Geographic serverside options, using defaults None, None'
INFO: 2024-11-11 19:02:05,501: download_one() 'National Geographic: Filling queue'
INFO: 2024-11-11 19:02:05,566: update_indicator() 'Setting file info to: /home/pawel/.config/variety/Downloaded/reddit_www_reddit_com_r_ultrahdwallpapers_top__t_all/qc19lekgc9oc1.jpeg'
INFO: 2024-11-11 19:02:05,567: list_files() 'More than 1 files in the folders, stop listing'
ERROR: 2024-11-11 19:02:05,719: download_one_from() 'Could not download wallpaper:'
Traceback (most recent call last):
  File "/usr/lib/python3.12/site-packages/requests/models.py", line 974, in json
    return complexjson.loads(self.text, **kwargs)
           ^^^^^^^^^^^^^^^^^^^^^^^^^^^^^^^^^^^^^^
  File "/usr/lib/python3.12/json/__init__.py", line 346, in loads
    return _default_decoder.decode(s)
           ^^^^^^^^^^^^^^^^^^^^^^^^^^
  File "/usr/lib/python3.12/json/decoder.py", line 337, in decode
    obj, end = self.raw_decode(s, idx=_w(s, 0).end())
               ^^^^^^^^^^^^^^^^^^^^^^^^^^^^^^^^^^^^^^
  File "/usr/lib/python3.12/json/decoder.py", line 355, in raw_decode
    raise JSONDecodeError("Expecting value", s, err.value) from None
json.decoder.JSONDecodeError: Expecting value: line 2 column 9 (char 9)

During handling of the above exception, another exception occurred:

Traceback (most recent call last):
  File "/usr/lib/python3.12/site-packages/variety/VarietyWindow.py", line 1164, in download_one_from
    file = downloader.download_one()
           ^^^^^^^^^^^^^^^^^^^^^^^^^
  File "/usr/lib/python3.12/site-packages/variety/plugins/downloaders/DefaultDownloader.py", line 141, in download_one
    items = self.fill_queue()
            ^^^^^^^^^^^^^^^^^
  File "/usr/lib/python3.12/site-packages/variety/plugins/builtin/downloaders/NationalGeographicDownloader.py", line 54, in fill_queue
    queue = Util.fetch_json(DATA_URL)
            ^^^^^^^^^^^^^^^^^^^^^^^^^
  File "/usr/lib/python3.12/site-packages/variety/Util.py", line 684, in fetch_json
    return Util.request(url, data, **request_kwargs).json()
           ^^^^^^^^^^^^^^^^^^^^^^^^^^^^^^^^^^^^^^^^^^^^^^^^
  File "/usr/lib/python3.12/site-packages/requests/models.py", line 978, in json
    raise RequestsJSONDecodeError(e.msg, e.doc, e.pos)
requests.exceptions.JSONDecodeError: Expecting value: line 2 column 9 (char 9)
INFO: 2024-11-11 19:02:06,332: trigger_download() 'Triggering download thread to check if download needed and possible'
INFO: 2024-11-11 19:02:06,720: get_throttling() 'Bing: parsing serverside options'
INFO: 2024-11-11 19:02:06,720: get_throttling() 'Could not parse Bing serverside options, using defaults None, None'
INFO: 2024-11-11 19:02:06,720: get_throttling() 'Bing: parsing serverside options'
INFO: 2024-11-11 19:02:06,720: get_throttling() 'Could not parse Bing serverside options, using defaults None, None'
INFO: 2024-11-11 19:02:06,720: download_one() 'Bing: Downloading an image, config: None'
INFO: 2024-11-11 19:02:06,720: download_one() 'Bing: Queue size: 0'
INFO: 2024-11-11 19:02:06,720: get_throttling() 'Bing: parsing serverside options'
INFO: 2024-11-11 19:02:06,720: get_throttling() 'Could not parse Bing serverside options, using defaults None, None'
INFO: 2024-11-11 19:02:06,720: download_one() 'Bing: Filling queue'
INFO: 2024-11-11 19:02:06,858: download_one() 'Bing: Queue populated with 7 URLs'
INFO: 2024-11-11 19:02:06,858: save_locally() 'Origin URL: https://www.bing.com/search?q=Olympic+National+Park+Washington&form=hpcapt&filters=HpDate%3a%2220241106_0800%22'
INFO: 2024-11-11 19:02:06,858: save_locally() 'Image URL: https://www.bing.com/th?id=OHR.ShiShiBeach_EN-US4231457607_UHD.jpg'
INFO: 2024-11-11 19:02:06,858: save_locally() 'Local path: /home/pawel/.config/variety/Downloaded/Bing/OHR.ShiShiBeach_EN-US4231457607_UHD.jpg'
INFO: 2024-11-11 19:02:06,858: save_locally() 'File already exists, skip downloading'
INFO: 2024-11-11 19:02:07,265: set_wallpaper() 'Calling set_wallpaper with /home/pawel/.config/variety/Downloaded/reddit_www_reddit_com_r_ultrahdwallpapers_top__t_all/n1viytn5qy961.jpg'
INFO: 2024-11-11 19:02:07,265: prepare_thread() 'Prepared buffer contains 25 images'
INFO: 2024-11-11 19:02:07,266: do_set_wp() 'Calling do_set_wp with /home/pawel/.config/variety/Downloaded/reddit_www_reddit_com_r_ultrahdwallpapers_top__t_all/n1viytn5qy961.jpg, time: 1731348127.2662175'
INFO: 2024-11-11 19:02:07,266: compute_trimmed_offsets() 'Trimmed offsets debug info: w:1920, h:1080, ratio:1.777778, iw:5120, ih:1440, scw:3840, sch:1080, ho:960, vo:0'
INFO: 2024-11-11 19:02:07,266: build_imagemagick_clock_cmd() 'Applying clock filter: -density 100 -font `fc-match -f '%{file[0]}' 'Ubuntu Nerd Font:60'` -pointsize 60 -gravity SouthEast -fill '#00000044' -annotate 0x0+1018+108 '19:02' -fill white -annotate 0x0+1020+110 '19:02' -font `fc-match -f '%{file[0]}' 'Ubuntu Nerd Font:Medium:26'` -pointsize 26 -fill '#00000044' -annotate 0x0+1018+58 'poniedziaÅek, listopada 11' -fill white -annotate 0x0+1020+60 'poniedziaÅek, listopada 11''
INFO: 2024-11-11 19:02:07,266: build_imagemagick_clock_cmd() 'ImageMagick clock cmd: convert /home/pawel/.config/variety/Downloaded/reddit_www_reddit_com_r_ultrahdwallpapers_top__t_all/n1viytn5qy961.jpg -scale 1920x1080^ -density 100 -font `fc-match -f '%{file[0]}' 'Ubuntu Nerd Font:60'` -pointsize 60 -gravity SouthEast -fill '#00000044' -annotate 0x0+1018+108 '19:02' -fill white -annotate 0x0+1020+110 '19:02' -font `fc-match -f '%{file[0]}' 'Ubuntu Nerd Font:Medium:26'` -pointsize 26 -fill '#00000044' -annotate 0x0+1018+58 'poniedziaÅek, listopada 11' -fill white -annotate 0x0+1020+60 'poniedziaÅek, listopada 11' /home/pawel/.config/variety/wallpaper/wallpaper-clock-499a5b11299b078a129c61df2a8f404b.jpg'
INFO: 2024-11-11 19:02:07,500: update_indicator() 'Setting file info to: /home/pawel/.config/variety/Downloaded/reddit_www_reddit_com_r_ultrahdwallpapers_top__t_all/n1viytn5qy961.jpg'
INFO: 2024-11-11 19:02:07,500: list_files() 'More than 1 files in the folders, stop listing'
INFO: 2024-11-11 19:02:07,858: get_throttling() 'Reddit: parsing serverside options'
INFO: 2024-11-11 19:02:07,858: get_throttling() 'Could not parse Reddit serverside options, using defaults None, None'
INFO: 2024-11-11 19:02:07,858: get_throttling() 'Reddit: parsing serverside options'
INFO: 2024-11-11 19:02:07,858: get_throttling() 'Could not parse Reddit serverside options, using defaults None, None'
INFO: 2024-11-11 19:02:07,858: download_one() 'Reddit: Downloading an image, config: https://www.reddit.com/r/wallpapers/top/?t=all'
INFO: 2024-11-11 19:02:07,858: download_one() 'Reddit: Queue size: 0'
INFO: 2024-11-11 19:02:07,858: get_throttling() 'Reddit: parsing serverside options'
INFO: 2024-11-11 19:02:07,858: get_throttling() 'Could not parse Reddit serverside options, using defaults None, None'
INFO: 2024-11-11 19:02:07,858: download_one() 'Reddit: Filling queue'
INFO: 2024-11-11 19:02:07,858: fill_queue() 'Reddit URL: https://www.reddit.com/r/wallpapers/top/?t=all'
INFO: 2024-11-11 19:02:09,224: download_one() 'Reddit: Queue populated with 93 URLs'
INFO: 2024-11-11 19:02:09,224: save_locally() 'Origin URL: https://www.reddit.com/r/wallpapers/comments/5ohmwk/serenity_1920_x_1080/'
INFO: 2024-11-11 19:02:09,224: save_locally() 'Image URL: https://i.imgur.com/nZBJAsK.jpg'
INFO: 2024-11-11 19:02:09,224: save_locally() 'Local path: /home/pawel/.config/variety/Downloaded/reddit_www_reddit_com_r_wallpapers_top__t_all/nZBJAsK.jpg'
INFO: 2024-11-11 19:02:09,224: save_locally() 'File already exists, skip downloading'
INFO: 2024-11-11 19:02:09,266: trigger_download() 'Triggering download thread to check if download needed and possible'
INFO: 2024-11-11 19:02:09,266: trigger_download() 'Triggering download thread to check if download needed and possible'
INFO: 2024-11-11 19:02:10,224: get_throttling() 'Reddit: parsing serverside options'
INFO: 2024-11-11 19:02:10,224: get_throttling() 'Could not parse Reddit serverside options, using defaults None, None'
INFO: 2024-11-11 19:02:10,224: get_throttling() 'Reddit: parsing serverside options'
INFO: 2024-11-11 19:02:10,224: get_throttling() 'Could not parse Reddit serverside options, using defaults None, None'
INFO: 2024-11-11 19:02:10,224: download_one() 'Reddit: Downloading an image, config: https://www.reddit.com/r/ultrahdwallpapers/top/?t=all'
INFO: 2024-11-11 19:02:10,224: download_one() 'Reddit: Queue size: 0'
INFO: 2024-11-11 19:02:10,224: get_throttling() 'Reddit: parsing serverside options'
INFO: 2024-11-11 19:02:10,224: get_throttling() 'Could not parse Reddit serverside options, using defaults None, None'
INFO: 2024-11-11 19:02:10,225: download_one() 'Reddit: Filling queue'
INFO: 2024-11-11 19:02:10,225: fill_queue() 'Reddit URL: https://www.reddit.com/r/ultrahdwallpapers/top/?t=all'
INFO: 2024-11-11 19:02:11,779: download_one() 'Reddit: Queue populated with 56 URLs'
INFO: 2024-11-11 19:02:11,779: save_locally() 'Origin URL: https://www.reddit.com/r/ultrahdwallpapers/comments/ux0vc3/reynisdrangar_vik_iceland_5k/'
INFO: 2024-11-11 19:02:11,779: save_locally() 'Image URL: https://i.redd.it/xjrapod3mh191.jpg'
INFO: 2024-11-11 19:02:11,779: save_locally() 'Local path: /home/pawel/.config/variety/Downloaded/reddit_www_reddit_com_r_ultrahdwallpapers_top__t_all/xjrapod3mh191.jpg'
INFO: 2024-11-11 19:02:11,779: save_locally() 'File already exists, skip downloading'
INFO: 2024-11-11 19:02:24,302: server_options_thread() 'Fetching server options from http://tiny.cc/variety-options-063'
ERROR: 2024-11-11 19:02:24,929: server_options_thread() 'Could not fetch Variety serverside options'
Traceback (most recent call last):
  File "/usr/lib/python3.12/site-packages/requests/models.py", line 974, in json
    return complexjson.loads(self.text, **kwargs)
           ^^^^^^^^^^^^^^^^^^^^^^^^^^^^^^^^^^^^^^
  File "/usr/lib/python3.12/json/__init__.py", line 346, in loads
    return _default_decoder.decode(s)
           ^^^^^^^^^^^^^^^^^^^^^^^^^^
  File "/usr/lib/python3.12/json/decoder.py", line 337, in decode
    obj, end = self.raw_decode(s, idx=_w(s, 0).end())
               ^^^^^^^^^^^^^^^^^^^^^^^^^^^^^^^^^^^^^^
  File "/usr/lib/python3.12/json/decoder.py", line 355, in raw_decode
    raise JSONDecodeError("Expecting value", s, err.value) from None
json.decoder.JSONDecodeError: Expecting value: line 1 column 1 (char 0)

During handling of the above exception, another exception occurred:

Traceback (most recent call last):
  File "/usr/lib/python3.12/site-packages/variety/VarietyWindow.py", line 1084, in server_options_thread
    self.server_options = Util.fetch_json(VarietyWindow.SERVERSIDE_OPTIONS_URL)
                          ^^^^^^^^^^^^^^^^^^^^^^^^^^^^^^^^^^^^^^^^^^^^^^^^^^^^^
  File "/usr/lib/python3.12/site-packages/variety/Util.py", line 684, in fetch_json
    return Util.request(url, data, **request_kwargs).json()
           ^^^^^^^^^^^^^^^^^^^^^^^^^^^^^^^^^^^^^^^^^^^^^^^^
  File "/usr/lib/python3.12/site-packages/requests/models.py", line 978, in json
    raise RequestsJSONDecodeError(e.msg, e.doc, e.pos)
requests.exceptions.JSONDecodeError: Expecting value: line 1 column 1 (char 0)
INFO: 2024-11-11 19:02:54,930: server_options_thread() 'Fetching server options from http://tiny.cc/variety-options-063'
ERROR: 2024-11-11 19:02:55,479: server_options_thread() 'Could not fetch Variety serverside options'
Traceback (most recent call last):
  File "/usr/lib/python3.12/site-packages/requests/models.py", line 974, in json
    return complexjson.loads(self.text, **kwargs)
           ^^^^^^^^^^^^^^^^^^^^^^^^^^^^^^^^^^^^^^
  File "/usr/lib/python3.12/json/__init__.py", line 346, in loads
    return _default_decoder.decode(s)
           ^^^^^^^^^^^^^^^^^^^^^^^^^^
  File "/usr/lib/python3.12/json/decoder.py", line 337, in decode
    obj, end = self.raw_decode(s, idx=_w(s, 0).end())
               ^^^^^^^^^^^^^^^^^^^^^^^^^^^^^^^^^^^^^^
  File "/usr/lib/python3.12/json/decoder.py", line 355, in raw_decode
    raise JSONDecodeError("Expecting value", s, err.value) from None
json.decoder.JSONDecodeError: Expecting value: line 1 column 1 (char 0)

During handling of the above exception, another exception occurred:

Traceback (most recent call last):
  File "/usr/lib/python3.12/site-packages/variety/VarietyWindow.py", line 1084, in server_options_thread
    self.server_options = Util.fetch_json(VarietyWindow.SERVERSIDE_OPTIONS_URL)
                          ^^^^^^^^^^^^^^^^^^^^^^^^^^^^^^^^^^^^^^^^^^^^^^^^^^^^^
  File "/usr/lib/python3.12/site-packages/variety/Util.py", line 684, in fetch_json
    return Util.request(url, data, **request_kwargs).json()
           ^^^^^^^^^^^^^^^^^^^^^^^^^^^^^^^^^^^^^^^^^^^^^^^^
  File "/usr/lib/python3.12/site-packages/requests/models.py", line 978, in json
    raise RequestsJSONDecodeError(e.msg, e.doc, e.pos)
requests.exceptions.JSONDecodeError: Expecting value: line 1 column 1 (char 0)
INFO: 2024-11-11 19:03:00,306: clock_thread_method() 'clock_thread updates wallpaper'
INFO: 2024-11-11 19:03:00,307: do_set_wp() 'Calling do_set_wp with /home/pawel/.config/variety/Downloaded/reddit_www_reddit_com_r_ultrahdwallpapers_top__t_all/n1viytn5qy961.jpg, time: 1731348180.3070889'
INFO: 2024-11-11 19:03:00,307: compute_trimmed_offsets() 'Trimmed offsets debug info: w:1920, h:1080, ratio:1.777778, iw:5120, ih:1440, scw:3840, sch:1080, ho:960, vo:0'
INFO: 2024-11-11 19:03:00,307: build_imagemagick_clock_cmd() 'Applying clock filter: -density 100 -font `fc-match -f '%{file[0]}' 'Ubuntu Nerd Font:60'` -pointsize 60 -gravity SouthEast -fill '#00000044' -annotate 0x0+1018+108 '19:03' -fill white -annotate 0x0+1020+110 '19:03' -font `fc-match -f '%{file[0]}' 'Ubuntu Nerd Font:Medium:26'` -pointsize 26 -fill '#00000044' -annotate 0x0+1018+58 'poniedziaÅek, listopada 11' -fill white -annotate 0x0+1020+60 'poniedziaÅek, listopada 11''
INFO: 2024-11-11 19:03:00,307: build_imagemagick_clock_cmd() 'ImageMagick clock cmd: convert /home/pawel/.config/variety/Downloaded/reddit_www_reddit_com_r_ultrahdwallpapers_top__t_all/n1viytn5qy961.jpg -scale 1920x1080^ -density 100 -font `fc-match -f '%{file[0]}' 'Ubuntu Nerd Font:60'` -pointsize 60 -gravity SouthEast -fill '#00000044' -annotate 0x0+1018+108 '19:03' -fill white -annotate 0x0+1020+110 '19:03' -font `fc-match -f '%{file[0]}' 'Ubuntu Nerd Font:Medium:26'` -pointsize 26 -fill '#00000044' -annotate 0x0+1018+58 'poniedziaÅek, listopada 11' -fill white -annotate 0x0+1020+60 'poniedziaÅek, listopada 11' /home/pawel/.config/variety/wallpaper/wallpaper-clock-b76b1c792a1f31f2f6db81aaf4de36de.jpg'
INFO: 2024-11-11 19:03:00,538: update_indicator() 'Setting file info to: /home/pawel/.config/variety/Downloaded/reddit_www_reddit_com_r_ultrahdwallpapers_top__t_all/n1viytn5qy961.jpg'
INFO: 2024-11-11 19:03:00,538: list_files() 'More than 1 files in the folders, stop listing'
INFO: 2024-11-11 19:03:25,480: server_options_thread() 'Fetching server options from http://tiny.cc/variety-options-063'
ERROR: 2024-11-11 19:03:26,000: server_options_thread() 'Could not fetch Variety serverside options'
Traceback (most recent call last):
  File "/usr/lib/python3.12/site-packages/requests/models.py", line 974, in json
    return complexjson.loads(self.text, **kwargs)
           ^^^^^^^^^^^^^^^^^^^^^^^^^^^^^^^^^^^^^^
  File "/usr/lib/python3.12/json/__init__.py", line 346, in loads
    return _default_decoder.decode(s)
           ^^^^^^^^^^^^^^^^^^^^^^^^^^
  File "/usr/lib/python3.12/json/decoder.py", line 337, in decode
    obj, end = self.raw_decode(s, idx=_w(s, 0).end())
               ^^^^^^^^^^^^^^^^^^^^^^^^^^^^^^^^^^^^^^
  File "/usr/lib/python3.12/json/decoder.py", line 355, in raw_decode
    raise JSONDecodeError("Expecting value", s, err.value) from None
json.decoder.JSONDecodeError: Expecting value: line 1 column 1 (char 0)

During handling of the above exception, another exception occurred:

Traceback (most recent call last):
  File "/usr/lib/python3.12/site-packages/variety/VarietyWindow.py", line 1084, in server_options_thread
    self.server_options = Util.fetch_json(VarietyWindow.SERVERSIDE_OPTIONS_URL)
                          ^^^^^^^^^^^^^^^^^^^^^^^^^^^^^^^^^^^^^^^^^^^^^^^^^^^^^
  File "/usr/lib/python3.12/site-packages/variety/Util.py", line 684, in fetch_json
    return Util.request(url, data, **request_kwargs).json()
           ^^^^^^^^^^^^^^^^^^^^^^^^^^^^^^^^^^^^^^^^^^^^^^^^
  File "/usr/lib/python3.12/site-packages/requests/models.py", line 978, in json
    raise RequestsJSONDecodeError(e.msg, e.doc, e.pos)
requests.exceptions.JSONDecodeError: Expecting value: line 1 column 1 (char 0)
INFO: 2024-11-11 19:03:56,001: server_options_thread() 'Fetching server options from http://tiny.cc/variety-options-063'
ERROR: 2024-11-11 19:03:56,519: server_options_thread() 'Could not fetch Variety serverside options'
Traceback (most recent call last):
  File "/usr/lib/python3.12/site-packages/requests/models.py", line 974, in json
    return complexjson.loads(self.text, **kwargs)
           ^^^^^^^^^^^^^^^^^^^^^^^^^^^^^^^^^^^^^^
  File "/usr/lib/python3.12/json/__init__.py", line 346, in loads
    return _default_decoder.decode(s)
           ^^^^^^^^^^^^^^^^^^^^^^^^^^
  File "/usr/lib/python3.12/json/decoder.py", line 337, in decode
    obj, end = self.raw_decode(s, idx=_w(s, 0).end())
               ^^^^^^^^^^^^^^^^^^^^^^^^^^^^^^^^^^^^^^
  File "/usr/lib/python3.12/json/decoder.py", line 355, in raw_decode
    raise JSONDecodeError("Expecting value", s, err.value) from None
json.decoder.JSONDecodeError: Expecting value: line 1 column 1 (char 0)

During handling of the above exception, another exception occurred:

Traceback (most recent call last):
  File "/usr/lib/python3.12/site-packages/variety/VarietyWindow.py", line 1084, in server_options_thread
    self.server_options = Util.fetch_json(VarietyWindow.SERVERSIDE_OPTIONS_URL)
                          ^^^^^^^^^^^^^^^^^^^^^^^^^^^^^^^^^^^^^^^^^^^^^^^^^^^^^
  File "/usr/lib/python3.12/site-packages/variety/Util.py", line 684, in fetch_json
    return Util.request(url, data, **request_kwargs).json()
           ^^^^^^^^^^^^^^^^^^^^^^^^^^^^^^^^^^^^^^^^^^^^^^^^
  File "/usr/lib/python3.12/site-packages/requests/models.py", line 978, in json
    raise RequestsJSONDecodeError(e.msg, e.doc, e.pos)
requests.exceptions.JSONDecodeError: Expecting value: line 1 column 1 (char 0)
INFO: 2024-11-11 19:04:00,313: clock_thread_method() 'clock_thread updates wallpaper'
INFO: 2024-11-11 19:04:00,313: do_set_wp() 'Calling do_set_wp with /home/pawel/.config/variety/Downloaded/reddit_www_reddit_com_r_ultrahdwallpapers_top__t_all/n1viytn5qy961.jpg, time: 1731348240.313661'
INFO: 2024-11-11 19:04:00,314: compute_trimmed_offsets() 'Trimmed offsets debug info: w:1920, h:1080, ratio:1.777778, iw:5120, ih:1440, scw:3840, sch:1080, ho:960, vo:0'
INFO: 2024-11-11 19:04:00,314: build_imagemagick_clock_cmd() 'Applying clock filter: -density 100 -font `fc-match -f '%{file[0]}' 'Ubuntu Nerd Font:60'` -pointsize 60 -gravity SouthEast -fill '#00000044' -annotate 0x0+1018+108 '19:04' -fill white -annotate 0x0+1020+110 '19:04' -font `fc-match -f '%{file[0]}' 'Ubuntu Nerd Font:Medium:26'` -pointsize 26 -fill '#00000044' -annotate 0x0+1018+58 'poniedziaÅek, listopada 11' -fill white -annotate 0x0+1020+60 'poniedziaÅek, listopada 11''
INFO: 2024-11-11 19:04:00,314: build_imagemagick_clock_cmd() 'ImageMagick clock cmd: convert /home/pawel/.config/variety/Downloaded/reddit_www_reddit_com_r_ultrahdwallpapers_top__t_all/n1viytn5qy961.jpg -scale 1920x1080^ -density 100 -font `fc-match -f '%{file[0]}' 'Ubuntu Nerd Font:60'` -pointsize 60 -gravity SouthEast -fill '#00000044' -annotate 0x0+1018+108 '19:04' -fill white -annotate 0x0+1020+110 '19:04' -font `fc-match -f '%{file[0]}' 'Ubuntu Nerd Font:Medium:26'` -pointsize 26 -fill '#00000044' -annotate 0x0+1018+58 'poniedziaÅek, listopada 11' -fill white -annotate 0x0+1020+60 'poniedziaÅek, listopada 11' /home/pawel/.config/variety/wallpaper/wallpaper-clock-81e66425b8ca4fa5587db409b8e9f353.jpg'
INFO: 2024-11-11 19:04:00,526: update_indicator() 'Setting file info to: /home/pawel/.config/variety/Downloaded/reddit_www_reddit_com_r_ultrahdwallpapers_top__t_all/n1viytn5qy961.jpg'
INFO: 2024-11-11 19:04:00,527: list_files() 'More than 1 files in the folders, stop listing'
INFO: 2024-11-11 19:04:26,520: server_options_thread() 'Fetching server options from http://tiny.cc/variety-options-063'
ERROR: 2024-11-11 19:04:27,040: server_options_thread() 'Could not fetch Variety serverside options'
Traceback (most recent call last):
  File "/usr/lib/python3.12/site-packages/requests/models.py", line 974, in json
    return complexjson.loads(self.text, **kwargs)
           ^^^^^^^^^^^^^^^^^^^^^^^^^^^^^^^^^^^^^^
  File "/usr/lib/python3.12/json/__init__.py", line 346, in loads
    return _default_decoder.decode(s)
           ^^^^^^^^^^^^^^^^^^^^^^^^^^
  File "/usr/lib/python3.12/json/decoder.py", line 337, in decode
    obj, end = self.raw_decode(s, idx=_w(s, 0).end())
               ^^^^^^^^^^^^^^^^^^^^^^^^^^^^^^^^^^^^^^
  File "/usr/lib/python3.12/json/decoder.py", line 355, in raw_decode
    raise JSONDecodeError("Expecting value", s, err.value) from None
json.decoder.JSONDecodeError: Expecting value: line 1 column 1 (char 0)

During handling of the above exception, another exception occurred:

Traceback (most recent call last):
  File "/usr/lib/python3.12/site-packages/variety/VarietyWindow.py", line 1084, in server_options_thread
    self.server_options = Util.fetch_json(VarietyWindow.SERVERSIDE_OPTIONS_URL)
                          ^^^^^^^^^^^^^^^^^^^^^^^^^^^^^^^^^^^^^^^^^^^^^^^^^^^^^
  File "/usr/lib/python3.12/site-packages/variety/Util.py", line 684, in fetch_json
    return Util.request(url, data, **request_kwargs).json()
           ^^^^^^^^^^^^^^^^^^^^^^^^^^^^^^^^^^^^^^^^^^^^^^^^
  File "/usr/lib/python3.12/site-packages/requests/models.py", line 978, in json
    raise RequestsJSONDecodeError(e.msg, e.doc, e.pos)
requests.exceptions.JSONDecodeError: Expecting value: line 1 column 1 (char 0)
INFO: 2024-11-11 19:05:00,320: clock_thread_method() 'clock_thread updates wallpaper'
INFO: 2024-11-11 19:05:00,320: do_set_wp() 'Calling do_set_wp with /home/pawel/.config/variety/Downloaded/reddit_www_reddit_com_r_ultrahdwallpapers_top__t_all/n1viytn5qy961.jpg, time: 1731348300.320957'
INFO: 2024-11-11 19:05:00,321: compute_trimmed_offsets() 'Trimmed offsets debug info: w:1920, h:1080, ratio:1.777778, iw:5120, ih:1440, scw:3840, sch:1080, ho:960, vo:0'
INFO: 2024-11-11 19:05:00,321: build_imagemagick_clock_cmd() 'Applying clock filter: -density 100 -font `fc-match -f '%{file[0]}' 'Ubuntu Nerd Font:60'` -pointsize 60 -gravity SouthEast -fill '#00000044' -annotate 0x0+1018+108 '19:05' -fill white -annotate 0x0+1020+110 '19:05' -font `fc-match -f '%{file[0]}' 'Ubuntu Nerd Font:Medium:26'` -pointsize 26 -fill '#00000044' -annotate 0x0+1018+58 'poniedziaÅek, listopada 11' -fill white -annotate 0x0+1020+60 'poniedziaÅek, listopada 11''
INFO: 2024-11-11 19:05:00,321: build_imagemagick_clock_cmd() 'ImageMagick clock cmd: convert /home/pawel/.config/variety/Downloaded/reddit_www_reddit_com_r_ultrahdwallpapers_top__t_all/n1viytn5qy961.jpg -scale 1920x1080^ -density 100 -font `fc-match -f '%{file[0]}' 'Ubuntu Nerd Font:60'` -pointsize 60 -gravity SouthEast -fill '#00000044' -annotate 0x0+1018+108 '19:05' -fill white -annotate 0x0+1020+110 '19:05' -font `fc-match -f '%{file[0]}' 'Ubuntu Nerd Font:Medium:26'` -pointsize 26 -fill '#00000044' -annotate 0x0+1018+58 'poniedziaÅek, listopada 11' -fill white -annotate 0x0+1020+60 'poniedziaÅek, listopada 11' /home/pawel/.config/variety/wallpaper/wallpaper-clock-22dd7908273f1b3d1f29836f1c468d6e.jpg'
INFO: 2024-11-11 19:05:00,550: update_indicator() 'Setting file info to: /home/pawel/.config/variety/Downloaded/reddit_www_reddit_com_r_ultrahdwallpapers_top__t_all/n1viytn5qy961.jpg'
INFO: 2024-11-11 19:05:00,551: list_files() 'More than 1 files in the folders, stop listing'
INFO: 2024-11-11 19:05:12,779: get_throttling() 'Earth View: parsing serverside options'
INFO: 2024-11-11 19:05:12,780: get_throttling() 'Could not parse Earth View serverside options, using defaults 20, None'
INFO: 2024-11-11 19:05:12,780: get_throttling() 'Earth View: parsing serverside options'
INFO: 2024-11-11 19:05:12,780: get_throttling() 'Could not parse Earth View serverside options, using defaults 20, None'
INFO: 2024-11-11 19:05:12,780: download_one() 'Earth View: Downloading an image, config: None'
INFO: 2024-11-11 19:05:12,780: download_one() 'Earth View: Queue size: 0'
INFO: 2024-11-11 19:05:12,780: get_throttling() 'Earth View: parsing serverside options'
INFO: 2024-11-11 19:05:12,780: get_throttling() 'Could not parse Earth View serverside options, using defaults 20, None'
INFO: 2024-11-11 19:05:12,780: download_one() 'Earth View: Filling queue'
ERROR: 2024-11-11 19:05:12,952: download_one_from() 'Could not download wallpaper:'
Traceback (most recent call last):
  File "/usr/lib/python3.12/site-packages/variety/VarietyWindow.py", line 1164, in download_one_from
    file = downloader.download_one()
           ^^^^^^^^^^^^^^^^^^^^^^^^^
  File "/usr/lib/python3.12/site-packages/variety/plugins/downloaders/DefaultDownloader.py", line 141, in download_one
    items = self.fill_queue()
            ^^^^^^^^^^^^^^^^^
  File "/usr/lib/python3.12/site-packages/variety/plugins/builtin/downloaders/EarthviewDownloader.py", line 57, in fill_queue
    queue = Util.fetch_json(DATA_URL)
            ^^^^^^^^^^^^^^^^^^^^^^^^^
  File "/usr/lib/python3.12/site-packages/variety/Util.py", line 684, in fetch_json
    return Util.request(url, data, **request_kwargs).json()
           ^^^^^^^^^^^^^^^^^^^^^^^^^^^^^^^^^^^^^^^^^
  File "/usr/lib/python3.12/site-packages/variety/Util.py", line 663, in request
    r.raise_for_status()
  File "/usr/lib/python3.12/site-packages/requests/models.py", line 1024, in raise_for_status
    raise HTTPError(http_error_msg, response=self)
requests.exceptions.HTTPError: 404 Client Error: Not Found for url: https://earthview.withgoogle.com/_api/photos.json
INFO: 2024-11-11 19:05:13,953: get_throttling() 'National Geographic: parsing serverside options'
INFO: 2024-11-11 19:05:13,953: get_throttling() 'Could not parse National Geographic serverside options, using defaults None, None'
INFO: 2024-11-11 19:05:13,953: get_throttling() 'National Geographic: parsing serverside options'
INFO: 2024-11-11 19:05:13,953: get_throttling() 'Could not parse National Geographic serverside options, using defaults None, None'
INFO: 2024-11-11 19:05:13,953: download_one() 'National Geographic: Downloading an image, config: None'
INFO: 2024-11-11 19:05:13,953: download_one() 'National Geographic: Queue size: 0'
INFO: 2024-11-11 19:05:13,953: get_throttling() 'National Geographic: parsing serverside options'
INFO: 2024-11-11 19:05:13,953: get_throttling() 'Could not parse National Geographic serverside options, using defaults None, None'
INFO: 2024-11-11 19:05:13,953: download_one() 'National Geographic: Filling queue'
ERROR: 2024-11-11 19:05:14,240: download_one_from() 'Could not download wallpaper:'
Traceback (most recent call last):
  File "/usr/lib/python3.12/site-packages/requests/models.py", line 974, in json
    return complexjson.loads(self.text, **kwargs)
           ^^^^^^^^^^^^^^^^^^^^^^^^^^^^^^^^^^^^^^
  File "/usr/lib/python3.12/json/__init__.py", line 346, in loads
    return _default_decoder.decode(s)
           ^^^^^^^^^^^^^^^^^^^^^^^^^^
  File "/usr/lib/python3.12/json/decoder.py", line 337, in decode
    obj, end = self.raw_decode(s, idx=_w(s, 0).end())
               ^^^^^^^^^^^^^^^^^^^^^^^^^^^^^^^^^^^^^^
  File "/usr/lib/python3.12/json/decoder.py", line 355, in raw_decode
    raise JSONDecodeError("Expecting value", s, err.value) from None
json.decoder.JSONDecodeError: Expecting value: line 2 column 9 (char 9)

During handling of the above exception, another exception occurred:

Traceback (most recent call last):
  File "/usr/lib/python3.12/site-packages/variety/VarietyWindow.py", line 1164, in download_one_from
    file = downloader.download_one()
           ^^^^^^^^^^^^^^^^^^^^^^^^^
  File "/usr/lib/python3.12/site-packages/variety/plugins/downloaders/DefaultDownloader.py", line 141, in download_one
    items = self.fill_queue()
            ^^^^^^^^^^^^^^^^^
  File "/usr/lib/python3.12/site-packages/variety/plugins/builtin/downloaders/NationalGeographicDownloader.py", line 54, in fill_queue
    queue = Util.fetch_json(DATA_URL)
            ^^^^^^^^^^^^^^^^^^^^^^^^^
  File "/usr/lib/python3.12/site-packages/variety/Util.py", line 684, in fetch_json
    return Util.request(url, data, **request_kwargs).json()
           ^^^^^^^^^^^^^^^^^^^^^^^^^^^^^^^^^^^^^^^^^^^^^^^^
  File "/usr/lib/python3.12/site-packages/requests/models.py", line 978, in json
    raise RequestsJSONDecodeError(e.msg, e.doc, e.pos)
requests.exceptions.JSONDecodeError: Expecting value: line 2 column 9 (char 9)
INFO: 2024-11-11 19:05:15,241: get_throttling() 'Bing: parsing serverside options'
INFO: 2024-11-11 19:05:15,241: get_throttling() 'Could not parse Bing serverside options, using defaults None, None'
INFO: 2024-11-11 19:05:15,241: get_throttling() 'Bing: parsing serverside options'
INFO: 2024-11-11 19:05:15,241: get_throttling() 'Could not parse Bing serverside options, using defaults None, None'
INFO: 2024-11-11 19:05:15,241: download_one() 'Bing: Downloading an image, config: None'
INFO: 2024-11-11 19:05:15,241: download_one() 'Bing: Queue size: 6'
INFO: 2024-11-11 19:05:15,241: download_one() 'Bing: Queue populated with 6 URLs'
INFO: 2024-11-11 19:05:15,241: save_locally() 'Origin URL: https://www.bing.com/search?q=Grasmere&form=hpcapt&filters=HpDate%3a%2220241104_0800%22'
INFO: 2024-11-11 19:05:15,241: save_locally() 'Image URL: https://www.bing.com/th?id=OHR.CumbriaAutumn_EN-US4102686749_UHD.jpg'
INFO: 2024-11-11 19:05:15,241: save_locally() 'Local path: /home/pawel/.config/variety/Downloaded/Bing/OHR.CumbriaAutumn_EN-US4102686749_UHD.jpg'
INFO: 2024-11-11 19:05:15,241: save_locally() 'File already exists, skip downloading'
INFO: 2024-11-11 19:05:16,242: get_throttling() 'Reddit: parsing serverside options'
INFO: 2024-11-11 19:05:16,242: get_throttling() 'Could not parse Reddit serverside options, using defaults None, None'
INFO: 2024-11-11 19:05:16,242: get_throttling() 'Reddit: parsing serverside options'
INFO: 2024-11-11 19:05:16,242: get_throttling() 'Could not parse Reddit serverside options, using defaults None, None'
INFO: 2024-11-11 19:05:16,242: download_one() 'Reddit: Downloading an image, config: https://www.reddit.com/r/wallpapers/top/?t=all'
INFO: 2024-11-11 19:05:16,242: download_one() 'Reddit: Queue size: 92'
INFO: 2024-11-11 19:05:16,242: download_one() 'Reddit: Queue populated with 92 URLs'
INFO: 2024-11-11 19:05:16,242: save_locally() 'Origin URL: https://www.reddit.com/r/wallpapers/comments/791z5k/street_lights_in_fog/'
INFO: 2024-11-11 19:05:16,242: save_locally() 'Image URL: https://i.redd.it/w7ufw5eb3cuz.jpg'
INFO: 2024-11-11 19:05:16,242: save_locally() 'Local path: /home/pawel/.config/variety/Downloaded/reddit_www_reddit_com_r_wallpapers_top__t_all/w7ufw5eb3cuz.jpg'
INFO: 2024-11-11 19:05:16,242: save_locally() 'File already exists, skip downloading'
INFO: 2024-11-11 19:05:17,242: get_throttling() 'Reddit: parsing serverside options'
INFO: 2024-11-11 19:05:17,242: get_throttling() 'Could not parse Reddit serverside options, using defaults None, None'
INFO: 2024-11-11 19:05:17,242: get_throttling() 'Reddit: parsing serverside options'
INFO: 2024-11-11 19:05:17,242: get_throttling() 'Could not parse Reddit serverside options, using defaults None, None'
INFO: 2024-11-11 19:05:17,242: download_one() 'Reddit: Downloading an image, config: https://www.reddit.com/r/ultrahdwallpapers/top/?t=all'
INFO: 2024-11-11 19:05:17,242: download_one() 'Reddit: Queue size: 55'
INFO: 2024-11-11 19:05:17,242: download_one() 'Reddit: Queue populated with 55 URLs'
INFO: 2024-11-11 19:05:17,242: save_locally() 'Origin URL: https://www.reddit.com/r/ultrahdwallpapers/comments/10gvm2f/digifold_4k_3840x2160_by_ai/'
INFO: 2024-11-11 19:05:17,243: save_locally() 'Image URL: https://i.redd.it/jegn4gr2y6da1.jpg'
INFO: 2024-11-11 19:05:17,243: save_locally() 'Local path: /home/pawel/.config/variety/Downloaded/reddit_www_reddit_com_r_ultrahdwallpapers_top__t_all/jegn4gr2y6da1.jpg'
INFO: 2024-11-11 19:05:17,243: save_locally() 'File already exists, skip downloading'
INFO: 2024-11-11 19:06:00,327: clock_thread_method() 'clock_thread updates wallpaper'
INFO: 2024-11-11 19:06:00,327: do_set_wp() 'Calling do_set_wp with /home/pawel/.config/variety/Downloaded/reddit_www_reddit_com_r_ultrahdwallpapers_top__t_all/n1viytn5qy961.jpg, time: 1731348360.3278449'
INFO: 2024-11-11 19:06:00,328: compute_trimmed_offsets() 'Trimmed offsets debug info: w:1920, h:1080, ratio:1.777778, iw:5120, ih:1440, scw:3840, sch:1080, ho:960, vo:0'
INFO: 2024-11-11 19:06:00,328: build_imagemagick_clock_cmd() 'Applying clock filter: -density 100 -font `fc-match -f '%{file[0]}' 'Ubuntu Nerd Font:60'` -pointsize 60 -gravity SouthEast -fill '#00000044' -annotate 0x0+1018+108 '19:06' -fill white -annotate 0x0+1020+110 '19:06' -font `fc-match -f '%{file[0]}' 'Ubuntu Nerd Font:Medium:26'` -pointsize 26 -fill '#00000044' -annotate 0x0+1018+58 'poniedziaÅek, listopada 11' -fill white -annotate 0x0+1020+60 'poniedziaÅek, listopada 11''
INFO: 2024-11-11 19:06:00,328: build_imagemagick_clock_cmd() 'ImageMagick clock cmd: convert /home/pawel/.config/variety/Downloaded/reddit_www_reddit_com_r_ultrahdwallpapers_top__t_all/n1viytn5qy961.jpg -scale 1920x1080^ -density 100 -font `fc-match -f '%{file[0]}' 'Ubuntu Nerd Font:60'` -pointsize 60 -gravity SouthEast -fill '#00000044' -annotate 0x0+1018+108 '19:06' -fill white -annotate 0x0+1020+110 '19:06' -font `fc-match -f '%{file[0]}' 'Ubuntu Nerd Font:Medium:26'` -pointsize 26 -fill '#00000044' -annotate 0x0+1018+58 'poniedziaÅek, listopada 11' -fill white -annotate 0x0+1020+60 'poniedziaÅek, listopada 11' /home/pawel/.config/variety/wallpaper/wallpaper-clock-4ef78c70e2e65377dadbb56467dd6dd9.jpg'
INFO: 2024-11-11 19:06:00,587: update_indicator() 'Setting file info to: /home/pawel/.config/variety/Downloaded/reddit_www_reddit_com_r_ultrahdwallpapers_top__t_all/n1viytn5qy961.jpg'
INFO: 2024-11-11 19:06:00,588: list_files() 'More than 1 files in the folders, stop listing'
INFO: 2024-11-11 19:07:00,332: clock_thread_method() 'clock_thread updates wallpaper'
INFO: 2024-11-11 19:07:00,333: do_set_wp() 'Calling do_set_wp with /home/pawel/.config/variety/Downloaded/reddit_www_reddit_com_r_ultrahdwallpapers_top__t_all/n1viytn5qy961.jpg, time: 1731348420.3330026'
INFO: 2024-11-11 19:07:00,333: compute_trimmed_offsets() 'Trimmed offsets debug info: w:1920, h:1080, ratio:1.777778, iw:5120, ih:1440, scw:3840, sch:1080, ho:960, vo:0'
INFO: 2024-11-11 19:07:00,333: build_imagemagick_clock_cmd() 'Applying clock filter: -density 100 -font `fc-match -f '%{file[0]}' 'Ubuntu Nerd Font:60'` -pointsize 60 -gravity SouthEast -fill '#00000044' -annotate 0x0+1018+108 '19:07' -fill white -annotate 0x0+1020+110 '19:07' -font `fc-match -f '%{file[0]}' 'Ubuntu Nerd Font:Medium:26'` -pointsize 26 -fill '#00000044' -annotate 0x0+1018+58 'poniedziaÅek, listopada 11' -fill white -annotate 0x0+1020+60 'poniedziaÅek, listopada 11''
INFO: 2024-11-11 19:07:00,333: build_imagemagick_clock_cmd() 'ImageMagick clock cmd: convert /home/pawel/.config/variety/Downloaded/reddit_www_reddit_com_r_ultrahdwallpapers_top__t_all/n1viytn5qy961.jpg -scale 1920x1080^ -density 100 -font `fc-match -f '%{file[0]}' 'Ubuntu Nerd Font:60'` -pointsize 60 -gravity SouthEast -fill '#00000044' -annotate 0x0+1018+108 '19:07' -fill white -annotate 0x0+1020+110 '19:07' -font `fc-match -f '%{file[0]}' 'Ubuntu Nerd Font:Medium:26'` -pointsize 26 -fill '#00000044' -annotate 0x0+1018+58 'poniedziaÅek, listopada 11' -fill white -annotate 0x0+1020+60 'poniedziaÅek, listopada 11' /home/pawel/.config/variety/wallpaper/wallpaper-clock-dcacd68abf3343098c1a29448dffd039.jpg'
INFO: 2024-11-11 19:07:00,556: update_indicator() 'Setting file info to: /home/pawel/.config/variety/Downloaded/reddit_www_reddit_com_r_ultrahdwallpapers_top__t_all/n1viytn5qy961.jpg'
INFO: 2024-11-11 19:07:00,557: list_files() 'More than 1 files in the folders, stop listing'
INFO: 2024-11-11 19:07:07,663: regular_change_thread() 'regular_change changes wallpaper'
INFO: 2024-11-11 19:07:07,664: set_wallpaper() 'Calling set_wallpaper with /home/pawel/.config/variety/Downloaded/reddit_www_reddit_com_r_ultrahdwallpapers_top__t_all/7cmpr5fayyc71.png'
INFO: 2024-11-11 19:07:07,664: prepare_thread() 'Prepared buffer contains 25 images'
INFO: 2024-11-11 19:07:07,664: do_set_wp() 'Calling do_set_wp with /home/pawel/.config/variety/Downloaded/reddit_www_reddit_com_r_ultrahdwallpapers_top__t_all/7cmpr5fayyc71.png, time: 1731348427.6647203'
INFO: 2024-11-11 19:07:07,665: compute_trimmed_offsets() 'Trimmed offsets debug info: w:1920, h:1080, ratio:1.777778, iw:3840, ih:2160, scw:1920, sch:1080, ho:0, vo:0'
INFO: 2024-11-11 19:07:07,665: build_imagemagick_clock_cmd() 'Applying clock filter: -density 100 -font `fc-match -f '%{file[0]}' 'Ubuntu Nerd Font:60'` -pointsize 60 -gravity SouthEast -fill '#00000044' -annotate 0x0+58+108 '19:07' -fill white -annotate 0x0+60+110 '19:07' -font `fc-match -f '%{file[0]}' 'Ubuntu Nerd Font:Medium:26'` -pointsize 26 -fill '#00000044' -annotate 0x0+58+58 'poniedziaÅek, listopada 11' -fill white -annotate 0x0+60+60 'poniedziaÅek, listopada 11''
INFO: 2024-11-11 19:07:07,665: build_imagemagick_clock_cmd() 'ImageMagick clock cmd: convert /home/pawel/.config/variety/Downloaded/reddit_www_reddit_com_r_ultrahdwallpapers_top__t_all/7cmpr5fayyc71.png -scale 1920x1080^ -density 100 -font `fc-match -f '%{file[0]}' 'Ubuntu Nerd Font:60'` -pointsize 60 -gravity SouthEast -fill '#00000044' -annotate 0x0+58+108 '19:07' -fill white -annotate 0x0+60+110 '19:07' -font `fc-match -f '%{file[0]}' 'Ubuntu Nerd Font:Medium:26'` -pointsize 26 -fill '#00000044' -annotate 0x0+58+58 'poniedziaÅek, listopada 11' -fill white -annotate 0x0+60+60 'poniedziaÅek, listopada 11' /home/pawel/.config/variety/wallpaper/wallpaper-clock-481416cbe8ccecd681779cc732a26742.jpg'
INFO: 2024-11-11 19:07:07,992: update_indicator() 'Setting file info to: /home/pawel/.config/variety/Downloaded/reddit_www_reddit_com_r_ultrahdwallpapers_top__t_all/7cmpr5fayyc71.png'
INFO: 2024-11-11 19:07:07,993: list_files() 'More than 1 files in the folders, stop listing'
INFO: 2024-11-11 19:07:09,664: trigger_download() 'Triggering download thread to check if download needed and possible'
INFO: 2024-11-11 19:07:09,664: get_throttling() 'Earth View: parsing serverside options'
INFO: 2024-11-11 19:07:09,664: get_throttling() 'Could not parse Earth View serverside options, using defaults 20, None'
INFO: 2024-11-11 19:07:09,664: get_throttling() 'Earth View: parsing serverside options'
INFO: 2024-11-11 19:07:09,664: trigger_download() 'Triggering download thread to check if download needed and possible'
INFO: 2024-11-11 19:07:09,664: get_throttling() 'Could not parse Earth View serverside options, using defaults 20, None'
INFO: 2024-11-11 19:07:09,664: download_one() 'Earth View: Downloading an image, config: None'
INFO: 2024-11-11 19:07:09,664: download_one() 'Earth View: Queue size: 0'
INFO: 2024-11-11 19:07:09,664: get_throttling() 'Earth View: parsing serverside options'
INFO: 2024-11-11 19:07:09,664: get_throttling() 'Could not parse Earth View serverside options, using defaults 20, None'
INFO: 2024-11-11 19:07:09,665: download_one() 'Earth View: Filling queue'
ERROR: 2024-11-11 19:07:09,874: download_one_from() 'Could not download wallpaper:'
Traceback (most recent call last):
  File "/usr/lib/python3.12/site-packages/variety/VarietyWindow.py", line 1164, in download_one_from
    file = downloader.download_one()
           ^^^^^^^^^^^^^^^^^^^^^^^^^
  File "/usr/lib/python3.12/site-packages/variety/plugins/downloaders/DefaultDownloader.py", line 141, in download_one
    items = self.fill_queue()
            ^^^^^^^^^^^^^^^^^
  File "/usr/lib/python3.12/site-packages/variety/plugins/builtin/downloaders/EarthviewDownloader.py", line 57, in fill_queue
    queue = Util.fetch_json(DATA_URL)
            ^^^^^^^^^^^^^^^^^^^^^^^^^
  File "/usr/lib/python3.12/site-packages/variety/Util.py", line 684, in fetch_json
    return Util.request(url, data, **request_kwargs).json()
           ^^^^^^^^^^^^^^^^^^^^^^^^^^^^^^^^^^^^^^^^^
  File "/usr/lib/python3.12/site-packages/variety/Util.py", line 663, in request
    r.raise_for_status()
  File "/usr/lib/python3.12/site-packages/requests/models.py", line 1024, in raise_for_status
    raise HTTPError(http_error_msg, response=self)
requests.exceptions.HTTPError: 404 Client Error: Not Found for url: https://earthview.withgoogle.com/_api/photos.json
INFO: 2024-11-11 19:07:10,874: get_throttling() 'National Geographic: parsing serverside options'
INFO: 2024-11-11 19:07:10,874: get_throttling() 'Could not parse National Geographic serverside options, using defaults None, None'
INFO: 2024-11-11 19:07:10,874: get_throttling() 'National Geographic: parsing serverside options'
INFO: 2024-11-11 19:07:10,874: get_throttling() 'Could not parse National Geographic serverside options, using defaults None, None'
INFO: 2024-11-11 19:07:10,874: download_one() 'National Geographic: Downloading an image, config: None'
INFO: 2024-11-11 19:07:10,874: download_one() 'National Geographic: Queue size: 0'
INFO: 2024-11-11 19:07:10,874: get_throttling() 'National Geographic: parsing serverside options'
INFO: 2024-11-11 19:07:10,874: get_throttling() 'Could not parse National Geographic serverside options, using defaults None, None'
INFO: 2024-11-11 19:07:10,875: download_one() 'National Geographic: Filling queue'
ERROR: 2024-11-11 19:07:11,666: download_one_from() 'Could not download wallpaper:'
Traceback (most recent call last):
  File "/usr/lib/python3.12/site-packages/requests/models.py", line 974, in json
    return complexjson.loads(self.text, **kwargs)
           ^^^^^^^^^^^^^^^^^^^^^^^^^^^^^^^^^^^^^^
  File "/usr/lib/python3.12/json/__init__.py", line 346, in loads
    return _default_decoder.decode(s)
           ^^^^^^^^^^^^^^^^^^^^^^^^^^
  File "/usr/lib/python3.12/json/decoder.py", line 337, in decode
    obj, end = self.raw_decode(s, idx=_w(s, 0).end())
               ^^^^^^^^^^^^^^^^^^^^^^^^^^^^^^^^^^^^^^
  File "/usr/lib/python3.12/json/decoder.py", line 355, in raw_decode
    raise JSONDecodeError("Expecting value", s, err.value) from None
json.decoder.JSONDecodeError: Expecting value: line 2 column 9 (char 9)

During handling of the above exception, another exception occurred:

Traceback (most recent call last):
  File "/usr/lib/python3.12/site-packages/variety/VarietyWindow.py", line 1164, in download_one_from
    file = downloader.download_one()
           ^^^^^^^^^^^^^^^^^^^^^^^^^
  File "/usr/lib/python3.12/site-packages/variety/plugins/downloaders/DefaultDownloader.py", line 141, in download_one
    items = self.fill_queue()
            ^^^^^^^^^^^^^^^^^
  File "/usr/lib/python3.12/site-packages/variety/plugins/builtin/downloaders/NationalGeographicDownloader.py", line 54, in fill_queue
    queue = Util.fetch_json(DATA_URL)
            ^^^^^^^^^^^^^^^^^^^^^^^^^
  File "/usr/lib/python3.12/site-packages/variety/Util.py", line 684, in fetch_json
    return Util.request(url, data, **request_kwargs).json()
           ^^^^^^^^^^^^^^^^^^^^^^^^^^^^^^^^^^^^^^^^^^^^^^^^
  File "/usr/lib/python3.12/site-packages/requests/models.py", line 978, in json
    raise RequestsJSONDecodeError(e.msg, e.doc, e.pos)
requests.exceptions.JSONDecodeError: Expecting value: line 2 column 9 (char 9)
INFO: 2024-11-11 19:07:12,667: get_throttling() 'Bing: parsing serverside options'
INFO: 2024-11-11 19:07:12,667: get_throttling() 'Could not parse Bing serverside options, using defaults None, None'
INFO: 2024-11-11 19:07:12,667: get_throttling() 'Bing: parsing serverside options'
INFO: 2024-11-11 19:07:12,667: get_throttling() 'Could not parse Bing serverside options, using defaults None, None'
INFO: 2024-11-11 19:07:12,667: download_one() 'Bing: Downloading an image, config: None'
INFO: 2024-11-11 19:07:12,667: download_one() 'Bing: Queue size: 5'
INFO: 2024-11-11 19:07:12,667: download_one() 'Bing: Queue populated with 5 URLs'
INFO: 2024-11-11 19:07:12,667: save_locally() 'Origin URL: https://www.bing.com/search?q=Vancouver+Coastal+Sea+wolf&form=hpcapt&filters=HpDate%3a%2220241107_0800%22'
INFO: 2024-11-11 19:07:12,667: save_locally() 'Image URL: https://www.bing.com/th?id=OHR.CanadaWolves_EN-US4285635290_UHD.jpg'
INFO: 2024-11-11 19:07:12,667: save_locally() 'Local path: /home/pawel/.config/variety/Downloaded/Bing/OHR.CanadaWolves_EN-US4285635290_UHD.jpg'
INFO: 2024-11-11 19:07:12,667: save_locally() 'File already exists, skip downloading'
INFO: 2024-11-11 19:07:13,667: get_throttling() 'Reddit: parsing serverside options'
INFO: 2024-11-11 19:07:13,667: get_throttling() 'Could not parse Reddit serverside options, using defaults None, None'
INFO: 2024-11-11 19:07:13,667: get_throttling() 'Reddit: parsing serverside options'
INFO: 2024-11-11 19:07:13,667: get_throttling() 'Could not parse Reddit serverside options, using defaults None, None'
INFO: 2024-11-11 19:07:13,667: download_one() 'Reddit: Downloading an image, config: https://www.reddit.com/r/wallpapers/top/?t=all'
INFO: 2024-11-11 19:07:13,667: download_one() 'Reddit: Queue size: 91'
INFO: 2024-11-11 19:07:13,667: download_one() 'Reddit: Queue populated with 91 URLs'
INFO: 2024-11-11 19:07:13,668: save_locally() 'Origin URL: https://www.reddit.com/r/wallpapers/comments/63v1nb/low_poly_car_chase_1920x1080/'
INFO: 2024-11-11 19:07:13,668: save_locally() 'Image URL: https://i.redd.it/ykmkij0ddzpy.png'
INFO: 2024-11-11 19:07:13,668: save_locally() 'Local path: /home/pawel/.config/variety/Downloaded/reddit_www_reddit_com_r_wallpapers_top__t_all/ykmkij0ddzpy.png'
INFO: 2024-11-11 19:07:13,668: save_locally() 'File already exists, skip downloading'
INFO: 2024-11-11 19:07:14,668: get_throttling() 'Reddit: parsing serverside options'
INFO: 2024-11-11 19:07:14,668: get_throttling() 'Could not parse Reddit serverside options, using defaults None, None'
INFO: 2024-11-11 19:07:14,668: get_throttling() 'Reddit: parsing serverside options'
INFO: 2024-11-11 19:07:14,668: get_throttling() 'Could not parse Reddit serverside options, using defaults None, None'
INFO: 2024-11-11 19:07:14,668: download_one() 'Reddit: Downloading an image, config: https://www.reddit.com/r/ultrahdwallpapers/top/?t=all'
INFO: 2024-11-11 19:07:14,668: download_one() 'Reddit: Queue size: 54'
INFO: 2024-11-11 19:07:14,668: download_one() 'Reddit: Queue populated with 54 URLs'
INFO: 2024-11-11 19:07:14,668: save_locally() 'Origin URL: https://www.reddit.com/r/ultrahdwallpapers/comments/10w0xo2/torrent_4k_3840x2160_by_ai/'
INFO: 2024-11-11 19:07:14,668: save_locally() 'Image URL: https://i.redd.it/8jxpgjbrirga1.jpg'
INFO: 2024-11-11 19:07:14,668: save_locally() 'Local path: /home/pawel/.config/variety/Downloaded/reddit_www_reddit_com_r_ultrahdwallpapers_top__t_all/8jxpgjbrirga1.jpg'
INFO: 2024-11-11 19:07:14,668: save_locally() 'File already exists, skip downloading'
INFO: 2024-11-11 19:08:00,339: clock_thread_method() 'clock_thread updates wallpaper'
INFO: 2024-11-11 19:08:00,339: do_set_wp() 'Calling do_set_wp with /home/pawel/.config/variety/Downloaded/reddit_www_reddit_com_r_ultrahdwallpapers_top__t_all/7cmpr5fayyc71.png, time: 1731348480.3398426'
INFO: 2024-11-11 19:08:00,340: compute_trimmed_offsets() 'Trimmed offsets debug info: w:1920, h:1080, ratio:1.777778, iw:3840, ih:2160, scw:1920, sch:1080, ho:0, vo:0'
INFO: 2024-11-11 19:08:00,340: build_imagemagick_clock_cmd() 'Applying clock filter: -density 100 -font `fc-match -f '%{file[0]}' 'Ubuntu Nerd Font:60'` -pointsize 60 -gravity SouthEast -fill '#00000044' -annotate 0x0+58+108 '19:08' -fill white -annotate 0x0+60+110 '19:08' -font `fc-match -f '%{file[0]}' 'Ubuntu Nerd Font:Medium:26'` -pointsize 26 -fill '#00000044' -annotate 0x0+58+58 'poniedziaÅek, listopada 11' -fill white -annotate 0x0+60+60 'poniedziaÅek, listopada 11''
INFO: 2024-11-11 19:08:00,340: build_imagemagick_clock_cmd() 'ImageMagick clock cmd: convert /home/pawel/.config/variety/Downloaded/reddit_www_reddit_com_r_ultrahdwallpapers_top__t_all/7cmpr5fayyc71.png -scale 1920x1080^ -density 100 -font `fc-match -f '%{file[0]}' 'Ubuntu Nerd Font:60'` -pointsize 60 -gravity SouthEast -fill '#00000044' -annotate 0x0+58+108 '19:08' -fill white -annotate 0x0+60+110 '19:08' -font `fc-match -f '%{file[0]}' 'Ubuntu Nerd Font:Medium:26'` -pointsize 26 -fill '#00000044' -annotate 0x0+58+58 'poniedziaÅek, listopada 11' -fill white -annotate 0x0+60+60 'poniedziaÅek, listopada 11' /home/pawel/.config/variety/wallpaper/wallpaper-clock-e42ccebcf270e53a8dc136bb518691f2.jpg'
INFO: 2024-11-11 19:08:00,642: update_indicator() 'Setting file info to: /home/pawel/.config/variety/Downloaded/reddit_www_reddit_com_r_ultrahdwallpapers_top__t_all/7cmpr5fayyc71.png'
INFO: 2024-11-11 19:08:00,643: list_files() 'More than 1 files in the folders, stop listing'
INFO: 2024-11-11 19:09:00,346: clock_thread_method() 'clock_thread updates wallpaper'
INFO: 2024-11-11 19:09:00,346: do_set_wp() 'Calling do_set_wp with /home/pawel/.config/variety/Downloaded/reddit_www_reddit_com_r_ultrahdwallpapers_top__t_all/7cmpr5fayyc71.png, time: 1731348540.3464966'
INFO: 2024-11-11 19:09:00,346: compute_trimmed_offsets() 'Trimmed offsets debug info: w:1920, h:1080, ratio:1.777778, iw:3840, ih:2160, scw:1920, sch:1080, ho:0, vo:0'
INFO: 2024-11-11 19:09:00,346: build_imagemagick_clock_cmd() 'Applying clock filter: -density 100 -font `fc-match -f '%{file[0]}' 'Ubuntu Nerd Font:60'` -pointsize 60 -gravity SouthEast -fill '#00000044' -annotate 0x0+58+108 '19:09' -fill white -annotate 0x0+60+110 '19:09' -font `fc-match -f '%{file[0]}' 'Ubuntu Nerd Font:Medium:26'` -pointsize 26 -fill '#00000044' -annotate 0x0+58+58 'poniedziaÅek, listopada 11' -fill white -annotate 0x0+60+60 'poniedziaÅek, listopada 11''
INFO: 2024-11-11 19:09:00,346: build_imagemagick_clock_cmd() 'ImageMagick clock cmd: convert /home/pawel/.config/variety/Downloaded/reddit_www_reddit_com_r_ultrahdwallpapers_top__t_all/7cmpr5fayyc71.png -scale 1920x1080^ -density 100 -font `fc-match -f '%{file[0]}' 'Ubuntu Nerd Font:60'` -pointsize 60 -gravity SouthEast -fill '#00000044' -annotate 0x0+58+108 '19:09' -fill white -annotate 0x0+60+110 '19:09' -font `fc-match -f '%{file[0]}' 'Ubuntu Nerd Font:Medium:26'` -pointsize 26 -fill '#00000044' -annotate 0x0+58+58 'poniedziaÅek, listopada 11' -fill white -annotate 0x0+60+60 'poniedziaÅek, listopada 11' /home/pawel/.config/variety/wallpaper/wallpaper-clock-52fbadb0c94dd7fa7b488e9f06a8079f.jpg'
INFO: 2024-11-11 19:09:00,643: update_indicator() 'Setting file info to: /home/pawel/.config/variety/Downloaded/reddit_www_reddit_com_r_ultrahdwallpapers_top__t_all/7cmpr5fayyc71.png'
INFO: 2024-11-11 19:09:00,643: list_files() 'More than 1 files in the folders, stop listing'
INFO: 2024-11-11 19:10:00,352: clock_thread_method() 'clock_thread updates wallpaper'
INFO: 2024-11-11 19:10:00,352: do_set_wp() 'Calling do_set_wp with /home/pawel/.config/variety/Downloaded/reddit_www_reddit_com_r_ultrahdwallpapers_top__t_all/7cmpr5fayyc71.png, time: 1731348600.3527036'
INFO: 2024-11-11 19:10:00,353: compute_trimmed_offsets() 'Trimmed offsets debug info: w:1920, h:1080, ratio:1.777778, iw:3840, ih:2160, scw:1920, sch:1080, ho:0, vo:0'
INFO: 2024-11-11 19:10:00,353: build_imagemagick_clock_cmd() 'Applying clock filter: -density 100 -font `fc-match -f '%{file[0]}' 'Ubuntu Nerd Font:60'` -pointsize 60 -gravity SouthEast -fill '#00000044' -annotate 0x0+58+108 '19:10' -fill white -annotate 0x0+60+110 '19:10' -font `fc-match -f '%{file[0]}' 'Ubuntu Nerd Font:Medium:26'` -pointsize 26 -fill '#00000044' -annotate 0x0+58+58 'poniedziaÅek, listopada 11' -fill white -annotate 0x0+60+60 'poniedziaÅek, listopada 11''
INFO: 2024-11-11 19:10:00,353: build_imagemagick_clock_cmd() 'ImageMagick clock cmd: convert /home/pawel/.config/variety/Downloaded/reddit_www_reddit_com_r_ultrahdwallpapers_top__t_all/7cmpr5fayyc71.png -scale 1920x1080^ -density 100 -font `fc-match -f '%{file[0]}' 'Ubuntu Nerd Font:60'` -pointsize 60 -gravity SouthEast -fill '#00000044' -annotate 0x0+58+108 '19:10' -fill white -annotate 0x0+60+110 '19:10' -font `fc-match -f '%{file[0]}' 'Ubuntu Nerd Font:Medium:26'` -pointsize 26 -fill '#00000044' -annotate 0x0+58+58 'poniedziaÅek, listopada 11' -fill white -annotate 0x0+60+60 'poniedziaÅek, listopada 11' /home/pawel/.config/variety/wallpaper/wallpaper-clock-0169b3d44a2da4a28f4438666dbee90e.jpg'
INFO: 2024-11-11 19:10:00,653: update_indicator() 'Setting file info to: /home/pawel/.config/variety/Downloaded/reddit_www_reddit_com_r_ultrahdwallpapers_top__t_all/7cmpr5fayyc71.png'
INFO: 2024-11-11 19:10:00,654: list_files() 'More than 1 files in the folders, stop listing'
INFO: 2024-11-11 19:10:15,669: get_throttling() 'Earth View: parsing serverside options'
INFO: 2024-11-11 19:10:15,669: get_throttling() 'Could not parse Earth View serverside options, using defaults 20, None'
INFO: 2024-11-11 19:10:15,669: get_throttling() 'Earth View: parsing serverside options'
INFO: 2024-11-11 19:10:15,669: get_throttling() 'Could not parse Earth View serverside options, using defaults 20, None'
INFO: 2024-11-11 19:10:15,669: download_one() 'Earth View: Downloading an image, config: None'
INFO: 2024-11-11 19:10:15,669: download_one() 'Earth View: Queue size: 0'
INFO: 2024-11-11 19:10:15,669: get_throttling() 'Earth View: parsing serverside options'
INFO: 2024-11-11 19:10:15,669: get_throttling() 'Could not parse Earth View serverside options, using defaults 20, None'
INFO: 2024-11-11 19:10:15,669: download_one() 'Earth View: Filling queue'
ERROR: 2024-11-11 19:10:15,840: download_one_from() 'Could not download wallpaper:'
Traceback (most recent call last):
  File "/usr/lib/python3.12/site-packages/variety/VarietyWindow.py", line 1164, in download_one_from
    file = downloader.download_one()
           ^^^^^^^^^^^^^^^^^^^^^^^^^
  File "/usr/lib/python3.12/site-packages/variety/plugins/downloaders/DefaultDownloader.py", line 141, in download_one
    items = self.fill_queue()
            ^^^^^^^^^^^^^^^^^
  File "/usr/lib/python3.12/site-packages/variety/plugins/builtin/downloaders/EarthviewDownloader.py", line 57, in fill_queue
    queue = Util.fetch_json(DATA_URL)
            ^^^^^^^^^^^^^^^^^^^^^^^^^
  File "/usr/lib/python3.12/site-packages/variety/Util.py", line 684, in fetch_json
    return Util.request(url, data, **request_kwargs).json()
           ^^^^^^^^^^^^^^^^^^^^^^^^^^^^^^^^^^^^^^^^^
  File "/usr/lib/python3.12/site-packages/variety/Util.py", line 663, in request
    r.raise_for_status()
  File "/usr/lib/python3.12/site-packages/requests/models.py", line 1024, in raise_for_status
    raise HTTPError(http_error_msg, response=self)
requests.exceptions.HTTPError: 404 Client Error: Not Found for url: https://earthview.withgoogle.com/_api/photos.json
INFO: 2024-11-11 19:10:16,841: get_throttling() 'National Geographic: parsing serverside options'
INFO: 2024-11-11 19:10:16,841: get_throttling() 'Could not parse National Geographic serverside options, using defaults None, None'
INFO: 2024-11-11 19:10:16,841: get_throttling() 'National Geographic: parsing serverside options'
INFO: 2024-11-11 19:10:16,841: get_throttling() 'Could not parse National Geographic serverside options, using defaults None, None'
INFO: 2024-11-11 19:10:16,841: download_one() 'National Geographic: Downloading an image, config: None'
INFO: 2024-11-11 19:10:16,841: download_one() 'National Geographic: Queue size: 0'
INFO: 2024-11-11 19:10:16,841: get_throttling() 'National Geographic: parsing serverside options'
INFO: 2024-11-11 19:10:16,841: get_throttling() 'Could not parse National Geographic serverside options, using defaults None, None'
INFO: 2024-11-11 19:10:16,841: download_one() 'National Geographic: Filling queue'
ERROR: 2024-11-11 19:10:16,990: download_one_from() 'Could not download wallpaper:'
Traceback (most recent call last):
  File "/usr/lib/python3.12/site-packages/requests/models.py", line 974, in json
    return complexjson.loads(self.text, **kwargs)
           ^^^^^^^^^^^^^^^^^^^^^^^^^^^^^^^^^^^^^^
  File "/usr/lib/python3.12/json/__init__.py", line 346, in loads
    return _default_decoder.decode(s)
           ^^^^^^^^^^^^^^^^^^^^^^^^^^
  File "/usr/lib/python3.12/json/decoder.py", line 337, in decode
    obj, end = self.raw_decode(s, idx=_w(s, 0).end())
               ^^^^^^^^^^^^^^^^^^^^^^^^^^^^^^^^^^^^^^
  File "/usr/lib/python3.12/json/decoder.py", line 355, in raw_decode
    raise JSONDecodeError("Expecting value", s, err.value) from None
json.decoder.JSONDecodeError: Expecting value: line 2 column 9 (char 9)

During handling of the above exception, another exception occurred:

Traceback (most recent call last):
  File "/usr/lib/python3.12/site-packages/variety/VarietyWindow.py", line 1164, in download_one_from
    file = downloader.download_one()
           ^^^^^^^^^^^^^^^^^^^^^^^^^
  File "/usr/lib/python3.12/site-packages/variety/plugins/downloaders/DefaultDownloader.py", line 141, in download_one
    items = self.fill_queue()
            ^^^^^^^^^^^^^^^^^
  File "/usr/lib/python3.12/site-packages/variety/plugins/builtin/downloaders/NationalGeographicDownloader.py", line 54, in fill_queue
    queue = Util.fetch_json(DATA_URL)
            ^^^^^^^^^^^^^^^^^^^^^^^^^
  File "/usr/lib/python3.12/site-packages/variety/Util.py", line 684, in fetch_json
    return Util.request(url, data, **request_kwargs).json()
           ^^^^^^^^^^^^^^^^^^^^^^^^^^^^^^^^^^^^^^^^^^^^^^^^
  File "/usr/lib/python3.12/site-packages/requests/models.py", line 978, in json
    raise RequestsJSONDecodeError(e.msg, e.doc, e.pos)
requests.exceptions.JSONDecodeError: Expecting value: line 2 column 9 (char 9)
INFO: 2024-11-11 19:10:17,991: get_throttling() 'Bing: parsing serverside options'
INFO: 2024-11-11 19:10:17,991: get_throttling() 'Could not parse Bing serverside options, using defaults None, None'
INFO: 2024-11-11 19:10:17,991: get_throttling() 'Bing: parsing serverside options'
INFO: 2024-11-11 19:10:17,991: get_throttling() 'Could not parse Bing serverside options, using defaults None, None'
INFO: 2024-11-11 19:10:17,991: download_one() 'Bing: Downloading an image, config: None'
INFO: 2024-11-11 19:10:17,991: download_one() 'Bing: Queue size: 4'
INFO: 2024-11-11 19:10:17,991: download_one() 'Bing: Queue populated with 4 URLs'
INFO: 2024-11-11 19:10:17,991: save_locally() 'Origin URL: https://www.bing.com/search?q=Glacial+stream&form=hpcapt&filters=HpDate%3a%2220241108_0800%22'
INFO: 2024-11-11 19:10:17,991: save_locally() 'Image URL: https://www.bing.com/th?id=OHR.GlacialRivers_EN-US4356459123_UHD.jpg'
INFO: 2024-11-11 19:10:17,991: save_locally() 'Local path: /home/pawel/.config/variety/Downloaded/Bing/OHR.GlacialRivers_EN-US4356459123_UHD.jpg'
INFO: 2024-11-11 19:10:17,991: save_locally() 'File already exists, skip downloading'
INFO: 2024-11-11 19:10:18,991: get_throttling() 'Reddit: parsing serverside options'
INFO: 2024-11-11 19:10:18,991: get_throttling() 'Could not parse Reddit serverside options, using defaults None, None'
INFO: 2024-11-11 19:10:18,991: get_throttling() 'Reddit: parsing serverside options'
INFO: 2024-11-11 19:10:18,991: get_throttling() 'Could not parse Reddit serverside options, using defaults None, None'
INFO: 2024-11-11 19:10:18,991: download_one() 'Reddit: Downloading an image, config: https://www.reddit.com/r/wallpapers/top/?t=all'
INFO: 2024-11-11 19:10:18,991: download_one() 'Reddit: Queue size: 90'
INFO: 2024-11-11 19:10:18,991: download_one() 'Reddit: Queue populated with 90 URLs'
INFO: 2024-11-11 19:10:18,991: save_locally() 'Origin URL: https://www.reddit.com/r/wallpapers/comments/61hh7x/a_tit_showing_off_its_prey/'
INFO: 2024-11-11 19:10:18,991: save_locally() 'Image URL: https://i.redd.it/vblvokprzlny.jpg'
INFO: 2024-11-11 19:10:18,991: save_locally() 'Local path: /home/pawel/.config/variety/Downloaded/reddit_www_reddit_com_r_wallpapers_top__t_all/vblvokprzlny.jpg'
INFO: 2024-11-11 19:10:18,991: save_locally() 'File already exists, skip downloading'
INFO: 2024-11-11 19:10:19,992: get_throttling() 'Reddit: parsing serverside options'
INFO: 2024-11-11 19:10:19,992: get_throttling() 'Could not parse Reddit serverside options, using defaults None, None'
INFO: 2024-11-11 19:10:19,992: get_throttling() 'Reddit: parsing serverside options'
INFO: 2024-11-11 19:10:19,992: get_throttling() 'Could not parse Reddit serverside options, using defaults None, None'
INFO: 2024-11-11 19:10:19,992: download_one() 'Reddit: Downloading an image, config: https://www.reddit.com/r/ultrahdwallpapers/top/?t=all'
INFO: 2024-11-11 19:10:19,992: download_one() 'Reddit: Queue size: 53'
INFO: 2024-11-11 19:10:19,992: download_one() 'Reddit: Queue populated with 53 URLs'
INFO: 2024-11-11 19:10:19,992: save_locally() 'Origin URL: https://www.reddit.com/r/ultrahdwallpapers/comments/kskt33/5120x1440_mandalorian_wallpaper/'
INFO: 2024-11-11 19:10:19,992: save_locally() 'Image URL: https://i.redd.it/n1viytn5qy961.jpg'
INFO: 2024-11-11 19:10:19,992: save_locally() 'Local path: /home/pawel/.config/variety/Downloaded/reddit_www_reddit_com_r_ultrahdwallpapers_top__t_all/n1viytn5qy961.jpg'
INFO: 2024-11-11 19:10:19,992: save_locally() 'File already exists, skip downloading'
INFO: 2024-11-11 19:11:00,358: clock_thread_method() 'clock_thread updates wallpaper'
INFO: 2024-11-11 19:11:00,359: do_set_wp() 'Calling do_set_wp with /home/pawel/.config/variety/Downloaded/reddit_www_reddit_com_r_ultrahdwallpapers_top__t_all/7cmpr5fayyc71.png, time: 1731348660.359126'
INFO: 2024-11-11 19:11:00,359: compute_trimmed_offsets() 'Trimmed offsets debug info: w:1920, h:1080, ratio:1.777778, iw:3840, ih:2160, scw:1920, sch:1080, ho:0, vo:0'
INFO: 2024-11-11 19:11:00,359: build_imagemagick_clock_cmd() 'Applying clock filter: -density 100 -font `fc-match -f '%{file[0]}' 'Ubuntu Nerd Font:60'` -pointsize 60 -gravity SouthEast -fill '#00000044' -annotate 0x0+58+108 '19:11' -fill white -annotate 0x0+60+110 '19:11' -font `fc-match -f '%{file[0]}' 'Ubuntu Nerd Font:Medium:26'` -pointsize 26 -fill '#00000044' -annotate 0x0+58+58 'poniedziaÅek, listopada 11' -fill white -annotate 0x0+60+60 'poniedziaÅek, listopada 11''
INFO: 2024-11-11 19:11:00,359: build_imagemagick_clock_cmd() 'ImageMagick clock cmd: convert /home/pawel/.config/variety/Downloaded/reddit_www_reddit_com_r_ultrahdwallpapers_top__t_all/7cmpr5fayyc71.png -scale 1920x1080^ -density 100 -font `fc-match -f '%{file[0]}' 'Ubuntu Nerd Font:60'` -pointsize 60 -gravity SouthEast -fill '#00000044' -annotate 0x0+58+108 '19:11' -fill white -annotate 0x0+60+110 '19:11' -font `fc-match -f '%{file[0]}' 'Ubuntu Nerd Font:Medium:26'` -pointsize 26 -fill '#00000044' -annotate 0x0+58+58 'poniedziaÅek, listopada 11' -fill white -annotate 0x0+60+60 'poniedziaÅek, listopada 11' /home/pawel/.config/variety/wallpaper/wallpaper-clock-9169bbb0963ff2512108497a547ce6a8.jpg'
INFO: 2024-11-11 19:11:00,674: update_indicator() 'Setting file info to: /home/pawel/.config/variety/Downloaded/reddit_www_reddit_com_r_ultrahdwallpapers_top__t_all/7cmpr5fayyc71.png'
INFO: 2024-11-11 19:11:00,675: list_files() 'More than 1 files in the folders, stop listing'
INFO: 2024-11-11 19:12:00,365: clock_thread_method() 'clock_thread updates wallpaper'
INFO: 2024-11-11 19:12:00,365: do_set_wp() 'Calling do_set_wp with /home/pawel/.config/variety/Downloaded/reddit_www_reddit_com_r_ultrahdwallpapers_top__t_all/7cmpr5fayyc71.png, time: 1731348720.3653872'
INFO: 2024-11-11 19:12:00,365: compute_trimmed_offsets() 'Trimmed offsets debug info: w:1920, h:1080, ratio:1.777778, iw:3840, ih:2160, scw:1920, sch:1080, ho:0, vo:0'
INFO: 2024-11-11 19:12:00,365: build_imagemagick_clock_cmd() 'Applying clock filter: -density 100 -font `fc-match -f '%{file[0]}' 'Ubuntu Nerd Font:60'` -pointsize 60 -gravity SouthEast -fill '#00000044' -annotate 0x0+58+108 '19:12' -fill white -annotate 0x0+60+110 '19:12' -font `fc-match -f '%{file[0]}' 'Ubuntu Nerd Font:Medium:26'` -pointsize 26 -fill '#00000044' -annotate 0x0+58+58 'poniedziaÅek, listopada 11' -fill white -annotate 0x0+60+60 'poniedziaÅek, listopada 11''
INFO: 2024-11-11 19:12:00,366: build_imagemagick_clock_cmd() 'ImageMagick clock cmd: convert /home/pawel/.config/variety/Downloaded/reddit_www_reddit_com_r_ultrahdwallpapers_top__t_all/7cmpr5fayyc71.png -scale 1920x1080^ -density 100 -font `fc-match -f '%{file[0]}' 'Ubuntu Nerd Font:60'` -pointsize 60 -gravity SouthEast -fill '#00000044' -annotate 0x0+58+108 '19:12' -fill white -annotate 0x0+60+110 '19:12' -font `fc-match -f '%{file[0]}' 'Ubuntu Nerd Font:Medium:26'` -pointsize 26 -fill '#00000044' -annotate 0x0+58+58 'poniedziaÅek, listopada 11' -fill white -annotate 0x0+60+60 'poniedziaÅek, listopada 11' /home/pawel/.config/variety/wallpaper/wallpaper-clock-1283fa817f53b0873af8eae5b3644dcc.jpg'
INFO: 2024-11-11 19:12:00,692: update_indicator() 'Setting file info to: /home/pawel/.config/variety/Downloaded/reddit_www_reddit_com_r_ultrahdwallpapers_top__t_all/7cmpr5fayyc71.png'
INFO: 2024-11-11 19:12:00,693: list_files() 'More than 1 files in the folders, stop listing'
INFO: 2024-11-11 19:12:08,156: regular_change_thread() 'regular_change changes wallpaper'
INFO: 2024-11-11 19:12:08,156: set_wallpaper() 'Calling set_wallpaper with /home/pawel/.config/variety/Downloaded/reddit_www_reddit_com_r_ultrahdwallpapers_top__t_all/xjrapod3mh191.jpg'
INFO: 2024-11-11 19:12:08,156: prepare_thread() 'Prepared buffer contains 25 images'
INFO: 2024-11-11 19:12:08,166: do_set_wp() 'Calling do_set_wp with /home/pawel/.config/variety/Downloaded/reddit_www_reddit_com_r_ultrahdwallpapers_top__t_all/xjrapod3mh191.jpg, time: 1731348728.1659732'
INFO: 2024-11-11 19:12:08,166: compute_trimmed_offsets() 'Trimmed offsets debug info: w:1920, h:1080, ratio:1.777778, iw:5120, ih:2880, scw:1920, sch:1080, ho:0, vo:0'
INFO: 2024-11-11 19:12:08,166: build_imagemagick_clock_cmd() 'Applying clock filter: -density 100 -font `fc-match -f '%{file[0]}' 'Ubuntu Nerd Font:60'` -pointsize 60 -gravity SouthEast -fill '#00000044' -annotate 0x0+58+108 '19:12' -fill white -annotate 0x0+60+110 '19:12' -font `fc-match -f '%{file[0]}' 'Ubuntu Nerd Font:Medium:26'` -pointsize 26 -fill '#00000044' -annotate 0x0+58+58 'poniedziaÅek, listopada 11' -fill white -annotate 0x0+60+60 'poniedziaÅek, listopada 11''
INFO: 2024-11-11 19:12:08,166: build_imagemagick_clock_cmd() 'ImageMagick clock cmd: convert /home/pawel/.config/variety/Downloaded/reddit_www_reddit_com_r_ultrahdwallpapers_top__t_all/xjrapod3mh191.jpg -scale 1920x1080^ -density 100 -font `fc-match -f '%{file[0]}' 'Ubuntu Nerd Font:60'` -pointsize 60 -gravity SouthEast -fill '#00000044' -annotate 0x0+58+108 '19:12' -fill white -annotate 0x0+60+110 '19:12' -font `fc-match -f '%{file[0]}' 'Ubuntu Nerd Font:Medium:26'` -pointsize 26 -fill '#00000044' -annotate 0x0+58+58 'poniedziaÅek, listopada 11' -fill white -annotate 0x0+60+60 'poniedziaÅek, listopada 11' /home/pawel/.config/variety/wallpaper/wallpaper-clock-c0979703e327798e707052e2b4946abc.jpg'
INFO: 2024-11-11 19:12:08,430: update_indicator() 'Setting file info to: /home/pawel/.config/variety/Downloaded/reddit_www_reddit_com_r_ultrahdwallpapers_top__t_all/xjrapod3mh191.jpg'
INFO: 2024-11-11 19:12:08,431: list_files() 'More than 1 files in the folders, stop listing'
INFO: 2024-11-11 19:12:10,157: trigger_download() 'Triggering download thread to check if download needed and possible'
INFO: 2024-11-11 19:12:10,157: trigger_download() 'Triggering download thread to check if download needed and possible'
INFO: 2024-11-11 19:12:10,157: get_throttling() 'Earth View: parsing serverside options'
INFO: 2024-11-11 19:12:10,157: get_throttling() 'Could not parse Earth View serverside options, using defaults 20, None'
INFO: 2024-11-11 19:12:10,157: get_throttling() 'Earth View: parsing serverside options'
INFO: 2024-11-11 19:12:10,157: get_throttling() 'Could not parse Earth View serverside options, using defaults 20, None'
INFO: 2024-11-11 19:12:10,157: download_one() 'Earth View: Downloading an image, config: None'
INFO: 2024-11-11 19:12:10,157: download_one() 'Earth View: Queue size: 0'
INFO: 2024-11-11 19:12:10,157: get_throttling() 'Earth View: parsing serverside options'
INFO: 2024-11-11 19:12:10,157: get_throttling() 'Could not parse Earth View serverside options, using defaults 20, None'
INFO: 2024-11-11 19:12:10,157: download_one() 'Earth View: Filling queue'
ERROR: 2024-11-11 19:12:10,350: download_one_from() 'Could not download wallpaper:'
Traceback (most recent call last):
  File "/usr/lib/python3.12/site-packages/variety/VarietyWindow.py", line 1164, in download_one_from
    file = downloader.download_one()
           ^^^^^^^^^^^^^^^^^^^^^^^^^
  File "/usr/lib/python3.12/site-packages/variety/plugins/downloaders/DefaultDownloader.py", line 141, in download_one
    items = self.fill_queue()
            ^^^^^^^^^^^^^^^^^
  File "/usr/lib/python3.12/site-packages/variety/plugins/builtin/downloaders/EarthviewDownloader.py", line 57, in fill_queue
    queue = Util.fetch_json(DATA_URL)
            ^^^^^^^^^^^^^^^^^^^^^^^^^
  File "/usr/lib/python3.12/site-packages/variety/Util.py", line 684, in fetch_json
    return Util.request(url, data, **request_kwargs).json()
           ^^^^^^^^^^^^^^^^^^^^^^^^^^^^^^^^^^^^^^^^^
  File "/usr/lib/python3.12/site-packages/variety/Util.py", line 663, in request
    r.raise_for_status()
  File "/usr/lib/python3.12/site-packages/requests/models.py", line 1024, in raise_for_status
    raise HTTPError(http_error_msg, response=self)
requests.exceptions.HTTPError: 404 Client Error: Not Found for url: https://earthview.withgoogle.com/_api/photos.json
INFO: 2024-11-11 19:12:11,351: get_throttling() 'National Geographic: parsing serverside options'
INFO: 2024-11-11 19:12:11,351: get_throttling() 'Could not parse National Geographic serverside options, using defaults None, None'
INFO: 2024-11-11 19:12:11,351: get_throttling() 'National Geographic: parsing serverside options'
INFO: 2024-11-11 19:12:11,351: get_throttling() 'Could not parse National Geographic serverside options, using defaults None, None'
INFO: 2024-11-11 19:12:11,351: download_one() 'National Geographic: Downloading an image, config: None'
INFO: 2024-11-11 19:12:11,351: download_one() 'National Geographic: Queue size: 0'
INFO: 2024-11-11 19:12:11,351: get_throttling() 'National Geographic: parsing serverside options'
INFO: 2024-11-11 19:12:11,351: get_throttling() 'Could not parse National Geographic serverside options, using defaults None, None'
INFO: 2024-11-11 19:12:11,351: download_one() 'National Geographic: Filling queue'
ERROR: 2024-11-11 19:12:11,523: download_one_from() 'Could not download wallpaper:'
Traceback (most recent call last):
  File "/usr/lib/python3.12/site-packages/requests/models.py", line 974, in json
    return complexjson.loads(self.text, **kwargs)
           ^^^^^^^^^^^^^^^^^^^^^^^^^^^^^^^^^^^^^^
  File "/usr/lib/python3.12/json/__init__.py", line 346, in loads
    return _default_decoder.decode(s)
           ^^^^^^^^^^^^^^^^^^^^^^^^^^
  File "/usr/lib/python3.12/json/decoder.py", line 337, in decode
    obj, end = self.raw_decode(s, idx=_w(s, 0).end())
               ^^^^^^^^^^^^^^^^^^^^^^^^^^^^^^^^^^^^^^
  File "/usr/lib/python3.12/json/decoder.py", line 355, in raw_decode
    raise JSONDecodeError("Expecting value", s, err.value) from None
json.decoder.JSONDecodeError: Expecting value: line 2 column 9 (char 9)

During handling of the above exception, another exception occurred:

Traceback (most recent call last):
  File "/usr/lib/python3.12/site-packages/variety/VarietyWindow.py", line 1164, in download_one_from
    file = downloader.download_one()
           ^^^^^^^^^^^^^^^^^^^^^^^^^
  File "/usr/lib/python3.12/site-packages/variety/plugins/downloaders/DefaultDownloader.py", line 141, in download_one
    items = self.fill_queue()
            ^^^^^^^^^^^^^^^^^
  File "/usr/lib/python3.12/site-packages/variety/plugins/builtin/downloaders/NationalGeographicDownloader.py", line 54, in fill_queue
    queue = Util.fetch_json(DATA_URL)
            ^^^^^^^^^^^^^^^^^^^^^^^^^
  File "/usr/lib/python3.12/site-packages/variety/Util.py", line 684, in fetch_json
    return Util.request(url, data, **request_kwargs).json()
           ^^^^^^^^^^^^^^^^^^^^^^^^^^^^^^^^^^^^^^^^^^^^^^^^
  File "/usr/lib/python3.12/site-packages/requests/models.py", line 978, in json
    raise RequestsJSONDecodeError(e.msg, e.doc, e.pos)
requests.exceptions.JSONDecodeError: Expecting value: line 2 column 9 (char 9)
INFO: 2024-11-11 19:12:12,524: get_throttling() 'Bing: parsing serverside options'
INFO: 2024-11-11 19:12:12,524: get_throttling() 'Could not parse Bing serverside options, using defaults None, None'
INFO: 2024-11-11 19:12:12,524: get_throttling() 'Bing: parsing serverside options'
INFO: 2024-11-11 19:12:12,524: get_throttling() 'Could not parse Bing serverside options, using defaults None, None'
INFO: 2024-11-11 19:12:12,524: download_one() 'Bing: Downloading an image, config: None'
INFO: 2024-11-11 19:12:12,524: download_one() 'Bing: Queue size: 3'
INFO: 2024-11-11 19:12:12,524: download_one() 'Bing: Queue populated with 3 URLs'
INFO: 2024-11-11 19:12:12,524: save_locally() 'Origin URL: https://www.bing.com/search?q=national+mall&form=hpcapt&filters=HpDate%3a%2220241105_0800%22'
INFO: 2024-11-11 19:12:12,524: save_locally() 'Image URL: https://www.bing.com/th?id=OHR.DCSunrise_EN-US2459275186_UHD.jpg'
INFO: 2024-11-11 19:12:12,524: save_locally() 'Local path: /home/pawel/.config/variety/Downloaded/Bing/OHR.DCSunrise_EN-US2459275186_UHD.jpg'
INFO: 2024-11-11 19:12:12,524: save_locally() 'File already exists, skip downloading'
INFO: 2024-11-11 19:12:13,525: get_throttling() 'Reddit: parsing serverside options'
INFO: 2024-11-11 19:12:13,525: get_throttling() 'Could not parse Reddit serverside options, using defaults None, None'
INFO: 2024-11-11 19:12:13,525: get_throttling() 'Reddit: parsing serverside options'
INFO: 2024-11-11 19:12:13,525: get_throttling() 'Could not parse Reddit serverside options, using defaults None, None'
INFO: 2024-11-11 19:12:13,525: download_one() 'Reddit: Downloading an image, config: https://www.reddit.com/r/wallpapers/top/?t=all'
INFO: 2024-11-11 19:12:13,525: download_one() 'Reddit: Queue size: 89'
INFO: 2024-11-11 19:12:13,525: download_one() 'Reddit: Queue populated with 89 URLs'
INFO: 2024-11-11 19:12:13,525: save_locally() 'Origin URL: https://www.reddit.com/r/wallpapers/comments/7dsdra/dÃ©jÃ _vu/'
INFO: 2024-11-11 19:12:13,525: save_locally() 'Image URL: https://i.redd.it/tboesrruypyz.jpg'
INFO: 2024-11-11 19:12:13,525: save_locally() 'Local path: /home/pawel/.config/variety/Downloaded/reddit_www_reddit_com_r_wallpapers_top__t_all/tboesrruypyz.jpg'
INFO: 2024-11-11 19:12:13,525: save_locally() 'File already exists, skip downloading'
INFO: 2024-11-11 19:12:14,525: get_throttling() 'Reddit: parsing serverside options'
INFO: 2024-11-11 19:12:14,525: get_throttling() 'Could not parse Reddit serverside options, using defaults None, None'
INFO: 2024-11-11 19:12:14,525: get_throttling() 'Reddit: parsing serverside options'
INFO: 2024-11-11 19:12:14,525: get_throttling() 'Could not parse Reddit serverside options, using defaults None, None'
INFO: 2024-11-11 19:12:14,525: download_one() 'Reddit: Downloading an image, config: https://www.reddit.com/r/ultrahdwallpapers/top/?t=all'
INFO: 2024-11-11 19:12:14,525: download_one() 'Reddit: Queue size: 52'
INFO: 2024-11-11 19:12:14,525: download_one() 'Reddit: Queue populated with 52 URLs'
INFO: 2024-11-11 19:12:14,525: save_locally() 'Origin URL: https://www.reddit.com/r/ultrahdwallpapers/comments/1beg3pb/star_destroyer_in_the_clouds_3840x2160/'
INFO: 2024-11-11 19:12:14,525: save_locally() 'Image URL: https://i.redd.it/qc19lekgc9oc1.jpeg'
INFO: 2024-11-11 19:12:14,525: save_locally() 'Local path: /home/pawel/.config/variety/Downloaded/reddit_www_reddit_com_r_ultrahdwallpapers_top__t_all/qc19lekgc9oc1.jpeg'
INFO: 2024-11-11 19:12:14,525: save_locally() 'File already exists, skip downloading'
INFO: 2024-11-11 19:13:00,372: clock_thread_method() 'clock_thread updates wallpaper'
INFO: 2024-11-11 19:13:00,372: do_set_wp() 'Calling do_set_wp with /home/pawel/.config/variety/Downloaded/reddit_www_reddit_com_r_ultrahdwallpapers_top__t_all/xjrapod3mh191.jpg, time: 1731348780.3724017'
INFO: 2024-11-11 19:13:00,372: compute_trimmed_offsets() 'Trimmed offsets debug info: w:1920, h:1080, ratio:1.777778, iw:5120, ih:2880, scw:1920, sch:1080, ho:0, vo:0'
INFO: 2024-11-11 19:13:00,372: build_imagemagick_clock_cmd() 'Applying clock filter: -density 100 -font `fc-match -f '%{file[0]}' 'Ubuntu Nerd Font:60'` -pointsize 60 -gravity SouthEast -fill '#00000044' -annotate 0x0+58+108 '19:13' -fill white -annotate 0x0+60+110 '19:13' -font `fc-match -f '%{file[0]}' 'Ubuntu Nerd Font:Medium:26'` -pointsize 26 -fill '#00000044' -annotate 0x0+58+58 'poniedziaÅek, listopada 11' -fill white -annotate 0x0+60+60 'poniedziaÅek, listopada 11''
INFO: 2024-11-11 19:13:00,372: build_imagemagick_clock_cmd() 'ImageMagick clock cmd: convert /home/pawel/.config/variety/Downloaded/reddit_www_reddit_com_r_ultrahdwallpapers_top__t_all/xjrapod3mh191.jpg -scale 1920x1080^ -density 100 -font `fc-match -f '%{file[0]}' 'Ubuntu Nerd Font:60'` -pointsize 60 -gravity SouthEast -fill '#00000044' -annotate 0x0+58+108 '19:13' -fill white -annotate 0x0+60+110 '19:13' -font `fc-match -f '%{file[0]}' 'Ubuntu Nerd Font:Medium:26'` -pointsize 26 -fill '#00000044' -annotate 0x0+58+58 'poniedziaÅek, listopada 11' -fill white -annotate 0x0+60+60 'poniedziaÅek, listopada 11' /home/pawel/.config/variety/wallpaper/wallpaper-clock-8b757c25ffab5cc84fcf32c04912abf3.jpg'
INFO: 2024-11-11 19:13:00,627: update_indicator() 'Setting file info to: /home/pawel/.config/variety/Downloaded/reddit_www_reddit_com_r_ultrahdwallpapers_top__t_all/xjrapod3mh191.jpg'
INFO: 2024-11-11 19:13:00,627: list_files() 'More than 1 files in the folders, stop listing'
INFO: 2024-11-11 19:14:00,379: clock_thread_method() 'clock_thread updates wallpaper'
INFO: 2024-11-11 19:14:00,380: do_set_wp() 'Calling do_set_wp with /home/pawel/.config/variety/Downloaded/reddit_www_reddit_com_r_ultrahdwallpapers_top__t_all/xjrapod3mh191.jpg, time: 1731348840.3801055'
INFO: 2024-11-11 19:14:00,380: compute_trimmed_offsets() 'Trimmed offsets debug info: w:1920, h:1080, ratio:1.777778, iw:5120, ih:2880, scw:1920, sch:1080, ho:0, vo:0'
INFO: 2024-11-11 19:14:00,380: build_imagemagick_clock_cmd() 'Applying clock filter: -density 100 -font `fc-match -f '%{file[0]}' 'Ubuntu Nerd Font:60'` -pointsize 60 -gravity SouthEast -fill '#00000044' -annotate 0x0+58+108 '19:14' -fill white -annotate 0x0+60+110 '19:14' -font `fc-match -f '%{file[0]}' 'Ubuntu Nerd Font:Medium:26'` -pointsize 26 -fill '#00000044' -annotate 0x0+58+58 'poniedziaÅek, listopada 11' -fill white -annotate 0x0+60+60 'poniedziaÅek, listopada 11''
INFO: 2024-11-11 19:14:00,380: build_imagemagick_clock_cmd() 'ImageMagick clock cmd: convert /home/pawel/.config/variety/Downloaded/reddit_www_reddit_com_r_ultrahdwallpapers_top__t_all/xjrapod3mh191.jpg -scale 1920x1080^ -density 100 -font `fc-match -f '%{file[0]}' 'Ubuntu Nerd Font:60'` -pointsize 60 -gravity SouthEast -fill '#00000044' -annotate 0x0+58+108 '19:14' -fill white -annotate 0x0+60+110 '19:14' -font `fc-match -f '%{file[0]}' 'Ubuntu Nerd Font:Medium:26'` -pointsize 26 -fill '#00000044' -annotate 0x0+58+58 'poniedziaÅek, listopada 11' -fill white -annotate 0x0+60+60 'poniedziaÅek, listopada 11' /home/pawel/.config/variety/wallpaper/wallpaper-clock-2288d4a7a7b6c6730f1e55b2e8e79f62.jpg'
INFO: 2024-11-11 19:14:00,639: update_indicator() 'Setting file info to: /home/pawel/.config/variety/Downloaded/reddit_www_reddit_com_r_ultrahdwallpapers_top__t_all/xjrapod3mh191.jpg'
INFO: 2024-11-11 19:14:00,639: list_files() 'More than 1 files in the folders, stop listing'
INFO: 2024-11-11 19:15:00,385: clock_thread_method() 'clock_thread updates wallpaper'
INFO: 2024-11-11 19:15:00,386: do_set_wp() 'Calling do_set_wp with /home/pawel/.config/variety/Downloaded/reddit_www_reddit_com_r_ultrahdwallpapers_top__t_all/xjrapod3mh191.jpg, time: 1731348900.3861656'
INFO: 2024-11-11 19:15:00,386: compute_trimmed_offsets() 'Trimmed offsets debug info: w:1920, h:1080, ratio:1.777778, iw:5120, ih:2880, scw:1920, sch:1080, ho:0, vo:0'
INFO: 2024-11-11 19:15:00,386: build_imagemagick_clock_cmd() 'Applying clock filter: -density 100 -font `fc-match -f '%{file[0]}' 'Ubuntu Nerd Font:60'` -pointsize 60 -gravity SouthEast -fill '#00000044' -annotate 0x0+58+108 '19:15' -fill white -annotate 0x0+60+110 '19:15' -font `fc-match -f '%{file[0]}' 'Ubuntu Nerd Font:Medium:26'` -pointsize 26 -fill '#00000044' -annotate 0x0+58+58 'poniedziaÅek, listopada 11' -fill white -annotate 0x0+60+60 'poniedziaÅek, listopada 11''
INFO: 2024-11-11 19:15:00,386: build_imagemagick_clock_cmd() 'ImageMagick clock cmd: convert /home/pawel/.config/variety/Downloaded/reddit_www_reddit_com_r_ultrahdwallpapers_top__t_all/xjrapod3mh191.jpg -scale 1920x1080^ -density 100 -font `fc-match -f '%{file[0]}' 'Ubuntu Nerd Font:60'` -pointsize 60 -gravity SouthEast -fill '#00000044' -annotate 0x0+58+108 '19:15' -fill white -annotate 0x0+60+110 '19:15' -font `fc-match -f '%{file[0]}' 'Ubuntu Nerd Font:Medium:26'` -pointsize 26 -fill '#00000044' -annotate 0x0+58+58 'poniedziaÅek, listopada 11' -fill white -annotate 0x0+60+60 'poniedziaÅek, listopada 11' /home/pawel/.config/variety/wallpaper/wallpaper-clock-e814befe5bb4964bf1dd60654f083d08.jpg'
INFO: 2024-11-11 19:15:00,642: update_indicator() 'Setting file info to: /home/pawel/.config/variety/Downloaded/reddit_www_reddit_com_r_ultrahdwallpapers_top__t_all/xjrapod3mh191.jpg'
INFO: 2024-11-11 19:15:00,642: list_files() 'More than 1 files in the folders, stop listing'
INFO: 2024-11-11 19:15:15,526: get_throttling() 'Earth View: parsing serverside options'
INFO: 2024-11-11 19:15:15,526: get_throttling() 'Could not parse Earth View serverside options, using defaults 20, None'
INFO: 2024-11-11 19:15:15,526: get_throttling() 'Earth View: parsing serverside options'
INFO: 2024-11-11 19:15:15,526: get_throttling() 'Could not parse Earth View serverside options, using defaults 20, None'
INFO: 2024-11-11 19:15:15,526: download_one() 'Earth View: Downloading an image, config: None'
INFO: 2024-11-11 19:15:15,526: download_one() 'Earth View: Queue size: 0'
INFO: 2024-11-11 19:15:15,526: get_throttling() 'Earth View: parsing serverside options'
INFO: 2024-11-11 19:15:15,526: get_throttling() 'Could not parse Earth View serverside options, using defaults 20, None'
INFO: 2024-11-11 19:15:15,526: download_one() 'Earth View: Filling queue'
ERROR: 2024-11-11 19:15:15,696: download_one_from() 'Could not download wallpaper:'
Traceback (most recent call last):
  File "/usr/lib/python3.12/site-packages/variety/VarietyWindow.py", line 1164, in download_one_from
    file = downloader.download_one()
           ^^^^^^^^^^^^^^^^^^^^^^^^^
  File "/usr/lib/python3.12/site-packages/variety/plugins/downloaders/DefaultDownloader.py", line 141, in download_one
    items = self.fill_queue()
            ^^^^^^^^^^^^^^^^^
  File "/usr/lib/python3.12/site-packages/variety/plugins/builtin/downloaders/EarthviewDownloader.py", line 57, in fill_queue
    queue = Util.fetch_json(DATA_URL)
            ^^^^^^^^^^^^^^^^^^^^^^^^^
  File "/usr/lib/python3.12/site-packages/variety/Util.py", line 684, in fetch_json
    return Util.request(url, data, **request_kwargs).json()
           ^^^^^^^^^^^^^^^^^^^^^^^^^^^^^^^^^^^^^^^^^
  File "/usr/lib/python3.12/site-packages/variety/Util.py", line 663, in request
    r.raise_for_status()
  File "/usr/lib/python3.12/site-packages/requests/models.py", line 1024, in raise_for_status
    raise HTTPError(http_error_msg, response=self)
requests.exceptions.HTTPError: 404 Client Error: Not Found for url: https://earthview.withgoogle.com/_api/photos.json
INFO: 2024-11-11 19:15:16,697: get_throttling() 'National Geographic: parsing serverside options'
INFO: 2024-11-11 19:15:16,697: get_throttling() 'Could not parse National Geographic serverside options, using defaults None, None'
INFO: 2024-11-11 19:15:16,697: get_throttling() 'National Geographic: parsing serverside options'
INFO: 2024-11-11 19:15:16,697: get_throttling() 'Could not parse National Geographic serverside options, using defaults None, None'
INFO: 2024-11-11 19:15:16,697: download_one() 'National Geographic: Downloading an image, config: None'
INFO: 2024-11-11 19:15:16,697: download_one() 'National Geographic: Queue size: 0'
INFO: 2024-11-11 19:15:16,697: get_throttling() 'National Geographic: parsing serverside options'
INFO: 2024-11-11 19:15:16,697: get_throttling() 'Could not parse National Geographic serverside options, using defaults None, None'
INFO: 2024-11-11 19:15:16,697: download_one() 'National Geographic: Filling queue'
ERROR: 2024-11-11 19:15:17,098: download_one_from() 'Could not download wallpaper:'
Traceback (most recent call last):
  File "/usr/lib/python3.12/site-packages/requests/models.py", line 974, in json
    return complexjson.loads(self.text, **kwargs)
           ^^^^^^^^^^^^^^^^^^^^^^^^^^^^^^^^^^^^^^
  File "/usr/lib/python3.12/json/__init__.py", line 346, in loads
    return _default_decoder.decode(s)
           ^^^^^^^^^^^^^^^^^^^^^^^^^^
  File "/usr/lib/python3.12/json/decoder.py", line 337, in decode
    obj, end = self.raw_decode(s, idx=_w(s, 0).end())
               ^^^^^^^^^^^^^^^^^^^^^^^^^^^^^^^^^^^^^^
  File "/usr/lib/python3.12/json/decoder.py", line 355, in raw_decode
    raise JSONDecodeError("Expecting value", s, err.value) from None
json.decoder.JSONDecodeError: Expecting value: line 2 column 9 (char 9)

During handling of the above exception, another exception occurred:

Traceback (most recent call last):
  File "/usr/lib/python3.12/site-packages/variety/VarietyWindow.py", line 1164, in download_one_from
    file = downloader.download_one()
           ^^^^^^^^^^^^^^^^^^^^^^^^^
  File "/usr/lib/python3.12/site-packages/variety/plugins/downloaders/DefaultDownloader.py", line 141, in download_one
    items = self.fill_queue()
            ^^^^^^^^^^^^^^^^^
  File "/usr/lib/python3.12/site-packages/variety/plugins/builtin/downloaders/NationalGeographicDownloader.py", line 54, in fill_queue
    queue = Util.fetch_json(DATA_URL)
            ^^^^^^^^^^^^^^^^^^^^^^^^^
  File "/usr/lib/python3.12/site-packages/variety/Util.py", line 684, in fetch_json
    return Util.request(url, data, **request_kwargs).json()
           ^^^^^^^^^^^^^^^^^^^^^^^^^^^^^^^^^^^^^^^^^^^^^^^^
  File "/usr/lib/python3.12/site-packages/requests/models.py", line 978, in json
    raise RequestsJSONDecodeError(e.msg, e.doc, e.pos)
requests.exceptions.JSONDecodeError: Expecting value: line 2 column 9 (char 9)
INFO: 2024-11-11 19:15:18,099: get_throttling() 'Bing: parsing serverside options'
INFO: 2024-11-11 19:15:18,099: get_throttling() 'Could not parse Bing serverside options, using defaults None, None'
INFO: 2024-11-11 19:15:18,099: get_throttling() 'Bing: parsing serverside options'
INFO: 2024-11-11 19:15:18,099: get_throttling() 'Could not parse Bing serverside options, using defaults None, None'
INFO: 2024-11-11 19:15:18,099: download_one() 'Bing: Downloading an image, config: None'
INFO: 2024-11-11 19:15:18,099: download_one() 'Bing: Queue size: 2'
INFO: 2024-11-11 19:15:18,099: download_one() 'Bing: Queue populated with 2 URLs'
INFO: 2024-11-11 19:15:18,099: save_locally() 'Origin URL: https://www.bing.com/search?q=Caribbean+flamingos&form=hpcapt&filters=HpDate%3a%2220241110_0800%22'
INFO: 2024-11-11 19:15:18,099: save_locally() 'Image URL: https://www.bing.com/th?id=OHR.YucatanFlamingos_EN-US4470232432_UHD.jpg'
INFO: 2024-11-11 19:15:18,099: save_locally() 'Local path: /home/pawel/.config/variety/Downloaded/Bing/OHR.YucatanFlamingos_EN-US4470232432_UHD.jpg'
INFO: 2024-11-11 19:15:18,099: save_locally() 'File already exists, skip downloading'
INFO: 2024-11-11 19:15:19,100: get_throttling() 'Reddit: parsing serverside options'
INFO: 2024-11-11 19:15:19,100: get_throttling() 'Could not parse Reddit serverside options, using defaults None, None'
INFO: 2024-11-11 19:15:19,100: get_throttling() 'Reddit: parsing serverside options'
INFO: 2024-11-11 19:15:19,100: get_throttling() 'Could not parse Reddit serverside options, using defaults None, None'
INFO: 2024-11-11 19:15:19,100: download_one() 'Reddit: Downloading an image, config: https://www.reddit.com/r/wallpapers/top/?t=all'
INFO: 2024-11-11 19:15:19,100: download_one() 'Reddit: Queue size: 88'
INFO: 2024-11-11 19:15:19,100: download_one() 'Reddit: Queue populated with 88 URLs'
INFO: 2024-11-11 19:15:19,100: save_locally() 'Origin URL: https://www.reddit.com/r/wallpapers/comments/6js1xd/how_winter_should_look/'
INFO: 2024-11-11 19:15:19,100: save_locally() 'Image URL: http://i.imgur.com/s4FyU2b.jpg'
INFO: 2024-11-11 19:15:19,100: save_locally() 'Local path: /home/pawel/.config/variety/Downloaded/reddit_www_reddit_com_r_wallpapers_top__t_all/s4FyU2b.jpg'
INFO: 2024-11-11 19:15:19,100: save_locally() 'File already exists, skip downloading'
INFO: 2024-11-11 19:15:20,100: get_throttling() 'Reddit: parsing serverside options'
INFO: 2024-11-11 19:15:20,100: get_throttling() 'Could not parse Reddit serverside options, using defaults None, None'
INFO: 2024-11-11 19:15:20,100: get_throttling() 'Reddit: parsing serverside options'
INFO: 2024-11-11 19:15:20,100: get_throttling() 'Could not parse Reddit serverside options, using defaults None, None'
INFO: 2024-11-11 19:15:20,100: download_one() 'Reddit: Downloading an image, config: https://www.reddit.com/r/ultrahdwallpapers/top/?t=all'
INFO: 2024-11-11 19:15:20,100: download_one() 'Reddit: Queue size: 51'
INFO: 2024-11-11 19:15:20,100: download_one() 'Reddit: Queue populated with 51 URLs'
INFO: 2024-11-11 19:15:20,100: save_locally() 'Origin URL: https://www.reddit.com/r/ultrahdwallpapers/comments/113q60e/space_battle_4k_3840x2160_by_ai/'
INFO: 2024-11-11 19:15:20,100: save_locally() 'Image URL: https://i.redd.it/2w3f5gzcujia1.jpg'
INFO: 2024-11-11 19:15:20,100: save_locally() 'Local path: /home/pawel/.config/variety/Downloaded/reddit_www_reddit_com_r_ultrahdwallpapers_top__t_all/2w3f5gzcujia1.jpg'
INFO: 2024-11-11 19:15:20,100: save_locally() 'File already exists, skip downloading'
INFO: 2024-11-11 19:16:00,393: clock_thread_method() 'clock_thread updates wallpaper'
INFO: 2024-11-11 19:16:00,393: do_set_wp() 'Calling do_set_wp with /home/pawel/.config/variety/Downloaded/reddit_www_reddit_com_r_ultrahdwallpapers_top__t_all/xjrapod3mh191.jpg, time: 1731348960.3937693'
INFO: 2024-11-11 19:16:00,394: compute_trimmed_offsets() 'Trimmed offsets debug info: w:1920, h:1080, ratio:1.777778, iw:5120, ih:2880, scw:1920, sch:1080, ho:0, vo:0'
INFO: 2024-11-11 19:16:00,394: build_imagemagick_clock_cmd() 'Applying clock filter: -density 100 -font `fc-match -f '%{file[0]}' 'Ubuntu Nerd Font:60'` -pointsize 60 -gravity SouthEast -fill '#00000044' -annotate 0x0+58+108 '19:16' -fill white -annotate 0x0+60+110 '19:16' -font `fc-match -f '%{file[0]}' 'Ubuntu Nerd Font:Medium:26'` -pointsize 26 -fill '#00000044' -annotate 0x0+58+58 'poniedziaÅek, listopada 11' -fill white -annotate 0x0+60+60 'poniedziaÅek, listopada 11''
INFO: 2024-11-11 19:16:00,394: build_imagemagick_clock_cmd() 'ImageMagick clock cmd: convert /home/pawel/.config/variety/Downloaded/reddit_www_reddit_com_r_ultrahdwallpapers_top__t_all/xjrapod3mh191.jpg -scale 1920x1080^ -density 100 -font `fc-match -f '%{file[0]}' 'Ubuntu Nerd Font:60'` -pointsize 60 -gravity SouthEast -fill '#00000044' -annotate 0x0+58+108 '19:16' -fill white -annotate 0x0+60+110 '19:16' -font `fc-match -f '%{file[0]}' 'Ubuntu Nerd Font:Medium:26'` -pointsize 26 -fill '#00000044' -annotate 0x0+58+58 'poniedziaÅek, listopada 11' -fill white -annotate 0x0+60+60 'poniedziaÅek, listopada 11' /home/pawel/.config/variety/wallpaper/wallpaper-clock-84af5f02f247b5c6f1e5ffba437b1b05.jpg'
INFO: 2024-11-11 19:16:00,651: update_indicator() 'Setting file info to: /home/pawel/.config/variety/Downloaded/reddit_www_reddit_com_r_ultrahdwallpapers_top__t_all/xjrapod3mh191.jpg'
INFO: 2024-11-11 19:16:00,651: list_files() 'More than 1 files in the folders, stop listing'
INFO: 2024-11-11 19:17:00,399: clock_thread_method() 'clock_thread updates wallpaper'
INFO: 2024-11-11 19:17:00,399: do_set_wp() 'Calling do_set_wp with /home/pawel/.config/variety/Downloaded/reddit_www_reddit_com_r_ultrahdwallpapers_top__t_all/xjrapod3mh191.jpg, time: 1731349020.3999147'
INFO: 2024-11-11 19:17:00,400: compute_trimmed_offsets() 'Trimmed offsets debug info: w:1920, h:1080, ratio:1.777778, iw:5120, ih:2880, scw:1920, sch:1080, ho:0, vo:0'
INFO: 2024-11-11 19:17:00,400: build_imagemagick_clock_cmd() 'Applying clock filter: -density 100 -font `fc-match -f '%{file[0]}' 'Ubuntu Nerd Font:60'` -pointsize 60 -gravity SouthEast -fill '#00000044' -annotate 0x0+58+108 '19:17' -fill white -annotate 0x0+60+110 '19:17' -font `fc-match -f '%{file[0]}' 'Ubuntu Nerd Font:Medium:26'` -pointsize 26 -fill '#00000044' -annotate 0x0+58+58 'poniedziaÅek, listopada 11' -fill white -annotate 0x0+60+60 'poniedziaÅek, listopada 11''
INFO: 2024-11-11 19:17:00,400: build_imagemagick_clock_cmd() 'ImageMagick clock cmd: convert /home/pawel/.config/variety/Downloaded/reddit_www_reddit_com_r_ultrahdwallpapers_top__t_all/xjrapod3mh191.jpg -scale 1920x1080^ -density 100 -font `fc-match -f '%{file[0]}' 'Ubuntu Nerd Font:60'` -pointsize 60 -gravity SouthEast -fill '#00000044' -annotate 0x0+58+108 '19:17' -fill white -annotate 0x0+60+110 '19:17' -font `fc-match -f '%{file[0]}' 'Ubuntu Nerd Font:Medium:26'` -pointsize 26 -fill '#00000044' -annotate 0x0+58+58 'poniedziaÅek, listopada 11' -fill white -annotate 0x0+60+60 'poniedziaÅek, listopada 11' /home/pawel/.config/variety/wallpaper/wallpaper-clock-0e61bce59ce15aa0fae76b27c077ed10.jpg'
INFO: 2024-11-11 19:17:00,661: update_indicator() 'Setting file info to: /home/pawel/.config/variety/Downloaded/reddit_www_reddit_com_r_ultrahdwallpapers_top__t_all/xjrapod3mh191.jpg'
INFO: 2024-11-11 19:17:00,662: list_files() 'More than 1 files in the folders, stop listing'
INFO: 2024-11-11 19:17:08,594: regular_change_thread() 'regular_change changes wallpaper'
INFO: 2024-11-11 19:17:08,594: set_wallpaper() 'Calling set_wallpaper with /home/pawel/.config/variety/Downloaded/nasa_apod/a14pan9335-43emj.jpg'
INFO: 2024-11-11 19:17:08,594: prepare_thread() 'Prepared buffer contains 25 images'
INFO: 2024-11-11 19:17:08,595: do_set_wp() 'Calling do_set_wp with /home/pawel/.config/variety/Downloaded/nasa_apod/a14pan9335-43emj.jpg, time: 1731349028.595165'
INFO: 2024-11-11 19:17:08,603: compute_trimmed_offsets() 'Trimmed offsets debug info: w:1920, h:1080, ratio:1.777778, iw:5773, ih:5000, scw:1920, sch:1662, ho:0, vo:291'
INFO: 2024-11-11 19:17:08,603: build_imagemagick_clock_cmd() 'Applying clock filter: -density 100 -font `fc-match -f '%{file[0]}' 'Ubuntu Nerd Font:60'` -pointsize 60 -gravity SouthEast -fill '#00000044' -annotate 0x0+58+399 '19:17' -fill white -annotate 0x0+60+401 '19:17' -font `fc-match -f '%{file[0]}' 'Ubuntu Nerd Font:Medium:26'` -pointsize 26 -fill '#00000044' -annotate 0x0+58+349 'poniedziaÅek, listopada 11' -fill white -annotate 0x0+60+351 'poniedziaÅek, listopada 11''
INFO: 2024-11-11 19:17:08,603: build_imagemagick_clock_cmd() 'ImageMagick clock cmd: convert /home/pawel/.config/variety/Downloaded/nasa_apod/a14pan9335-43emj.jpg -scale 1920x1080^ -density 100 -font `fc-match -f '%{file[0]}' 'Ubuntu Nerd Font:60'` -pointsize 60 -gravity SouthEast -fill '#00000044' -annotate 0x0+58+399 '19:17' -fill white -annotate 0x0+60+401 '19:17' -font `fc-match -f '%{file[0]}' 'Ubuntu Nerd Font:Medium:26'` -pointsize 26 -fill '#00000044' -annotate 0x0+58+349 'poniedziaÅek, listopada 11' -fill white -annotate 0x0+60+351 'poniedziaÅek, listopada 11' /home/pawel/.config/variety/wallpaper/wallpaper-clock-17fc492928ddb86c094adab8c2be11ff.jpg'
INFO: 2024-11-11 19:17:09,104: update_indicator() 'Setting file info to: /home/pawel/.config/variety/Downloaded/nasa_apod/a14pan9335-43emj.jpg'
INFO: 2024-11-11 19:17:09,105: list_files() 'More than 1 files in the folders, stop listing'
INFO: 2024-11-11 19:17:10,595: trigger_download() 'Triggering download thread to check if download needed and possible'
INFO: 2024-11-11 19:17:10,595: trigger_download() 'Triggering download thread to check if download needed and possible'
INFO: 2024-11-11 19:17:10,595: get_throttling() 'Earth View: parsing serverside options'
INFO: 2024-11-11 19:17:10,595: get_throttling() 'Could not parse Earth View serverside options, using defaults 20, None'
INFO: 2024-11-11 19:17:10,595: get_throttling() 'Earth View: parsing serverside options'
INFO: 2024-11-11 19:17:10,595: get_throttling() 'Could not parse Earth View serverside options, using defaults 20, None'
INFO: 2024-11-11 19:17:10,595: download_one() 'Earth View: Downloading an image, config: None'
INFO: 2024-11-11 19:17:10,595: download_one() 'Earth View: Queue size: 0'
INFO: 2024-11-11 19:17:10,595: get_throttling() 'Earth View: parsing serverside options'
INFO: 2024-11-11 19:17:10,595: get_throttling() 'Could not parse Earth View serverside options, using defaults 20, None'
INFO: 2024-11-11 19:17:10,595: download_one() 'Earth View: Filling queue'
ERROR: 2024-11-11 19:17:10,767: download_one_from() 'Could not download wallpaper:'
Traceback (most recent call last):
  File "/usr/lib/python3.12/site-packages/variety/VarietyWindow.py", line 1164, in download_one_from
    file = downloader.download_one()
           ^^^^^^^^^^^^^^^^^^^^^^^^^
  File "/usr/lib/python3.12/site-packages/variety/plugins/downloaders/DefaultDownloader.py", line 141, in download_one
    items = self.fill_queue()
            ^^^^^^^^^^^^^^^^^
  File "/usr/lib/python3.12/site-packages/variety/plugins/builtin/downloaders/EarthviewDownloader.py", line 57, in fill_queue
    queue = Util.fetch_json(DATA_URL)
            ^^^^^^^^^^^^^^^^^^^^^^^^^
  File "/usr/lib/python3.12/site-packages/variety/Util.py", line 684, in fetch_json
    return Util.request(url, data, **request_kwargs).json()
           ^^^^^^^^^^^^^^^^^^^^^^^^^^^^^^^^^^^^^^^^^
  File "/usr/lib/python3.12/site-packages/variety/Util.py", line 663, in request
    r.raise_for_status()
  File "/usr/lib/python3.12/site-packages/requests/models.py", line 1024, in raise_for_status
    raise HTTPError(http_error_msg, response=self)
requests.exceptions.HTTPError: 404 Client Error: Not Found for url: https://earthview.withgoogle.com/_api/photos.json
INFO: 2024-11-11 19:17:11,768: get_throttling() 'National Geographic: parsing serverside options'
INFO: 2024-11-11 19:17:11,768: get_throttling() 'Could not parse National Geographic serverside options, using defaults None, None'
INFO: 2024-11-11 19:17:11,768: get_throttling() 'National Geographic: parsing serverside options'
INFO: 2024-11-11 19:17:11,768: get_throttling() 'Could not parse National Geographic serverside options, using defaults None, None'
INFO: 2024-11-11 19:17:11,768: download_one() 'National Geographic: Downloading an image, config: None'
INFO: 2024-11-11 19:17:11,768: download_one() 'National Geographic: Queue size: 0'
INFO: 2024-11-11 19:17:11,768: get_throttling() 'National Geographic: parsing serverside options'
INFO: 2024-11-11 19:17:11,768: get_throttling() 'Could not parse National Geographic serverside options, using defaults None, None'
INFO: 2024-11-11 19:17:11,768: download_one() 'National Geographic: Filling queue'
ERROR: 2024-11-11 19:17:12,022: download_one_from() 'Could not download wallpaper:'
Traceback (most recent call last):
  File "/usr/lib/python3.12/site-packages/requests/models.py", line 974, in json
    return complexjson.loads(self.text, **kwargs)
           ^^^^^^^^^^^^^^^^^^^^^^^^^^^^^^^^^^^^^^
  File "/usr/lib/python3.12/json/__init__.py", line 346, in loads
    return _default_decoder.decode(s)
           ^^^^^^^^^^^^^^^^^^^^^^^^^^
  File "/usr/lib/python3.12/json/decoder.py", line 337, in decode
    obj, end = self.raw_decode(s, idx=_w(s, 0).end())
               ^^^^^^^^^^^^^^^^^^^^^^^^^^^^^^^^^^^^^^
  File "/usr/lib/python3.12/json/decoder.py", line 355, in raw_decode
    raise JSONDecodeError("Expecting value", s, err.value) from None
json.decoder.JSONDecodeError: Expecting value: line 2 column 9 (char 9)

During handling of the above exception, another exception occurred:

Traceback (most recent call last):
  File "/usr/lib/python3.12/site-packages/variety/VarietyWindow.py", line 1164, in download_one_from
    file = downloader.download_one()
           ^^^^^^^^^^^^^^^^^^^^^^^^^
  File "/usr/lib/python3.12/site-packages/variety/plugins/downloaders/DefaultDownloader.py", line 141, in download_one
    items = self.fill_queue()
            ^^^^^^^^^^^^^^^^^
  File "/usr/lib/python3.12/site-packages/variety/plugins/builtin/downloaders/NationalGeographicDownloader.py", line 54, in fill_queue
    queue = Util.fetch_json(DATA_URL)
            ^^^^^^^^^^^^^^^^^^^^^^^^^
  File "/usr/lib/python3.12/site-packages/variety/Util.py", line 684, in fetch_json
    return Util.request(url, data, **request_kwargs).json()
           ^^^^^^^^^^^^^^^^^^^^^^^^^^^^^^^^^^^^^^^^^^^^^^^^
  File "/usr/lib/python3.12/site-packages/requests/models.py", line 978, in json
    raise RequestsJSONDecodeError(e.msg, e.doc, e.pos)
requests.exceptions.JSONDecodeError: Expecting value: line 2 column 9 (char 9)
INFO: 2024-11-11 19:17:13,023: get_throttling() 'Bing: parsing serverside options'
INFO: 2024-11-11 19:17:13,023: get_throttling() 'Could not parse Bing serverside options, using defaults None, None'
INFO: 2024-11-11 19:17:13,024: get_throttling() 'Bing: parsing serverside options'
INFO: 2024-11-11 19:17:13,024: get_throttling() 'Could not parse Bing serverside options, using defaults None, None'
INFO: 2024-11-11 19:17:13,024: download_one() 'Bing: Downloading an image, config: None'
INFO: 2024-11-11 19:17:13,024: download_one() 'Bing: Queue size: 1'
INFO: 2024-11-11 19:17:13,024: download_one() 'Bing: Queue populated with 1 URLs'
INFO: 2024-11-11 19:17:13,024: save_locally() 'Origin URL: https://www.bing.com/search?q=Ait+Benhaddou&form=hpcapt&filters=HpDate%3a%2220241109_0800%22'
INFO: 2024-11-11 19:17:13,024: save_locally() 'Image URL: https://www.bing.com/th?id=OHR.MoroccoMilkyWay_EN-US4411505209_UHD.jpg'
INFO: 2024-11-11 19:17:13,024: save_locally() 'Local path: /home/pawel/.config/variety/Downloaded/Bing/OHR.MoroccoMilkyWay_EN-US4411505209_UHD.jpg'
INFO: 2024-11-11 19:17:13,024: save_locally() 'File already exists, skip downloading'
INFO: 2024-11-11 19:17:14,024: get_throttling() 'Reddit: parsing serverside options'
INFO: 2024-11-11 19:17:14,024: get_throttling() 'Could not parse Reddit serverside options, using defaults None, None'
INFO: 2024-11-11 19:17:14,024: get_throttling() 'Reddit: parsing serverside options'
INFO: 2024-11-11 19:17:14,024: get_throttling() 'Could not parse Reddit serverside options, using defaults None, None'
INFO: 2024-11-11 19:17:14,024: download_one() 'Reddit: Downloading an image, config: https://www.reddit.com/r/wallpapers/top/?t=all'
INFO: 2024-11-11 19:17:14,024: download_one() 'Reddit: Queue size: 87'
INFO: 2024-11-11 19:17:14,024: download_one() 'Reddit: Queue populated with 87 URLs'
INFO: 2024-11-11 19:17:14,024: save_locally() 'Origin URL: https://www.reddit.com/r/wallpapers/comments/1by8nq/until_i_look_this_post_will_be_both_up_and/'
INFO: 2024-11-11 19:17:14,024: save_locally() 'Image URL: http://imgur.com/HQSjesL.jpg'
INFO: 2024-11-11 19:17:14,024: save_locally() 'Local path: /home/pawel/.config/variety/Downloaded/reddit_www_reddit_com_r_wallpapers_top__t_all/HQSjesL.jpg'
INFO: 2024-11-11 19:17:14,024: save_locally() 'File already exists, skip downloading'
INFO: 2024-11-11 19:17:15,025: get_throttling() 'Reddit: parsing serverside options'
INFO: 2024-11-11 19:17:15,025: get_throttling() 'Could not parse Reddit serverside options, using defaults None, None'
INFO: 2024-11-11 19:17:15,025: get_throttling() 'Reddit: parsing serverside options'
INFO: 2024-11-11 19:17:15,025: get_throttling() 'Could not parse Reddit serverside options, using defaults None, None'
INFO: 2024-11-11 19:17:15,025: download_one() 'Reddit: Downloading an image, config: https://www.reddit.com/r/ultrahdwallpapers/top/?t=all'
INFO: 2024-11-11 19:17:15,025: download_one() 'Reddit: Queue size: 50'
INFO: 2024-11-11 19:17:15,025: download_one() 'Reddit: Queue populated with 50 URLs'
INFO: 2024-11-11 19:17:15,025: save_locally() 'Origin URL: https://www.reddit.com/r/ultrahdwallpapers/comments/14gnoak/raining_4k/'
INFO: 2024-11-11 19:17:15,025: save_locally() 'Image URL: https://i.redd.it/yrwj8no3to7b1.jpg'
INFO: 2024-11-11 19:17:15,025: save_locally() 'Local path: /home/pawel/.config/variety/Downloaded/reddit_www_reddit_com_r_ultrahdwallpapers_top__t_all/yrwj8no3to7b1.jpg'
INFO: 2024-11-11 19:17:15,025: save_locally() 'File already exists, skip downloading'
INFO: 2024-11-11 19:17:16,025: get_throttling() 'NASA Astro Pic of the Day: parsing serverside options'
INFO: 2024-11-11 19:17:16,025: get_throttling() 'Could not parse NASA Astro Pic of the Day serverside options, using defaults None, None'
INFO: 2024-11-11 19:17:16,025: get_throttling() 'NASA Astro Pic of the Day: parsing serverside options'
INFO: 2024-11-11 19:17:16,025: get_throttling() 'Could not parse NASA Astro Pic of the Day serverside options, using defaults None, None'
INFO: 2024-11-11 19:17:16,026: download_one() 'NASA Astro Pic of the Day: Downloading an image, config: None'
INFO: 2024-11-11 19:17:16,026: download_one() 'NASA Astro Pic of the Day: Queue size: 0'
INFO: 2024-11-11 19:17:16,026: get_throttling() 'NASA Astro Pic of the Day: parsing serverside options'
INFO: 2024-11-11 19:17:16,026: get_throttling() 'Could not parse NASA Astro Pic of the Day serverside options, using defaults None, None'
INFO: 2024-11-11 19:17:16,026: download_one() 'NASA Astro Pic of the Day: Filling queue'
INFO: 2024-11-11 19:17:16,026: fill_queue() 'Filling APOD queue from Archive'
INFO: 2024-11-11 19:17:17,327: download_one() 'NASA Astro Pic of the Day: Queue populated with 730 URLs'
INFO: 2024-11-11 19:17:17,327: download_queue_item() 'APOD URL: https://apod.nasa.gov/apod/ap240625.html'
INFO: 2024-11-11 19:17:17,780: download_queue_item() 'Image URL: https://apod.nasa.gov/apod/image/2406/Doodad_PughSung_9193.jpg'
INFO: 2024-11-11 19:17:17,780: save_locally() 'Origin URL: https://apod.nasa.gov/apod/ap240625.html'
INFO: 2024-11-11 19:17:17,781: save_locally() 'Image URL: https://apod.nasa.gov/apod/image/2406/Doodad_PughSung_9193.jpg'
INFO: 2024-11-11 19:17:17,781: save_locally() 'Local path: /home/pawel/.config/variety/Downloaded/nasa_apod/Doodad_PughSung_9193.jpg'
INFO: 2024-11-11 19:17:25,316: save_locally() 'Download complete'
INFO: 2024-11-11 19:17:25,317: update_indicator() 'Setting file info to: /home/pawel/.config/variety/Downloaded/nasa_apod/a14pan9335-43emj.jpg'
INFO: 2024-11-11 19:17:25,317: list_files() 'More than 1 files in the folders, stop listing'
INFO: 2024-11-11 19:17:25,318: download_one_from() 'Adding downloaded file /home/pawel/.config/variety/Downloaded/nasa_apod/Doodad_PughSung_9193.jpg to unseen_downloads'
INFO: 2024-11-11 19:18:00,405: clock_thread_method() 'clock_thread updates wallpaper'
INFO: 2024-11-11 19:18:00,405: do_set_wp() 'Calling do_set_wp with /home/pawel/.config/variety/Downloaded/nasa_apod/a14pan9335-43emj.jpg, time: 1731349080.4055252'
INFO: 2024-11-11 19:18:00,405: compute_trimmed_offsets() 'Trimmed offsets debug info: w:1920, h:1080, ratio:1.777778, iw:5773, ih:5000, scw:1920, sch:1662, ho:0, vo:291'
INFO: 2024-11-11 19:18:00,405: build_imagemagick_clock_cmd() 'Applying clock filter: -density 100 -font `fc-match -f '%{file[0]}' 'Ubuntu Nerd Font:60'` -pointsize 60 -gravity SouthEast -fill '#00000044' -annotate 0x0+58+399 '19:18' -fill white -annotate 0x0+60+401 '19:18' -font `fc-match -f '%{file[0]}' 'Ubuntu Nerd Font:Medium:26'` -pointsize 26 -fill '#00000044' -annotate 0x0+58+349 'poniedziaÅek, listopada 11' -fill white -annotate 0x0+60+351 'poniedziaÅek, listopada 11''
INFO: 2024-11-11 19:18:00,406: build_imagemagick_clock_cmd() 'ImageMagick clock cmd: convert /home/pawel/.config/variety/Downloaded/nasa_apod/a14pan9335-43emj.jpg -scale 1920x1080^ -density 100 -font `fc-match -f '%{file[0]}' 'Ubuntu Nerd Font:60'` -pointsize 60 -gravity SouthEast -fill '#00000044' -annotate 0x0+58+399 '19:18' -fill white -annotate 0x0+60+401 '19:18' -font `fc-match -f '%{file[0]}' 'Ubuntu Nerd Font:Medium:26'` -pointsize 26 -fill '#00000044' -annotate 0x0+58+349 'poniedziaÅek, listopada 11' -fill white -annotate 0x0+60+351 'poniedziaÅek, listopada 11' /home/pawel/.config/variety/wallpaper/wallpaper-clock-1a10775e471b1913c28d195e4e70d1e4.jpg'
INFO: 2024-11-11 19:18:00,913: update_indicator() 'Setting file info to: /home/pawel/.config/variety/Downloaded/nasa_apod/a14pan9335-43emj.jpg'
INFO: 2024-11-11 19:18:00,914: list_files() 'More than 1 files in the folders, stop listing'
INFO: 2024-11-11 19:19:00,412: clock_thread_method() 'clock_thread updates wallpaper'
INFO: 2024-11-11 19:19:00,412: do_set_wp() 'Calling do_set_wp with /home/pawel/.config/variety/Downloaded/nasa_apod/a14pan9335-43emj.jpg, time: 1731349140.4128008'
INFO: 2024-11-11 19:19:00,413: compute_trimmed_offsets() 'Trimmed offsets debug info: w:1920, h:1080, ratio:1.777778, iw:5773, ih:5000, scw:1920, sch:1662, ho:0, vo:291'
INFO: 2024-11-11 19:19:00,413: build_imagemagick_clock_cmd() 'Applying clock filter: -density 100 -font `fc-match -f '%{file[0]}' 'Ubuntu Nerd Font:60'` -pointsize 60 -gravity SouthEast -fill '#00000044' -annotate 0x0+58+399 '19:19' -fill white -annotate 0x0+60+401 '19:19' -font `fc-match -f '%{file[0]}' 'Ubuntu Nerd Font:Medium:26'` -pointsize 26 -fill '#00000044' -annotate 0x0+58+349 'poniedziaÅek, listopada 11' -fill white -annotate 0x0+60+351 'poniedziaÅek, listopada 11''
INFO: 2024-11-11 19:19:00,413: build_imagemagick_clock_cmd() 'ImageMagick clock cmd: convert /home/pawel/.config/variety/Downloaded/nasa_apod/a14pan9335-43emj.jpg -scale 1920x1080^ -density 100 -font `fc-match -f '%{file[0]}' 'Ubuntu Nerd Font:60'` -pointsize 60 -gravity SouthEast -fill '#00000044' -annotate 0x0+58+399 '19:19' -fill white -annotate 0x0+60+401 '19:19' -font `fc-match -f '%{file[0]}' 'Ubuntu Nerd Font:Medium:26'` -pointsize 26 -fill '#00000044' -annotate 0x0+58+349 'poniedziaÅek, listopada 11' -fill white -annotate 0x0+60+351 'poniedziaÅek, listopada 11' /home/pawel/.config/variety/wallpaper/wallpaper-clock-a3b950ec44d9d14d16e3850146e6b66e.jpg'
INFO: 2024-11-11 19:19:00,870: update_indicator() 'Setting file info to: /home/pawel/.config/variety/Downloaded/nasa_apod/a14pan9335-43emj.jpg'
INFO: 2024-11-11 19:19:00,871: list_files() 'More than 1 files in the folders, stop listing'
INFO: 2024-11-11 19:20:00,424: clock_thread_method() 'clock_thread updates wallpaper'
INFO: 2024-11-11 19:20:00,424: do_set_wp() 'Calling do_set_wp with /home/pawel/.config/variety/Downloaded/nasa_apod/a14pan9335-43emj.jpg, time: 1731349200.4242666'
INFO: 2024-11-11 19:20:00,424: compute_trimmed_offsets() 'Trimmed offsets debug info: w:1920, h:1080, ratio:1.777778, iw:5773, ih:5000, scw:1920, sch:1662, ho:0, vo:291'
INFO: 2024-11-11 19:20:00,424: build_imagemagick_clock_cmd() 'Applying clock filter: -density 100 -font `fc-match -f '%{file[0]}' 'Ubuntu Nerd Font:60'` -pointsize 60 -gravity SouthEast -fill '#00000044' -annotate 0x0+58+399 '19:20' -fill white -annotate 0x0+60+401 '19:20' -font `fc-match -f '%{file[0]}' 'Ubuntu Nerd Font:Medium:26'` -pointsize 26 -fill '#00000044' -annotate 0x0+58+349 'poniedziaÅek, listopada 11' -fill white -annotate 0x0+60+351 'poniedziaÅek, listopada 11''
INFO: 2024-11-11 19:20:00,424: build_imagemagick_clock_cmd() 'ImageMagick clock cmd: convert /home/pawel/.config/variety/Downloaded/nasa_apod/a14pan9335-43emj.jpg -scale 1920x1080^ -density 100 -font `fc-match -f '%{file[0]}' 'Ubuntu Nerd Font:60'` -pointsize 60 -gravity SouthEast -fill '#00000044' -annotate 0x0+58+399 '19:20' -fill white -annotate 0x0+60+401 '19:20' -font `fc-match -f '%{file[0]}' 'Ubuntu Nerd Font:Medium:26'` -pointsize 26 -fill '#00000044' -annotate 0x0+58+349 'poniedziaÅek, listopada 11' -fill white -annotate 0x0+60+351 'poniedziaÅek, listopada 11' /home/pawel/.config/variety/wallpaper/wallpaper-clock-7117a421d5f79e7bd08f3e6729c2bdf6.jpg'
INFO: 2024-11-11 19:20:00,858: update_indicator() 'Setting file info to: /home/pawel/.config/variety/Downloaded/nasa_apod/a14pan9335-43emj.jpg'
INFO: 2024-11-11 19:20:00,859: list_files() 'More than 1 files in the folders, stop listing'
INFO: 2024-11-11 19:20:26,318: get_throttling() 'Earth View: parsing serverside options'
INFO: 2024-11-11 19:20:26,318: get_throttling() 'Could not parse Earth View serverside options, using defaults 20, None'
INFO: 2024-11-11 19:20:26,318: get_throttling() 'Earth View: parsing serverside options'
INFO: 2024-11-11 19:20:26,318: get_throttling() 'Could not parse Earth View serverside options, using defaults 20, None'
INFO: 2024-11-11 19:20:26,318: download_one() 'Earth View: Downloading an image, config: None'
INFO: 2024-11-11 19:20:26,318: download_one() 'Earth View: Queue size: 0'
INFO: 2024-11-11 19:20:26,318: get_throttling() 'Earth View: parsing serverside options'
INFO: 2024-11-11 19:20:26,318: get_throttling() 'Could not parse Earth View serverside options, using defaults 20, None'
INFO: 2024-11-11 19:20:26,318: download_one() 'Earth View: Filling queue'
ERROR: 2024-11-11 19:20:26,518: download_one_from() 'Could not download wallpaper:'
Traceback (most recent call last):
  File "/usr/lib/python3.12/site-packages/variety/VarietyWindow.py", line 1164, in download_one_from
    file = downloader.download_one()
           ^^^^^^^^^^^^^^^^^^^^^^^^^
  File "/usr/lib/python3.12/site-packages/variety/plugins/downloaders/DefaultDownloader.py", line 141, in download_one
    items = self.fill_queue()
            ^^^^^^^^^^^^^^^^^
  File "/usr/lib/python3.12/site-packages/variety/plugins/builtin/downloaders/EarthviewDownloader.py", line 57, in fill_queue
    queue = Util.fetch_json(DATA_URL)
            ^^^^^^^^^^^^^^^^^^^^^^^^^
  File "/usr/lib/python3.12/site-packages/variety/Util.py", line 684, in fetch_json
    return Util.request(url, data, **request_kwargs).json()
           ^^^^^^^^^^^^^^^^^^^^^^^^^^^^^^^^^^^^^^^^^
  File "/usr/lib/python3.12/site-packages/variety/Util.py", line 663, in request
    r.raise_for_status()
  File "/usr/lib/python3.12/site-packages/requests/models.py", line 1024, in raise_for_status
    raise HTTPError(http_error_msg, response=self)
requests.exceptions.HTTPError: 404 Client Error: Not Found for url: https://earthview.withgoogle.com/_api/photos.json
INFO: 2024-11-11 19:20:27,519: get_throttling() 'National Geographic: parsing serverside options'
INFO: 2024-11-11 19:20:27,519: get_throttling() 'Could not parse National Geographic serverside options, using defaults None, None'
INFO: 2024-11-11 19:20:27,519: get_throttling() 'National Geographic: parsing serverside options'
INFO: 2024-11-11 19:20:27,519: get_throttling() 'Could not parse National Geographic serverside options, using defaults None, None'
INFO: 2024-11-11 19:20:27,519: download_one() 'National Geographic: Downloading an image, config: None'
INFO: 2024-11-11 19:20:27,519: download_one() 'National Geographic: Queue size: 0'
INFO: 2024-11-11 19:20:27,519: get_throttling() 'National Geographic: parsing serverside options'
INFO: 2024-11-11 19:20:27,519: get_throttling() 'Could not parse National Geographic serverside options, using defaults None, None'
INFO: 2024-11-11 19:20:27,519: download_one() 'National Geographic: Filling queue'
ERROR: 2024-11-11 19:20:28,247: download_one_from() 'Could not download wallpaper:'
Traceback (most recent call last):
  File "/usr/lib/python3.12/site-packages/requests/models.py", line 974, in json
    return complexjson.loads(self.text, **kwargs)
           ^^^^^^^^^^^^^^^^^^^^^^^^^^^^^^^^^^^^^^
  File "/usr/lib/python3.12/json/__init__.py", line 346, in loads
    return _default_decoder.decode(s)
           ^^^^^^^^^^^^^^^^^^^^^^^^^^
  File "/usr/lib/python3.12/json/decoder.py", line 337, in decode
    obj, end = self.raw_decode(s, idx=_w(s, 0).end())
               ^^^^^^^^^^^^^^^^^^^^^^^^^^^^^^^^^^^^^^
  File "/usr/lib/python3.12/json/decoder.py", line 355, in raw_decode
    raise JSONDecodeError("Expecting value", s, err.value) from None
json.decoder.JSONDecodeError: Expecting value: line 2 column 9 (char 9)

During handling of the above exception, another exception occurred:

Traceback (most recent call last):
  File "/usr/lib/python3.12/site-packages/variety/VarietyWindow.py", line 1164, in download_one_from
    file = downloader.download_one()
           ^^^^^^^^^^^^^^^^^^^^^^^^^
  File "/usr/lib/python3.12/site-packages/variety/plugins/downloaders/DefaultDownloader.py", line 141, in download_one
    items = self.fill_queue()
            ^^^^^^^^^^^^^^^^^
  File "/usr/lib/python3.12/site-packages/variety/plugins/builtin/downloaders/NationalGeographicDownloader.py", line 54, in fill_queue
    queue = Util.fetch_json(DATA_URL)
            ^^^^^^^^^^^^^^^^^^^^^^^^^
  File "/usr/lib/python3.12/site-packages/variety/Util.py", line 684, in fetch_json
    return Util.request(url, data, **request_kwargs).json()
           ^^^^^^^^^^^^^^^^^^^^^^^^^^^^^^^^^^^^^^^^^^^^^^^^
  File "/usr/lib/python3.12/site-packages/requests/models.py", line 978, in json
    raise RequestsJSONDecodeError(e.msg, e.doc, e.pos)
requests.exceptions.JSONDecodeError: Expecting value: line 2 column 9 (char 9)
INFO: 2024-11-11 19:20:29,248: get_throttling() 'Bing: parsing serverside options'
INFO: 2024-11-11 19:20:29,248: get_throttling() 'Could not parse Bing serverside options, using defaults None, None'
INFO: 2024-11-11 19:20:29,248: get_throttling() 'Bing: parsing serverside options'
INFO: 2024-11-11 19:20:29,248: get_throttling() 'Could not parse Bing serverside options, using defaults None, None'
INFO: 2024-11-11 19:20:29,248: download_one() 'Bing: Downloading an image, config: None'
INFO: 2024-11-11 19:20:29,248: download_one() 'Bing: Queue size: 0'
INFO: 2024-11-11 19:20:29,248: get_throttling() 'Bing: parsing serverside options'
INFO: 2024-11-11 19:20:29,248: get_throttling() 'Could not parse Bing serverside options, using defaults None, None'
INFO: 2024-11-11 19:20:29,248: download_one() 'Bing: Filling queue'
INFO: 2024-11-11 19:20:29,435: download_one() 'Bing: Queue populated with 7 URLs'
INFO: 2024-11-11 19:20:29,435: save_locally() 'Origin URL: https://www.bing.com/search?q=Glacial+stream&form=hpcapt&filters=HpDate%3a%2220241108_0800%22'
INFO: 2024-11-11 19:20:29,435: save_locally() 'Image URL: https://www.bing.com/th?id=OHR.GlacialRivers_EN-US4356459123_UHD.jpg'
INFO: 2024-11-11 19:20:29,435: save_locally() 'Local path: /home/pawel/.config/variety/Downloaded/Bing/OHR.GlacialRivers_EN-US4356459123_UHD.jpg'
INFO: 2024-11-11 19:20:29,435: save_locally() 'File already exists, skip downloading'
INFO: 2024-11-11 19:20:30,436: get_throttling() 'Reddit: parsing serverside options'
INFO: 2024-11-11 19:20:30,436: get_throttling() 'Could not parse Reddit serverside options, using defaults None, None'
INFO: 2024-11-11 19:20:30,436: get_throttling() 'Reddit: parsing serverside options'
INFO: 2024-11-11 19:20:30,436: get_throttling() 'Could not parse Reddit serverside options, using defaults None, None'
INFO: 2024-11-11 19:20:30,436: download_one() 'Reddit: Downloading an image, config: https://www.reddit.com/r/wallpapers/top/?t=all'
INFO: 2024-11-11 19:20:30,436: download_one() 'Reddit: Queue size: 86'
INFO: 2024-11-11 19:20:30,436: download_one() 'Reddit: Queue populated with 86 URLs'
INFO: 2024-11-11 19:20:30,436: save_locally() 'Origin URL: https://www.reddit.com/r/wallpapers/comments/5aq1d2/a_birds_eye_view_of_coney_island_19201573/'
INFO: 2024-11-11 19:20:30,436: save_locally() 'Image URL: http://i.imgur.com/wIMHicl.jpg'
INFO: 2024-11-11 19:20:30,436: save_locally() 'Local path: /home/pawel/.config/variety/Downloaded/reddit_www_reddit_com_r_wallpapers_top__t_all/wIMHicl.jpg'
INFO: 2024-11-11 19:20:30,436: save_locally() 'File already exists, skip downloading'
INFO: 2024-11-11 19:20:31,436: get_throttling() 'Reddit: parsing serverside options'
INFO: 2024-11-11 19:20:31,436: get_throttling() 'Could not parse Reddit serverside options, using defaults None, None'
INFO: 2024-11-11 19:20:31,436: get_throttling() 'Reddit: parsing serverside options'
INFO: 2024-11-11 19:20:31,436: get_throttling() 'Could not parse Reddit serverside options, using defaults None, None'
INFO: 2024-11-11 19:20:31,436: download_one() 'Reddit: Downloading an image, config: https://www.reddit.com/r/ultrahdwallpapers/top/?t=all'
INFO: 2024-11-11 19:20:31,436: download_one() 'Reddit: Queue size: 49'
INFO: 2024-11-11 19:20:31,436: download_one() 'Reddit: Queue populated with 49 URLs'
INFO: 2024-11-11 19:20:31,436: save_locally() 'Origin URL: https://www.reddit.com/r/ultrahdwallpapers/comments/rjzfvy/smile_3840x20160/'
INFO: 2024-11-11 19:20:31,436: save_locally() 'Image URL: https://i.redd.it/ksxeye3sti681.png'
INFO: 2024-11-11 19:20:31,436: save_locally() 'Local path: /home/pawel/.config/variety/Downloaded/reddit_www_reddit_com_r_ultrahdwallpapers_top__t_all/ksxeye3sti681.png'
INFO: 2024-11-11 19:20:31,436: save_locally() 'File already exists, skip downloading'
