INFO: 2024-09-19 22:43:11,706: main() 'Using profile folder /home/pawel/.config/variety/'
INFO: 2024-09-19 22:43:11,708: perform_upgrade() 'Last run version was 0.8.12 or earlier, current version is 0.8.12'
INFO: 2024-09-19 22:43:11,807: process_command() 'Received command: ['-n']'
INFO: 2024-09-19 22:43:11,808: start() 'Using data_path /usr/share/variety'
INFO: 2024-09-19 22:43:11,808: load() 'Jumble loading'
INFO: 2024-09-19 22:43:11,808: _walk_modules() 'Jumble loading module in __init__ from /usr/lib/python3.12/site-packages/variety/plugins/builtin/__init__.py'
INFO: 2024-09-19 22:43:11,809: _walk_modules() 'Jumble loading module in GnomeDisplayModesPlugin from /usr/lib/python3.12/site-packages/variety/plugins/builtin/display_modes/GnomeDisplayModesPlugin.py'
INFO: 2024-09-19 22:43:11,809: load() 'Jumble found plugin class: <class 'GnomeDisplayModesPlugin.GnomeDisplayModesPlugin'>: {'name': 'GnomeDisplayModesPlugin', 'description': 'Display modes relying on the underlying desktop environment', 'version': '1.0', 'author': 'Peter Levi'}'
INFO: 2024-09-19 22:43:11,809: _walk_modules() 'Jumble loading module in LegacyDisplayModesPlugin from /usr/lib/python3.12/site-packages/variety/plugins/builtin/display_modes/LegacyDisplayModesPlugin.py'
INFO: 2024-09-19 22:43:11,809: load() 'Jumble found plugin class: <class 'LegacyDisplayModesPlugin.LegacyDisplayModesPlugin'>: {'name': 'LegacyDisplayModesPlugin', 'description': 'Legacy display mode for compatibility with past Variety versions', 'version': '1.0', 'author': 'Peter Levi'}'
INFO: 2024-09-19 22:43:11,809: _walk_modules() 'Jumble loading module in ResizingDisplayModesPlugin from /usr/lib/python3.12/site-packages/variety/plugins/builtin/display_modes/ResizingDisplayModesPlugin.py'
INFO: 2024-09-19 22:43:11,809: load() 'Jumble found plugin class: <class 'ResizingDisplayModesPlugin.ResizingDisplayModesPlugin'>: {'name': 'ResizingDisplayModesPlugin', 'description': 'Display modes that use image resizing within Variety', 'version': '1.0', 'author': 'Peter Levi'}'
INFO: 2024-09-19 22:43:11,809: _walk_modules() 'Jumble loading module in __init__ from /usr/lib/python3.12/site-packages/variety/plugins/builtin/display_modes/__init__.py'
INFO: 2024-09-19 22:43:11,809: _walk_modules() 'Jumble loading module in APODDownloader from /usr/lib/python3.12/site-packages/variety/plugins/builtin/downloaders/APODDownloader.py'
INFO: 2024-09-19 22:43:11,810: load() 'Jumble found plugin class: <class 'APODDownloader.APODDownloader'>: {'name': 'APODDownloader', 'description': 'NASA Astro Pic of the Day', 'author': 'Peter Levi', 'version': '0.1'}'
INFO: 2024-09-19 22:43:11,810: _walk_modules() 'Jumble loading module in ArtStationDownloader from /usr/lib/python3.12/site-packages/variety/plugins/builtin/downloaders/ArtStationDownloader.py'
INFO: 2024-09-19 22:43:11,810: _walk_modules() 'Jumble loading module in ArtStationSource from /usr/lib/python3.12/site-packages/variety/plugins/builtin/downloaders/ArtStationSource.py'
INFO: 2024-09-19 22:43:11,811: load() 'Jumble found plugin class: <class 'ArtStationSource.ArtStationSource'>: {'name': 'ArtStationSource', 'description': 'Configurable source for fetching images from ArtStation', 'author': 'Denis Gordeev', 'version': '0.1'}'
INFO: 2024-09-19 22:43:11,811: _walk_modules() 'Jumble loading module in BingDownloader from /usr/lib/python3.12/site-packages/variety/plugins/builtin/downloaders/BingDownloader.py'
INFO: 2024-09-19 22:43:11,812: load() 'Jumble found plugin class: <class 'BingDownloader.BingDownloader'>: {'name': 'BingDownloader', 'description': 'Bing Photo of the Day', 'author': 'Peter Levi', 'version': '0.1'}'
INFO: 2024-09-19 22:43:11,812: _walk_modules() 'Jumble loading module in EarthviewDownloader from /usr/lib/python3.12/site-packages/variety/plugins/builtin/downloaders/EarthviewDownloader.py'
INFO: 2024-09-19 22:43:11,812: load() 'Jumble found plugin class: <class 'EarthviewDownloader.EarthviewDownloader'>: {'name': 'EarthviewDownloader', 'description': 'Google Earth View Wallpapers', 'author': 'Peter Levi', 'version': '0.1'}'
INFO: 2024-09-19 22:43:11,812: _walk_modules() 'Jumble loading module in MediaRSSDownloader from /usr/lib/python3.12/site-packages/variety/plugins/builtin/downloaders/MediaRSSDownloader.py'
INFO: 2024-09-19 22:43:11,812: _walk_modules() 'Jumble loading module in MediaRSSSource from /usr/lib/python3.12/site-packages/variety/plugins/builtin/downloaders/MediaRSSSource.py'
INFO: 2024-09-19 22:43:11,813: load() 'Jumble found plugin class: <class 'MediaRSSSource.MediaRSSSource'>: {'name': 'MediaRSSSource', 'description': 'Configurable source for fetching images from MediaRSS feeds', 'author': 'Peter Levi', 'version': '0.1'}'
INFO: 2024-09-19 22:43:11,813: _walk_modules() 'Jumble loading module in NationalGeographicDownloader from /usr/lib/python3.12/site-packages/variety/plugins/builtin/downloaders/NationalGeographicDownloader.py'
INFO: 2024-09-19 22:43:11,813: load() 'Jumble found plugin class: <class 'NationalGeographicDownloader.NationalGeographicDownloader'>: {'name': 'NationalGeographicDownloader', 'description': "National Geographic's photo of the day", 'author': 'Eric Rösch', 'version': '0.1'}'
INFO: 2024-09-19 22:43:11,813: _walk_modules() 'Jumble loading module in RedditDownloader from /usr/lib/python3.12/site-packages/variety/plugins/builtin/downloaders/RedditDownloader.py'
INFO: 2024-09-19 22:43:11,814: _walk_modules() 'Jumble loading module in RedditSource from /usr/lib/python3.12/site-packages/variety/plugins/builtin/downloaders/RedditSource.py'
INFO: 2024-09-19 22:43:11,814: load() 'Jumble found plugin class: <class 'RedditSource.RedditSource'>: {'name': 'RedditSource', 'description': 'Configurable source for fetching images from Reddit', 'author': 'Peter Levi', 'version': '0.1'}'
INFO: 2024-09-19 22:43:11,814: _walk_modules() 'Jumble loading module in UnsplashConfigurableSource from /usr/lib/python3.12/site-packages/variety/plugins/builtin/downloaders/UnsplashConfigurableSource.py'
INFO: 2024-09-19 22:43:11,815: load() 'Jumble found plugin class: <class 'UnsplashConfigurableSource.UnsplashConfigurableSource'>: {'name': 'UnsplashConfigurableSource', 'description': 'Configurable source for fetching photos from Unsplash.com', 'author': 'Peter Levi', 'version': '0.1'}'
INFO: 2024-09-19 22:43:11,815: _walk_modules() 'Jumble loading module in UnsplashDownloader from /usr/lib/python3.12/site-packages/variety/plugins/builtin/downloaders/UnsplashDownloader.py'
INFO: 2024-09-19 22:43:11,816: load() 'Jumble found plugin class: <class 'UnsplashDownloader.UnsplashDownloader'>: {'name': 'UnsplashDownloader', 'description': 'High-resolution photos from Unsplash.com', 'author': 'Peter Levi', 'version': '0.1'}'
INFO: 2024-09-19 22:43:11,816: _walk_modules() 'Jumble loading module in WallhavenDownloader from /usr/lib/python3.12/site-packages/variety/plugins/builtin/downloaders/WallhavenDownloader.py'
INFO: 2024-09-19 22:43:11,816: _walk_modules() 'Jumble loading module in WallhavenLegacyDownloader from /usr/lib/python3.12/site-packages/variety/plugins/builtin/downloaders/WallhavenLegacyDownloader.py'
INFO: 2024-09-19 22:43:11,816: _walk_modules() 'Jumble loading module in WallhavenSource from /usr/lib/python3.12/site-packages/variety/plugins/builtin/downloaders/WallhavenSource.py'
INFO: 2024-09-19 22:43:11,817: load() 'Jumble found plugin class: <class 'WallhavenSource.WallhavenSource'>: {'name': 'WallhavenSource', 'description': 'Configurable source for fetching images from Wallhaven.cc', 'author': 'Peter Levi', 'version': '0.1'}'
INFO: 2024-09-19 22:43:11,817: _walk_modules() 'Jumble loading module in __init__ from /usr/lib/python3.12/site-packages/variety/plugins/builtin/downloaders/__init__.py'
INFO: 2024-09-19 22:43:11,817: _walk_modules() 'Jumble loading module in FortuneSource from /usr/lib/python3.12/site-packages/variety/plugins/builtin/quotes/FortuneSource.py'
INFO: 2024-09-19 22:43:11,818: load() 'Jumble found plugin class: <class 'FortuneSource.FortuneSource'>: {'name': 'UNIX fortune program', 'description': 'Displays quotes using the UNIX fortune program. You may want to install additional fortune packs, e.g. fortunes-bofh-excuses.', 'author': 'Dan Jones', 'version': '0.1'}'
INFO: 2024-09-19 22:43:11,818: _walk_modules() 'Jumble loading module in GoodreadsSource from /usr/lib/python3.12/site-packages/variety/plugins/builtin/quotes/GoodreadsSource.py'
INFO: 2024-09-19 22:43:11,845: load() 'Jumble found plugin class: <class 'GoodreadsSource.GoodreadsSource'>: {'name': 'Goodreads', 'description': 'Fetches quotes from Goodreads.com', 'author': 'Peter Levi', 'version': '0.1'}'
INFO: 2024-09-19 22:43:11,845: _walk_modules() 'Jumble loading module in LocalFilesSource from /usr/lib/python3.12/site-packages/variety/plugins/builtin/quotes/LocalFilesSource.py'
INFO: 2024-09-19 22:43:11,846: load() 'Jumble found plugin class: <class 'LocalFilesSource.LocalFilesSource'>: {'name': 'Local text files', 'description': 'Displays quotes, defined in local text files.\nPut your own txt files in: ~/.config/variety/pluginconfig/quotes/.\nThe file format is:\n\nquote -- author\n.\nsecond quote -- another author\n.\netc...\n\nExample: http://rvelthuis.de/zips/quotes.txt', 'author': 'Peter Levi', 'version': '0.1'}'
INFO: 2024-09-19 22:43:11,846: _walk_modules() 'Jumble loading module in QuotationsPageSource from /usr/lib/python3.12/site-packages/variety/plugins/builtin/quotes/QuotationsPageSource.py'
INFO: 2024-09-19 22:43:11,846: load() 'Jumble found plugin class: <class 'QuotationsPageSource.QuotationsPageSource'>: {'name': 'TheQuotationsPage.com', 'description': 'Fetches quotes from TheQuotationsPage.com', 'author': 'Peter Levi', 'version': '0.1'}'
INFO: 2024-09-19 22:43:11,846: _walk_modules() 'Jumble loading module in UrbanDictionarySource from /usr/lib/python3.12/site-packages/variety/plugins/builtin/quotes/UrbanDictionarySource.py'
INFO: 2024-09-19 22:43:11,846: load() 'Jumble found plugin class: <class 'UrbanDictionarySource.UrbanDictionarySource'>: {'name': 'Urban Dictionary', 'description': 'Displays definitions from Urban Dictionary', 'author': 'James Miller', 'version': '0.1'}'
INFO: 2024-09-19 22:43:11,846: _walk_modules() 'Jumble loading module in __init__ from /usr/lib/python3.12/site-packages/variety/plugins/builtin/quotes/__init__.py'
INFO: 2024-09-19 22:43:11,857: reload_config() 'Creating new downloader for type apod, location NASA's Astronomy Picture of the Day'
INFO: 2024-09-19 22:43:11,857: reload_config() 'Creating new downloader for type bing, location Bing Photo of the Day'
INFO: 2024-09-19 22:43:11,857: reload_config() 'Creating new downloader for type earthview, location Google Earth View Wallpapers'
INFO: 2024-09-19 22:43:11,857: reload_config() 'Creating new downloader for type natgeo, location National Geographic's photo of the day'
INFO: 2024-09-19 22:43:11,857: log_options() 'Loaded options:'
INFO: 2024-09-19 22:43:11,857: log_options() 'change_enabled = True'
INFO: 2024-09-19 22:43:11,857: log_options() 'change_interval = 300'
INFO: 2024-09-19 22:43:11,857: log_options() 'change_on_start = False'
INFO: 2024-09-19 22:43:11,857: log_options() 'clipboard_enabled = False'
INFO: 2024-09-19 22:43:11,857: log_options() 'clipboard_hosts = ['wallhaven.cc', 'wallpapers.net', 'flickr.com', 'imgur.com', 'deviantart.com', 'interfacelift.com', 'vladstudio.com', 'imageshack.us', 'deviantart.net', 'imageshack.com']'
INFO: 2024-09-19 22:43:11,857: log_options() 'clipboard_use_whitelist = True'
INFO: 2024-09-19 22:43:11,857: log_options() 'clock_date_font = Ubuntu Nerd Font Medium 26'
INFO: 2024-09-19 22:43:11,857: log_options() 'clock_enabled = True'
INFO: 2024-09-19 22:43:11,857: log_options() 'clock_filter = -density 100 -font `fc-match -f '%{file[0]}' '%CLOCK_FONT_NAME'` -pointsize %CLOCK_FONT_SIZE -gravity SouthEast -fill '#00000044' -annotate 0x0+[%HOFFSET+58]+[%VOFFSET+108] '%H:%M' -fill white -annotate 0x0+[%HOFFSET+60]+[%VOFFSET+110] '%H:%M' -font `fc-match -f '%{file[0]}' '%DATE_FONT_NAME'` -pointsize %DATE_FONT_SIZE -fill '#00000044' -annotate 0x0+[%HOFFSET+58]+[%VOFFSET+58] '%A, %B %d' -fill white -annotate 0x0+[%HOFFSET+60]+[%VOFFSET+60] '%A, %B %d''
INFO: 2024-09-19 22:43:11,857: log_options() 'clock_font = Ubuntu Nerd Font 60'
INFO: 2024-09-19 22:43:11,857: log_options() 'configfile = /home/pawel/.config/variety/variety.conf'
INFO: 2024-09-19 22:43:11,857: log_options() 'copyto_enabled = False'
INFO: 2024-09-19 22:43:11,857: log_options() 'copyto_folder = Default'
INFO: 2024-09-19 22:43:11,857: log_options() 'desired_color = [160, 160, 160]'
INFO: 2024-09-19 22:43:11,857: log_options() 'desired_color_enabled = False'
INFO: 2024-09-19 22:43:11,858: log_options() 'download_folder = /home/pawel/.config/variety/Downloaded'
INFO: 2024-09-19 22:43:11,858: log_options() 'download_preference_ratio = 0.9'
INFO: 2024-09-19 22:43:11,858: log_options() 'favorites_folder = /home/pawel/.config/variety/Favorites'
INFO: 2024-09-19 22:43:11,858: log_options() 'favorites_operations = [['Downloaded', 'Copy'], ['Fetched', 'Move'], ['Others', 'Copy']]'
INFO: 2024-09-19 22:43:11,858: log_options() 'fetched_folder = /home/pawel/.config/variety/Fetched'
INFO: 2024-09-19 22:43:11,858: log_options() 'filters = [[False, 'Keep original', ''], [False, 'Grayscale', '-type Grayscale'], [False, 'Heavy blur', '-scale 20% -blur 0x10 -resize 500%'], [False, 'Soft blur', '-scale 20% -blur 0x2 -resize 500%'], [False, 'Oil painting', '-paint 8'], [False, 'Pointilism', '-spread 10 -noise 3'], [False, 'Pixellate', '-scale 3% -scale 3333%']]'
INFO: 2024-09-19 22:43:11,858: log_options() 'get_wallpaper_script = /home/pawel/.config/variety/scripts/get_wallpaper'
INFO: 2024-09-19 22:43:11,858: log_options() 'icon = Light'
INFO: 2024-09-19 22:43:11,858: log_options() 'internet_enabled = True'
INFO: 2024-09-19 22:43:11,858: log_options() 'lightness_enabled = False'
INFO: 2024-09-19 22:43:11,858: log_options() 'lightness_mode = 0'
INFO: 2024-09-19 22:43:11,858: log_options() 'min_rating = 4'
INFO: 2024-09-19 22:43:11,858: log_options() 'min_rating_enabled = False'
INFO: 2024-09-19 22:43:11,858: log_options() 'min_size = 80'
INFO: 2024-09-19 22:43:11,858: log_options() 'min_size_enabled = False'
INFO: 2024-09-19 22:43:11,858: log_options() 'quota_enabled = True'
INFO: 2024-09-19 22:43:11,858: log_options() 'quota_size = 1000'
INFO: 2024-09-19 22:43:11,858: log_options() 'quotes_authors = '
INFO: 2024-09-19 22:43:11,858: log_options() 'quotes_bg_color = [80, 80, 80]'
INFO: 2024-09-19 22:43:11,858: log_options() 'quotes_bg_opacity = 55'
INFO: 2024-09-19 22:43:11,858: log_options() 'quotes_change_enabled = False'
INFO: 2024-09-19 22:43:11,858: log_options() 'quotes_change_interval = 300'
INFO: 2024-09-19 22:43:11,858: log_options() 'quotes_disabled_sources = ['Urban Dictionary']'
INFO: 2024-09-19 22:43:11,858: log_options() 'quotes_enabled = False'
INFO: 2024-09-19 22:43:11,858: log_options() 'quotes_favorites_file = /home/pawel/.config/variety/favorite_quotes.txt'
INFO: 2024-09-19 22:43:11,858: log_options() 'quotes_font = Serif 30'
INFO: 2024-09-19 22:43:11,858: log_options() 'quotes_hpos = 100'
INFO: 2024-09-19 22:43:11,858: log_options() 'quotes_max_length = 250'
INFO: 2024-09-19 22:43:11,858: log_options() 'quotes_tags = '
INFO: 2024-09-19 22:43:11,858: log_options() 'quotes_text_color = [255, 255, 255]'
INFO: 2024-09-19 22:43:11,858: log_options() 'quotes_text_shadow = False'
INFO: 2024-09-19 22:43:11,858: log_options() 'quotes_vpos = 40'
INFO: 2024-09-19 22:43:11,858: log_options() 'quotes_width = 70'
INFO: 2024-09-19 22:43:11,858: log_options() 'safe_mode = False'
INFO: 2024-09-19 22:43:11,858: log_options() 'set_wallpaper_script = /home/pawel/.config/variety/scripts/set_wallpaper'
INFO: 2024-09-19 22:43:11,858: log_options() 'slideshow_custom_enabled = False'
INFO: 2024-09-19 22:43:11,858: log_options() 'slideshow_custom_folder = /home/pawel/Obrazy'
INFO: 2024-09-19 22:43:11,858: log_options() 'slideshow_downloads_enabled = False'
INFO: 2024-09-19 22:43:11,858: log_options() 'slideshow_fade = 0.4'
INFO: 2024-09-19 22:43:11,858: log_options() 'slideshow_favorites_enabled = True'
INFO: 2024-09-19 22:43:11,858: log_options() 'slideshow_mode = Fullscreen'
INFO: 2024-09-19 22:43:11,858: log_options() 'slideshow_monitor = All'
INFO: 2024-09-19 22:43:11,858: log_options() 'slideshow_pan = 0.05'
INFO: 2024-09-19 22:43:11,858: log_options() 'slideshow_seconds = 6.0'
INFO: 2024-09-19 22:43:11,858: log_options() 'slideshow_sort_order = Random'
INFO: 2024-09-19 22:43:11,858: log_options() 'slideshow_sources_enabled = True'
INFO: 2024-09-19 22:43:11,858: log_options() 'slideshow_zoom = 0.2'
INFO: 2024-09-19 22:43:11,858: log_options() 'smart_enabled = False'
INFO: 2024-09-19 22:43:11,858: log_options() 'smart_notice_shown = False'
INFO: 2024-09-19 22:43:11,858: log_options() 'smart_register_shown = False'
INFO: 2024-09-19 22:43:11,858: log_options() 'sources = [[False, 'favorites', 'The Favorites folder'], [False, 'fetched', 'The Fetched folder'], [False, 'folder', '/usr/share/backgrounds'], [False, 'flickr', 'user:www.flickr.com/photos/peter-levi/;user_id:93647178@N00;'], [True, 'apod', "NASA's Astronomy Picture of the Day"], [True, 'bing', 'Bing Photo of the Day'], [True, 'earthview', 'Google Earth View Wallpapers'], [True, 'natgeo', "National Geographic's photo of the day"], [False, 'unsplash', 'High-resolution photos from Unsplash.com'], [True, 'folder', '/usr/share/wallpapers']]'
INFO: 2024-09-19 22:43:11,858: log_options() 'stats_enabled = True'
INFO: 2024-09-19 22:43:11,858: log_options() 'stats_notice_shown = False'
INFO: 2024-09-19 22:43:11,858: log_options() 'sync_enabled = True'
INFO: 2024-09-19 22:43:11,858: log_options() 'use_landscape_enabled = True'
INFO: 2024-09-19 22:43:11,858: log_options() 'wallhaven_api_key = '
INFO: 2024-09-19 22:43:11,858: log_options() 'wallpaper_auto_rotate = False'
INFO: 2024-09-19 22:43:11,858: log_options() 'wallpaper_display_mode = os'
INFO: 2024-09-19 22:43:11,858: reload_config() 'No need to clear prepared queue'
INFO: 2024-09-19 22:43:11,858: clock_thread_method() 'clock thread running'
INFO: 2024-09-19 22:43:11,858: update_indicator() 'Setting file info to: /home/pawel/.config/variety/Downloaded/nasa_apod/uhz1.jpg'
INFO: 2024-09-19 22:43:11,859: load_banned() 'Missing or invalid banned URLs list, no URLs will be banned'
INFO: 2024-09-19 22:43:11,859: load_last_change_time() 'Change interval < 6 hours, ignore persisted last_change_time, wait initially the whole interval: 300'
INFO: 2024-09-19 22:43:11,859: update_indicator() 'Setting file info to: /home/pawel/.config/variety/Downloaded/nasa_apod/uhz1.jpg'
INFO: 2024-09-19 22:43:11,859: regular_change_thread() 'regular_change thread running'
INFO: 2024-09-19 22:43:11,859: prepare_thread() 'Prepare thread running'
INFO: 2024-09-19 22:43:11,860: prepare_thread() 'Prepared buffer contains 0 images'
INFO: 2024-09-19 22:43:11,860: prepare_thread() 'Preparing some images'
INFO: 2024-09-19 22:43:11,860: update_indicator_icon() 'Creating indicator'
INFO: 2024-09-19 22:43:11,861: get_throttling() 'Earth View: parsing serverside options'
INFO: 2024-09-19 22:43:11,861: get_throttling() 'Could not parse Earth View serverside options, using defaults 20, None'
INFO: 2024-09-19 22:43:11,861: get_throttling() 'Earth View: parsing serverside options'
INFO: 2024-09-19 22:43:11,861: get_throttling() 'Could not parse Earth View serverside options, using defaults 20, None'
INFO: 2024-09-19 22:43:11,861: download_one() 'Earth View: Downloading an image, config: None'
INFO: 2024-09-19 22:43:11,861: download_one() 'Earth View: Queue size: 0'
INFO: 2024-09-19 22:43:11,861: get_throttling() 'Earth View: parsing serverside options'
INFO: 2024-09-19 22:43:11,861: get_throttling() 'Could not parse Earth View serverside options, using defaults 20, None'
INFO: 2024-09-19 22:43:11,861: download_one() 'Earth View: Filling queue'
WARNING: 2024-09-19 22:43:11,864: create_menu() 'Variety Slideshow is not installed. This is an optional extension adding pan-and-zoom slideshows to Variety: see https://github.com/peterlevi/variety-slideshow for details'
INFO: 2024-09-19 22:43:11,865: create_indicator() 'indicator backend: fallback tray'
INFO: 2024-09-19 22:43:11,890: prepare_thread() 'After search prepared buffer contains 95 images'
INFO: 2024-09-19 22:43:11,898: set_from_theme_icon() 'Showing status icon variety-indicator from GTK theme'
INFO: 2024-09-19 22:43:11,960: do_set_wp() 'Calling do_set_wp with /home/pawel/.config/variety/Downloaded/nasa_apod/uhz1.jpg, time: 1726778591.9603746'
INFO: 2024-09-19 22:43:11,965: compute_trimmed_offsets() 'Trimmed offsets debug info: w:1920, h:1080, ratio:1.777778, iw:3000, ih:2282, scw:1920, sch:1460, ho:0, vo:190'
INFO: 2024-09-19 22:43:11,965: build_imagemagick_clock_cmd() 'Applying clock filter: -density 100 -font `fc-match -f '%{file[0]}' 'Ubuntu Nerd Font:60'` -pointsize 60 -gravity SouthEast -fill '#00000044' -annotate 0x0+58+298 '22:43' -fill white -annotate 0x0+60+300 '22:43' -font `fc-match -f '%{file[0]}' 'Ubuntu Nerd Font:Medium:26'` -pointsize 26 -fill '#00000044' -annotate 0x0+58+248 'czwartek, września 19' -fill white -annotate 0x0+60+250 'czwartek, września 19''
INFO: 2024-09-19 22:43:11,965: build_imagemagick_clock_cmd() 'ImageMagick clock cmd: convert /home/pawel/.config/variety/Downloaded/nasa_apod/uhz1.jpg -scale 1920x1080^ -density 100 -font `fc-match -f '%{file[0]}' 'Ubuntu Nerd Font:60'` -pointsize 60 -gravity SouthEast -fill '#00000044' -annotate 0x0+58+298 '22:43' -fill white -annotate 0x0+60+300 '22:43' -font `fc-match -f '%{file[0]}' 'Ubuntu Nerd Font:Medium:26'` -pointsize 26 -fill '#00000044' -annotate 0x0+58+248 'czwartek, września 19' -fill white -annotate 0x0+60+250 'czwartek, września 19' /home/pawel/.config/variety/wallpaper/wallpaper-clock-ca0af96731fbdac01f4b232bed274a7e.jpg'
ERROR: 2024-09-19 22:43:12,057: download_one_from() 'Could not download wallpaper:'
Traceback (most recent call last):
  File "/usr/lib/python3.12/site-packages/variety/VarietyWindow.py", line 1164, in download_one_from
    file = downloader.download_one()
           ^^^^^^^^^^^^^^^^^^^^^^^^^
  File "/usr/lib/python3.12/site-packages/variety/plugins/downloaders/DefaultDownloader.py", line 141, in download_one
    items = self.fill_queue()
            ^^^^^^^^^^^^^^^^^
  File "/usr/lib/python3.12/site-packages/variety/plugins/builtin/downloaders/EarthviewDownloader.py", line 57, in fill_queue
    queue = Util.fetch_json(DATA_URL)
            ^^^^^^^^^^^^^^^^^^^^^^^^^
  File "/usr/lib/python3.12/site-packages/variety/Util.py", line 684, in fetch_json
    return Util.request(url, data, **request_kwargs).json()
           ^^^^^^^^^^^^^^^^^^^^^^^^^^^^^^^^^^^^^^^^^
  File "/usr/lib/python3.12/site-packages/variety/Util.py", line 663, in request
    r.raise_for_status()
  File "/usr/lib/python3.12/site-packages/requests/models.py", line 1024, in raise_for_status
    raise HTTPError(http_error_msg, response=self)
requests.exceptions.HTTPError: 404 Client Error: Not Found for url: https://earthview.withgoogle.com/_api/photos.json
INFO: 2024-09-19 22:43:12,185: update_indicator() 'Setting file info to: /home/pawel/.config/variety/Downloaded/nasa_apod/uhz1.jpg'
INFO: 2024-09-19 22:43:12,185: list_files() 'More than 1 files in the folders, stop listing'
INFO: 2024-09-19 22:43:12,858: clock_thread_method() 'clock_thread updates wallpaper'
INFO: 2024-09-19 22:43:12,960: do_set_wp() 'Calling do_set_wp with /home/pawel/.config/variety/Downloaded/nasa_apod/uhz1.jpg, time: 1726778592.9607782'
INFO: 2024-09-19 22:43:12,961: compute_trimmed_offsets() 'Trimmed offsets debug info: w:1920, h:1080, ratio:1.777778, iw:3000, ih:2282, scw:1920, sch:1460, ho:0, vo:190'
INFO: 2024-09-19 22:43:12,961: build_imagemagick_clock_cmd() 'Applying clock filter: -density 100 -font `fc-match -f '%{file[0]}' 'Ubuntu Nerd Font:60'` -pointsize 60 -gravity SouthEast -fill '#00000044' -annotate 0x0+58+298 '22:43' -fill white -annotate 0x0+60+300 '22:43' -font `fc-match -f '%{file[0]}' 'Ubuntu Nerd Font:Medium:26'` -pointsize 26 -fill '#00000044' -annotate 0x0+58+248 'czwartek, września 19' -fill white -annotate 0x0+60+250 'czwartek, września 19''
INFO: 2024-09-19 22:43:12,961: build_imagemagick_clock_cmd() 'ImageMagick clock cmd: convert /home/pawel/.config/variety/Downloaded/nasa_apod/uhz1.jpg -scale 1920x1080^ -density 100 -font `fc-match -f '%{file[0]}' 'Ubuntu Nerd Font:60'` -pointsize 60 -gravity SouthEast -fill '#00000044' -annotate 0x0+58+298 '22:43' -fill white -annotate 0x0+60+300 '22:43' -font `fc-match -f '%{file[0]}' 'Ubuntu Nerd Font:Medium:26'` -pointsize 26 -fill '#00000044' -annotate 0x0+58+248 'czwartek, września 19' -fill white -annotate 0x0+60+250 'czwartek, września 19' /home/pawel/.config/variety/wallpaper/wallpaper-clock-43790d35e3dc5f69afdac965a3b85273.jpg'
INFO: 2024-09-19 22:43:13,058: get_throttling() 'National Geographic: parsing serverside options'
INFO: 2024-09-19 22:43:13,058: get_throttling() 'Could not parse National Geographic serverside options, using defaults None, None'
INFO: 2024-09-19 22:43:13,058: get_throttling() 'National Geographic: parsing serverside options'
INFO: 2024-09-19 22:43:13,058: get_throttling() 'Could not parse National Geographic serverside options, using defaults None, None'
INFO: 2024-09-19 22:43:13,058: download_one() 'National Geographic: Downloading an image, config: None'
INFO: 2024-09-19 22:43:13,058: download_one() 'National Geographic: Queue size: 0'
INFO: 2024-09-19 22:43:13,058: get_throttling() 'National Geographic: parsing serverside options'
INFO: 2024-09-19 22:43:13,058: get_throttling() 'Could not parse National Geographic serverside options, using defaults None, None'
INFO: 2024-09-19 22:43:13,058: download_one() 'National Geographic: Filling queue'
INFO: 2024-09-19 22:43:13,122: reload() 'Reloading preferences dialog'
INFO: 2024-09-19 22:43:13,163: update_indicator() 'Setting file info to: /home/pawel/.config/variety/Downloaded/nasa_apod/uhz1.jpg'
INFO: 2024-09-19 22:43:13,163: list_files() 'More than 1 files in the folders, stop listing'
ERROR: 2024-09-19 22:43:13,738: download_one_from() 'Could not download wallpaper:'
Traceback (most recent call last):
  File "/usr/lib/python3.12/site-packages/requests/models.py", line 974, in json
    return complexjson.loads(self.text, **kwargs)
           ^^^^^^^^^^^^^^^^^^^^^^^^^^^^^^^^^^^^^^
  File "/usr/lib/python3.12/json/__init__.py", line 346, in loads
    return _default_decoder.decode(s)
           ^^^^^^^^^^^^^^^^^^^^^^^^^^
  File "/usr/lib/python3.12/json/decoder.py", line 337, in decode
    obj, end = self.raw_decode(s, idx=_w(s, 0).end())
               ^^^^^^^^^^^^^^^^^^^^^^^^^^^^^^^^^^^^^^
  File "/usr/lib/python3.12/json/decoder.py", line 355, in raw_decode
    raise JSONDecodeError("Expecting value", s, err.value) from None
json.decoder.JSONDecodeError: Expecting value: line 2 column 9 (char 9)

During handling of the above exception, another exception occurred:

Traceback (most recent call last):
  File "/usr/lib/python3.12/site-packages/variety/VarietyWindow.py", line 1164, in download_one_from
    file = downloader.download_one()
           ^^^^^^^^^^^^^^^^^^^^^^^^^
  File "/usr/lib/python3.12/site-packages/variety/plugins/downloaders/DefaultDownloader.py", line 141, in download_one
    items = self.fill_queue()
            ^^^^^^^^^^^^^^^^^
  File "/usr/lib/python3.12/site-packages/variety/plugins/builtin/downloaders/NationalGeographicDownloader.py", line 54, in fill_queue
    queue = Util.fetch_json(DATA_URL)
            ^^^^^^^^^^^^^^^^^^^^^^^^^
  File "/usr/lib/python3.12/site-packages/variety/Util.py", line 684, in fetch_json
    return Util.request(url, data, **request_kwargs).json()
           ^^^^^^^^^^^^^^^^^^^^^^^^^^^^^^^^^^^^^^^^^^^^^^^^
  File "/usr/lib/python3.12/site-packages/requests/models.py", line 978, in json
    raise RequestsJSONDecodeError(e.msg, e.doc, e.pos)
requests.exceptions.JSONDecodeError: Expecting value: line 2 column 9 (char 9)
INFO: 2024-09-19 22:43:13,891: trigger_download() 'Triggering download thread to check if download needed and possible'
INFO: 2024-09-19 22:43:14,739: get_throttling() 'Bing: parsing serverside options'
INFO: 2024-09-19 22:43:14,739: get_throttling() 'Could not parse Bing serverside options, using defaults None, None'
INFO: 2024-09-19 22:43:14,739: get_throttling() 'Bing: parsing serverside options'
INFO: 2024-09-19 22:43:14,739: get_throttling() 'Could not parse Bing serverside options, using defaults None, None'
INFO: 2024-09-19 22:43:14,739: download_one() 'Bing: Downloading an image, config: None'
INFO: 2024-09-19 22:43:14,739: download_one() 'Bing: Queue size: 0'
INFO: 2024-09-19 22:43:14,739: get_throttling() 'Bing: parsing serverside options'
INFO: 2024-09-19 22:43:14,739: get_throttling() 'Could not parse Bing serverside options, using defaults None, None'
INFO: 2024-09-19 22:43:14,739: download_one() 'Bing: Filling queue'
INFO: 2024-09-19 22:43:14,808: set_wallpaper() 'Calling set_wallpaper with /home/pawel/.config/variety/Downloaded/nasa_apod/LDN43_SelbyHanson_3993.jpg'
INFO: 2024-09-19 22:43:14,808: prepare_thread() 'Prepared buffer contains 95 images'
INFO: 2024-09-19 22:43:14,809: do_set_wp() 'Calling do_set_wp with /home/pawel/.config/variety/Downloaded/nasa_apod/LDN43_SelbyHanson_3993.jpg, time: 1726778594.8090217'
INFO: 2024-09-19 22:43:14,809: compute_trimmed_offsets() 'Trimmed offsets debug info: w:1920, h:1080, ratio:1.777778, iw:3993, ih:3037, scw:1920, sch:1460, ho:0, vo:190'
INFO: 2024-09-19 22:43:14,809: build_imagemagick_clock_cmd() 'Applying clock filter: -density 100 -font `fc-match -f '%{file[0]}' 'Ubuntu Nerd Font:60'` -pointsize 60 -gravity SouthEast -fill '#00000044' -annotate 0x0+58+298 '22:43' -fill white -annotate 0x0+60+300 '22:43' -font `fc-match -f '%{file[0]}' 'Ubuntu Nerd Font:Medium:26'` -pointsize 26 -fill '#00000044' -annotate 0x0+58+248 'czwartek, września 19' -fill white -annotate 0x0+60+250 'czwartek, września 19''
INFO: 2024-09-19 22:43:14,809: build_imagemagick_clock_cmd() 'ImageMagick clock cmd: convert /home/pawel/.config/variety/Downloaded/nasa_apod/LDN43_SelbyHanson_3993.jpg -scale 1920x1080^ -density 100 -font `fc-match -f '%{file[0]}' 'Ubuntu Nerd Font:60'` -pointsize 60 -gravity SouthEast -fill '#00000044' -annotate 0x0+58+298 '22:43' -fill white -annotate 0x0+60+300 '22:43' -font `fc-match -f '%{file[0]}' 'Ubuntu Nerd Font:Medium:26'` -pointsize 26 -fill '#00000044' -annotate 0x0+58+248 'czwartek, września 19' -fill white -annotate 0x0+60+250 'czwartek, września 19' /home/pawel/.config/variety/wallpaper/wallpaper-clock-f02613907af98cdcf9474fabd0a4add2.jpg'
INFO: 2024-09-19 22:43:14,819: download_one() 'Bing: Queue populated with 6 URLs'
INFO: 2024-09-19 22:43:14,819: save_locally() 'Origin URL: https://www.bing.com/search?q=Point+Reyes+National+Seashore&form=hpcapt&filters=HpDate%3a%2220240913_0700%22'
INFO: 2024-09-19 22:43:14,819: save_locally() 'Image URL: https://www.bing.com/th?id=OHR.PointReyes_EN-US4731803211_UHD.jpg'
INFO: 2024-09-19 22:43:14,819: save_locally() 'Local path: /home/pawel/.config/variety/Downloaded/Bing/OHR.PointReyes_EN-US4731803211_UHD.jpg'
INFO: 2024-09-19 22:43:14,819: save_locally() 'File already exists, skip downloading'
INFO: 2024-09-19 22:43:15,078: update_indicator() 'Setting file info to: /home/pawel/.config/variety/Downloaded/nasa_apod/LDN43_SelbyHanson_3993.jpg'
INFO: 2024-09-19 22:43:15,079: list_files() 'More than 1 files in the folders, stop listing'
INFO: 2024-09-19 22:43:15,820: get_throttling() 'NASA Astro Pic of the Day: parsing serverside options'
INFO: 2024-09-19 22:43:15,820: get_throttling() 'Could not parse NASA Astro Pic of the Day serverside options, using defaults None, None'
INFO: 2024-09-19 22:43:15,820: get_throttling() 'NASA Astro Pic of the Day: parsing serverside options'
INFO: 2024-09-19 22:43:15,820: get_throttling() 'Could not parse NASA Astro Pic of the Day serverside options, using defaults None, None'
INFO: 2024-09-19 22:43:15,820: download_one() 'NASA Astro Pic of the Day: Downloading an image, config: None'
INFO: 2024-09-19 22:43:15,820: download_one() 'NASA Astro Pic of the Day: Queue size: 0'
INFO: 2024-09-19 22:43:15,820: get_throttling() 'NASA Astro Pic of the Day: parsing serverside options'
INFO: 2024-09-19 22:43:15,820: get_throttling() 'Could not parse NASA Astro Pic of the Day serverside options, using defaults None, None'
INFO: 2024-09-19 22:43:15,820: download_one() 'NASA Astro Pic of the Day: Filling queue'
INFO: 2024-09-19 22:43:15,820: fill_queue() 'Filling APOD queue from Archive'
INFO: 2024-09-19 22:43:16,808: trigger_download() 'Triggering download thread to check if download needed and possible'
INFO: 2024-09-19 22:43:16,809: trigger_download() 'Triggering download thread to check if download needed and possible'
INFO: 2024-09-19 22:43:17,293: download_one() 'NASA Astro Pic of the Day: Queue populated with 730 URLs'
INFO: 2024-09-19 22:43:17,293: download_queue_item() 'APOD URL: https://apod.nasa.gov/apod/ap230507.html'
INFO: 2024-09-19 22:43:17,754: download_queue_item() 'Image URL: https://apod.nasa.gov/apod/image/2305/Helix2_CFHT_1917.jpg'
INFO: 2024-09-19 22:43:17,754: save_locally() 'Origin URL: https://apod.nasa.gov/apod/ap230507.html'
INFO: 2024-09-19 22:43:17,754: save_locally() 'Image URL: https://apod.nasa.gov/apod/image/2305/Helix2_CFHT_1917.jpg'
INFO: 2024-09-19 22:43:17,754: save_locally() 'Local path: /home/pawel/.config/variety/Downloaded/nasa_apod/Helix2_CFHT_1917.jpg'
INFO: 2024-09-19 22:43:20,490: save_locally() 'Download complete'
INFO: 2024-09-19 22:43:20,491: update_indicator() 'Setting file info to: /home/pawel/.config/variety/Downloaded/nasa_apod/LDN43_SelbyHanson_3993.jpg'
INFO: 2024-09-19 22:43:20,495: list_files() 'More than 1 files in the folders, stop listing'
INFO: 2024-09-19 22:43:20,496: prepare_thread() 'Prepared buffer contains 95 images'
INFO: 2024-09-19 22:43:21,497: get_throttling() 'NASA Astro Pic of the Day: parsing serverside options'
INFO: 2024-09-19 22:43:21,497: get_throttling() 'Could not parse NASA Astro Pic of the Day serverside options, using defaults None, None'
INFO: 2024-09-19 22:43:21,497: get_throttling() 'NASA Astro Pic of the Day: parsing serverside options'
INFO: 2024-09-19 22:43:21,497: get_throttling() 'Could not parse NASA Astro Pic of the Day serverside options, using defaults None, None'
INFO: 2024-09-19 22:43:21,497: download_one() 'NASA Astro Pic of the Day: Downloading an image, config: None'
INFO: 2024-09-19 22:43:21,497: download_one() 'NASA Astro Pic of the Day: Queue size: 729'
INFO: 2024-09-19 22:43:21,497: download_one() 'NASA Astro Pic of the Day: Queue populated with 729 URLs'
INFO: 2024-09-19 22:43:21,497: download_queue_item() 'APOD URL: https://apod.nasa.gov/apod/ap230912.html'
INFO: 2024-09-19 22:43:21,949: download_queue_item() 'Image URL: https://apod.nasa.gov/apod/image/2309/STSCI-HST-abell370_1797x2000.jpg'
INFO: 2024-09-19 22:43:21,949: save_locally() 'Origin URL: https://apod.nasa.gov/apod/ap230912.html'
INFO: 2024-09-19 22:43:21,949: save_locally() 'Image URL: https://apod.nasa.gov/apod/image/2309/STSCI-HST-abell370_1797x2000.jpg'
INFO: 2024-09-19 22:43:21,949: save_locally() 'Local path: /home/pawel/.config/variety/Downloaded/nasa_apod/STSCI-HST-abell370_1797x2000.jpg'
INFO: 2024-09-19 22:43:22,497: trigger_download() 'Triggering download thread to check if download needed and possible'
INFO: 2024-09-19 22:43:23,812: save_locally() 'Download complete'
INFO: 2024-09-19 22:43:23,812: update_indicator() 'Setting file info to: /home/pawel/.config/variety/Downloaded/nasa_apod/LDN43_SelbyHanson_3993.jpg'
INFO: 2024-09-19 22:43:23,813: list_files() 'More than 1 files in the folders, stop listing'
INFO: 2024-09-19 22:43:23,814: prepare_thread() 'Prepared buffer contains 95 images'
INFO: 2024-09-19 22:43:24,814: get_throttling() 'NASA Astro Pic of the Day: parsing serverside options'
INFO: 2024-09-19 22:43:24,814: get_throttling() 'Could not parse NASA Astro Pic of the Day serverside options, using defaults None, None'
INFO: 2024-09-19 22:43:24,814: get_throttling() 'NASA Astro Pic of the Day: parsing serverside options'
INFO: 2024-09-19 22:43:24,815: get_throttling() 'Could not parse NASA Astro Pic of the Day serverside options, using defaults None, None'
INFO: 2024-09-19 22:43:24,815: download_one() 'NASA Astro Pic of the Day: Downloading an image, config: None'
INFO: 2024-09-19 22:43:24,815: download_one() 'NASA Astro Pic of the Day: Queue size: 728'
INFO: 2024-09-19 22:43:24,815: download_one() 'NASA Astro Pic of the Day: Queue populated with 728 URLs'
INFO: 2024-09-19 22:43:24,815: download_queue_item() 'APOD URL: https://apod.nasa.gov/apod/ap230710.html'
INFO: 2024-09-19 22:43:25,272: download_queue_item() 'Image URL: https://apod.nasa.gov/apod/image/2307/NGC6559_Block_1311.jpg'
INFO: 2024-09-19 22:43:25,272: save_locally() 'Origin URL: https://apod.nasa.gov/apod/ap230710.html'
INFO: 2024-09-19 22:43:25,272: save_locally() 'Image URL: https://apod.nasa.gov/apod/image/2307/NGC6559_Block_1311.jpg'
INFO: 2024-09-19 22:43:25,272: save_locally() 'Local path: /home/pawel/.config/variety/Downloaded/nasa_apod/NGC6559_Block_1311.jpg'
INFO: 2024-09-19 22:43:25,273: save_locally() 'File already exists, skip downloading'
INFO: 2024-09-19 22:43:25,814: trigger_download() 'Triggering download thread to check if download needed and possible'
INFO: 2024-09-19 22:43:31,860: server_options_thread() 'Fetching server options from http://tiny.cc/variety-options-063'
ERROR: 2024-09-19 22:43:32,435: server_options_thread() 'Could not fetch Variety serverside options'
Traceback (most recent call last):
  File "/usr/lib/python3.12/site-packages/requests/models.py", line 974, in json
    return complexjson.loads(self.text, **kwargs)
           ^^^^^^^^^^^^^^^^^^^^^^^^^^^^^^^^^^^^^^
  File "/usr/lib/python3.12/json/__init__.py", line 346, in loads
    return _default_decoder.decode(s)
           ^^^^^^^^^^^^^^^^^^^^^^^^^^
  File "/usr/lib/python3.12/json/decoder.py", line 337, in decode
    obj, end = self.raw_decode(s, idx=_w(s, 0).end())
               ^^^^^^^^^^^^^^^^^^^^^^^^^^^^^^^^^^^^^^
  File "/usr/lib/python3.12/json/decoder.py", line 355, in raw_decode
    raise JSONDecodeError("Expecting value", s, err.value) from None
json.decoder.JSONDecodeError: Expecting value: line 1 column 1 (char 0)

During handling of the above exception, another exception occurred:

Traceback (most recent call last):
  File "/usr/lib/python3.12/site-packages/variety/VarietyWindow.py", line 1084, in server_options_thread
    self.server_options = Util.fetch_json(VarietyWindow.SERVERSIDE_OPTIONS_URL)
                          ^^^^^^^^^^^^^^^^^^^^^^^^^^^^^^^^^^^^^^^^^^^^^^^^^^^^^
  File "/usr/lib/python3.12/site-packages/variety/Util.py", line 684, in fetch_json
    return Util.request(url, data, **request_kwargs).json()
           ^^^^^^^^^^^^^^^^^^^^^^^^^^^^^^^^^^^^^^^^^^^^^^^^
  File "/usr/lib/python3.12/site-packages/requests/models.py", line 978, in json
    raise RequestsJSONDecodeError(e.msg, e.doc, e.pos)
requests.exceptions.JSONDecodeError: Expecting value: line 1 column 1 (char 0)
INFO: 2024-09-19 22:44:00,865: clock_thread_method() 'clock_thread updates wallpaper'
INFO: 2024-09-19 22:44:00,866: do_set_wp() 'Calling do_set_wp with /home/pawel/.config/variety/Downloaded/nasa_apod/LDN43_SelbyHanson_3993.jpg, time: 1726778640.8665218'
INFO: 2024-09-19 22:44:00,868: compute_trimmed_offsets() 'Trimmed offsets debug info: w:1920, h:1080, ratio:1.777778, iw:3993, ih:3037, scw:1920, sch:1460, ho:0, vo:190'
INFO: 2024-09-19 22:44:00,868: build_imagemagick_clock_cmd() 'Applying clock filter: -density 100 -font `fc-match -f '%{file[0]}' 'Ubuntu Nerd Font:60'` -pointsize 60 -gravity SouthEast -fill '#00000044' -annotate 0x0+58+298 '22:44' -fill white -annotate 0x0+60+300 '22:44' -font `fc-match -f '%{file[0]}' 'Ubuntu Nerd Font:Medium:26'` -pointsize 26 -fill '#00000044' -annotate 0x0+58+248 'czwartek, września 19' -fill white -annotate 0x0+60+250 'czwartek, września 19''
INFO: 2024-09-19 22:44:00,868: build_imagemagick_clock_cmd() 'ImageMagick clock cmd: convert /home/pawel/.config/variety/Downloaded/nasa_apod/LDN43_SelbyHanson_3993.jpg -scale 1920x1080^ -density 100 -font `fc-match -f '%{file[0]}' 'Ubuntu Nerd Font:60'` -pointsize 60 -gravity SouthEast -fill '#00000044' -annotate 0x0+58+298 '22:44' -fill white -annotate 0x0+60+300 '22:44' -font `fc-match -f '%{file[0]}' 'Ubuntu Nerd Font:Medium:26'` -pointsize 26 -fill '#00000044' -annotate 0x0+58+248 'czwartek, września 19' -fill white -annotate 0x0+60+250 'czwartek, września 19' /home/pawel/.config/variety/wallpaper/wallpaper-clock-330f9a3c194da7dab7b73e07f52eec14.jpg'
INFO: 2024-09-19 22:44:01,169: update_indicator() 'Setting file info to: /home/pawel/.config/variety/Downloaded/nasa_apod/LDN43_SelbyHanson_3993.jpg'
INFO: 2024-09-19 22:44:01,170: list_files() 'More than 1 files in the folders, stop listing'
INFO: 2024-09-19 22:44:02,436: server_options_thread() 'Fetching server options from http://tiny.cc/variety-options-063'
ERROR: 2024-09-19 22:44:02,970: server_options_thread() 'Could not fetch Variety serverside options'
Traceback (most recent call last):
  File "/usr/lib/python3.12/site-packages/requests/models.py", line 974, in json
    return complexjson.loads(self.text, **kwargs)
           ^^^^^^^^^^^^^^^^^^^^^^^^^^^^^^^^^^^^^^
  File "/usr/lib/python3.12/json/__init__.py", line 346, in loads
    return _default_decoder.decode(s)
           ^^^^^^^^^^^^^^^^^^^^^^^^^^
  File "/usr/lib/python3.12/json/decoder.py", line 337, in decode
    obj, end = self.raw_decode(s, idx=_w(s, 0).end())
               ^^^^^^^^^^^^^^^^^^^^^^^^^^^^^^^^^^^^^^
  File "/usr/lib/python3.12/json/decoder.py", line 355, in raw_decode
    raise JSONDecodeError("Expecting value", s, err.value) from None
json.decoder.JSONDecodeError: Expecting value: line 1 column 1 (char 0)

During handling of the above exception, another exception occurred:

Traceback (most recent call last):
  File "/usr/lib/python3.12/site-packages/variety/VarietyWindow.py", line 1084, in server_options_thread
    self.server_options = Util.fetch_json(VarietyWindow.SERVERSIDE_OPTIONS_URL)
                          ^^^^^^^^^^^^^^^^^^^^^^^^^^^^^^^^^^^^^^^^^^^^^^^^^^^^^
  File "/usr/lib/python3.12/site-packages/variety/Util.py", line 684, in fetch_json
    return Util.request(url, data, **request_kwargs).json()
           ^^^^^^^^^^^^^^^^^^^^^^^^^^^^^^^^^^^^^^^^^^^^^^^^
  File "/usr/lib/python3.12/site-packages/requests/models.py", line 978, in json
    raise RequestsJSONDecodeError(e.msg, e.doc, e.pos)
requests.exceptions.JSONDecodeError: Expecting value: line 1 column 1 (char 0)
INFO: 2024-09-19 22:44:32,972: server_options_thread() 'Fetching server options from http://tiny.cc/variety-options-063'
ERROR: 2024-09-19 22:44:33,492: server_options_thread() 'Could not fetch Variety serverside options'
Traceback (most recent call last):
  File "/usr/lib/python3.12/site-packages/requests/models.py", line 974, in json
    return complexjson.loads(self.text, **kwargs)
           ^^^^^^^^^^^^^^^^^^^^^^^^^^^^^^^^^^^^^^
  File "/usr/lib/python3.12/json/__init__.py", line 346, in loads
    return _default_decoder.decode(s)
           ^^^^^^^^^^^^^^^^^^^^^^^^^^
  File "/usr/lib/python3.12/json/decoder.py", line 337, in decode
    obj, end = self.raw_decode(s, idx=_w(s, 0).end())
               ^^^^^^^^^^^^^^^^^^^^^^^^^^^^^^^^^^^^^^
  File "/usr/lib/python3.12/json/decoder.py", line 355, in raw_decode
    raise JSONDecodeError("Expecting value", s, err.value) from None
json.decoder.JSONDecodeError: Expecting value: line 1 column 1 (char 0)

During handling of the above exception, another exception occurred:

Traceback (most recent call last):
  File "/usr/lib/python3.12/site-packages/variety/VarietyWindow.py", line 1084, in server_options_thread
    self.server_options = Util.fetch_json(VarietyWindow.SERVERSIDE_OPTIONS_URL)
                          ^^^^^^^^^^^^^^^^^^^^^^^^^^^^^^^^^^^^^^^^^^^^^^^^^^^^^
  File "/usr/lib/python3.12/site-packages/variety/Util.py", line 684, in fetch_json
    return Util.request(url, data, **request_kwargs).json()
           ^^^^^^^^^^^^^^^^^^^^^^^^^^^^^^^^^^^^^^^^^^^^^^^^
  File "/usr/lib/python3.12/site-packages/requests/models.py", line 978, in json
    raise RequestsJSONDecodeError(e.msg, e.doc, e.pos)
requests.exceptions.JSONDecodeError: Expecting value: line 1 column 1 (char 0)
INFO: 2024-09-19 22:45:00,874: clock_thread_method() 'clock_thread updates wallpaper'
INFO: 2024-09-19 22:45:00,875: do_set_wp() 'Calling do_set_wp with /home/pawel/.config/variety/Downloaded/nasa_apod/LDN43_SelbyHanson_3993.jpg, time: 1726778700.875254'
INFO: 2024-09-19 22:45:00,876: compute_trimmed_offsets() 'Trimmed offsets debug info: w:1920, h:1080, ratio:1.777778, iw:3993, ih:3037, scw:1920, sch:1460, ho:0, vo:190'
INFO: 2024-09-19 22:45:00,877: build_imagemagick_clock_cmd() 'Applying clock filter: -density 100 -font `fc-match -f '%{file[0]}' 'Ubuntu Nerd Font:60'` -pointsize 60 -gravity SouthEast -fill '#00000044' -annotate 0x0+58+298 '22:45' -fill white -annotate 0x0+60+300 '22:45' -font `fc-match -f '%{file[0]}' 'Ubuntu Nerd Font:Medium:26'` -pointsize 26 -fill '#00000044' -annotate 0x0+58+248 'czwartek, września 19' -fill white -annotate 0x0+60+250 'czwartek, września 19''
INFO: 2024-09-19 22:45:00,877: build_imagemagick_clock_cmd() 'ImageMagick clock cmd: convert /home/pawel/.config/variety/Downloaded/nasa_apod/LDN43_SelbyHanson_3993.jpg -scale 1920x1080^ -density 100 -font `fc-match -f '%{file[0]}' 'Ubuntu Nerd Font:60'` -pointsize 60 -gravity SouthEast -fill '#00000044' -annotate 0x0+58+298 '22:45' -fill white -annotate 0x0+60+300 '22:45' -font `fc-match -f '%{file[0]}' 'Ubuntu Nerd Font:Medium:26'` -pointsize 26 -fill '#00000044' -annotate 0x0+58+248 'czwartek, września 19' -fill white -annotate 0x0+60+250 'czwartek, września 19' /home/pawel/.config/variety/wallpaper/wallpaper-clock-3dd585d567457c5a0707582c7cfd3d6b.jpg'
INFO: 2024-09-19 22:45:01,177: update_indicator() 'Setting file info to: /home/pawel/.config/variety/Downloaded/nasa_apod/LDN43_SelbyHanson_3993.jpg'
INFO: 2024-09-19 22:45:01,178: list_files() 'More than 1 files in the folders, stop listing'
INFO: 2024-09-19 22:45:03,495: server_options_thread() 'Fetching server options from http://tiny.cc/variety-options-063'
ERROR: 2024-09-19 22:45:04,021: server_options_thread() 'Could not fetch Variety serverside options'
Traceback (most recent call last):
  File "/usr/lib/python3.12/site-packages/requests/models.py", line 974, in json
    return complexjson.loads(self.text, **kwargs)
           ^^^^^^^^^^^^^^^^^^^^^^^^^^^^^^^^^^^^^^
  File "/usr/lib/python3.12/json/__init__.py", line 346, in loads
    return _default_decoder.decode(s)
           ^^^^^^^^^^^^^^^^^^^^^^^^^^
  File "/usr/lib/python3.12/json/decoder.py", line 337, in decode
    obj, end = self.raw_decode(s, idx=_w(s, 0).end())
               ^^^^^^^^^^^^^^^^^^^^^^^^^^^^^^^^^^^^^^
  File "/usr/lib/python3.12/json/decoder.py", line 355, in raw_decode
    raise JSONDecodeError("Expecting value", s, err.value) from None
json.decoder.JSONDecodeError: Expecting value: line 1 column 1 (char 0)

During handling of the above exception, another exception occurred:

Traceback (most recent call last):
  File "/usr/lib/python3.12/site-packages/variety/VarietyWindow.py", line 1084, in server_options_thread
    self.server_options = Util.fetch_json(VarietyWindow.SERVERSIDE_OPTIONS_URL)
                          ^^^^^^^^^^^^^^^^^^^^^^^^^^^^^^^^^^^^^^^^^^^^^^^^^^^^^
  File "/usr/lib/python3.12/site-packages/variety/Util.py", line 684, in fetch_json
    return Util.request(url, data, **request_kwargs).json()
           ^^^^^^^^^^^^^^^^^^^^^^^^^^^^^^^^^^^^^^^^^^^^^^^^
  File "/usr/lib/python3.12/site-packages/requests/models.py", line 978, in json
    raise RequestsJSONDecodeError(e.msg, e.doc, e.pos)
requests.exceptions.JSONDecodeError: Expecting value: line 1 column 1 (char 0)
INFO: 2024-09-19 22:45:34,025: server_options_thread() 'Fetching server options from http://tiny.cc/variety-options-063'
ERROR: 2024-09-19 22:45:34,559: server_options_thread() 'Could not fetch Variety serverside options'
Traceback (most recent call last):
  File "/usr/lib/python3.12/site-packages/requests/models.py", line 974, in json
    return complexjson.loads(self.text, **kwargs)
           ^^^^^^^^^^^^^^^^^^^^^^^^^^^^^^^^^^^^^^
  File "/usr/lib/python3.12/json/__init__.py", line 346, in loads
    return _default_decoder.decode(s)
           ^^^^^^^^^^^^^^^^^^^^^^^^^^
  File "/usr/lib/python3.12/json/decoder.py", line 337, in decode
    obj, end = self.raw_decode(s, idx=_w(s, 0).end())
               ^^^^^^^^^^^^^^^^^^^^^^^^^^^^^^^^^^^^^^
  File "/usr/lib/python3.12/json/decoder.py", line 355, in raw_decode
    raise JSONDecodeError("Expecting value", s, err.value) from None
json.decoder.JSONDecodeError: Expecting value: line 1 column 1 (char 0)

During handling of the above exception, another exception occurred:

Traceback (most recent call last):
  File "/usr/lib/python3.12/site-packages/variety/VarietyWindow.py", line 1084, in server_options_thread
    self.server_options = Util.fetch_json(VarietyWindow.SERVERSIDE_OPTIONS_URL)
                          ^^^^^^^^^^^^^^^^^^^^^^^^^^^^^^^^^^^^^^^^^^^^^^^^^^^^^
  File "/usr/lib/python3.12/site-packages/variety/Util.py", line 684, in fetch_json
    return Util.request(url, data, **request_kwargs).json()
           ^^^^^^^^^^^^^^^^^^^^^^^^^^^^^^^^^^^^^^^^^^^^^^^^
  File "/usr/lib/python3.12/site-packages/requests/models.py", line 978, in json
    raise RequestsJSONDecodeError(e.msg, e.doc, e.pos)
requests.exceptions.JSONDecodeError: Expecting value: line 1 column 1 (char 0)
INFO: 2024-09-19 22:46:00,883: clock_thread_method() 'clock_thread updates wallpaper'
INFO: 2024-09-19 22:46:00,883: do_set_wp() 'Calling do_set_wp with /home/pawel/.config/variety/Downloaded/nasa_apod/LDN43_SelbyHanson_3993.jpg, time: 1726778760.8839197'
INFO: 2024-09-19 22:46:00,885: compute_trimmed_offsets() 'Trimmed offsets debug info: w:1920, h:1080, ratio:1.777778, iw:3993, ih:3037, scw:1920, sch:1460, ho:0, vo:190'
INFO: 2024-09-19 22:46:00,885: build_imagemagick_clock_cmd() 'Applying clock filter: -density 100 -font `fc-match -f '%{file[0]}' 'Ubuntu Nerd Font:60'` -pointsize 60 -gravity SouthEast -fill '#00000044' -annotate 0x0+58+298 '22:46' -fill white -annotate 0x0+60+300 '22:46' -font `fc-match -f '%{file[0]}' 'Ubuntu Nerd Font:Medium:26'` -pointsize 26 -fill '#00000044' -annotate 0x0+58+248 'czwartek, września 19' -fill white -annotate 0x0+60+250 'czwartek, września 19''
INFO: 2024-09-19 22:46:00,885: build_imagemagick_clock_cmd() 'ImageMagick clock cmd: convert /home/pawel/.config/variety/Downloaded/nasa_apod/LDN43_SelbyHanson_3993.jpg -scale 1920x1080^ -density 100 -font `fc-match -f '%{file[0]}' 'Ubuntu Nerd Font:60'` -pointsize 60 -gravity SouthEast -fill '#00000044' -annotate 0x0+58+298 '22:46' -fill white -annotate 0x0+60+300 '22:46' -font `fc-match -f '%{file[0]}' 'Ubuntu Nerd Font:Medium:26'` -pointsize 26 -fill '#00000044' -annotate 0x0+58+248 'czwartek, września 19' -fill white -annotate 0x0+60+250 'czwartek, września 19' /home/pawel/.config/variety/wallpaper/wallpaper-clock-354ce935ff22c92c3a8960ebd9bfa080.jpg'
INFO: 2024-09-19 22:46:01,182: update_indicator() 'Setting file info to: /home/pawel/.config/variety/Downloaded/nasa_apod/LDN43_SelbyHanson_3993.jpg'
INFO: 2024-09-19 22:46:01,183: list_files() 'More than 1 files in the folders, stop listing'
INFO: 2024-09-19 22:46:26,273: get_throttling() 'Earth View: parsing serverside options'
INFO: 2024-09-19 22:46:26,273: get_throttling() 'Could not parse Earth View serverside options, using defaults 20, None'
INFO: 2024-09-19 22:46:26,273: get_throttling() 'Earth View: parsing serverside options'
INFO: 2024-09-19 22:46:26,273: get_throttling() 'Could not parse Earth View serverside options, using defaults 20, None'
INFO: 2024-09-19 22:46:26,274: download_one() 'Earth View: Downloading an image, config: None'
INFO: 2024-09-19 22:46:26,274: download_one() 'Earth View: Queue size: 0'
INFO: 2024-09-19 22:46:26,274: get_throttling() 'Earth View: parsing serverside options'
INFO: 2024-09-19 22:46:26,274: get_throttling() 'Could not parse Earth View serverside options, using defaults 20, None'
INFO: 2024-09-19 22:46:26,274: download_one() 'Earth View: Filling queue'
ERROR: 2024-09-19 22:46:26,445: download_one_from() 'Could not download wallpaper:'
Traceback (most recent call last):
  File "/usr/lib/python3.12/site-packages/variety/VarietyWindow.py", line 1164, in download_one_from
    file = downloader.download_one()
           ^^^^^^^^^^^^^^^^^^^^^^^^^
  File "/usr/lib/python3.12/site-packages/variety/plugins/downloaders/DefaultDownloader.py", line 141, in download_one
    items = self.fill_queue()
            ^^^^^^^^^^^^^^^^^
  File "/usr/lib/python3.12/site-packages/variety/plugins/builtin/downloaders/EarthviewDownloader.py", line 57, in fill_queue
    queue = Util.fetch_json(DATA_URL)
            ^^^^^^^^^^^^^^^^^^^^^^^^^
  File "/usr/lib/python3.12/site-packages/variety/Util.py", line 684, in fetch_json
    return Util.request(url, data, **request_kwargs).json()
           ^^^^^^^^^^^^^^^^^^^^^^^^^^^^^^^^^^^^^^^^^
  File "/usr/lib/python3.12/site-packages/variety/Util.py", line 663, in request
    r.raise_for_status()
  File "/usr/lib/python3.12/site-packages/requests/models.py", line 1024, in raise_for_status
    raise HTTPError(http_error_msg, response=self)
requests.exceptions.HTTPError: 404 Client Error: Not Found for url: https://earthview.withgoogle.com/_api/photos.json
INFO: 2024-09-19 22:46:27,446: get_throttling() 'National Geographic: parsing serverside options'
INFO: 2024-09-19 22:46:27,446: get_throttling() 'Could not parse National Geographic serverside options, using defaults None, None'
INFO: 2024-09-19 22:46:27,446: get_throttling() 'National Geographic: parsing serverside options'
INFO: 2024-09-19 22:46:27,446: get_throttling() 'Could not parse National Geographic serverside options, using defaults None, None'
INFO: 2024-09-19 22:46:27,446: download_one() 'National Geographic: Downloading an image, config: None'
INFO: 2024-09-19 22:46:27,446: download_one() 'National Geographic: Queue size: 0'
INFO: 2024-09-19 22:46:27,446: get_throttling() 'National Geographic: parsing serverside options'
INFO: 2024-09-19 22:46:27,446: get_throttling() 'Could not parse National Geographic serverside options, using defaults None, None'
INFO: 2024-09-19 22:46:27,446: download_one() 'National Geographic: Filling queue'
ERROR: 2024-09-19 22:46:27,650: download_one_from() 'Could not download wallpaper:'
Traceback (most recent call last):
  File "/usr/lib/python3.12/site-packages/requests/models.py", line 974, in json
    return complexjson.loads(self.text, **kwargs)
           ^^^^^^^^^^^^^^^^^^^^^^^^^^^^^^^^^^^^^^
  File "/usr/lib/python3.12/json/__init__.py", line 346, in loads
    return _default_decoder.decode(s)
           ^^^^^^^^^^^^^^^^^^^^^^^^^^
  File "/usr/lib/python3.12/json/decoder.py", line 337, in decode
    obj, end = self.raw_decode(s, idx=_w(s, 0).end())
               ^^^^^^^^^^^^^^^^^^^^^^^^^^^^^^^^^^^^^^
  File "/usr/lib/python3.12/json/decoder.py", line 355, in raw_decode
    raise JSONDecodeError("Expecting value", s, err.value) from None
json.decoder.JSONDecodeError: Expecting value: line 2 column 9 (char 9)

During handling of the above exception, another exception occurred:

Traceback (most recent call last):
  File "/usr/lib/python3.12/site-packages/variety/VarietyWindow.py", line 1164, in download_one_from
    file = downloader.download_one()
           ^^^^^^^^^^^^^^^^^^^^^^^^^
  File "/usr/lib/python3.12/site-packages/variety/plugins/downloaders/DefaultDownloader.py", line 141, in download_one
    items = self.fill_queue()
            ^^^^^^^^^^^^^^^^^
  File "/usr/lib/python3.12/site-packages/variety/plugins/builtin/downloaders/NationalGeographicDownloader.py", line 54, in fill_queue
    queue = Util.fetch_json(DATA_URL)
            ^^^^^^^^^^^^^^^^^^^^^^^^^
  File "/usr/lib/python3.12/site-packages/variety/Util.py", line 684, in fetch_json
    return Util.request(url, data, **request_kwargs).json()
           ^^^^^^^^^^^^^^^^^^^^^^^^^^^^^^^^^^^^^^^^^^^^^^^^
  File "/usr/lib/python3.12/site-packages/requests/models.py", line 978, in json
    raise RequestsJSONDecodeError(e.msg, e.doc, e.pos)
requests.exceptions.JSONDecodeError: Expecting value: line 2 column 9 (char 9)
INFO: 2024-09-19 22:46:28,651: get_throttling() 'Bing: parsing serverside options'
INFO: 2024-09-19 22:46:28,651: get_throttling() 'Could not parse Bing serverside options, using defaults None, None'
INFO: 2024-09-19 22:46:28,651: get_throttling() 'Bing: parsing serverside options'
INFO: 2024-09-19 22:46:28,651: get_throttling() 'Could not parse Bing serverside options, using defaults None, None'
INFO: 2024-09-19 22:46:28,651: download_one() 'Bing: Downloading an image, config: None'
INFO: 2024-09-19 22:46:28,651: download_one() 'Bing: Queue size: 5'
INFO: 2024-09-19 22:46:28,651: download_one() 'Bing: Queue populated with 5 URLs'
INFO: 2024-09-19 22:46:28,652: save_locally() 'Origin URL: https://www.bing.com/search?q=Gujo+Hachiman+Castle&form=hpcapt&filters=HpDate%3a%2220240918_0700%22'
INFO: 2024-09-19 22:46:28,652: save_locally() 'Image URL: https://www.bing.com/th?id=OHR.GujoHachiman_EN-US5502837623_UHD.jpg'
INFO: 2024-09-19 22:46:28,652: save_locally() 'Local path: /home/pawel/.config/variety/Downloaded/Bing/OHR.GujoHachiman_EN-US5502837623_UHD.jpg'
INFO: 2024-09-19 22:46:28,652: save_locally() 'File already exists, skip downloading'
INFO: 2024-09-19 22:46:29,653: get_throttling() 'NASA Astro Pic of the Day: parsing serverside options'
INFO: 2024-09-19 22:46:29,653: get_throttling() 'Could not parse NASA Astro Pic of the Day serverside options, using defaults None, None'
INFO: 2024-09-19 22:46:29,653: get_throttling() 'NASA Astro Pic of the Day: parsing serverside options'
INFO: 2024-09-19 22:46:29,653: get_throttling() 'Could not parse NASA Astro Pic of the Day serverside options, using defaults None, None'
INFO: 2024-09-19 22:46:29,653: download_one() 'NASA Astro Pic of the Day: Downloading an image, config: None'
INFO: 2024-09-19 22:46:29,653: download_one() 'NASA Astro Pic of the Day: Queue size: 727'
INFO: 2024-09-19 22:46:29,653: download_one() 'NASA Astro Pic of the Day: Queue populated with 727 URLs'
INFO: 2024-09-19 22:46:29,653: download_queue_item() 'APOD URL: https://apod.nasa.gov/apod/ap221007.html'
INFO: 2024-09-19 22:46:30,116: download_queue_item() 'Image URL: https://apod.nasa.gov/apod/image/2210/JovianEclipse.jpg'
INFO: 2024-09-19 22:46:30,116: save_locally() 'Origin URL: https://apod.nasa.gov/apod/ap221007.html'
INFO: 2024-09-19 22:46:30,116: save_locally() 'Image URL: https://apod.nasa.gov/apod/image/2210/JovianEclipse.jpg'
INFO: 2024-09-19 22:46:30,116: save_locally() 'Local path: /home/pawel/.config/variety/Downloaded/nasa_apod/JovianEclipse.jpg'
INFO: 2024-09-19 22:46:32,153: save_locally() 'Download complete'
INFO: 2024-09-19 22:46:32,153: update_indicator() 'Setting file info to: /home/pawel/.config/variety/Downloaded/nasa_apod/LDN43_SelbyHanson_3993.jpg'
INFO: 2024-09-19 22:46:32,154: list_files() 'More than 1 files in the folders, stop listing'
INFO: 2024-09-19 22:46:32,154: prepare_thread() 'Prepared buffer contains 95 images'
INFO: 2024-09-19 22:46:33,154: get_throttling() 'NASA Astro Pic of the Day: parsing serverside options'
INFO: 2024-09-19 22:46:33,155: get_throttling() 'Could not parse NASA Astro Pic of the Day serverside options, using defaults None, None'
INFO: 2024-09-19 22:46:33,155: get_throttling() 'NASA Astro Pic of the Day: parsing serverside options'
INFO: 2024-09-19 22:46:33,155: get_throttling() 'Could not parse NASA Astro Pic of the Day serverside options, using defaults None, None'
INFO: 2024-09-19 22:46:33,155: download_one() 'NASA Astro Pic of the Day: Downloading an image, config: None'
INFO: 2024-09-19 22:46:33,155: download_one() 'NASA Astro Pic of the Day: Queue size: 726'
INFO: 2024-09-19 22:46:33,155: download_one() 'NASA Astro Pic of the Day: Queue populated with 726 URLs'
INFO: 2024-09-19 22:46:33,155: download_queue_item() 'APOD URL: https://apod.nasa.gov/apod/ap230727.html'
INFO: 2024-09-19 22:46:33,608: download_queue_item() 'Image URL: https://apod.nasa.gov/apod/image/2307/noirlab2321a_ngc1532.jpg'
INFO: 2024-09-19 22:46:33,608: save_locally() 'Origin URL: https://apod.nasa.gov/apod/ap230727.html'
INFO: 2024-09-19 22:46:33,608: save_locally() 'Image URL: https://apod.nasa.gov/apod/image/2307/noirlab2321a_ngc1532.jpg'
INFO: 2024-09-19 22:46:33,608: save_locally() 'Local path: /home/pawel/.config/variety/Downloaded/nasa_apod/noirlab2321a_ngc1532.jpg'
INFO: 2024-09-19 22:46:34,154: trigger_download() 'Triggering download thread to check if download needed and possible'
INFO: 2024-09-19 22:46:39,153: save_locally() 'Download complete'
INFO: 2024-09-19 22:46:39,153: update_indicator() 'Setting file info to: /home/pawel/.config/variety/Downloaded/nasa_apod/LDN43_SelbyHanson_3993.jpg'
INFO: 2024-09-19 22:46:39,154: list_files() 'More than 1 files in the folders, stop listing'
INFO: 2024-09-19 22:46:39,155: download_one_from() 'Adding downloaded file /home/pawel/.config/variety/Downloaded/nasa_apod/noirlab2321a_ngc1532.jpg to unseen_downloads'
INFO: 2024-09-19 22:47:00,892: clock_thread_method() 'clock_thread updates wallpaper'
INFO: 2024-09-19 22:47:00,893: do_set_wp() 'Calling do_set_wp with /home/pawel/.config/variety/Downloaded/nasa_apod/LDN43_SelbyHanson_3993.jpg, time: 1726778820.8932514'
INFO: 2024-09-19 22:47:00,894: compute_trimmed_offsets() 'Trimmed offsets debug info: w:1920, h:1080, ratio:1.777778, iw:3993, ih:3037, scw:1920, sch:1460, ho:0, vo:190'
INFO: 2024-09-19 22:47:00,894: build_imagemagick_clock_cmd() 'Applying clock filter: -density 100 -font `fc-match -f '%{file[0]}' 'Ubuntu Nerd Font:60'` -pointsize 60 -gravity SouthEast -fill '#00000044' -annotate 0x0+58+298 '22:47' -fill white -annotate 0x0+60+300 '22:47' -font `fc-match -f '%{file[0]}' 'Ubuntu Nerd Font:Medium:26'` -pointsize 26 -fill '#00000044' -annotate 0x0+58+248 'czwartek, września 19' -fill white -annotate 0x0+60+250 'czwartek, września 19''
INFO: 2024-09-19 22:47:00,894: build_imagemagick_clock_cmd() 'ImageMagick clock cmd: convert /home/pawel/.config/variety/Downloaded/nasa_apod/LDN43_SelbyHanson_3993.jpg -scale 1920x1080^ -density 100 -font `fc-match -f '%{file[0]}' 'Ubuntu Nerd Font:60'` -pointsize 60 -gravity SouthEast -fill '#00000044' -annotate 0x0+58+298 '22:47' -fill white -annotate 0x0+60+300 '22:47' -font `fc-match -f '%{file[0]}' 'Ubuntu Nerd Font:Medium:26'` -pointsize 26 -fill '#00000044' -annotate 0x0+58+248 'czwartek, września 19' -fill white -annotate 0x0+60+250 'czwartek, września 19' /home/pawel/.config/variety/wallpaper/wallpaper-clock-b2ccb63e6757da49cdc61a226d8d2869.jpg'
INFO: 2024-09-19 22:47:01,186: update_indicator() 'Setting file info to: /home/pawel/.config/variety/Downloaded/nasa_apod/LDN43_SelbyHanson_3993.jpg'
INFO: 2024-09-19 22:47:01,187: list_files() 'More than 1 files in the folders, stop listing'
INFO: 2024-09-19 22:48:00,901: clock_thread_method() 'clock_thread updates wallpaper'
INFO: 2024-09-19 22:48:00,902: do_set_wp() 'Calling do_set_wp with /home/pawel/.config/variety/Downloaded/nasa_apod/LDN43_SelbyHanson_3993.jpg, time: 1726778880.9023957'
INFO: 2024-09-19 22:48:00,903: compute_trimmed_offsets() 'Trimmed offsets debug info: w:1920, h:1080, ratio:1.777778, iw:3993, ih:3037, scw:1920, sch:1460, ho:0, vo:190'
INFO: 2024-09-19 22:48:00,904: build_imagemagick_clock_cmd() 'Applying clock filter: -density 100 -font `fc-match -f '%{file[0]}' 'Ubuntu Nerd Font:60'` -pointsize 60 -gravity SouthEast -fill '#00000044' -annotate 0x0+58+298 '22:48' -fill white -annotate 0x0+60+300 '22:48' -font `fc-match -f '%{file[0]}' 'Ubuntu Nerd Font:Medium:26'` -pointsize 26 -fill '#00000044' -annotate 0x0+58+248 'czwartek, września 19' -fill white -annotate 0x0+60+250 'czwartek, września 19''
INFO: 2024-09-19 22:48:00,904: build_imagemagick_clock_cmd() 'ImageMagick clock cmd: convert /home/pawel/.config/variety/Downloaded/nasa_apod/LDN43_SelbyHanson_3993.jpg -scale 1920x1080^ -density 100 -font `fc-match -f '%{file[0]}' 'Ubuntu Nerd Font:60'` -pointsize 60 -gravity SouthEast -fill '#00000044' -annotate 0x0+58+298 '22:48' -fill white -annotate 0x0+60+300 '22:48' -font `fc-match -f '%{file[0]}' 'Ubuntu Nerd Font:Medium:26'` -pointsize 26 -fill '#00000044' -annotate 0x0+58+248 'czwartek, września 19' -fill white -annotate 0x0+60+250 'czwartek, września 19' /home/pawel/.config/variety/wallpaper/wallpaper-clock-275c5e91ced38d2b61cb9f0afe968133.jpg'
INFO: 2024-09-19 22:48:01,186: update_indicator() 'Setting file info to: /home/pawel/.config/variety/Downloaded/nasa_apod/LDN43_SelbyHanson_3993.jpg'
INFO: 2024-09-19 22:48:01,187: list_files() 'More than 1 files in the folders, stop listing'
INFO: 2024-09-19 22:48:15,242: regular_change_thread() 'regular_change changes wallpaper'
INFO: 2024-09-19 22:48:15,243: set_wallpaper() 'Calling set_wallpaper with /home/pawel/.config/variety/Downloaded/nasa_apod/greyillusion_wikipedia_960.jpg'
INFO: 2024-09-19 22:48:15,243: prepare_thread() 'Prepared buffer contains 95 images'
INFO: 2024-09-19 22:48:15,245: do_set_wp() 'Calling do_set_wp with /home/pawel/.config/variety/Downloaded/nasa_apod/greyillusion_wikipedia_960.jpg, time: 1726778895.2454238'
INFO: 2024-09-19 22:48:15,254: compute_trimmed_offsets() 'Trimmed offsets debug info: w:1920, h:1080, ratio:1.777778, iw:960, ih:745, scw:1920, sch:1490, ho:0, vo:205'
INFO: 2024-09-19 22:48:15,254: build_imagemagick_clock_cmd() 'Applying clock filter: -density 100 -font `fc-match -f '%{file[0]}' 'Ubuntu Nerd Font:60'` -pointsize 60 -gravity SouthEast -fill '#00000044' -annotate 0x0+58+313 '22:48' -fill white -annotate 0x0+60+315 '22:48' -font `fc-match -f '%{file[0]}' 'Ubuntu Nerd Font:Medium:26'` -pointsize 26 -fill '#00000044' -annotate 0x0+58+263 'czwartek, września 19' -fill white -annotate 0x0+60+265 'czwartek, września 19''
INFO: 2024-09-19 22:48:15,255: build_imagemagick_clock_cmd() 'ImageMagick clock cmd: convert /home/pawel/.config/variety/Downloaded/nasa_apod/greyillusion_wikipedia_960.jpg -scale 1920x1080^ -density 100 -font `fc-match -f '%{file[0]}' 'Ubuntu Nerd Font:60'` -pointsize 60 -gravity SouthEast -fill '#00000044' -annotate 0x0+58+313 '22:48' -fill white -annotate 0x0+60+315 '22:48' -font `fc-match -f '%{file[0]}' 'Ubuntu Nerd Font:Medium:26'` -pointsize 26 -fill '#00000044' -annotate 0x0+58+263 'czwartek, września 19' -fill white -annotate 0x0+60+265 'czwartek, września 19' /home/pawel/.config/variety/wallpaper/wallpaper-clock-0fb1165fa08674c38a0b46759604e37b.jpg'
INFO: 2024-09-19 22:48:15,394: update_indicator() 'Setting file info to: /home/pawel/.config/variety/Downloaded/nasa_apod/greyillusion_wikipedia_960.jpg'
INFO: 2024-09-19 22:48:15,395: list_files() 'More than 1 files in the folders, stop listing'
INFO: 2024-09-19 22:48:17,244: trigger_download() 'Triggering download thread to check if download needed and possible'
INFO: 2024-09-19 22:48:17,245: get_throttling() 'Earth View: parsing serverside options'
INFO: 2024-09-19 22:48:17,245: get_throttling() 'Could not parse Earth View serverside options, using defaults 20, None'
INFO: 2024-09-19 22:48:17,245: get_throttling() 'Earth View: parsing serverside options'
INFO: 2024-09-19 22:48:17,245: get_throttling() 'Could not parse Earth View serverside options, using defaults 20, None'
INFO: 2024-09-19 22:48:17,245: download_one() 'Earth View: Downloading an image, config: None'
INFO: 2024-09-19 22:48:17,245: download_one() 'Earth View: Queue size: 0'
INFO: 2024-09-19 22:48:17,245: trigger_download() 'Triggering download thread to check if download needed and possible'
INFO: 2024-09-19 22:48:17,246: get_throttling() 'Earth View: parsing serverside options'
INFO: 2024-09-19 22:48:17,246: get_throttling() 'Could not parse Earth View serverside options, using defaults 20, None'
INFO: 2024-09-19 22:48:17,246: download_one() 'Earth View: Filling queue'
ERROR: 2024-09-19 22:48:17,445: download_one_from() 'Could not download wallpaper:'
Traceback (most recent call last):
  File "/usr/lib/python3.12/site-packages/variety/VarietyWindow.py", line 1164, in download_one_from
    file = downloader.download_one()
           ^^^^^^^^^^^^^^^^^^^^^^^^^
  File "/usr/lib/python3.12/site-packages/variety/plugins/downloaders/DefaultDownloader.py", line 141, in download_one
    items = self.fill_queue()
            ^^^^^^^^^^^^^^^^^
  File "/usr/lib/python3.12/site-packages/variety/plugins/builtin/downloaders/EarthviewDownloader.py", line 57, in fill_queue
    queue = Util.fetch_json(DATA_URL)
            ^^^^^^^^^^^^^^^^^^^^^^^^^
  File "/usr/lib/python3.12/site-packages/variety/Util.py", line 684, in fetch_json
    return Util.request(url, data, **request_kwargs).json()
           ^^^^^^^^^^^^^^^^^^^^^^^^^^^^^^^^^^^^^^^^^
  File "/usr/lib/python3.12/site-packages/variety/Util.py", line 663, in request
    r.raise_for_status()
  File "/usr/lib/python3.12/site-packages/requests/models.py", line 1024, in raise_for_status
    raise HTTPError(http_error_msg, response=self)
requests.exceptions.HTTPError: 404 Client Error: Not Found for url: https://earthview.withgoogle.com/_api/photos.json
INFO: 2024-09-19 22:48:18,447: get_throttling() 'National Geographic: parsing serverside options'
INFO: 2024-09-19 22:48:18,447: get_throttling() 'Could not parse National Geographic serverside options, using defaults None, None'
INFO: 2024-09-19 22:48:18,447: get_throttling() 'National Geographic: parsing serverside options'
INFO: 2024-09-19 22:48:18,447: get_throttling() 'Could not parse National Geographic serverside options, using defaults None, None'
INFO: 2024-09-19 22:48:18,447: download_one() 'National Geographic: Downloading an image, config: None'
INFO: 2024-09-19 22:48:18,447: download_one() 'National Geographic: Queue size: 0'
INFO: 2024-09-19 22:48:18,447: get_throttling() 'National Geographic: parsing serverside options'
INFO: 2024-09-19 22:48:18,447: get_throttling() 'Could not parse National Geographic serverside options, using defaults None, None'
INFO: 2024-09-19 22:48:18,447: download_one() 'National Geographic: Filling queue'
ERROR: 2024-09-19 22:48:18,594: download_one_from() 'Could not download wallpaper:'
Traceback (most recent call last):
  File "/usr/lib/python3.12/site-packages/requests/models.py", line 974, in json
    return complexjson.loads(self.text, **kwargs)
           ^^^^^^^^^^^^^^^^^^^^^^^^^^^^^^^^^^^^^^
  File "/usr/lib/python3.12/json/__init__.py", line 346, in loads
    return _default_decoder.decode(s)
           ^^^^^^^^^^^^^^^^^^^^^^^^^^
  File "/usr/lib/python3.12/json/decoder.py", line 337, in decode
    obj, end = self.raw_decode(s, idx=_w(s, 0).end())
               ^^^^^^^^^^^^^^^^^^^^^^^^^^^^^^^^^^^^^^
  File "/usr/lib/python3.12/json/decoder.py", line 355, in raw_decode
    raise JSONDecodeError("Expecting value", s, err.value) from None
json.decoder.JSONDecodeError: Expecting value: line 2 column 9 (char 9)

During handling of the above exception, another exception occurred:

Traceback (most recent call last):
  File "/usr/lib/python3.12/site-packages/variety/VarietyWindow.py", line 1164, in download_one_from
    file = downloader.download_one()
           ^^^^^^^^^^^^^^^^^^^^^^^^^
  File "/usr/lib/python3.12/site-packages/variety/plugins/downloaders/DefaultDownloader.py", line 141, in download_one
    items = self.fill_queue()
            ^^^^^^^^^^^^^^^^^
  File "/usr/lib/python3.12/site-packages/variety/plugins/builtin/downloaders/NationalGeographicDownloader.py", line 54, in fill_queue
    queue = Util.fetch_json(DATA_URL)
            ^^^^^^^^^^^^^^^^^^^^^^^^^
  File "/usr/lib/python3.12/site-packages/variety/Util.py", line 684, in fetch_json
    return Util.request(url, data, **request_kwargs).json()
           ^^^^^^^^^^^^^^^^^^^^^^^^^^^^^^^^^^^^^^^^^^^^^^^^
  File "/usr/lib/python3.12/site-packages/requests/models.py", line 978, in json
    raise RequestsJSONDecodeError(e.msg, e.doc, e.pos)
requests.exceptions.JSONDecodeError: Expecting value: line 2 column 9 (char 9)
INFO: 2024-09-19 22:48:19,596: get_throttling() 'Bing: parsing serverside options'
INFO: 2024-09-19 22:48:19,596: get_throttling() 'Could not parse Bing serverside options, using defaults None, None'
INFO: 2024-09-19 22:48:19,596: get_throttling() 'Bing: parsing serverside options'
INFO: 2024-09-19 22:48:19,596: get_throttling() 'Could not parse Bing serverside options, using defaults None, None'
INFO: 2024-09-19 22:48:19,596: download_one() 'Bing: Downloading an image, config: None'
INFO: 2024-09-19 22:48:19,596: download_one() 'Bing: Queue size: 4'
INFO: 2024-09-19 22:48:19,596: download_one() 'Bing: Queue populated with 4 URLs'
INFO: 2024-09-19 22:48:19,596: save_locally() 'Origin URL: https://www.bing.com/search?q=Wallaby&form=hpcapt&filters=HpDate%3a%2220240916_0700%22'
INFO: 2024-09-19 22:48:19,596: save_locally() 'Image URL: https://www.bing.com/th?id=OHR.SunriseWallabies_EN-US5210230008_UHD.jpg'
INFO: 2024-09-19 22:48:19,596: save_locally() 'Local path: /home/pawel/.config/variety/Downloaded/Bing/OHR.SunriseWallabies_EN-US5210230008_UHD.jpg'
INFO: 2024-09-19 22:48:19,596: save_locally() 'File already exists, skip downloading'
INFO: 2024-09-19 22:48:20,596: get_throttling() 'NASA Astro Pic of the Day: parsing serverside options'
INFO: 2024-09-19 22:48:20,596: get_throttling() 'Could not parse NASA Astro Pic of the Day serverside options, using defaults None, None'
INFO: 2024-09-19 22:48:20,596: get_throttling() 'NASA Astro Pic of the Day: parsing serverside options'
INFO: 2024-09-19 22:48:20,596: get_throttling() 'Could not parse NASA Astro Pic of the Day serverside options, using defaults None, None'
INFO: 2024-09-19 22:48:20,596: download_one() 'NASA Astro Pic of the Day: Downloading an image, config: None'
INFO: 2024-09-19 22:48:20,596: download_one() 'NASA Astro Pic of the Day: Queue size: 725'
INFO: 2024-09-19 22:48:20,596: download_one() 'NASA Astro Pic of the Day: Queue populated with 725 URLs'
INFO: 2024-09-19 22:48:20,596: download_queue_item() 'APOD URL: https://apod.nasa.gov/apod/ap230805.html'
INFO: 2024-09-19 22:48:21,055: download_queue_item() 'Image URL: https://apod.nasa.gov/apod/image/2308/ngc1360_v2.jpg'
INFO: 2024-09-19 22:48:21,055: save_locally() 'Origin URL: https://apod.nasa.gov/apod/ap230805.html'
INFO: 2024-09-19 22:48:21,055: save_locally() 'Image URL: https://apod.nasa.gov/apod/image/2308/ngc1360_v2.jpg'
INFO: 2024-09-19 22:48:21,055: save_locally() 'Local path: /home/pawel/.config/variety/Downloaded/nasa_apod/ngc1360_v2.jpg'
INFO: 2024-09-19 22:48:27,122: save_locally() 'Download complete'
INFO: 2024-09-19 22:48:27,122: update_indicator() 'Setting file info to: /home/pawel/.config/variety/Downloaded/nasa_apod/greyillusion_wikipedia_960.jpg'
INFO: 2024-09-19 22:48:27,124: list_files() 'More than 1 files in the folders, stop listing'
INFO: 2024-09-19 22:48:27,125: download_one_from() 'Adding downloaded file /home/pawel/.config/variety/Downloaded/nasa_apod/ngc1360_v2.jpg to unseen_downloads'
INFO: 2024-09-19 22:49:00,911: clock_thread_method() 'clock_thread updates wallpaper'
INFO: 2024-09-19 22:49:00,911: do_set_wp() 'Calling do_set_wp with /home/pawel/.config/variety/Downloaded/nasa_apod/greyillusion_wikipedia_960.jpg, time: 1726778940.9117887'
INFO: 2024-09-19 22:49:00,913: compute_trimmed_offsets() 'Trimmed offsets debug info: w:1920, h:1080, ratio:1.777778, iw:960, ih:745, scw:1920, sch:1490, ho:0, vo:205'
INFO: 2024-09-19 22:49:00,913: build_imagemagick_clock_cmd() 'Applying clock filter: -density 100 -font `fc-match -f '%{file[0]}' 'Ubuntu Nerd Font:60'` -pointsize 60 -gravity SouthEast -fill '#00000044' -annotate 0x0+58+313 '22:49' -fill white -annotate 0x0+60+315 '22:49' -font `fc-match -f '%{file[0]}' 'Ubuntu Nerd Font:Medium:26'` -pointsize 26 -fill '#00000044' -annotate 0x0+58+263 'czwartek, września 19' -fill white -annotate 0x0+60+265 'czwartek, września 19''
INFO: 2024-09-19 22:49:00,913: build_imagemagick_clock_cmd() 'ImageMagick clock cmd: convert /home/pawel/.config/variety/Downloaded/nasa_apod/greyillusion_wikipedia_960.jpg -scale 1920x1080^ -density 100 -font `fc-match -f '%{file[0]}' 'Ubuntu Nerd Font:60'` -pointsize 60 -gravity SouthEast -fill '#00000044' -annotate 0x0+58+313 '22:49' -fill white -annotate 0x0+60+315 '22:49' -font `fc-match -f '%{file[0]}' 'Ubuntu Nerd Font:Medium:26'` -pointsize 26 -fill '#00000044' -annotate 0x0+58+263 'czwartek, września 19' -fill white -annotate 0x0+60+265 'czwartek, września 19' /home/pawel/.config/variety/wallpaper/wallpaper-clock-1212a655fc83226f5d9ec6d4752b165f.jpg'
INFO: 2024-09-19 22:49:01,047: update_indicator() 'Setting file info to: /home/pawel/.config/variety/Downloaded/nasa_apod/greyillusion_wikipedia_960.jpg'
INFO: 2024-09-19 22:49:01,047: list_files() 'More than 1 files in the folders, stop listing'
INFO: 2024-09-19 22:50:00,919: clock_thread_method() 'clock_thread updates wallpaper'
INFO: 2024-09-19 22:50:00,919: do_set_wp() 'Calling do_set_wp with /home/pawel/.config/variety/Downloaded/nasa_apod/greyillusion_wikipedia_960.jpg, time: 1726779000.9199412'
INFO: 2024-09-19 22:50:00,921: compute_trimmed_offsets() 'Trimmed offsets debug info: w:1920, h:1080, ratio:1.777778, iw:960, ih:745, scw:1920, sch:1490, ho:0, vo:205'
INFO: 2024-09-19 22:50:00,921: build_imagemagick_clock_cmd() 'Applying clock filter: -density 100 -font `fc-match -f '%{file[0]}' 'Ubuntu Nerd Font:60'` -pointsize 60 -gravity SouthEast -fill '#00000044' -annotate 0x0+58+313 '22:50' -fill white -annotate 0x0+60+315 '22:50' -font `fc-match -f '%{file[0]}' 'Ubuntu Nerd Font:Medium:26'` -pointsize 26 -fill '#00000044' -annotate 0x0+58+263 'czwartek, września 19' -fill white -annotate 0x0+60+265 'czwartek, września 19''
INFO: 2024-09-19 22:50:00,921: build_imagemagick_clock_cmd() 'ImageMagick clock cmd: convert /home/pawel/.config/variety/Downloaded/nasa_apod/greyillusion_wikipedia_960.jpg -scale 1920x1080^ -density 100 -font `fc-match -f '%{file[0]}' 'Ubuntu Nerd Font:60'` -pointsize 60 -gravity SouthEast -fill '#00000044' -annotate 0x0+58+313 '22:50' -fill white -annotate 0x0+60+315 '22:50' -font `fc-match -f '%{file[0]}' 'Ubuntu Nerd Font:Medium:26'` -pointsize 26 -fill '#00000044' -annotate 0x0+58+263 'czwartek, września 19' -fill white -annotate 0x0+60+265 'czwartek, września 19' /home/pawel/.config/variety/wallpaper/wallpaper-clock-420c59d8f6d4b68a37bdc3303f14422e.jpg'
INFO: 2024-09-19 22:50:01,048: update_indicator() 'Setting file info to: /home/pawel/.config/variety/Downloaded/nasa_apod/greyillusion_wikipedia_960.jpg'
INFO: 2024-09-19 22:50:01,049: list_files() 'More than 1 files in the folders, stop listing'
INFO: 2024-09-19 22:51:00,927: clock_thread_method() 'clock_thread updates wallpaper'
INFO: 2024-09-19 22:51:00,928: do_set_wp() 'Calling do_set_wp with /home/pawel/.config/variety/Downloaded/nasa_apod/greyillusion_wikipedia_960.jpg, time: 1726779060.92846'
INFO: 2024-09-19 22:51:00,929: compute_trimmed_offsets() 'Trimmed offsets debug info: w:1920, h:1080, ratio:1.777778, iw:960, ih:745, scw:1920, sch:1490, ho:0, vo:205'
INFO: 2024-09-19 22:51:00,930: build_imagemagick_clock_cmd() 'Applying clock filter: -density 100 -font `fc-match -f '%{file[0]}' 'Ubuntu Nerd Font:60'` -pointsize 60 -gravity SouthEast -fill '#00000044' -annotate 0x0+58+313 '22:51' -fill white -annotate 0x0+60+315 '22:51' -font `fc-match -f '%{file[0]}' 'Ubuntu Nerd Font:Medium:26'` -pointsize 26 -fill '#00000044' -annotate 0x0+58+263 'czwartek, września 19' -fill white -annotate 0x0+60+265 'czwartek, września 19''
INFO: 2024-09-19 22:51:00,930: build_imagemagick_clock_cmd() 'ImageMagick clock cmd: convert /home/pawel/.config/variety/Downloaded/nasa_apod/greyillusion_wikipedia_960.jpg -scale 1920x1080^ -density 100 -font `fc-match -f '%{file[0]}' 'Ubuntu Nerd Font:60'` -pointsize 60 -gravity SouthEast -fill '#00000044' -annotate 0x0+58+313 '22:51' -fill white -annotate 0x0+60+315 '22:51' -font `fc-match -f '%{file[0]}' 'Ubuntu Nerd Font:Medium:26'` -pointsize 26 -fill '#00000044' -annotate 0x0+58+263 'czwartek, września 19' -fill white -annotate 0x0+60+265 'czwartek, września 19' /home/pawel/.config/variety/wallpaper/wallpaper-clock-d0dd4785dffcac3dd0843e21d2e4357f.jpg'
INFO: 2024-09-19 22:51:01,065: update_indicator() 'Setting file info to: /home/pawel/.config/variety/Downloaded/nasa_apod/greyillusion_wikipedia_960.jpg'
INFO: 2024-09-19 22:51:01,066: list_files() 'More than 1 files in the folders, stop listing'
INFO: 2024-09-19 22:51:28,127: get_throttling() 'Earth View: parsing serverside options'
INFO: 2024-09-19 22:51:28,127: get_throttling() 'Could not parse Earth View serverside options, using defaults 20, None'
INFO: 2024-09-19 22:51:28,127: get_throttling() 'Earth View: parsing serverside options'
INFO: 2024-09-19 22:51:28,127: get_throttling() 'Could not parse Earth View serverside options, using defaults 20, None'
INFO: 2024-09-19 22:51:28,128: download_one() 'Earth View: Downloading an image, config: None'
INFO: 2024-09-19 22:51:28,128: download_one() 'Earth View: Queue size: 0'
INFO: 2024-09-19 22:51:28,128: get_throttling() 'Earth View: parsing serverside options'
INFO: 2024-09-19 22:51:28,128: get_throttling() 'Could not parse Earth View serverside options, using defaults 20, None'
INFO: 2024-09-19 22:51:28,128: download_one() 'Earth View: Filling queue'
ERROR: 2024-09-19 22:51:28,303: download_one_from() 'Could not download wallpaper:'
Traceback (most recent call last):
  File "/usr/lib/python3.12/site-packages/variety/VarietyWindow.py", line 1164, in download_one_from
    file = downloader.download_one()
           ^^^^^^^^^^^^^^^^^^^^^^^^^
  File "/usr/lib/python3.12/site-packages/variety/plugins/downloaders/DefaultDownloader.py", line 141, in download_one
    items = self.fill_queue()
            ^^^^^^^^^^^^^^^^^
  File "/usr/lib/python3.12/site-packages/variety/plugins/builtin/downloaders/EarthviewDownloader.py", line 57, in fill_queue
    queue = Util.fetch_json(DATA_URL)
            ^^^^^^^^^^^^^^^^^^^^^^^^^
  File "/usr/lib/python3.12/site-packages/variety/Util.py", line 684, in fetch_json
    return Util.request(url, data, **request_kwargs).json()
           ^^^^^^^^^^^^^^^^^^^^^^^^^^^^^^^^^^^^^^^^^
  File "/usr/lib/python3.12/site-packages/variety/Util.py", line 663, in request
    r.raise_for_status()
  File "/usr/lib/python3.12/site-packages/requests/models.py", line 1024, in raise_for_status
    raise HTTPError(http_error_msg, response=self)
requests.exceptions.HTTPError: 404 Client Error: Not Found for url: https://earthview.withgoogle.com/_api/photos.json
INFO: 2024-09-19 22:51:29,307: get_throttling() 'National Geographic: parsing serverside options'
INFO: 2024-09-19 22:51:29,307: get_throttling() 'Could not parse National Geographic serverside options, using defaults None, None'
INFO: 2024-09-19 22:51:29,307: get_throttling() 'National Geographic: parsing serverside options'
INFO: 2024-09-19 22:51:29,308: get_throttling() 'Could not parse National Geographic serverside options, using defaults None, None'
INFO: 2024-09-19 22:51:29,308: download_one() 'National Geographic: Downloading an image, config: None'
INFO: 2024-09-19 22:51:29,308: download_one() 'National Geographic: Queue size: 0'
INFO: 2024-09-19 22:51:29,308: get_throttling() 'National Geographic: parsing serverside options'
INFO: 2024-09-19 22:51:29,308: get_throttling() 'Could not parse National Geographic serverside options, using defaults None, None'
INFO: 2024-09-19 22:51:29,308: download_one() 'National Geographic: Filling queue'
ERROR: 2024-09-19 22:51:29,531: download_one_from() 'Could not download wallpaper:'
Traceback (most recent call last):
  File "/usr/lib/python3.12/site-packages/requests/models.py", line 974, in json
    return complexjson.loads(self.text, **kwargs)
           ^^^^^^^^^^^^^^^^^^^^^^^^^^^^^^^^^^^^^^
  File "/usr/lib/python3.12/json/__init__.py", line 346, in loads
    return _default_decoder.decode(s)
           ^^^^^^^^^^^^^^^^^^^^^^^^^^
  File "/usr/lib/python3.12/json/decoder.py", line 337, in decode
    obj, end = self.raw_decode(s, idx=_w(s, 0).end())
               ^^^^^^^^^^^^^^^^^^^^^^^^^^^^^^^^^^^^^^
  File "/usr/lib/python3.12/json/decoder.py", line 355, in raw_decode
    raise JSONDecodeError("Expecting value", s, err.value) from None
json.decoder.JSONDecodeError: Expecting value: line 2 column 9 (char 9)

During handling of the above exception, another exception occurred:

Traceback (most recent call last):
  File "/usr/lib/python3.12/site-packages/variety/VarietyWindow.py", line 1164, in download_one_from
    file = downloader.download_one()
           ^^^^^^^^^^^^^^^^^^^^^^^^^
  File "/usr/lib/python3.12/site-packages/variety/plugins/downloaders/DefaultDownloader.py", line 141, in download_one
    items = self.fill_queue()
            ^^^^^^^^^^^^^^^^^
  File "/usr/lib/python3.12/site-packages/variety/plugins/builtin/downloaders/NationalGeographicDownloader.py", line 54, in fill_queue
    queue = Util.fetch_json(DATA_URL)
            ^^^^^^^^^^^^^^^^^^^^^^^^^
  File "/usr/lib/python3.12/site-packages/variety/Util.py", line 684, in fetch_json
    return Util.request(url, data, **request_kwargs).json()
           ^^^^^^^^^^^^^^^^^^^^^^^^^^^^^^^^^^^^^^^^^^^^^^^^
  File "/usr/lib/python3.12/site-packages/requests/models.py", line 978, in json
    raise RequestsJSONDecodeError(e.msg, e.doc, e.pos)
requests.exceptions.JSONDecodeError: Expecting value: line 2 column 9 (char 9)
INFO: 2024-09-19 22:51:30,534: get_throttling() 'Bing: parsing serverside options'
INFO: 2024-09-19 22:51:30,534: get_throttling() 'Could not parse Bing serverside options, using defaults None, None'
INFO: 2024-09-19 22:51:30,534: get_throttling() 'Bing: parsing serverside options'
INFO: 2024-09-19 22:51:30,535: get_throttling() 'Could not parse Bing serverside options, using defaults None, None'
INFO: 2024-09-19 22:51:30,535: download_one() 'Bing: Downloading an image, config: None'
INFO: 2024-09-19 22:51:30,535: download_one() 'Bing: Queue size: 3'
INFO: 2024-09-19 22:51:30,535: download_one() 'Bing: Queue populated with 3 URLs'
INFO: 2024-09-19 22:51:30,535: save_locally() 'Origin URL: https://www.bing.com/search?q=World+Dolphin+Day&form=hpcapt&filters=HpDate%3a%2220240912_0700%22'
INFO: 2024-09-19 22:51:30,535: save_locally() 'Image URL: https://www.bing.com/th?id=OHR.DolphinReunion_EN-US4598756391_UHD.jpg'
INFO: 2024-09-19 22:51:30,535: save_locally() 'Local path: /home/pawel/.config/variety/Downloaded/Bing/OHR.DolphinReunion_EN-US4598756391_UHD.jpg'
INFO: 2024-09-19 22:51:30,535: save_locally() 'File already exists, skip downloading'
INFO: 2024-09-19 22:52:00,936: clock_thread_method() 'clock_thread updates wallpaper'
INFO: 2024-09-19 22:52:00,937: do_set_wp() 'Calling do_set_wp with /home/pawel/.config/variety/Downloaded/nasa_apod/greyillusion_wikipedia_960.jpg, time: 1726779120.9371912'
INFO: 2024-09-19 22:52:00,938: compute_trimmed_offsets() 'Trimmed offsets debug info: w:1920, h:1080, ratio:1.777778, iw:960, ih:745, scw:1920, sch:1490, ho:0, vo:205'
INFO: 2024-09-19 22:52:00,938: build_imagemagick_clock_cmd() 'Applying clock filter: -density 100 -font `fc-match -f '%{file[0]}' 'Ubuntu Nerd Font:60'` -pointsize 60 -gravity SouthEast -fill '#00000044' -annotate 0x0+58+313 '22:52' -fill white -annotate 0x0+60+315 '22:52' -font `fc-match -f '%{file[0]}' 'Ubuntu Nerd Font:Medium:26'` -pointsize 26 -fill '#00000044' -annotate 0x0+58+263 'czwartek, września 19' -fill white -annotate 0x0+60+265 'czwartek, września 19''
INFO: 2024-09-19 22:52:00,938: build_imagemagick_clock_cmd() 'ImageMagick clock cmd: convert /home/pawel/.config/variety/Downloaded/nasa_apod/greyillusion_wikipedia_960.jpg -scale 1920x1080^ -density 100 -font `fc-match -f '%{file[0]}' 'Ubuntu Nerd Font:60'` -pointsize 60 -gravity SouthEast -fill '#00000044' -annotate 0x0+58+313 '22:52' -fill white -annotate 0x0+60+315 '22:52' -font `fc-match -f '%{file[0]}' 'Ubuntu Nerd Font:Medium:26'` -pointsize 26 -fill '#00000044' -annotate 0x0+58+263 'czwartek, września 19' -fill white -annotate 0x0+60+265 'czwartek, września 19' /home/pawel/.config/variety/wallpaper/wallpaper-clock-18b8ec779a76816b04fe818f799341b4.jpg'
INFO: 2024-09-19 22:52:01,069: update_indicator() 'Setting file info to: /home/pawel/.config/variety/Downloaded/nasa_apod/greyillusion_wikipedia_960.jpg'
INFO: 2024-09-19 22:52:01,069: list_files() 'More than 1 files in the folders, stop listing'
INFO: 2024-09-19 22:53:00,945: clock_thread_method() 'clock_thread updates wallpaper'
INFO: 2024-09-19 22:53:00,946: do_set_wp() 'Calling do_set_wp with /home/pawel/.config/variety/Downloaded/nasa_apod/greyillusion_wikipedia_960.jpg, time: 1726779180.946445'
INFO: 2024-09-19 22:53:00,947: compute_trimmed_offsets() 'Trimmed offsets debug info: w:1920, h:1080, ratio:1.777778, iw:960, ih:745, scw:1920, sch:1490, ho:0, vo:205'
INFO: 2024-09-19 22:53:00,948: build_imagemagick_clock_cmd() 'Applying clock filter: -density 100 -font `fc-match -f '%{file[0]}' 'Ubuntu Nerd Font:60'` -pointsize 60 -gravity SouthEast -fill '#00000044' -annotate 0x0+58+313 '22:53' -fill white -annotate 0x0+60+315 '22:53' -font `fc-match -f '%{file[0]}' 'Ubuntu Nerd Font:Medium:26'` -pointsize 26 -fill '#00000044' -annotate 0x0+58+263 'czwartek, września 19' -fill white -annotate 0x0+60+265 'czwartek, września 19''
INFO: 2024-09-19 22:53:00,948: build_imagemagick_clock_cmd() 'ImageMagick clock cmd: convert /home/pawel/.config/variety/Downloaded/nasa_apod/greyillusion_wikipedia_960.jpg -scale 1920x1080^ -density 100 -font `fc-match -f '%{file[0]}' 'Ubuntu Nerd Font:60'` -pointsize 60 -gravity SouthEast -fill '#00000044' -annotate 0x0+58+313 '22:53' -fill white -annotate 0x0+60+315 '22:53' -font `fc-match -f '%{file[0]}' 'Ubuntu Nerd Font:Medium:26'` -pointsize 26 -fill '#00000044' -annotate 0x0+58+263 'czwartek, września 19' -fill white -annotate 0x0+60+265 'czwartek, września 19' /home/pawel/.config/variety/wallpaper/wallpaper-clock-590181e29e502912a1fc4c1b4dab137a.jpg'
INFO: 2024-09-19 22:53:01,082: update_indicator() 'Setting file info to: /home/pawel/.config/variety/Downloaded/nasa_apod/greyillusion_wikipedia_960.jpg'
INFO: 2024-09-19 22:53:01,082: list_files() 'More than 1 files in the folders, stop listing'
INFO: 2024-09-19 22:53:15,608: regular_change_thread() 'regular_change changes wallpaper'
INFO: 2024-09-19 22:53:15,609: set_wallpaper() 'Calling set_wallpaper with /home/pawel/.config/variety/Downloaded/Bing/OHR.GujoHachiman_EN-US5502837623_UHD.jpg'
INFO: 2024-09-19 22:53:15,609: prepare_thread() 'Prepared buffer contains 95 images'
INFO: 2024-09-19 22:53:15,610: do_set_wp() 'Calling do_set_wp with /home/pawel/.config/variety/Downloaded/Bing/OHR.GujoHachiman_EN-US5502837623_UHD.jpg, time: 1726779195.6109424'
INFO: 2024-09-19 22:53:15,619: compute_trimmed_offsets() 'Trimmed offsets debug info: w:1920, h:1080, ratio:1.777778, iw:3840, ih:2160, scw:1920, sch:1080, ho:0, vo:0'
INFO: 2024-09-19 22:53:15,619: build_imagemagick_clock_cmd() 'Applying clock filter: -density 100 -font `fc-match -f '%{file[0]}' 'Ubuntu Nerd Font:60'` -pointsize 60 -gravity SouthEast -fill '#00000044' -annotate 0x0+58+108 '22:53' -fill white -annotate 0x0+60+110 '22:53' -font `fc-match -f '%{file[0]}' 'Ubuntu Nerd Font:Medium:26'` -pointsize 26 -fill '#00000044' -annotate 0x0+58+58 'czwartek, września 19' -fill white -annotate 0x0+60+60 'czwartek, września 19''
INFO: 2024-09-19 22:53:15,619: build_imagemagick_clock_cmd() 'ImageMagick clock cmd: convert /home/pawel/.config/variety/Downloaded/Bing/OHR.GujoHachiman_EN-US5502837623_UHD.jpg -scale 1920x1080^ -density 100 -font `fc-match -f '%{file[0]}' 'Ubuntu Nerd Font:60'` -pointsize 60 -gravity SouthEast -fill '#00000044' -annotate 0x0+58+108 '22:53' -fill white -annotate 0x0+60+110 '22:53' -font `fc-match -f '%{file[0]}' 'Ubuntu Nerd Font:Medium:26'` -pointsize 26 -fill '#00000044' -annotate 0x0+58+58 'czwartek, września 19' -fill white -annotate 0x0+60+60 'czwartek, września 19' /home/pawel/.config/variety/wallpaper/wallpaper-clock-1897331a02251f97222b55f4fa2ba187.jpg'
INFO: 2024-09-19 22:53:15,851: update_indicator() 'Setting file info to: /home/pawel/.config/variety/Downloaded/Bing/OHR.GujoHachiman_EN-US5502837623_UHD.jpg'
INFO: 2024-09-19 22:53:15,852: list_files() 'More than 1 files in the folders, stop listing'
INFO: 2024-09-19 22:53:17,610: trigger_download() 'Triggering download thread to check if download needed and possible'
INFO: 2024-09-19 22:53:17,610: trigger_download() 'Triggering download thread to check if download needed and possible'
INFO: 2024-09-19 22:53:17,611: get_throttling() 'Earth View: parsing serverside options'
INFO: 2024-09-19 22:53:17,612: get_throttling() 'Could not parse Earth View serverside options, using defaults 20, None'
INFO: 2024-09-19 22:53:17,612: get_throttling() 'Earth View: parsing serverside options'
INFO: 2024-09-19 22:53:17,612: get_throttling() 'Could not parse Earth View serverside options, using defaults 20, None'
INFO: 2024-09-19 22:53:17,612: download_one() 'Earth View: Downloading an image, config: None'
INFO: 2024-09-19 22:53:17,612: download_one() 'Earth View: Queue size: 0'
INFO: 2024-09-19 22:53:17,612: get_throttling() 'Earth View: parsing serverside options'
INFO: 2024-09-19 22:53:17,612: get_throttling() 'Could not parse Earth View serverside options, using defaults 20, None'
INFO: 2024-09-19 22:53:17,612: download_one() 'Earth View: Filling queue'
ERROR: 2024-09-19 22:53:17,816: download_one_from() 'Could not download wallpaper:'
Traceback (most recent call last):
  File "/usr/lib/python3.12/site-packages/variety/VarietyWindow.py", line 1164, in download_one_from
    file = downloader.download_one()
           ^^^^^^^^^^^^^^^^^^^^^^^^^
  File "/usr/lib/python3.12/site-packages/variety/plugins/downloaders/DefaultDownloader.py", line 141, in download_one
    items = self.fill_queue()
            ^^^^^^^^^^^^^^^^^
  File "/usr/lib/python3.12/site-packages/variety/plugins/builtin/downloaders/EarthviewDownloader.py", line 57, in fill_queue
    queue = Util.fetch_json(DATA_URL)
            ^^^^^^^^^^^^^^^^^^^^^^^^^
  File "/usr/lib/python3.12/site-packages/variety/Util.py", line 684, in fetch_json
    return Util.request(url, data, **request_kwargs).json()
           ^^^^^^^^^^^^^^^^^^^^^^^^^^^^^^^^^^^^^^^^^
  File "/usr/lib/python3.12/site-packages/variety/Util.py", line 663, in request
    r.raise_for_status()
  File "/usr/lib/python3.12/site-packages/requests/models.py", line 1024, in raise_for_status
    raise HTTPError(http_error_msg, response=self)
requests.exceptions.HTTPError: 404 Client Error: Not Found for url: https://earthview.withgoogle.com/_api/photos.json
INFO: 2024-09-19 22:53:18,819: get_throttling() 'National Geographic: parsing serverside options'
INFO: 2024-09-19 22:53:18,819: get_throttling() 'Could not parse National Geographic serverside options, using defaults None, None'
INFO: 2024-09-19 22:53:18,819: get_throttling() 'National Geographic: parsing serverside options'
INFO: 2024-09-19 22:53:18,819: get_throttling() 'Could not parse National Geographic serverside options, using defaults None, None'
INFO: 2024-09-19 22:53:18,819: download_one() 'National Geographic: Downloading an image, config: None'
INFO: 2024-09-19 22:53:18,820: download_one() 'National Geographic: Queue size: 0'
INFO: 2024-09-19 22:53:18,820: get_throttling() 'National Geographic: parsing serverside options'
INFO: 2024-09-19 22:53:18,820: get_throttling() 'Could not parse National Geographic serverside options, using defaults None, None'
INFO: 2024-09-19 22:53:18,820: download_one() 'National Geographic: Filling queue'
ERROR: 2024-09-19 22:53:19,015: download_one_from() 'Could not download wallpaper:'
Traceback (most recent call last):
  File "/usr/lib/python3.12/site-packages/requests/models.py", line 974, in json
    return complexjson.loads(self.text, **kwargs)
           ^^^^^^^^^^^^^^^^^^^^^^^^^^^^^^^^^^^^^^
  File "/usr/lib/python3.12/json/__init__.py", line 346, in loads
    return _default_decoder.decode(s)
           ^^^^^^^^^^^^^^^^^^^^^^^^^^
  File "/usr/lib/python3.12/json/decoder.py", line 337, in decode
    obj, end = self.raw_decode(s, idx=_w(s, 0).end())
               ^^^^^^^^^^^^^^^^^^^^^^^^^^^^^^^^^^^^^^
  File "/usr/lib/python3.12/json/decoder.py", line 355, in raw_decode
    raise JSONDecodeError("Expecting value", s, err.value) from None
json.decoder.JSONDecodeError: Expecting value: line 2 column 9 (char 9)

During handling of the above exception, another exception occurred:

Traceback (most recent call last):
  File "/usr/lib/python3.12/site-packages/variety/VarietyWindow.py", line 1164, in download_one_from
    file = downloader.download_one()
           ^^^^^^^^^^^^^^^^^^^^^^^^^
  File "/usr/lib/python3.12/site-packages/variety/plugins/downloaders/DefaultDownloader.py", line 141, in download_one
    items = self.fill_queue()
            ^^^^^^^^^^^^^^^^^
  File "/usr/lib/python3.12/site-packages/variety/plugins/builtin/downloaders/NationalGeographicDownloader.py", line 54, in fill_queue
    queue = Util.fetch_json(DATA_URL)
            ^^^^^^^^^^^^^^^^^^^^^^^^^
  File "/usr/lib/python3.12/site-packages/variety/Util.py", line 684, in fetch_json
    return Util.request(url, data, **request_kwargs).json()
           ^^^^^^^^^^^^^^^^^^^^^^^^^^^^^^^^^^^^^^^^^^^^^^^^
  File "/usr/lib/python3.12/site-packages/requests/models.py", line 978, in json
    raise RequestsJSONDecodeError(e.msg, e.doc, e.pos)
requests.exceptions.JSONDecodeError: Expecting value: line 2 column 9 (char 9)
INFO: 2024-09-19 22:53:20,018: get_throttling() 'Bing: parsing serverside options'
INFO: 2024-09-19 22:53:20,019: get_throttling() 'Could not parse Bing serverside options, using defaults None, None'
INFO: 2024-09-19 22:53:20,019: get_throttling() 'Bing: parsing serverside options'
INFO: 2024-09-19 22:53:20,019: get_throttling() 'Could not parse Bing serverside options, using defaults None, None'
INFO: 2024-09-19 22:53:20,019: download_one() 'Bing: Downloading an image, config: None'
INFO: 2024-09-19 22:53:20,019: download_one() 'Bing: Queue size: 2'
INFO: 2024-09-19 22:53:20,019: download_one() 'Bing: Queue populated with 2 URLs'
INFO: 2024-09-19 22:53:20,019: save_locally() 'Origin URL: https://www.bing.com/search?q=National+Hispanic+Heritage+Month&form=hpcapt&filters=HpDate%3a%2220240915_0700%22'
INFO: 2024-09-19 22:53:20,019: save_locally() 'Image URL: https://www.bing.com/th?id=OHR.BalboaPark_EN-US5050015037_UHD.jpg'
INFO: 2024-09-19 22:53:20,019: save_locally() 'Local path: /home/pawel/.config/variety/Downloaded/Bing/OHR.BalboaPark_EN-US5050015037_UHD.jpg'
INFO: 2024-09-19 22:53:20,019: save_locally() 'File already exists, skip downloading'
INFO: 2024-09-19 22:54:00,954: clock_thread_method() 'clock_thread updates wallpaper'
INFO: 2024-09-19 22:54:00,955: do_set_wp() 'Calling do_set_wp with /home/pawel/.config/variety/Downloaded/Bing/OHR.GujoHachiman_EN-US5502837623_UHD.jpg, time: 1726779240.9554203'
INFO: 2024-09-19 22:54:00,956: compute_trimmed_offsets() 'Trimmed offsets debug info: w:1920, h:1080, ratio:1.777778, iw:3840, ih:2160, scw:1920, sch:1080, ho:0, vo:0'
INFO: 2024-09-19 22:54:00,957: build_imagemagick_clock_cmd() 'Applying clock filter: -density 100 -font `fc-match -f '%{file[0]}' 'Ubuntu Nerd Font:60'` -pointsize 60 -gravity SouthEast -fill '#00000044' -annotate 0x0+58+108 '22:54' -fill white -annotate 0x0+60+110 '22:54' -font `fc-match -f '%{file[0]}' 'Ubuntu Nerd Font:Medium:26'` -pointsize 26 -fill '#00000044' -annotate 0x0+58+58 'czwartek, września 19' -fill white -annotate 0x0+60+60 'czwartek, września 19''
INFO: 2024-09-19 22:54:00,957: build_imagemagick_clock_cmd() 'ImageMagick clock cmd: convert /home/pawel/.config/variety/Downloaded/Bing/OHR.GujoHachiman_EN-US5502837623_UHD.jpg -scale 1920x1080^ -density 100 -font `fc-match -f '%{file[0]}' 'Ubuntu Nerd Font:60'` -pointsize 60 -gravity SouthEast -fill '#00000044' -annotate 0x0+58+108 '22:54' -fill white -annotate 0x0+60+110 '22:54' -font `fc-match -f '%{file[0]}' 'Ubuntu Nerd Font:Medium:26'` -pointsize 26 -fill '#00000044' -annotate 0x0+58+58 'czwartek, września 19' -fill white -annotate 0x0+60+60 'czwartek, września 19' /home/pawel/.config/variety/wallpaper/wallpaper-clock-0549d55812c0b29846766a6d10044c12.jpg'
INFO: 2024-09-19 22:54:01,202: update_indicator() 'Setting file info to: /home/pawel/.config/variety/Downloaded/Bing/OHR.GujoHachiman_EN-US5502837623_UHD.jpg'
INFO: 2024-09-19 22:54:01,203: list_files() 'More than 1 files in the folders, stop listing'
INFO: 2024-09-19 22:55:00,964: clock_thread_method() 'clock_thread updates wallpaper'
INFO: 2024-09-19 22:55:00,964: do_set_wp() 'Calling do_set_wp with /home/pawel/.config/variety/Downloaded/Bing/OHR.GujoHachiman_EN-US5502837623_UHD.jpg, time: 1726779300.9647741'
INFO: 2024-09-19 22:55:00,966: compute_trimmed_offsets() 'Trimmed offsets debug info: w:1920, h:1080, ratio:1.777778, iw:3840, ih:2160, scw:1920, sch:1080, ho:0, vo:0'
INFO: 2024-09-19 22:55:00,966: build_imagemagick_clock_cmd() 'Applying clock filter: -density 100 -font `fc-match -f '%{file[0]}' 'Ubuntu Nerd Font:60'` -pointsize 60 -gravity SouthEast -fill '#00000044' -annotate 0x0+58+108 '22:55' -fill white -annotate 0x0+60+110 '22:55' -font `fc-match -f '%{file[0]}' 'Ubuntu Nerd Font:Medium:26'` -pointsize 26 -fill '#00000044' -annotate 0x0+58+58 'czwartek, września 19' -fill white -annotate 0x0+60+60 'czwartek, września 19''
INFO: 2024-09-19 22:55:00,966: build_imagemagick_clock_cmd() 'ImageMagick clock cmd: convert /home/pawel/.config/variety/Downloaded/Bing/OHR.GujoHachiman_EN-US5502837623_UHD.jpg -scale 1920x1080^ -density 100 -font `fc-match -f '%{file[0]}' 'Ubuntu Nerd Font:60'` -pointsize 60 -gravity SouthEast -fill '#00000044' -annotate 0x0+58+108 '22:55' -fill white -annotate 0x0+60+110 '22:55' -font `fc-match -f '%{file[0]}' 'Ubuntu Nerd Font:Medium:26'` -pointsize 26 -fill '#00000044' -annotate 0x0+58+58 'czwartek, września 19' -fill white -annotate 0x0+60+60 'czwartek, września 19' /home/pawel/.config/variety/wallpaper/wallpaper-clock-1d723437d44b92b1a4d9139cf4800b56.jpg'
INFO: 2024-09-19 22:55:01,210: update_indicator() 'Setting file info to: /home/pawel/.config/variety/Downloaded/Bing/OHR.GujoHachiman_EN-US5502837623_UHD.jpg'
INFO: 2024-09-19 22:55:01,211: list_files() 'More than 1 files in the folders, stop listing'
INFO: 2024-09-19 22:56:00,973: clock_thread_method() 'clock_thread updates wallpaper'
INFO: 2024-09-19 22:56:00,974: do_set_wp() 'Calling do_set_wp with /home/pawel/.config/variety/Downloaded/Bing/OHR.GujoHachiman_EN-US5502837623_UHD.jpg, time: 1726779360.9740818'
INFO: 2024-09-19 22:56:00,975: compute_trimmed_offsets() 'Trimmed offsets debug info: w:1920, h:1080, ratio:1.777778, iw:3840, ih:2160, scw:1920, sch:1080, ho:0, vo:0'
INFO: 2024-09-19 22:56:00,975: build_imagemagick_clock_cmd() 'Applying clock filter: -density 100 -font `fc-match -f '%{file[0]}' 'Ubuntu Nerd Font:60'` -pointsize 60 -gravity SouthEast -fill '#00000044' -annotate 0x0+58+108 '22:56' -fill white -annotate 0x0+60+110 '22:56' -font `fc-match -f '%{file[0]}' 'Ubuntu Nerd Font:Medium:26'` -pointsize 26 -fill '#00000044' -annotate 0x0+58+58 'czwartek, września 19' -fill white -annotate 0x0+60+60 'czwartek, września 19''
INFO: 2024-09-19 22:56:00,975: build_imagemagick_clock_cmd() 'ImageMagick clock cmd: convert /home/pawel/.config/variety/Downloaded/Bing/OHR.GujoHachiman_EN-US5502837623_UHD.jpg -scale 1920x1080^ -density 100 -font `fc-match -f '%{file[0]}' 'Ubuntu Nerd Font:60'` -pointsize 60 -gravity SouthEast -fill '#00000044' -annotate 0x0+58+108 '22:56' -fill white -annotate 0x0+60+110 '22:56' -font `fc-match -f '%{file[0]}' 'Ubuntu Nerd Font:Medium:26'` -pointsize 26 -fill '#00000044' -annotate 0x0+58+58 'czwartek, września 19' -fill white -annotate 0x0+60+60 'czwartek, września 19' /home/pawel/.config/variety/wallpaper/wallpaper-clock-2303f264c6c0d41123a5d418bb768a64.jpg'
INFO: 2024-09-19 22:56:01,216: update_indicator() 'Setting file info to: /home/pawel/.config/variety/Downloaded/Bing/OHR.GujoHachiman_EN-US5502837623_UHD.jpg'
INFO: 2024-09-19 22:56:01,217: list_files() 'More than 1 files in the folders, stop listing'
INFO: 2024-09-19 22:56:21,021: get_throttling() 'Earth View: parsing serverside options'
INFO: 2024-09-19 22:56:21,021: get_throttling() 'Could not parse Earth View serverside options, using defaults 20, None'
INFO: 2024-09-19 22:56:21,021: get_throttling() 'Earth View: parsing serverside options'
INFO: 2024-09-19 22:56:21,021: get_throttling() 'Could not parse Earth View serverside options, using defaults 20, None'
INFO: 2024-09-19 22:56:21,021: download_one() 'Earth View: Downloading an image, config: None'
INFO: 2024-09-19 22:56:21,021: download_one() 'Earth View: Queue size: 0'
INFO: 2024-09-19 22:56:21,021: get_throttling() 'Earth View: parsing serverside options'
INFO: 2024-09-19 22:56:21,021: get_throttling() 'Could not parse Earth View serverside options, using defaults 20, None'
INFO: 2024-09-19 22:56:21,021: download_one() 'Earth View: Filling queue'
ERROR: 2024-09-19 22:56:21,191: download_one_from() 'Could not download wallpaper:'
Traceback (most recent call last):
  File "/usr/lib/python3.12/site-packages/variety/VarietyWindow.py", line 1164, in download_one_from
    file = downloader.download_one()
           ^^^^^^^^^^^^^^^^^^^^^^^^^
  File "/usr/lib/python3.12/site-packages/variety/plugins/downloaders/DefaultDownloader.py", line 141, in download_one
    items = self.fill_queue()
            ^^^^^^^^^^^^^^^^^
  File "/usr/lib/python3.12/site-packages/variety/plugins/builtin/downloaders/EarthviewDownloader.py", line 57, in fill_queue
    queue = Util.fetch_json(DATA_URL)
            ^^^^^^^^^^^^^^^^^^^^^^^^^
  File "/usr/lib/python3.12/site-packages/variety/Util.py", line 684, in fetch_json
    return Util.request(url, data, **request_kwargs).json()
           ^^^^^^^^^^^^^^^^^^^^^^^^^^^^^^^^^^^^^^^^^
  File "/usr/lib/python3.12/site-packages/variety/Util.py", line 663, in request
    r.raise_for_status()
  File "/usr/lib/python3.12/site-packages/requests/models.py", line 1024, in raise_for_status
    raise HTTPError(http_error_msg, response=self)
requests.exceptions.HTTPError: 404 Client Error: Not Found for url: https://earthview.withgoogle.com/_api/photos.json
INFO: 2024-09-19 22:56:22,194: get_throttling() 'National Geographic: parsing serverside options'
INFO: 2024-09-19 22:56:22,194: get_throttling() 'Could not parse National Geographic serverside options, using defaults None, None'
INFO: 2024-09-19 22:56:22,194: get_throttling() 'National Geographic: parsing serverside options'
INFO: 2024-09-19 22:56:22,194: get_throttling() 'Could not parse National Geographic serverside options, using defaults None, None'
INFO: 2024-09-19 22:56:22,195: download_one() 'National Geographic: Downloading an image, config: None'
INFO: 2024-09-19 22:56:22,195: download_one() 'National Geographic: Queue size: 0'
INFO: 2024-09-19 22:56:22,195: get_throttling() 'National Geographic: parsing serverside options'
INFO: 2024-09-19 22:56:22,195: get_throttling() 'Could not parse National Geographic serverside options, using defaults None, None'
INFO: 2024-09-19 22:56:22,195: download_one() 'National Geographic: Filling queue'
ERROR: 2024-09-19 22:56:22,350: download_one_from() 'Could not download wallpaper:'
Traceback (most recent call last):
  File "/usr/lib/python3.12/site-packages/requests/models.py", line 974, in json
    return complexjson.loads(self.text, **kwargs)
           ^^^^^^^^^^^^^^^^^^^^^^^^^^^^^^^^^^^^^^
  File "/usr/lib/python3.12/json/__init__.py", line 346, in loads
    return _default_decoder.decode(s)
           ^^^^^^^^^^^^^^^^^^^^^^^^^^
  File "/usr/lib/python3.12/json/decoder.py", line 337, in decode
    obj, end = self.raw_decode(s, idx=_w(s, 0).end())
               ^^^^^^^^^^^^^^^^^^^^^^^^^^^^^^^^^^^^^^
  File "/usr/lib/python3.12/json/decoder.py", line 355, in raw_decode
    raise JSONDecodeError("Expecting value", s, err.value) from None
json.decoder.JSONDecodeError: Expecting value: line 2 column 9 (char 9)

During handling of the above exception, another exception occurred:

Traceback (most recent call last):
  File "/usr/lib/python3.12/site-packages/variety/VarietyWindow.py", line 1164, in download_one_from
    file = downloader.download_one()
           ^^^^^^^^^^^^^^^^^^^^^^^^^
  File "/usr/lib/python3.12/site-packages/variety/plugins/downloaders/DefaultDownloader.py", line 141, in download_one
    items = self.fill_queue()
            ^^^^^^^^^^^^^^^^^
  File "/usr/lib/python3.12/site-packages/variety/plugins/builtin/downloaders/NationalGeographicDownloader.py", line 54, in fill_queue
    queue = Util.fetch_json(DATA_URL)
            ^^^^^^^^^^^^^^^^^^^^^^^^^
  File "/usr/lib/python3.12/site-packages/variety/Util.py", line 684, in fetch_json
    return Util.request(url, data, **request_kwargs).json()
           ^^^^^^^^^^^^^^^^^^^^^^^^^^^^^^^^^^^^^^^^^^^^^^^^
  File "/usr/lib/python3.12/site-packages/requests/models.py", line 978, in json
    raise RequestsJSONDecodeError(e.msg, e.doc, e.pos)
requests.exceptions.JSONDecodeError: Expecting value: line 2 column 9 (char 9)
INFO: 2024-09-19 22:56:23,353: get_throttling() 'Bing: parsing serverside options'
INFO: 2024-09-19 22:56:23,354: get_throttling() 'Could not parse Bing serverside options, using defaults None, None'
INFO: 2024-09-19 22:56:23,354: get_throttling() 'Bing: parsing serverside options'
INFO: 2024-09-19 22:56:23,354: get_throttling() 'Could not parse Bing serverside options, using defaults None, None'
INFO: 2024-09-19 22:56:23,354: download_one() 'Bing: Downloading an image, config: None'
INFO: 2024-09-19 22:56:23,354: download_one() 'Bing: Queue size: 1'
INFO: 2024-09-19 22:56:23,354: download_one() 'Bing: Queue populated with 1 URLs'
INFO: 2024-09-19 22:56:23,354: save_locally() 'Origin URL: https://www.bing.com/search?q=easter+island&form=hpcapt&filters=HpDate%3a%2220240914_0700%22'
INFO: 2024-09-19 22:56:23,354: save_locally() 'Image URL: https://www.bing.com/th?id=OHR.RapaNuiSunrise_EN-US4872610843_UHD.jpg'
INFO: 2024-09-19 22:56:23,355: save_locally() 'Local path: /home/pawel/.config/variety/Downloaded/Bing/OHR.RapaNuiSunrise_EN-US4872610843_UHD.jpg'
INFO: 2024-09-19 22:56:23,355: save_locally() 'File already exists, skip downloading'
INFO: 2024-09-19 22:57:00,981: clock_thread_method() 'clock_thread updates wallpaper'
INFO: 2024-09-19 22:57:00,982: do_set_wp() 'Calling do_set_wp with /home/pawel/.config/variety/Downloaded/Bing/OHR.GujoHachiman_EN-US5502837623_UHD.jpg, time: 1726779420.9821906'
INFO: 2024-09-19 22:57:00,982: compute_trimmed_offsets() 'Trimmed offsets debug info: w:1920, h:1080, ratio:1.777778, iw:3840, ih:2160, scw:1920, sch:1080, ho:0, vo:0'
INFO: 2024-09-19 22:57:00,983: build_imagemagick_clock_cmd() 'Applying clock filter: -density 100 -font `fc-match -f '%{file[0]}' 'Ubuntu Nerd Font:60'` -pointsize 60 -gravity SouthEast -fill '#00000044' -annotate 0x0+58+108 '22:57' -fill white -annotate 0x0+60+110 '22:57' -font `fc-match -f '%{file[0]}' 'Ubuntu Nerd Font:Medium:26'` -pointsize 26 -fill '#00000044' -annotate 0x0+58+58 'czwartek, września 19' -fill white -annotate 0x0+60+60 'czwartek, września 19''
INFO: 2024-09-19 22:57:00,983: build_imagemagick_clock_cmd() 'ImageMagick clock cmd: convert /home/pawel/.config/variety/Downloaded/Bing/OHR.GujoHachiman_EN-US5502837623_UHD.jpg -scale 1920x1080^ -density 100 -font `fc-match -f '%{file[0]}' 'Ubuntu Nerd Font:60'` -pointsize 60 -gravity SouthEast -fill '#00000044' -annotate 0x0+58+108 '22:57' -fill white -annotate 0x0+60+110 '22:57' -font `fc-match -f '%{file[0]}' 'Ubuntu Nerd Font:Medium:26'` -pointsize 26 -fill '#00000044' -annotate 0x0+58+58 'czwartek, września 19' -fill white -annotate 0x0+60+60 'czwartek, września 19' /home/pawel/.config/variety/wallpaper/wallpaper-clock-67e1bf1b97aaeba36e4ddfa0767da117.jpg'
INFO: 2024-09-19 22:57:01,217: update_indicator() 'Setting file info to: /home/pawel/.config/variety/Downloaded/Bing/OHR.GujoHachiman_EN-US5502837623_UHD.jpg'
INFO: 2024-09-19 22:57:01,218: list_files() 'More than 1 files in the folders, stop listing'
INFO: 2024-09-19 22:57:27,717: process_command() 'Received command: ['-n']'
INFO: 2024-09-19 22:57:27,719: set_wallpaper() 'Calling set_wallpaper with /home/pawel/.config/variety/Downloaded/nasa_apod/GianniTumino_Moon_Rays_JPG_LOGO_4000pix.jpg'
INFO: 2024-09-19 22:57:27,719: prepare_thread() 'Prepared buffer contains 95 images'
INFO: 2024-09-19 22:57:27,720: do_set_wp() 'Calling do_set_wp with /home/pawel/.config/variety/Downloaded/nasa_apod/GianniTumino_Moon_Rays_JPG_LOGO_4000pix.jpg, time: 1726779447.7205348'
INFO: 2024-09-19 22:57:27,728: compute_trimmed_offsets() 'Trimmed offsets debug info: w:1920, h:1080, ratio:1.777778, iw:4000, ih:2667, scw:1920, sch:1280, ho:0, vo:100'
INFO: 2024-09-19 22:57:27,729: build_imagemagick_clock_cmd() 'Applying clock filter: -density 100 -font `fc-match -f '%{file[0]}' 'Ubuntu Nerd Font:60'` -pointsize 60 -gravity SouthEast -fill '#00000044' -annotate 0x0+58+208 '22:57' -fill white -annotate 0x0+60+210 '22:57' -font `fc-match -f '%{file[0]}' 'Ubuntu Nerd Font:Medium:26'` -pointsize 26 -fill '#00000044' -annotate 0x0+58+158 'czwartek, września 19' -fill white -annotate 0x0+60+160 'czwartek, września 19''
INFO: 2024-09-19 22:57:27,729: build_imagemagick_clock_cmd() 'ImageMagick clock cmd: convert /home/pawel/.config/variety/Downloaded/nasa_apod/GianniTumino_Moon_Rays_JPG_LOGO_4000pix.jpg -scale 1920x1080^ -density 100 -font `fc-match -f '%{file[0]}' 'Ubuntu Nerd Font:60'` -pointsize 60 -gravity SouthEast -fill '#00000044' -annotate 0x0+58+208 '22:57' -fill white -annotate 0x0+60+210 '22:57' -font `fc-match -f '%{file[0]}' 'Ubuntu Nerd Font:Medium:26'` -pointsize 26 -fill '#00000044' -annotate 0x0+58+158 'czwartek, września 19' -fill white -annotate 0x0+60+160 'czwartek, września 19' /home/pawel/.config/variety/wallpaper/wallpaper-clock-293eb6bffec8f1fd2896d84fa3866bb5.jpg'
INFO: 2024-09-19 22:57:27,986: update_indicator() 'Setting file info to: /home/pawel/.config/variety/Downloaded/nasa_apod/GianniTumino_Moon_Rays_JPG_LOGO_4000pix.jpg'
INFO: 2024-09-19 22:57:27,988: list_files() 'More than 1 files in the folders, stop listing'
INFO: 2024-09-19 22:57:29,720: trigger_download() 'Triggering download thread to check if download needed and possible'
INFO: 2024-09-19 22:57:29,720: trigger_download() 'Triggering download thread to check if download needed and possible'
INFO: 2024-09-19 22:57:29,721: get_throttling() 'Earth View: parsing serverside options'
INFO: 2024-09-19 22:57:29,721: get_throttling() 'Could not parse Earth View serverside options, using defaults 20, None'
INFO: 2024-09-19 22:57:29,722: get_throttling() 'Earth View: parsing serverside options'
INFO: 2024-09-19 22:57:29,722: get_throttling() 'Could not parse Earth View serverside options, using defaults 20, None'
INFO: 2024-09-19 22:57:29,722: download_one() 'Earth View: Downloading an image, config: None'
INFO: 2024-09-19 22:57:29,722: download_one() 'Earth View: Queue size: 0'
INFO: 2024-09-19 22:57:29,722: get_throttling() 'Earth View: parsing serverside options'
INFO: 2024-09-19 22:57:29,722: get_throttling() 'Could not parse Earth View serverside options, using defaults 20, None'
INFO: 2024-09-19 22:57:29,722: download_one() 'Earth View: Filling queue'
ERROR: 2024-09-19 22:57:29,898: download_one_from() 'Could not download wallpaper:'
Traceback (most recent call last):
  File "/usr/lib/python3.12/site-packages/variety/VarietyWindow.py", line 1164, in download_one_from
    file = downloader.download_one()
           ^^^^^^^^^^^^^^^^^^^^^^^^^
  File "/usr/lib/python3.12/site-packages/variety/plugins/downloaders/DefaultDownloader.py", line 141, in download_one
    items = self.fill_queue()
            ^^^^^^^^^^^^^^^^^
  File "/usr/lib/python3.12/site-packages/variety/plugins/builtin/downloaders/EarthviewDownloader.py", line 57, in fill_queue
    queue = Util.fetch_json(DATA_URL)
            ^^^^^^^^^^^^^^^^^^^^^^^^^
  File "/usr/lib/python3.12/site-packages/variety/Util.py", line 684, in fetch_json
    return Util.request(url, data, **request_kwargs).json()
           ^^^^^^^^^^^^^^^^^^^^^^^^^^^^^^^^^^^^^^^^^
  File "/usr/lib/python3.12/site-packages/variety/Util.py", line 663, in request
    r.raise_for_status()
  File "/usr/lib/python3.12/site-packages/requests/models.py", line 1024, in raise_for_status
    raise HTTPError(http_error_msg, response=self)
requests.exceptions.HTTPError: 404 Client Error: Not Found for url: https://earthview.withgoogle.com/_api/photos.json
INFO: 2024-09-19 22:57:30,900: get_throttling() 'National Geographic: parsing serverside options'
INFO: 2024-09-19 22:57:30,901: get_throttling() 'Could not parse National Geographic serverside options, using defaults None, None'
INFO: 2024-09-19 22:57:30,901: get_throttling() 'National Geographic: parsing serverside options'
INFO: 2024-09-19 22:57:30,901: get_throttling() 'Could not parse National Geographic serverside options, using defaults None, None'
INFO: 2024-09-19 22:57:30,901: download_one() 'National Geographic: Downloading an image, config: None'
INFO: 2024-09-19 22:57:30,901: download_one() 'National Geographic: Queue size: 0'
INFO: 2024-09-19 22:57:30,901: get_throttling() 'National Geographic: parsing serverside options'
INFO: 2024-09-19 22:57:30,901: get_throttling() 'Could not parse National Geographic serverside options, using defaults None, None'
INFO: 2024-09-19 22:57:30,901: download_one() 'National Geographic: Filling queue'
ERROR: 2024-09-19 22:57:31,037: download_one_from() 'Could not download wallpaper:'
Traceback (most recent call last):
  File "/usr/lib/python3.12/site-packages/requests/models.py", line 974, in json
    return complexjson.loads(self.text, **kwargs)
           ^^^^^^^^^^^^^^^^^^^^^^^^^^^^^^^^^^^^^^
  File "/usr/lib/python3.12/json/__init__.py", line 346, in loads
    return _default_decoder.decode(s)
           ^^^^^^^^^^^^^^^^^^^^^^^^^^
  File "/usr/lib/python3.12/json/decoder.py", line 337, in decode
    obj, end = self.raw_decode(s, idx=_w(s, 0).end())
               ^^^^^^^^^^^^^^^^^^^^^^^^^^^^^^^^^^^^^^
  File "/usr/lib/python3.12/json/decoder.py", line 355, in raw_decode
    raise JSONDecodeError("Expecting value", s, err.value) from None
json.decoder.JSONDecodeError: Expecting value: line 2 column 9 (char 9)

During handling of the above exception, another exception occurred:

Traceback (most recent call last):
  File "/usr/lib/python3.12/site-packages/variety/VarietyWindow.py", line 1164, in download_one_from
    file = downloader.download_one()
           ^^^^^^^^^^^^^^^^^^^^^^^^^
  File "/usr/lib/python3.12/site-packages/variety/plugins/downloaders/DefaultDownloader.py", line 141, in download_one
    items = self.fill_queue()
            ^^^^^^^^^^^^^^^^^
  File "/usr/lib/python3.12/site-packages/variety/plugins/builtin/downloaders/NationalGeographicDownloader.py", line 54, in fill_queue
    queue = Util.fetch_json(DATA_URL)
            ^^^^^^^^^^^^^^^^^^^^^^^^^
  File "/usr/lib/python3.12/site-packages/variety/Util.py", line 684, in fetch_json
    return Util.request(url, data, **request_kwargs).json()
           ^^^^^^^^^^^^^^^^^^^^^^^^^^^^^^^^^^^^^^^^^^^^^^^^
  File "/usr/lib/python3.12/site-packages/requests/models.py", line 978, in json
    raise RequestsJSONDecodeError(e.msg, e.doc, e.pos)
requests.exceptions.JSONDecodeError: Expecting value: line 2 column 9 (char 9)
INFO: 2024-09-19 22:57:32,038: get_throttling() 'Bing: parsing serverside options'
INFO: 2024-09-19 22:57:32,039: get_throttling() 'Could not parse Bing serverside options, using defaults None, None'
INFO: 2024-09-19 22:57:32,039: get_throttling() 'Bing: parsing serverside options'
INFO: 2024-09-19 22:57:32,039: get_throttling() 'Could not parse Bing serverside options, using defaults None, None'
INFO: 2024-09-19 22:57:32,039: download_one() 'Bing: Downloading an image, config: None'
INFO: 2024-09-19 22:57:32,039: download_one() 'Bing: Queue size: 0'
INFO: 2024-09-19 22:57:32,039: get_throttling() 'Bing: parsing serverside options'
INFO: 2024-09-19 22:57:32,039: get_throttling() 'Could not parse Bing serverside options, using defaults None, None'
INFO: 2024-09-19 22:57:32,040: download_one() 'Bing: Filling queue'
INFO: 2024-09-19 22:57:32,142: download_one() 'Bing: Queue populated with 6 URLs'
INFO: 2024-09-19 22:57:32,142: save_locally() 'Origin URL: https://www.bing.com/search?q=World+Dolphin+Day&form=hpcapt&filters=HpDate%3a%2220240912_0700%22'
INFO: 2024-09-19 22:57:32,142: save_locally() 'Image URL: https://www.bing.com/th?id=OHR.DolphinReunion_EN-US4598756391_UHD.jpg'
INFO: 2024-09-19 22:57:32,143: save_locally() 'Local path: /home/pawel/.config/variety/Downloaded/Bing/OHR.DolphinReunion_EN-US4598756391_UHD.jpg'
INFO: 2024-09-19 22:57:32,143: save_locally() 'File already exists, skip downloading'
INFO: 2024-09-19 22:57:33,143: get_throttling() 'NASA Astro Pic of the Day: parsing serverside options'
INFO: 2024-09-19 22:57:33,144: get_throttling() 'Could not parse NASA Astro Pic of the Day serverside options, using defaults None, None'
INFO: 2024-09-19 22:57:33,144: get_throttling() 'NASA Astro Pic of the Day: parsing serverside options'
INFO: 2024-09-19 22:57:33,144: get_throttling() 'Could not parse NASA Astro Pic of the Day serverside options, using defaults None, None'
INFO: 2024-09-19 22:57:33,144: download_one() 'NASA Astro Pic of the Day: Downloading an image, config: None'
INFO: 2024-09-19 22:57:33,144: download_one() 'NASA Astro Pic of the Day: Queue size: 724'
INFO: 2024-09-19 22:57:33,144: download_one() 'NASA Astro Pic of the Day: Queue populated with 724 URLs'
INFO: 2024-09-19 22:57:33,144: download_queue_item() 'APOD URL: https://apod.nasa.gov/apod/ap221227.html'
INFO: 2024-09-19 22:57:34,068: download_queue_item() 'Image URL: https://apod.nasa.gov/apod/image/2212/FullCircleRainbow_Moesch_4500.jpg'
INFO: 2024-09-19 22:57:34,069: save_locally() 'Origin URL: https://apod.nasa.gov/apod/ap221227.html'
INFO: 2024-09-19 22:57:34,069: save_locally() 'Image URL: https://apod.nasa.gov/apod/image/2212/FullCircleRainbow_Moesch_4500.jpg'
INFO: 2024-09-19 22:57:34,069: save_locally() 'Local path: /home/pawel/.config/variety/Downloaded/nasa_apod/FullCircleRainbow_Moesch_4500.jpg'
INFO: 2024-09-19 22:57:37,157: save_locally() 'Download complete'
INFO: 2024-09-19 22:57:37,158: update_indicator() 'Setting file info to: /home/pawel/.config/variety/Downloaded/nasa_apod/GianniTumino_Moon_Rays_JPG_LOGO_4000pix.jpg'
INFO: 2024-09-19 22:57:37,165: list_files() 'More than 1 files in the folders, stop listing'
INFO: 2024-09-19 22:57:37,166: download_one_from() 'Adding downloaded file /home/pawel/.config/variety/Downloaded/nasa_apod/FullCircleRainbow_Moesch_4500.jpg to unseen_downloads'
INFO: 2024-09-19 22:58:00,992: clock_thread_method() 'clock_thread updates wallpaper'
INFO: 2024-09-19 22:58:00,993: do_set_wp() 'Calling do_set_wp with /home/pawel/.config/variety/Downloaded/nasa_apod/GianniTumino_Moon_Rays_JPG_LOGO_4000pix.jpg, time: 1726779480.9931018'
INFO: 2024-09-19 22:58:00,994: compute_trimmed_offsets() 'Trimmed offsets debug info: w:1920, h:1080, ratio:1.777778, iw:4000, ih:2667, scw:1920, sch:1280, ho:0, vo:100'
INFO: 2024-09-19 22:58:00,995: build_imagemagick_clock_cmd() 'Applying clock filter: -density 100 -font `fc-match -f '%{file[0]}' 'Ubuntu Nerd Font:60'` -pointsize 60 -gravity SouthEast -fill '#00000044' -annotate 0x0+58+208 '22:58' -fill white -annotate 0x0+60+210 '22:58' -font `fc-match -f '%{file[0]}' 'Ubuntu Nerd Font:Medium:26'` -pointsize 26 -fill '#00000044' -annotate 0x0+58+158 'czwartek, września 19' -fill white -annotate 0x0+60+160 'czwartek, września 19''
INFO: 2024-09-19 22:58:00,995: build_imagemagick_clock_cmd() 'ImageMagick clock cmd: convert /home/pawel/.config/variety/Downloaded/nasa_apod/GianniTumino_Moon_Rays_JPG_LOGO_4000pix.jpg -scale 1920x1080^ -density 100 -font `fc-match -f '%{file[0]}' 'Ubuntu Nerd Font:60'` -pointsize 60 -gravity SouthEast -fill '#00000044' -annotate 0x0+58+208 '22:58' -fill white -annotate 0x0+60+210 '22:58' -font `fc-match -f '%{file[0]}' 'Ubuntu Nerd Font:Medium:26'` -pointsize 26 -fill '#00000044' -annotate 0x0+58+158 'czwartek, września 19' -fill white -annotate 0x0+60+160 'czwartek, września 19' /home/pawel/.config/variety/wallpaper/wallpaper-clock-58ca1da218039ae56bdd4333ef9af925.jpg'
INFO: 2024-09-19 22:58:01,253: update_indicator() 'Setting file info to: /home/pawel/.config/variety/Downloaded/nasa_apod/GianniTumino_Moon_Rays_JPG_LOGO_4000pix.jpg'
INFO: 2024-09-19 22:58:01,255: list_files() 'More than 1 files in the folders, stop listing'
INFO: 2024-09-19 22:58:22,474: process_command() 'Received command: ['-n']'
INFO: 2024-09-19 22:58:22,476: set_wallpaper() 'Calling set_wallpaper with /home/pawel/.config/variety/Downloaded/nasa_apod/EtaCarinae_HubbleSchmidt_1764.jpg'
INFO: 2024-09-19 22:58:22,476: prepare_thread() 'Prepared buffer contains 95 images'
INFO: 2024-09-19 22:58:22,476: do_set_wp() 'Calling do_set_wp with /home/pawel/.config/variety/Downloaded/nasa_apod/EtaCarinae_HubbleSchmidt_1764.jpg, time: 1726779502.4769814'
INFO: 2024-09-19 22:58:22,485: compute_trimmed_offsets() 'Trimmed offsets debug info: w:1920, h:1080, ratio:1.777778, iw:1764, ih:1547, scw:1920, sch:1683, ho:0, vo:301'
INFO: 2024-09-19 22:58:22,485: build_imagemagick_clock_cmd() 'Applying clock filter: -density 100 -font `fc-match -f '%{file[0]}' 'Ubuntu Nerd Font:60'` -pointsize 60 -gravity SouthEast -fill '#00000044' -annotate 0x0+58+409 '22:58' -fill white -annotate 0x0+60+411 '22:58' -font `fc-match -f '%{file[0]}' 'Ubuntu Nerd Font:Medium:26'` -pointsize 26 -fill '#00000044' -annotate 0x0+58+359 'czwartek, września 19' -fill white -annotate 0x0+60+361 'czwartek, września 19''
INFO: 2024-09-19 22:58:22,485: build_imagemagick_clock_cmd() 'ImageMagick clock cmd: convert /home/pawel/.config/variety/Downloaded/nasa_apod/EtaCarinae_HubbleSchmidt_1764.jpg -scale 1920x1080^ -density 100 -font `fc-match -f '%{file[0]}' 'Ubuntu Nerd Font:60'` -pointsize 60 -gravity SouthEast -fill '#00000044' -annotate 0x0+58+409 '22:58' -fill white -annotate 0x0+60+411 '22:58' -font `fc-match -f '%{file[0]}' 'Ubuntu Nerd Font:Medium:26'` -pointsize 26 -fill '#00000044' -annotate 0x0+58+359 'czwartek, września 19' -fill white -annotate 0x0+60+361 'czwartek, września 19' /home/pawel/.config/variety/wallpaper/wallpaper-clock-7addc533279a50e4b5b226d5985017f6.jpg'
INFO: 2024-09-19 22:58:22,641: update_indicator() 'Setting file info to: /home/pawel/.config/variety/Downloaded/nasa_apod/EtaCarinae_HubbleSchmidt_1764.jpg'
INFO: 2024-09-19 22:58:22,642: list_files() 'More than 1 files in the folders, stop listing'
INFO: 2024-09-19 22:58:24,476: trigger_download() 'Triggering download thread to check if download needed and possible'
INFO: 2024-09-19 22:58:24,477: trigger_download() 'Triggering download thread to check if download needed and possible'
INFO: 2024-09-19 22:58:24,478: get_throttling() 'NASA Astro Pic of the Day: parsing serverside options'
INFO: 2024-09-19 22:58:24,478: get_throttling() 'Could not parse NASA Astro Pic of the Day serverside options, using defaults None, None'
INFO: 2024-09-19 22:58:24,478: get_throttling() 'NASA Astro Pic of the Day: parsing serverside options'
INFO: 2024-09-19 22:58:24,478: get_throttling() 'Could not parse NASA Astro Pic of the Day serverside options, using defaults None, None'
INFO: 2024-09-19 22:58:24,478: download_one() 'NASA Astro Pic of the Day: Downloading an image, config: None'
INFO: 2024-09-19 22:58:24,478: download_one() 'NASA Astro Pic of the Day: Queue size: 723'
INFO: 2024-09-19 22:58:24,478: download_one() 'NASA Astro Pic of the Day: Queue populated with 723 URLs'
INFO: 2024-09-19 22:58:24,478: download_queue_item() 'APOD URL: https://apod.nasa.gov/apod/ap230730.html'
INFO: 2024-09-19 22:58:24,944: download_queue_item() 'Image URL: https://apod.nasa.gov/apod/image/2307/AuroraPingvllir_Casado_1336.jpg'
INFO: 2024-09-19 22:58:24,944: save_locally() 'Origin URL: https://apod.nasa.gov/apod/ap230730.html'
INFO: 2024-09-19 22:58:24,944: save_locally() 'Image URL: https://apod.nasa.gov/apod/image/2307/AuroraPingvllir_Casado_1336.jpg'
INFO: 2024-09-19 22:58:24,944: save_locally() 'Local path: /home/pawel/.config/variety/Downloaded/nasa_apod/AuroraPingvllir_Casado_1336.jpg'
INFO: 2024-09-19 22:58:27,144: save_locally() 'Download complete'
INFO: 2024-09-19 22:58:27,145: update_indicator() 'Setting file info to: /home/pawel/.config/variety/Downloaded/nasa_apod/EtaCarinae_HubbleSchmidt_1764.jpg'
INFO: 2024-09-19 22:58:27,146: list_files() 'More than 1 files in the folders, stop listing'
INFO: 2024-09-19 22:58:27,147: prepare_thread() 'Prepared buffer contains 95 images'
INFO: 2024-09-19 22:58:28,147: get_throttling() 'NASA Astro Pic of the Day: parsing serverside options'
INFO: 2024-09-19 22:58:28,148: get_throttling() 'Could not parse NASA Astro Pic of the Day serverside options, using defaults None, None'
INFO: 2024-09-19 22:58:28,148: get_throttling() 'NASA Astro Pic of the Day: parsing serverside options'
INFO: 2024-09-19 22:58:28,148: get_throttling() 'Could not parse NASA Astro Pic of the Day serverside options, using defaults None, None'
INFO: 2024-09-19 22:58:28,148: download_one() 'NASA Astro Pic of the Day: Downloading an image, config: None'
INFO: 2024-09-19 22:58:28,148: download_one() 'NASA Astro Pic of the Day: Queue size: 722'
INFO: 2024-09-19 22:58:28,148: download_one() 'NASA Astro Pic of the Day: Queue populated with 722 URLs'
INFO: 2024-09-19 22:58:28,148: download_queue_item() 'APOD URL: https://apod.nasa.gov/apod/ap240124.html'
INFO: 2024-09-19 22:58:28,610: download_queue_item() 'Image URL: https://apod.nasa.gov/apod/image/2401/EarthMoon_Artemis1Saunders_1600.jpg'
INFO: 2024-09-19 22:58:28,610: save_locally() 'Origin URL: https://apod.nasa.gov/apod/ap240124.html'
INFO: 2024-09-19 22:58:28,610: save_locally() 'Image URL: https://apod.nasa.gov/apod/image/2401/EarthMoon_Artemis1Saunders_1600.jpg'
INFO: 2024-09-19 22:58:28,610: save_locally() 'Local path: /home/pawel/.config/variety/Downloaded/nasa_apod/EarthMoon_Artemis1Saunders_1600.jpg'
INFO: 2024-09-19 22:58:29,147: trigger_download() 'Triggering download thread to check if download needed and possible'
INFO: 2024-09-19 22:58:30,981: save_locally() 'Download complete'
INFO: 2024-09-19 22:58:30,981: update_indicator() 'Setting file info to: /home/pawel/.config/variety/Downloaded/nasa_apod/EtaCarinae_HubbleSchmidt_1764.jpg'
INFO: 2024-09-19 22:58:30,982: list_files() 'More than 1 files in the folders, stop listing'
INFO: 2024-09-19 22:58:30,982: prepare_thread() 'Prepared buffer contains 95 images'
INFO: 2024-09-19 22:58:31,983: get_throttling() 'Earth View: parsing serverside options'
INFO: 2024-09-19 22:58:31,983: get_throttling() 'Could not parse Earth View serverside options, using defaults 20, None'
INFO: 2024-09-19 22:58:31,983: get_throttling() 'Earth View: parsing serverside options'
INFO: 2024-09-19 22:58:31,983: get_throttling() 'Could not parse Earth View serverside options, using defaults 20, None'
INFO: 2024-09-19 22:58:31,983: download_one() 'Earth View: Downloading an image, config: None'
INFO: 2024-09-19 22:58:31,983: download_one() 'Earth View: Queue size: 0'
INFO: 2024-09-19 22:58:31,983: get_throttling() 'Earth View: parsing serverside options'
INFO: 2024-09-19 22:58:31,983: get_throttling() 'Could not parse Earth View serverside options, using defaults 20, None'
INFO: 2024-09-19 22:58:31,983: download_one() 'Earth View: Filling queue'
ERROR: 2024-09-19 22:58:32,189: download_one_from() 'Could not download wallpaper:'
Traceback (most recent call last):
  File "/usr/lib/python3.12/site-packages/variety/VarietyWindow.py", line 1164, in download_one_from
    file = downloader.download_one()
           ^^^^^^^^^^^^^^^^^^^^^^^^^
  File "/usr/lib/python3.12/site-packages/variety/plugins/downloaders/DefaultDownloader.py", line 141, in download_one
    items = self.fill_queue()
            ^^^^^^^^^^^^^^^^^
  File "/usr/lib/python3.12/site-packages/variety/plugins/builtin/downloaders/EarthviewDownloader.py", line 57, in fill_queue
    queue = Util.fetch_json(DATA_URL)
            ^^^^^^^^^^^^^^^^^^^^^^^^^
  File "/usr/lib/python3.12/site-packages/variety/Util.py", line 684, in fetch_json
    return Util.request(url, data, **request_kwargs).json()
           ^^^^^^^^^^^^^^^^^^^^^^^^^^^^^^^^^^^^^^^^^
  File "/usr/lib/python3.12/site-packages/variety/Util.py", line 663, in request
    r.raise_for_status()
  File "/usr/lib/python3.12/site-packages/requests/models.py", line 1024, in raise_for_status
    raise HTTPError(http_error_msg, response=self)
requests.exceptions.HTTPError: 404 Client Error: Not Found for url: https://earthview.withgoogle.com/_api/photos.json
INFO: 2024-09-19 22:58:32,982: trigger_download() 'Triggering download thread to check if download needed and possible'
INFO: 2024-09-19 22:58:33,191: get_throttling() 'National Geographic: parsing serverside options'
INFO: 2024-09-19 22:58:33,192: get_throttling() 'Could not parse National Geographic serverside options, using defaults None, None'
INFO: 2024-09-19 22:58:33,192: get_throttling() 'National Geographic: parsing serverside options'
INFO: 2024-09-19 22:58:33,192: get_throttling() 'Could not parse National Geographic serverside options, using defaults None, None'
INFO: 2024-09-19 22:58:33,192: download_one() 'National Geographic: Downloading an image, config: None'
INFO: 2024-09-19 22:58:33,192: download_one() 'National Geographic: Queue size: 0'
INFO: 2024-09-19 22:58:33,192: get_throttling() 'National Geographic: parsing serverside options'
INFO: 2024-09-19 22:58:33,192: get_throttling() 'Could not parse National Geographic serverside options, using defaults None, None'
INFO: 2024-09-19 22:58:33,192: download_one() 'National Geographic: Filling queue'
ERROR: 2024-09-19 22:58:33,370: download_one_from() 'Could not download wallpaper:'
Traceback (most recent call last):
  File "/usr/lib/python3.12/site-packages/requests/models.py", line 974, in json
    return complexjson.loads(self.text, **kwargs)
           ^^^^^^^^^^^^^^^^^^^^^^^^^^^^^^^^^^^^^^
  File "/usr/lib/python3.12/json/__init__.py", line 346, in loads
    return _default_decoder.decode(s)
           ^^^^^^^^^^^^^^^^^^^^^^^^^^
  File "/usr/lib/python3.12/json/decoder.py", line 337, in decode
    obj, end = self.raw_decode(s, idx=_w(s, 0).end())
               ^^^^^^^^^^^^^^^^^^^^^^^^^^^^^^^^^^^^^^
  File "/usr/lib/python3.12/json/decoder.py", line 355, in raw_decode
    raise JSONDecodeError("Expecting value", s, err.value) from None
json.decoder.JSONDecodeError: Expecting value: line 2 column 9 (char 9)

During handling of the above exception, another exception occurred:

Traceback (most recent call last):
  File "/usr/lib/python3.12/site-packages/variety/VarietyWindow.py", line 1164, in download_one_from
    file = downloader.download_one()
           ^^^^^^^^^^^^^^^^^^^^^^^^^
  File "/usr/lib/python3.12/site-packages/variety/plugins/downloaders/DefaultDownloader.py", line 141, in download_one
    items = self.fill_queue()
            ^^^^^^^^^^^^^^^^^
  File "/usr/lib/python3.12/site-packages/variety/plugins/builtin/downloaders/NationalGeographicDownloader.py", line 54, in fill_queue
    queue = Util.fetch_json(DATA_URL)
            ^^^^^^^^^^^^^^^^^^^^^^^^^
  File "/usr/lib/python3.12/site-packages/variety/Util.py", line 684, in fetch_json
    return Util.request(url, data, **request_kwargs).json()
           ^^^^^^^^^^^^^^^^^^^^^^^^^^^^^^^^^^^^^^^^^^^^^^^^
  File "/usr/lib/python3.12/site-packages/requests/models.py", line 978, in json
    raise RequestsJSONDecodeError(e.msg, e.doc, e.pos)
requests.exceptions.JSONDecodeError: Expecting value: line 2 column 9 (char 9)
INFO: 2024-09-19 22:58:34,373: get_throttling() 'Bing: parsing serverside options'
INFO: 2024-09-19 22:58:34,373: get_throttling() 'Could not parse Bing serverside options, using defaults None, None'
INFO: 2024-09-19 22:58:34,373: get_throttling() 'Bing: parsing serverside options'
INFO: 2024-09-19 22:58:34,373: get_throttling() 'Could not parse Bing serverside options, using defaults None, None'
INFO: 2024-09-19 22:58:34,373: download_one() 'Bing: Downloading an image, config: None'
INFO: 2024-09-19 22:58:34,373: download_one() 'Bing: Queue size: 5'
INFO: 2024-09-19 22:58:34,373: download_one() 'Bing: Queue populated with 5 URLs'
INFO: 2024-09-19 22:58:34,374: save_locally() 'Origin URL: https://www.bing.com/search?q=Gujo+Hachiman+Castle&form=hpcapt&filters=HpDate%3a%2220240918_0700%22'
INFO: 2024-09-19 22:58:34,374: save_locally() 'Image URL: https://www.bing.com/th?id=OHR.GujoHachiman_EN-US5502837623_UHD.jpg'
INFO: 2024-09-19 22:58:34,374: save_locally() 'Local path: /home/pawel/.config/variety/Downloaded/Bing/OHR.GujoHachiman_EN-US5502837623_UHD.jpg'
INFO: 2024-09-19 22:58:34,374: save_locally() 'File already exists, skip downloading'
INFO: 2024-09-19 22:58:35,375: get_throttling() 'NASA Astro Pic of the Day: parsing serverside options'
INFO: 2024-09-19 22:58:35,375: get_throttling() 'Could not parse NASA Astro Pic of the Day serverside options, using defaults None, None'
INFO: 2024-09-19 22:58:35,375: get_throttling() 'NASA Astro Pic of the Day: parsing serverside options'
INFO: 2024-09-19 22:58:35,375: get_throttling() 'Could not parse NASA Astro Pic of the Day serverside options, using defaults None, None'
INFO: 2024-09-19 22:58:35,375: download_one() 'NASA Astro Pic of the Day: Downloading an image, config: None'
INFO: 2024-09-19 22:58:35,375: download_one() 'NASA Astro Pic of the Day: Queue size: 721'
INFO: 2024-09-19 22:58:35,375: download_one() 'NASA Astro Pic of the Day: Queue populated with 721 URLs'
INFO: 2024-09-19 22:58:35,375: download_queue_item() 'APOD URL: https://apod.nasa.gov/apod/ap230929.html'
INFO: 2024-09-19 22:58:35,844: download_queue_item() 'Image URL: https://apod.nasa.gov/apod/image/2309/BackFromBennu.jpg'
INFO: 2024-09-19 22:58:35,844: save_locally() 'Origin URL: https://apod.nasa.gov/apod/ap230929.html'
INFO: 2024-09-19 22:58:35,844: save_locally() 'Image URL: https://apod.nasa.gov/apod/image/2309/BackFromBennu.jpg'
INFO: 2024-09-19 22:58:35,844: save_locally() 'Local path: /home/pawel/.config/variety/Downloaded/nasa_apod/BackFromBennu.jpg'
INFO: 2024-09-19 22:58:42,412: save_locally() 'Download complete'
INFO: 2024-09-19 22:58:42,412: update_indicator() 'Setting file info to: /home/pawel/.config/variety/Downloaded/nasa_apod/EtaCarinae_HubbleSchmidt_1764.jpg'
INFO: 2024-09-19 22:58:42,413: list_files() 'More than 1 files in the folders, stop listing'
INFO: 2024-09-19 22:58:42,413: download_one_from() 'Adding downloaded file /home/pawel/.config/variety/Downloaded/nasa_apod/BackFromBennu.jpg to unseen_downloads'
