INFO: 2024-11-25 20:32:33,487: main() 'Using profile folder /home/pawel/.config/variety/'
INFO: 2024-11-25 20:32:33,488: perform_upgrade() 'Last run version was 0.8.12 or earlier, current version is 0.8.12'
INFO: 2024-11-25 20:32:33,572: process_command() 'Received command: ['-n']'
INFO: 2024-11-25 20:32:33,573: start() 'Using data_path /usr/share/variety'
INFO: 2024-11-25 20:32:33,573: load() 'Jumble loading'
INFO: 2024-11-25 20:32:33,574: _walk_modules() 'Jumble loading module in __init__ from /usr/lib/python3.12/site-packages/variety/plugins/builtin/__init__.py'
INFO: 2024-11-25 20:32:33,574: _walk_modules() 'Jumble loading module in GnomeDisplayModesPlugin from /usr/lib/python3.12/site-packages/variety/plugins/builtin/display_modes/GnomeDisplayModesPlugin.py'
INFO: 2024-11-25 20:32:33,574: load() 'Jumble found plugin class: <class 'GnomeDisplayModesPlugin.GnomeDisplayModesPlugin'>: {'name': 'GnomeDisplayModesPlugin', 'description': 'Display modes relying on the underlying desktop environment', 'version': '1.0', 'author': 'Peter Levi'}'
INFO: 2024-11-25 20:32:33,574: _walk_modules() 'Jumble loading module in LegacyDisplayModesPlugin from /usr/lib/python3.12/site-packages/variety/plugins/builtin/display_modes/LegacyDisplayModesPlugin.py'
INFO: 2024-11-25 20:32:33,574: load() 'Jumble found plugin class: <class 'LegacyDisplayModesPlugin.LegacyDisplayModesPlugin'>: {'name': 'LegacyDisplayModesPlugin', 'description': 'Legacy display mode for compatibility with past Variety versions', 'version': '1.0', 'author': 'Peter Levi'}'
INFO: 2024-11-25 20:32:33,574: _walk_modules() 'Jumble loading module in ResizingDisplayModesPlugin from /usr/lib/python3.12/site-packages/variety/plugins/builtin/display_modes/ResizingDisplayModesPlugin.py'
INFO: 2024-11-25 20:32:33,575: load() 'Jumble found plugin class: <class 'ResizingDisplayModesPlugin.ResizingDisplayModesPlugin'>: {'name': 'ResizingDisplayModesPlugin', 'description': 'Display modes that use image resizing within Variety', 'version': '1.0', 'author': 'Peter Levi'}'
INFO: 2024-11-25 20:32:33,575: _walk_modules() 'Jumble loading module in __init__ from /usr/lib/python3.12/site-packages/variety/plugins/builtin/display_modes/__init__.py'
INFO: 2024-11-25 20:32:33,575: _walk_modules() 'Jumble loading module in APODDownloader from /usr/lib/python3.12/site-packages/variety/plugins/builtin/downloaders/APODDownloader.py'
INFO: 2024-11-25 20:32:33,576: load() 'Jumble found plugin class: <class 'APODDownloader.APODDownloader'>: {'name': 'APODDownloader', 'description': 'NASA Astro Pic of the Day', 'author': 'Peter Levi', 'version': '0.1'}'
INFO: 2024-11-25 20:32:33,576: _walk_modules() 'Jumble loading module in ArtStationDownloader from /usr/lib/python3.12/site-packages/variety/plugins/builtin/downloaders/ArtStationDownloader.py'
INFO: 2024-11-25 20:32:33,576: _walk_modules() 'Jumble loading module in ArtStationSource from /usr/lib/python3.12/site-packages/variety/plugins/builtin/downloaders/ArtStationSource.py'
INFO: 2024-11-25 20:32:33,577: load() 'Jumble found plugin class: <class 'ArtStationSource.ArtStationSource'>: {'name': 'ArtStationSource', 'description': 'Configurable source for fetching images from ArtStation', 'author': 'Denis Gordeev', 'version': '0.1'}'
INFO: 2024-11-25 20:32:33,577: _walk_modules() 'Jumble loading module in BingDownloader from /usr/lib/python3.12/site-packages/variety/plugins/builtin/downloaders/BingDownloader.py'
INFO: 2024-11-25 20:32:33,577: load() 'Jumble found plugin class: <class 'BingDownloader.BingDownloader'>: {'name': 'BingDownloader', 'description': 'Bing Photo of the Day', 'author': 'Peter Levi', 'version': '0.1'}'
INFO: 2024-11-25 20:32:33,577: _walk_modules() 'Jumble loading module in EarthviewDownloader from /usr/lib/python3.12/site-packages/variety/plugins/builtin/downloaders/EarthviewDownloader.py'
INFO: 2024-11-25 20:32:33,578: load() 'Jumble found plugin class: <class 'EarthviewDownloader.EarthviewDownloader'>: {'name': 'EarthviewDownloader', 'description': 'Google Earth View Wallpapers', 'author': 'Peter Levi', 'version': '0.1'}'
INFO: 2024-11-25 20:32:33,578: _walk_modules() 'Jumble loading module in MediaRSSDownloader from /usr/lib/python3.12/site-packages/variety/plugins/builtin/downloaders/MediaRSSDownloader.py'
INFO: 2024-11-25 20:32:33,578: _walk_modules() 'Jumble loading module in MediaRSSSource from /usr/lib/python3.12/site-packages/variety/plugins/builtin/downloaders/MediaRSSSource.py'
INFO: 2024-11-25 20:32:33,579: load() 'Jumble found plugin class: <class 'MediaRSSSource.MediaRSSSource'>: {'name': 'MediaRSSSource', 'description': 'Configurable source for fetching images from MediaRSS feeds', 'author': 'Peter Levi', 'version': '0.1'}'
INFO: 2024-11-25 20:32:33,579: _walk_modules() 'Jumble loading module in NationalGeographicDownloader from /usr/lib/python3.12/site-packages/variety/plugins/builtin/downloaders/NationalGeographicDownloader.py'
INFO: 2024-11-25 20:32:33,579: load() 'Jumble found plugin class: <class 'NationalGeographicDownloader.NationalGeographicDownloader'>: {'name': 'NationalGeographicDownloader', 'description': "National Geographic's photo of the day", 'author': 'Eric RÃ¶sch', 'version': '0.1'}'
INFO: 2024-11-25 20:32:33,579: _walk_modules() 'Jumble loading module in RedditDownloader from /usr/lib/python3.12/site-packages/variety/plugins/builtin/downloaders/RedditDownloader.py'
INFO: 2024-11-25 20:32:33,579: _walk_modules() 'Jumble loading module in RedditSource from /usr/lib/python3.12/site-packages/variety/plugins/builtin/downloaders/RedditSource.py'
INFO: 2024-11-25 20:32:33,580: load() 'Jumble found plugin class: <class 'RedditSource.RedditSource'>: {'name': 'RedditSource', 'description': 'Configurable source for fetching images from Reddit', 'author': 'Peter Levi', 'version': '0.1'}'
INFO: 2024-11-25 20:32:33,580: _walk_modules() 'Jumble loading module in UnsplashConfigurableSource from /usr/lib/python3.12/site-packages/variety/plugins/builtin/downloaders/UnsplashConfigurableSource.py'
INFO: 2024-11-25 20:32:33,581: load() 'Jumble found plugin class: <class 'UnsplashConfigurableSource.UnsplashConfigurableSource'>: {'name': 'UnsplashConfigurableSource', 'description': 'Configurable source for fetching photos from Unsplash.com', 'author': 'Peter Levi', 'version': '0.1'}'
INFO: 2024-11-25 20:32:33,581: _walk_modules() 'Jumble loading module in UnsplashDownloader from /usr/lib/python3.12/site-packages/variety/plugins/builtin/downloaders/UnsplashDownloader.py'
INFO: 2024-11-25 20:32:33,581: load() 'Jumble found plugin class: <class 'UnsplashDownloader.UnsplashDownloader'>: {'name': 'UnsplashDownloader', 'description': 'High-resolution photos from Unsplash.com', 'author': 'Peter Levi', 'version': '0.1'}'
INFO: 2024-11-25 20:32:33,581: _walk_modules() 'Jumble loading module in WallhavenDownloader from /usr/lib/python3.12/site-packages/variety/plugins/builtin/downloaders/WallhavenDownloader.py'
INFO: 2024-11-25 20:32:33,582: _walk_modules() 'Jumble loading module in WallhavenLegacyDownloader from /usr/lib/python3.12/site-packages/variety/plugins/builtin/downloaders/WallhavenLegacyDownloader.py'
INFO: 2024-11-25 20:32:33,582: _walk_modules() 'Jumble loading module in WallhavenSource from /usr/lib/python3.12/site-packages/variety/plugins/builtin/downloaders/WallhavenSource.py'
INFO: 2024-11-25 20:32:33,583: load() 'Jumble found plugin class: <class 'WallhavenSource.WallhavenSource'>: {'name': 'WallhavenSource', 'description': 'Configurable source for fetching images from Wallhaven.cc', 'author': 'Peter Levi', 'version': '0.1'}'
INFO: 2024-11-25 20:32:33,583: _walk_modules() 'Jumble loading module in __init__ from /usr/lib/python3.12/site-packages/variety/plugins/builtin/downloaders/__init__.py'
INFO: 2024-11-25 20:32:33,583: _walk_modules() 'Jumble loading module in FortuneSource from /usr/lib/python3.12/site-packages/variety/plugins/builtin/quotes/FortuneSource.py'
INFO: 2024-11-25 20:32:33,583: load() 'Jumble found plugin class: <class 'FortuneSource.FortuneSource'>: {'name': 'UNIX fortune program', 'description': 'Displays quotes using the UNIX fortune program. You may want to install additional fortune packs, e.g. fortunes-bofh-excuses.', 'author': 'Dan Jones', 'version': '0.1'}'
INFO: 2024-11-25 20:32:33,583: _walk_modules() 'Jumble loading module in GoodreadsSource from /usr/lib/python3.12/site-packages/variety/plugins/builtin/quotes/GoodreadsSource.py'
INFO: 2024-11-25 20:32:33,603: load() 'Jumble found plugin class: <class 'GoodreadsSource.GoodreadsSource'>: {'name': 'Goodreads', 'description': 'Fetches quotes from Goodreads.com', 'author': 'Peter Levi', 'version': '0.1'}'
INFO: 2024-11-25 20:32:33,603: _walk_modules() 'Jumble loading module in LocalFilesSource from /usr/lib/python3.12/site-packages/variety/plugins/builtin/quotes/LocalFilesSource.py'
INFO: 2024-11-25 20:32:33,604: load() 'Jumble found plugin class: <class 'LocalFilesSource.LocalFilesSource'>: {'name': 'Local text files', 'description': 'Displays quotes, defined in local text files.\nPut your own txt files in: ~/.config/variety/pluginconfig/quotes/.\nThe file format is:\n\nquote -- author\n.\nsecond quote -- another author\n.\netc...\n\nExample: http://rvelthuis.de/zips/quotes.txt', 'author': 'Peter Levi', 'version': '0.1'}'
INFO: 2024-11-25 20:32:33,604: _walk_modules() 'Jumble loading module in QuotationsPageSource from /usr/lib/python3.12/site-packages/variety/plugins/builtin/quotes/QuotationsPageSource.py'
INFO: 2024-11-25 20:32:33,604: load() 'Jumble found plugin class: <class 'QuotationsPageSource.QuotationsPageSource'>: {'name': 'TheQuotationsPage.com', 'description': 'Fetches quotes from TheQuotationsPage.com', 'author': 'Peter Levi', 'version': '0.1'}'
INFO: 2024-11-25 20:32:33,604: _walk_modules() 'Jumble loading module in UrbanDictionarySource from /usr/lib/python3.12/site-packages/variety/plugins/builtin/quotes/UrbanDictionarySource.py'
INFO: 2024-11-25 20:32:33,605: load() 'Jumble found plugin class: <class 'UrbanDictionarySource.UrbanDictionarySource'>: {'name': 'Urban Dictionary', 'description': 'Displays definitions from Urban Dictionary', 'author': 'James Miller', 'version': '0.1'}'
INFO: 2024-11-25 20:32:33,605: _walk_modules() 'Jumble loading module in __init__ from /usr/lib/python3.12/site-packages/variety/plugins/builtin/quotes/__init__.py'
INFO: 2024-11-25 20:32:33,610: reload_config() 'Creating new downloader for type apod, location NASA's Astronomy Picture of the Day'
INFO: 2024-11-25 20:32:33,610: reload_config() 'Creating new downloader for type bing, location Bing Photo of the Day'
INFO: 2024-11-25 20:32:33,610: reload_config() 'Creating new downloader for type earthview, location Google Earth View Wallpapers'
INFO: 2024-11-25 20:32:33,610: reload_config() 'Creating new downloader for type natgeo, location National Geographic's photo of the day'
INFO: 2024-11-25 20:32:33,610: reload_config() 'Creating new downloader for type reddit, location https://www.reddit.com/r/ultrahdwallpapers/top/?t=all'
INFO: 2024-11-25 20:32:33,610: reload_config() 'Creating new downloader for type reddit, location https://www.reddit.com/r/wallpapers/top/?t=all'
INFO: 2024-11-25 20:32:33,611: log_options() 'Loaded options:'
INFO: 2024-11-25 20:32:33,611: log_options() 'change_enabled = True'
INFO: 2024-11-25 20:32:33,611: log_options() 'change_interval = 300'
INFO: 2024-11-25 20:32:33,611: log_options() 'change_on_start = False'
INFO: 2024-11-25 20:32:33,611: log_options() 'clipboard_enabled = False'
INFO: 2024-11-25 20:32:33,611: log_options() 'clipboard_hosts = ['wallhaven.cc', 'wallpapers.net', 'flickr.com', 'imgur.com', 'deviantart.com', 'interfacelift.com', 'vladstudio.com', 'imageshack.us', 'deviantart.net', 'imageshack.com']'
INFO: 2024-11-25 20:32:33,611: log_options() 'clipboard_use_whitelist = True'
INFO: 2024-11-25 20:32:33,611: log_options() 'clock_date_font = Ubuntu Nerd Font Medium 26'
INFO: 2024-11-25 20:32:33,611: log_options() 'clock_enabled = True'
INFO: 2024-11-25 20:32:33,611: log_options() 'clock_filter = -density 100 -font `fc-match -f '%{file[0]}' '%CLOCK_FONT_NAME'` -pointsize %CLOCK_FONT_SIZE -gravity SouthEast -fill '#00000044' -annotate 0x0+[%HOFFSET+58]+[%VOFFSET+108] '%H:%M' -fill white -annotate 0x0+[%HOFFSET+60]+[%VOFFSET+110] '%H:%M' -font `fc-match -f '%{file[0]}' '%DATE_FONT_NAME'` -pointsize %DATE_FONT_SIZE -fill '#00000044' -annotate 0x0+[%HOFFSET+58]+[%VOFFSET+58] '%A, %B %d' -fill white -annotate 0x0+[%HOFFSET+60]+[%VOFFSET+60] '%A, %B %d''
INFO: 2024-11-25 20:32:33,611: log_options() 'clock_font = Ubuntu Nerd Font 60'
INFO: 2024-11-25 20:32:33,611: log_options() 'configfile = /home/pawel/.config/variety/variety.conf'
INFO: 2024-11-25 20:32:33,611: log_options() 'copyto_enabled = False'
INFO: 2024-11-25 20:32:33,611: log_options() 'copyto_folder = Default'
INFO: 2024-11-25 20:32:33,611: log_options() 'desired_color = [160, 160, 160]'
INFO: 2024-11-25 20:32:33,611: log_options() 'desired_color_enabled = False'
INFO: 2024-11-25 20:32:33,611: log_options() 'download_folder = /home/pawel/.config/variety/Downloaded'
INFO: 2024-11-25 20:32:33,611: log_options() 'download_preference_ratio = 0.9'
INFO: 2024-11-25 20:32:33,611: log_options() 'favorites_folder = /home/pawel/.config/variety/Favorites'
INFO: 2024-11-25 20:32:33,611: log_options() 'favorites_operations = [['Downloaded', 'Copy'], ['Fetched', 'Move'], ['Others', 'Copy']]'
INFO: 2024-11-25 20:32:33,611: log_options() 'fetched_folder = /home/pawel/.config/variety/Fetched'
INFO: 2024-11-25 20:32:33,611: log_options() 'filters = [[False, 'Keep original', ''], [False, 'Grayscale', '-type Grayscale'], [False, 'Heavy blur', '-scale 20% -blur 0x10 -resize 500%'], [False, 'Soft blur', '-scale 20% -blur 0x2 -resize 500%'], [False, 'Oil painting', '-paint 8'], [False, 'Pointilism', '-spread 10 -noise 3'], [False, 'Pixellate', '-scale 3% -scale 3333%']]'
INFO: 2024-11-25 20:32:33,611: log_options() 'get_wallpaper_script = /home/pawel/.config/variety/scripts/get_wallpaper'
INFO: 2024-11-25 20:32:33,611: log_options() 'icon = Light'
INFO: 2024-11-25 20:32:33,611: log_options() 'internet_enabled = True'
INFO: 2024-11-25 20:32:33,611: log_options() 'lightness_enabled = False'
INFO: 2024-11-25 20:32:33,611: log_options() 'lightness_mode = 0'
INFO: 2024-11-25 20:32:33,611: log_options() 'min_rating = 2'
INFO: 2024-11-25 20:32:33,611: log_options() 'min_rating_enabled = False'
INFO: 2024-11-25 20:32:33,611: log_options() 'min_size = 80'
INFO: 2024-11-25 20:32:33,611: log_options() 'min_size_enabled = True'
INFO: 2024-11-25 20:32:33,611: log_options() 'quota_enabled = True'
INFO: 2024-11-25 20:32:33,611: log_options() 'quota_size = 1000'
INFO: 2024-11-25 20:32:33,611: log_options() 'quotes_authors = '
INFO: 2024-11-25 20:32:33,611: log_options() 'quotes_bg_color = [80, 80, 80]'
INFO: 2024-11-25 20:32:33,611: log_options() 'quotes_bg_opacity = 55'
INFO: 2024-11-25 20:32:33,611: log_options() 'quotes_change_enabled = False'
INFO: 2024-11-25 20:32:33,611: log_options() 'quotes_change_interval = 300'
INFO: 2024-11-25 20:32:33,611: log_options() 'quotes_disabled_sources = ['Urban Dictionary']'
INFO: 2024-11-25 20:32:33,611: log_options() 'quotes_enabled = False'
INFO: 2024-11-25 20:32:33,611: log_options() 'quotes_favorites_file = /home/pawel/.config/variety/favorite_quotes.txt'
INFO: 2024-11-25 20:32:33,611: log_options() 'quotes_font = Serif 30'
INFO: 2024-11-25 20:32:33,611: log_options() 'quotes_hpos = 100'
INFO: 2024-11-25 20:32:33,611: log_options() 'quotes_max_length = 250'
INFO: 2024-11-25 20:32:33,611: log_options() 'quotes_tags = '
INFO: 2024-11-25 20:32:33,611: log_options() 'quotes_text_color = [255, 255, 255]'
INFO: 2024-11-25 20:32:33,611: log_options() 'quotes_text_shadow = False'
INFO: 2024-11-25 20:32:33,611: log_options() 'quotes_vpos = 40'
INFO: 2024-11-25 20:32:33,611: log_options() 'quotes_width = 70'
INFO: 2024-11-25 20:32:33,611: log_options() 'safe_mode = False'
INFO: 2024-11-25 20:32:33,611: log_options() 'set_wallpaper_script = /home/pawel/.config/variety/scripts/set_wallpaper'
INFO: 2024-11-25 20:32:33,611: log_options() 'slideshow_custom_enabled = False'
INFO: 2024-11-25 20:32:33,611: log_options() 'slideshow_custom_folder = /home/pawel/Obrazy'
INFO: 2024-11-25 20:32:33,611: log_options() 'slideshow_downloads_enabled = False'
INFO: 2024-11-25 20:32:33,611: log_options() 'slideshow_fade = 0.4'
INFO: 2024-11-25 20:32:33,611: log_options() 'slideshow_favorites_enabled = True'
INFO: 2024-11-25 20:32:33,611: log_options() 'slideshow_mode = Fullscreen'
INFO: 2024-11-25 20:32:33,611: log_options() 'slideshow_monitor = All'
INFO: 2024-11-25 20:32:33,611: log_options() 'slideshow_pan = 0.05'
INFO: 2024-11-25 20:32:33,611: log_options() 'slideshow_seconds = 6.0'
INFO: 2024-11-25 20:32:33,611: log_options() 'slideshow_sort_order = Random'
INFO: 2024-11-25 20:32:33,611: log_options() 'slideshow_sources_enabled = True'
INFO: 2024-11-25 20:32:33,611: log_options() 'slideshow_zoom = 0.2'
INFO: 2024-11-25 20:32:33,611: log_options() 'smart_enabled = False'
INFO: 2024-11-25 20:32:33,611: log_options() 'smart_notice_shown = False'
INFO: 2024-11-25 20:32:33,611: log_options() 'smart_register_shown = False'
INFO: 2024-11-25 20:32:33,611: log_options() 'sources = [[False, 'favorites', 'The Favorites folder'], [False, 'fetched', 'The Fetched folder'], [False, 'folder', '/usr/share/backgrounds'], [False, 'flickr', 'user:www.flickr.com/photos/peter-levi/;user_id:93647178@N00;'], [True, 'apod', "NASA's Astronomy Picture of the Day"], [True, 'bing', 'Bing Photo of the Day'], [True, 'earthview', 'Google Earth View Wallpapers'], [True, 'natgeo', "National Geographic's photo of the day"], [False, 'unsplash', 'High-resolution photos from Unsplash.com'], [True, 'folder', '/usr/share/wallpapers'], [True, 'reddit', 'https://www.reddit.com/r/ultrahdwallpapers/top/?t=all'], [True, 'reddit', 'https://www.reddit.com/r/wallpapers/top/?t=all']]'
INFO: 2024-11-25 20:32:33,611: log_options() 'stats_enabled = True'
INFO: 2024-11-25 20:32:33,611: log_options() 'stats_notice_shown = False'
INFO: 2024-11-25 20:32:33,611: log_options() 'sync_enabled = True'
INFO: 2024-11-25 20:32:33,611: log_options() 'use_landscape_enabled = False'
INFO: 2024-11-25 20:32:33,611: log_options() 'wallhaven_api_key = '
INFO: 2024-11-25 20:32:33,611: log_options() 'wallpaper_auto_rotate = False'
INFO: 2024-11-25 20:32:33,611: log_options() 'wallpaper_display_mode = os'
INFO: 2024-11-25 20:32:33,611: reload_config() 'No need to clear prepared queue'
INFO: 2024-11-25 20:32:33,611: clock_thread_method() 'clock thread running'
INFO: 2024-11-25 20:32:33,611: update_indicator() 'Setting file info to: /home/pawel/.config/variety/Downloaded/nasa_apod/ABELL1060_LRGB_NASA.jpg'
INFO: 2024-11-25 20:32:33,612: load_banned() 'Missing or invalid banned URLs list, no URLs will be banned'
INFO: 2024-11-25 20:32:33,612: load_last_change_time() 'Change interval < 6 hours, ignore persisted last_change_time, wait initially the whole interval: 300'
INFO: 2024-11-25 20:32:33,612: update_indicator() 'Setting file info to: /home/pawel/.config/variety/Downloaded/nasa_apod/ABELL1060_LRGB_NASA.jpg'
INFO: 2024-11-25 20:32:33,612: regular_change_thread() 'regular_change thread running'
INFO: 2024-11-25 20:32:33,613: prepare_thread() 'Prepare thread running'
INFO: 2024-11-25 20:32:33,613: prepare_thread() 'Prepared buffer contains 0 images'
INFO: 2024-11-25 20:32:33,613: prepare_thread() 'Preparing some images'
INFO: 2024-11-25 20:32:33,613: get_throttling() 'Bing: parsing serverside options'
INFO: 2024-11-25 20:32:33,613: get_throttling() 'Could not parse Bing serverside options, using defaults None, None'
INFO: 2024-11-25 20:32:33,613: get_throttling() 'Bing: parsing serverside options'
INFO: 2024-11-25 20:32:33,613: get_throttling() 'Could not parse Bing serverside options, using defaults None, None'
INFO: 2024-11-25 20:32:33,613: download_one() 'Bing: Downloading an image, config: None'
INFO: 2024-11-25 20:32:33,613: download_one() 'Bing: Queue size: 0'
INFO: 2024-11-25 20:32:33,613: get_throttling() 'Bing: parsing serverside options'
INFO: 2024-11-25 20:32:33,613: get_throttling() 'Could not parse Bing serverside options, using defaults None, None'
INFO: 2024-11-25 20:32:33,613: download_one() 'Bing: Filling queue'
INFO: 2024-11-25 20:32:33,614: update_indicator_icon() 'Creating indicator'
WARNING: 2024-11-25 20:32:33,619: create_menu() 'Variety Slideshow is not installed. This is an optional extension adding pan-and-zoom slideshows to Variety: see https://github.com/peterlevi/variety-slideshow for details'
INFO: 2024-11-25 20:32:33,619: create_indicator() 'indicator backend: AppIndicator3'
INFO: 2024-11-25 20:32:33,637: set_from_theme_icon() 'Showing indicator icon variety-indicator from GTK theme'
INFO: 2024-11-25 20:32:33,645: prepare_thread() 'After search prepared buffer contains 31 images'
INFO: 2024-11-25 20:32:33,713: do_set_wp() 'Calling do_set_wp with /home/pawel/.config/variety/Downloaded/nasa_apod/ABELL1060_LRGB_NASA.jpg, time: 1732563153.713051'
INFO: 2024-11-25 20:32:33,714: compute_trimmed_offsets() 'Trimmed offsets debug info: w:1920, h:1080, ratio:1.777778, iw:4000, ih:3000, scw:1920, sch:1440, ho:0, vo:180'
INFO: 2024-11-25 20:32:33,715: build_imagemagick_clock_cmd() 'Applying clock filter: -density 100 -font `fc-match -f '%{file[0]}' 'Ubuntu Nerd Font:60'` -pointsize 60 -gravity SouthEast -fill '#00000044' -annotate 0x0+58+288 '20:32' -fill white -annotate 0x0+60+290 '20:32' -font `fc-match -f '%{file[0]}' 'Ubuntu Nerd Font:Medium:26'` -pointsize 26 -fill '#00000044' -annotate 0x0+58+238 'poniedziaÅek, listopada 25' -fill white -annotate 0x0+60+240 'poniedziaÅek, listopada 25''
INFO: 2024-11-25 20:32:33,715: build_imagemagick_clock_cmd() 'ImageMagick clock cmd: convert /home/pawel/.config/variety/Downloaded/nasa_apod/ABELL1060_LRGB_NASA.jpg -scale 1920x1080^ -density 100 -font `fc-match -f '%{file[0]}' 'Ubuntu Nerd Font:60'` -pointsize 60 -gravity SouthEast -fill '#00000044' -annotate 0x0+58+288 '20:32' -fill white -annotate 0x0+60+290 '20:32' -font `fc-match -f '%{file[0]}' 'Ubuntu Nerd Font:Medium:26'` -pointsize 26 -fill '#00000044' -annotate 0x0+58+238 'poniedziaÅek, listopada 25' -fill white -annotate 0x0+60+240 'poniedziaÅek, listopada 25' /home/pawel/.config/variety/wallpaper/wallpaper-clock-18fe9e452bbf0f0074da9d82cb296312.jpg'
INFO: 2024-11-25 20:32:33,797: download_one() 'Bing: Queue populated with 7 URLs'
INFO: 2024-11-25 20:32:33,797: save_locally() 'Origin URL: https://www.bing.com/search?q=Amboseli+National+Park+Kenya&form=hpcapt&filters=HpDate%3a%2220241125_0800%22'
INFO: 2024-11-25 20:32:33,797: save_locally() 'Image URL: https://www.bing.com/th?id=OHR.AmboseliGiraffes_EN-US9072366924_UHD.jpg'
INFO: 2024-11-25 20:32:33,797: save_locally() 'Local path: /home/pawel/.config/variety/Downloaded/Bing/OHR.AmboseliGiraffes_EN-US9072366924_UHD.jpg'
INFO: 2024-11-25 20:32:33,797: save_locally() 'File already exists, skip downloading'
INFO: 2024-11-25 20:32:33,994: update_indicator() 'Setting file info to: /home/pawel/.config/variety/Downloaded/nasa_apod/ABELL1060_LRGB_NASA.jpg'
INFO: 2024-11-25 20:32:33,994: list_files() 'More than 1 files in the folders, stop listing'
INFO: 2024-11-25 20:32:34,612: clock_thread_method() 'clock_thread updates wallpaper'
INFO: 2024-11-25 20:32:34,713: do_set_wp() 'Calling do_set_wp with /home/pawel/.config/variety/Downloaded/nasa_apod/ABELL1060_LRGB_NASA.jpg, time: 1732563154.7132416'
INFO: 2024-11-25 20:32:34,713: compute_trimmed_offsets() 'Trimmed offsets debug info: w:1920, h:1080, ratio:1.777778, iw:4000, ih:3000, scw:1920, sch:1440, ho:0, vo:180'
INFO: 2024-11-25 20:32:34,713: build_imagemagick_clock_cmd() 'Applying clock filter: -density 100 -font `fc-match -f '%{file[0]}' 'Ubuntu Nerd Font:60'` -pointsize 60 -gravity SouthEast -fill '#00000044' -annotate 0x0+58+288 '20:32' -fill white -annotate 0x0+60+290 '20:32' -font `fc-match -f '%{file[0]}' 'Ubuntu Nerd Font:Medium:26'` -pointsize 26 -fill '#00000044' -annotate 0x0+58+238 'poniedziaÅek, listopada 25' -fill white -annotate 0x0+60+240 'poniedziaÅek, listopada 25''
INFO: 2024-11-25 20:32:34,713: build_imagemagick_clock_cmd() 'ImageMagick clock cmd: convert /home/pawel/.config/variety/Downloaded/nasa_apod/ABELL1060_LRGB_NASA.jpg -scale 1920x1080^ -density 100 -font `fc-match -f '%{file[0]}' 'Ubuntu Nerd Font:60'` -pointsize 60 -gravity SouthEast -fill '#00000044' -annotate 0x0+58+288 '20:32' -fill white -annotate 0x0+60+290 '20:32' -font `fc-match -f '%{file[0]}' 'Ubuntu Nerd Font:Medium:26'` -pointsize 26 -fill '#00000044' -annotate 0x0+58+238 'poniedziaÅek, listopada 25' -fill white -annotate 0x0+60+240 'poniedziaÅek, listopada 25' /home/pawel/.config/variety/wallpaper/wallpaper-clock-860b0d0d45aa6942ad5ab1f70c0cf759.jpg'
INFO: 2024-11-25 20:32:34,788: reload() 'Reloading preferences dialog'
INFO: 2024-11-25 20:32:34,798: get_throttling() 'Earth View: parsing serverside options'
INFO: 2024-11-25 20:32:34,798: get_throttling() 'Could not parse Earth View serverside options, using defaults 20, None'
INFO: 2024-11-25 20:32:34,798: get_throttling() 'Earth View: parsing serverside options'
INFO: 2024-11-25 20:32:34,798: get_throttling() 'Could not parse Earth View serverside options, using defaults 20, None'
INFO: 2024-11-25 20:32:34,798: download_one() 'Earth View: Downloading an image, config: None'
INFO: 2024-11-25 20:32:34,798: download_one() 'Earth View: Queue size: 0'
INFO: 2024-11-25 20:32:34,798: get_throttling() 'Earth View: parsing serverside options'
INFO: 2024-11-25 20:32:34,798: get_throttling() 'Could not parse Earth View serverside options, using defaults 20, None'
INFO: 2024-11-25 20:32:34,798: download_one() 'Earth View: Filling queue'
INFO: 2024-11-25 20:32:34,986: update_indicator() 'Setting file info to: /home/pawel/.config/variety/Downloaded/nasa_apod/ABELL1060_LRGB_NASA.jpg'
INFO: 2024-11-25 20:32:34,987: list_files() 'More than 1 files in the folders, stop listing'
ERROR: 2024-11-25 20:32:34,997: download_one_from() 'Could not download wallpaper:'
Traceback (most recent call last):
  File "/usr/lib/python3.12/site-packages/variety/VarietyWindow.py", line 1164, in download_one_from
    file = downloader.download_one()
           ^^^^^^^^^^^^^^^^^^^^^^^^^
  File "/usr/lib/python3.12/site-packages/variety/plugins/downloaders/DefaultDownloader.py", line 141, in download_one
    items = self.fill_queue()
            ^^^^^^^^^^^^^^^^^
  File "/usr/lib/python3.12/site-packages/variety/plugins/builtin/downloaders/EarthviewDownloader.py", line 57, in fill_queue
    queue = Util.fetch_json(DATA_URL)
            ^^^^^^^^^^^^^^^^^^^^^^^^^
  File "/usr/lib/python3.12/site-packages/variety/Util.py", line 684, in fetch_json
    return Util.request(url, data, **request_kwargs).json()
           ^^^^^^^^^^^^^^^^^^^^^^^^^^^^^^^^^^^^^^^^^
  File "/usr/lib/python3.12/site-packages/variety/Util.py", line 663, in request
    r.raise_for_status()
  File "/usr/lib/python3.12/site-packages/requests/models.py", line 1024, in raise_for_status
    raise HTTPError(http_error_msg, response=self)
requests.exceptions.HTTPError: 404 Client Error: Not Found for url: https://earthview.withgoogle.com/_api/photos.json
INFO: 2024-11-25 20:32:35,646: trigger_download() 'Triggering download thread to check if download needed and possible'
INFO: 2024-11-25 20:32:35,998: get_throttling() 'National Geographic: parsing serverside options'
INFO: 2024-11-25 20:32:35,998: get_throttling() 'Could not parse National Geographic serverside options, using defaults None, None'
INFO: 2024-11-25 20:32:35,998: get_throttling() 'National Geographic: parsing serverside options'
INFO: 2024-11-25 20:32:35,998: get_throttling() 'Could not parse National Geographic serverside options, using defaults None, None'
INFO: 2024-11-25 20:32:35,998: download_one() 'National Geographic: Downloading an image, config: None'
INFO: 2024-11-25 20:32:35,998: download_one() 'National Geographic: Queue size: 0'
INFO: 2024-11-25 20:32:35,998: get_throttling() 'National Geographic: parsing serverside options'
INFO: 2024-11-25 20:32:35,999: get_throttling() 'Could not parse National Geographic serverside options, using defaults None, None'
INFO: 2024-11-25 20:32:35,999: download_one() 'National Geographic: Filling queue'
ERROR: 2024-11-25 20:32:36,238: download_one_from() 'Could not download wallpaper:'
Traceback (most recent call last):
  File "/usr/lib/python3.12/site-packages/requests/models.py", line 974, in json
    return complexjson.loads(self.text, **kwargs)
           ^^^^^^^^^^^^^^^^^^^^^^^^^^^^^^^^^^^^^^
  File "/usr/lib/python3.12/json/__init__.py", line 346, in loads
    return _default_decoder.decode(s)
           ^^^^^^^^^^^^^^^^^^^^^^^^^^
  File "/usr/lib/python3.12/json/decoder.py", line 337, in decode
    obj, end = self.raw_decode(s, idx=_w(s, 0).end())
               ^^^^^^^^^^^^^^^^^^^^^^^^^^^^^^^^^^^^^^
  File "/usr/lib/python3.12/json/decoder.py", line 355, in raw_decode
    raise JSONDecodeError("Expecting value", s, err.value) from None
json.decoder.JSONDecodeError: Expecting value: line 2 column 9 (char 9)

During handling of the above exception, another exception occurred:

Traceback (most recent call last):
  File "/usr/lib/python3.12/site-packages/variety/VarietyWindow.py", line 1164, in download_one_from
    file = downloader.download_one()
           ^^^^^^^^^^^^^^^^^^^^^^^^^
  File "/usr/lib/python3.12/site-packages/variety/plugins/downloaders/DefaultDownloader.py", line 141, in download_one
    items = self.fill_queue()
            ^^^^^^^^^^^^^^^^^
  File "/usr/lib/python3.12/site-packages/variety/plugins/builtin/downloaders/NationalGeographicDownloader.py", line 54, in fill_queue
    queue = Util.fetch_json(DATA_URL)
            ^^^^^^^^^^^^^^^^^^^^^^^^^
  File "/usr/lib/python3.12/site-packages/variety/Util.py", line 684, in fetch_json
    return Util.request(url, data, **request_kwargs).json()
           ^^^^^^^^^^^^^^^^^^^^^^^^^^^^^^^^^^^^^^^^^^^^^^^^
  File "/usr/lib/python3.12/site-packages/requests/models.py", line 978, in json
    raise RequestsJSONDecodeError(e.msg, e.doc, e.pos)
requests.exceptions.JSONDecodeError: Expecting value: line 2 column 9 (char 9)
INFO: 2024-11-25 20:32:36,574: set_wallpaper() 'Calling set_wallpaper with /home/pawel/.config/variety/Downloaded/nasa_apod/NGC1975RunningMan.jpg'
INFO: 2024-11-25 20:32:36,574: prepare_thread() 'Prepared buffer contains 31 images'
INFO: 2024-11-25 20:32:36,575: do_set_wp() 'Calling do_set_wp with /home/pawel/.config/variety/Downloaded/nasa_apod/NGC1975RunningMan.jpg, time: 1732563156.575613'
INFO: 2024-11-25 20:32:36,584: compute_trimmed_offsets() 'Trimmed offsets debug info: w:1920, h:1080, ratio:1.777778, iw:6153, ih:4071, scw:1920, sch:1270, ho:0, vo:95'
INFO: 2024-11-25 20:32:36,584: build_imagemagick_clock_cmd() 'Applying clock filter: -density 100 -font `fc-match -f '%{file[0]}' 'Ubuntu Nerd Font:60'` -pointsize 60 -gravity SouthEast -fill '#00000044' -annotate 0x0+58+203 '20:32' -fill white -annotate 0x0+60+205 '20:32' -font `fc-match -f '%{file[0]}' 'Ubuntu Nerd Font:Medium:26'` -pointsize 26 -fill '#00000044' -annotate 0x0+58+153 'poniedziaÅek, listopada 25' -fill white -annotate 0x0+60+155 'poniedziaÅek, listopada 25''
INFO: 2024-11-25 20:32:36,584: build_imagemagick_clock_cmd() 'ImageMagick clock cmd: convert /home/pawel/.config/variety/Downloaded/nasa_apod/NGC1975RunningMan.jpg -scale 1920x1080^ -density 100 -font `fc-match -f '%{file[0]}' 'Ubuntu Nerd Font:60'` -pointsize 60 -gravity SouthEast -fill '#00000044' -annotate 0x0+58+203 '20:32' -fill white -annotate 0x0+60+205 '20:32' -font `fc-match -f '%{file[0]}' 'Ubuntu Nerd Font:Medium:26'` -pointsize 26 -fill '#00000044' -annotate 0x0+58+153 'poniedziaÅek, listopada 25' -fill white -annotate 0x0+60+155 'poniedziaÅek, listopada 25' /home/pawel/.config/variety/wallpaper/wallpaper-clock-bcffddb8a4c913aa280b732ce52a2394.jpg'
INFO: 2024-11-25 20:32:37,057: update_indicator() 'Setting file info to: /home/pawel/.config/variety/Downloaded/nasa_apod/NGC1975RunningMan.jpg'
INFO: 2024-11-25 20:32:37,058: list_files() 'More than 1 files in the folders, stop listing'
INFO: 2024-11-25 20:32:37,240: get_throttling() 'Reddit: parsing serverside options'
INFO: 2024-11-25 20:32:37,240: get_throttling() 'Could not parse Reddit serverside options, using defaults None, None'
INFO: 2024-11-25 20:32:37,240: get_throttling() 'Reddit: parsing serverside options'
INFO: 2024-11-25 20:32:37,240: get_throttling() 'Could not parse Reddit serverside options, using defaults None, None'
INFO: 2024-11-25 20:32:37,240: download_one() 'Reddit: Downloading an image, config: https://www.reddit.com/r/ultrahdwallpapers/top/?t=all'
INFO: 2024-11-25 20:32:37,240: download_one() 'Reddit: Queue size: 0'
INFO: 2024-11-25 20:32:37,240: get_throttling() 'Reddit: parsing serverside options'
INFO: 2024-11-25 20:32:37,240: get_throttling() 'Could not parse Reddit serverside options, using defaults None, None'
INFO: 2024-11-25 20:32:37,240: download_one() 'Reddit: Filling queue'
INFO: 2024-11-25 20:32:37,240: fill_queue() 'Reddit URL: https://www.reddit.com/r/ultrahdwallpapers/top/?t=all'
INFO: 2024-11-25 20:32:38,575: trigger_download() 'Triggering download thread to check if download needed and possible'
INFO: 2024-11-25 20:32:38,575: trigger_download() 'Triggering download thread to check if download needed and possible'
INFO: 2024-11-25 20:32:38,783: download_one() 'Reddit: Queue populated with 56 URLs'
INFO: 2024-11-25 20:32:38,783: save_locally() 'Origin URL: https://www.reddit.com/r/ultrahdwallpapers/comments/mnlxxw/android_kotlin_3840x2160/'
INFO: 2024-11-25 20:32:38,783: save_locally() 'Image URL: https://i.redd.it/sabp9rmdk6s61.png'
INFO: 2024-11-25 20:32:38,783: save_locally() 'Local path: /home/pawel/.config/variety/Downloaded/reddit_www_reddit_com_r_ultrahdwallpapers_top__t_all/sabp9rmdk6s61.png'
INFO: 2024-11-25 20:32:38,783: save_locally() 'File already exists, skip downloading'
INFO: 2024-11-25 20:32:39,783: get_throttling() 'Reddit: parsing serverside options'
INFO: 2024-11-25 20:32:39,783: get_throttling() 'Could not parse Reddit serverside options, using defaults None, None'
INFO: 2024-11-25 20:32:39,783: get_throttling() 'Reddit: parsing serverside options'
INFO: 2024-11-25 20:32:39,783: get_throttling() 'Could not parse Reddit serverside options, using defaults None, None'
INFO: 2024-11-25 20:32:39,784: download_one() 'Reddit: Downloading an image, config: https://www.reddit.com/r/wallpapers/top/?t=all'
INFO: 2024-11-25 20:32:39,784: download_one() 'Reddit: Queue size: 0'
INFO: 2024-11-25 20:32:39,784: get_throttling() 'Reddit: parsing serverside options'
INFO: 2024-11-25 20:32:39,784: get_throttling() 'Could not parse Reddit serverside options, using defaults None, None'
INFO: 2024-11-25 20:32:39,784: download_one() 'Reddit: Filling queue'
INFO: 2024-11-25 20:32:39,784: fill_queue() 'Reddit URL: https://www.reddit.com/r/wallpapers/top/?t=all'
INFO: 2024-11-25 20:32:41,130: download_one() 'Reddit: Queue populated with 93 URLs'
INFO: 2024-11-25 20:32:41,130: save_locally() 'Origin URL: https://www.reddit.com/r/wallpapers/comments/3d0lux/empire_strikes_back_meets_japan_1920x1080/'
INFO: 2024-11-25 20:32:41,130: save_locally() 'Image URL: http://i.imgur.com/CFFjH48.jpg'
INFO: 2024-11-25 20:32:41,130: save_locally() 'Local path: /home/pawel/.config/variety/Downloaded/reddit_www_reddit_com_r_wallpapers_top__t_all/CFFjH48.jpg'
INFO: 2024-11-25 20:32:41,130: save_locally() 'File already exists, skip downloading'
INFO: 2024-11-25 20:32:42,131: get_throttling() 'NASA Astro Pic of the Day: parsing serverside options'
INFO: 2024-11-25 20:32:42,131: get_throttling() 'Could not parse NASA Astro Pic of the Day serverside options, using defaults None, None'
INFO: 2024-11-25 20:32:42,131: get_throttling() 'NASA Astro Pic of the Day: parsing serverside options'
INFO: 2024-11-25 20:32:42,131: get_throttling() 'Could not parse NASA Astro Pic of the Day serverside options, using defaults None, None'
INFO: 2024-11-25 20:32:42,131: download_one() 'NASA Astro Pic of the Day: Downloading an image, config: None'
INFO: 2024-11-25 20:32:42,131: download_one() 'NASA Astro Pic of the Day: Queue size: 0'
INFO: 2024-11-25 20:32:42,131: get_throttling() 'NASA Astro Pic of the Day: parsing serverside options'
INFO: 2024-11-25 20:32:42,131: get_throttling() 'Could not parse NASA Astro Pic of the Day serverside options, using defaults None, None'
INFO: 2024-11-25 20:32:42,131: download_one() 'NASA Astro Pic of the Day: Filling queue'
INFO: 2024-11-25 20:32:42,131: fill_queue() 'Filling APOD queue from Archive'
INFO: 2024-11-25 20:32:43,450: download_one() 'NASA Astro Pic of the Day: Queue populated with 730 URLs'
INFO: 2024-11-25 20:32:43,450: download_queue_item() 'APOD URL: https://apod.nasa.gov/apod/ap231227.html'
INFO: 2024-11-25 20:32:43,901: download_queue_item() 'Image URL: https://apod.nasa.gov/apod/image/2312/ArchFalls_Pellegrini_2000.jpg'
INFO: 2024-11-25 20:32:43,901: save_locally() 'Origin URL: https://apod.nasa.gov/apod/ap231227.html'
INFO: 2024-11-25 20:32:43,901: save_locally() 'Image URL: https://apod.nasa.gov/apod/image/2312/ArchFalls_Pellegrini_2000.jpg'
INFO: 2024-11-25 20:32:43,901: save_locally() 'Local path: /home/pawel/.config/variety/Downloaded/nasa_apod/ArchFalls_Pellegrini_2000.jpg'
INFO: 2024-11-25 20:32:45,266: save_locally() 'Download complete'
INFO: 2024-11-25 20:32:45,267: update_indicator() 'Setting file info to: /home/pawel/.config/variety/Downloaded/nasa_apod/NGC1975RunningMan.jpg'
INFO: 2024-11-25 20:32:45,267: list_files() 'More than 1 files in the folders, stop listing'
INFO: 2024-11-25 20:32:45,267: prepare_thread() 'Prepared buffer contains 31 images'
INFO: 2024-11-25 20:32:46,268: get_throttling() 'NASA Astro Pic of the Day: parsing serverside options'
INFO: 2024-11-25 20:32:46,268: get_throttling() 'Could not parse NASA Astro Pic of the Day serverside options, using defaults None, None'
INFO: 2024-11-25 20:32:46,268: get_throttling() 'NASA Astro Pic of the Day: parsing serverside options'
INFO: 2024-11-25 20:32:46,268: get_throttling() 'Could not parse NASA Astro Pic of the Day serverside options, using defaults None, None'
INFO: 2024-11-25 20:32:46,268: download_one() 'NASA Astro Pic of the Day: Downloading an image, config: None'
INFO: 2024-11-25 20:32:46,268: download_one() 'NASA Astro Pic of the Day: Queue size: 729'
INFO: 2024-11-25 20:32:46,268: download_one() 'NASA Astro Pic of the Day: Queue populated with 729 URLs'
INFO: 2024-11-25 20:32:46,268: download_queue_item() 'APOD URL: https://apod.nasa.gov/apod/ap230626.html'
INFO: 2024-11-25 20:32:46,721: download_queue_item() 'Image URL: https://apod.nasa.gov/apod/image/2306/BeltofEverest_Mukherjee_4000_annotated.jpg'
INFO: 2024-11-25 20:32:46,721: save_locally() 'Origin URL: https://apod.nasa.gov/apod/ap230626.html'
INFO: 2024-11-25 20:32:46,721: save_locally() 'Image URL: https://apod.nasa.gov/apod/image/2306/BeltofEverest_Mukherjee_4000_annotated.jpg'
INFO: 2024-11-25 20:32:46,721: save_locally() 'Local path: /home/pawel/.config/variety/Downloaded/nasa_apod/BeltofEverest_Mukherjee_4000_annotated.jpg'
INFO: 2024-11-25 20:32:47,268: trigger_download() 'Triggering download thread to check if download needed and possible'
INFO: 2024-11-25 20:32:50,859: save_locally() 'Download complete'
INFO: 2024-11-25 20:32:50,859: update_indicator() 'Setting file info to: /home/pawel/.config/variety/Downloaded/nasa_apod/NGC1975RunningMan.jpg'
INFO: 2024-11-25 20:32:50,859: list_files() 'More than 1 files in the folders, stop listing'
INFO: 2024-11-25 20:32:50,859: download_one_from() 'Adding downloaded file /home/pawel/.config/variety/Downloaded/nasa_apod/BeltofEverest_Mukherjee_4000_annotated.jpg to unseen_downloads'
INFO: 2024-11-25 20:32:51,860: get_throttling() 'NASA Astro Pic of the Day: parsing serverside options'
INFO: 2024-11-25 20:32:51,860: get_throttling() 'Could not parse NASA Astro Pic of the Day serverside options, using defaults None, None'
INFO: 2024-11-25 20:32:51,860: get_throttling() 'NASA Astro Pic of the Day: parsing serverside options'
INFO: 2024-11-25 20:32:51,860: get_throttling() 'Could not parse NASA Astro Pic of the Day serverside options, using defaults None, None'
INFO: 2024-11-25 20:32:51,860: download_one() 'NASA Astro Pic of the Day: Downloading an image, config: None'
INFO: 2024-11-25 20:32:51,860: download_one() 'NASA Astro Pic of the Day: Queue size: 728'
INFO: 2024-11-25 20:32:51,860: download_one() 'NASA Astro Pic of the Day: Queue populated with 728 URLs'
INFO: 2024-11-25 20:32:51,860: download_queue_item() 'APOD URL: https://apod.nasa.gov/apod/ap221227.html'
INFO: 2024-11-25 20:32:52,321: download_queue_item() 'Image URL: https://apod.nasa.gov/apod/image/2212/FullCircleRainbow_Moesch_4500.jpg'
INFO: 2024-11-25 20:32:52,321: save_locally() 'Origin URL: https://apod.nasa.gov/apod/ap221227.html'
INFO: 2024-11-25 20:32:52,321: save_locally() 'Image URL: https://apod.nasa.gov/apod/image/2212/FullCircleRainbow_Moesch_4500.jpg'
INFO: 2024-11-25 20:32:52,321: save_locally() 'Local path: /home/pawel/.config/variety/Downloaded/nasa_apod/FullCircleRainbow_Moesch_4500.jpg'
INFO: 2024-11-25 20:32:53,613: server_options_thread() 'Fetching server options from http://tiny.cc/variety-options-063'
ERROR: 2024-11-25 20:32:54,215: server_options_thread() 'Could not fetch Variety serverside options'
Traceback (most recent call last):
  File "/usr/lib/python3.12/site-packages/requests/models.py", line 974, in json
    return complexjson.loads(self.text, **kwargs)
           ^^^^^^^^^^^^^^^^^^^^^^^^^^^^^^^^^^^^^^
  File "/usr/lib/python3.12/json/__init__.py", line 346, in loads
    return _default_decoder.decode(s)
           ^^^^^^^^^^^^^^^^^^^^^^^^^^
  File "/usr/lib/python3.12/json/decoder.py", line 337, in decode
    obj, end = self.raw_decode(s, idx=_w(s, 0).end())
               ^^^^^^^^^^^^^^^^^^^^^^^^^^^^^^^^^^^^^^
  File "/usr/lib/python3.12/json/decoder.py", line 355, in raw_decode
    raise JSONDecodeError("Expecting value", s, err.value) from None
json.decoder.JSONDecodeError: Expecting value: line 1 column 1 (char 0)

During handling of the above exception, another exception occurred:

Traceback (most recent call last):
  File "/usr/lib/python3.12/site-packages/variety/VarietyWindow.py", line 1084, in server_options_thread
    self.server_options = Util.fetch_json(VarietyWindow.SERVERSIDE_OPTIONS_URL)
                          ^^^^^^^^^^^^^^^^^^^^^^^^^^^^^^^^^^^^^^^^^^^^^^^^^^^^^
  File "/usr/lib/python3.12/site-packages/variety/Util.py", line 684, in fetch_json
    return Util.request(url, data, **request_kwargs).json()
           ^^^^^^^^^^^^^^^^^^^^^^^^^^^^^^^^^^^^^^^^^^^^^^^^
  File "/usr/lib/python3.12/site-packages/requests/models.py", line 978, in json
    raise RequestsJSONDecodeError(e.msg, e.doc, e.pos)
requests.exceptions.JSONDecodeError: Expecting value: line 1 column 1 (char 0)
INFO: 2024-11-25 20:32:54,523: save_locally() 'Download complete'
INFO: 2024-11-25 20:32:54,524: update_indicator() 'Setting file info to: /home/pawel/.config/variety/Downloaded/nasa_apod/NGC1975RunningMan.jpg'
INFO: 2024-11-25 20:32:54,524: list_files() 'More than 1 files in the folders, stop listing'
INFO: 2024-11-25 20:32:54,524: download_one_from() 'Adding downloaded file /home/pawel/.config/variety/Downloaded/nasa_apod/FullCircleRainbow_Moesch_4500.jpg to unseen_downloads'
INFO: 2024-11-25 20:33:00,617: clock_thread_method() 'clock_thread updates wallpaper'
INFO: 2024-11-25 20:33:00,617: do_set_wp() 'Calling do_set_wp with /home/pawel/.config/variety/Downloaded/nasa_apod/NGC1975RunningMan.jpg, time: 1732563180.6172638'
INFO: 2024-11-25 20:33:00,617: compute_trimmed_offsets() 'Trimmed offsets debug info: w:1920, h:1080, ratio:1.777778, iw:6153, ih:4071, scw:1920, sch:1270, ho:0, vo:95'
INFO: 2024-11-25 20:33:00,617: build_imagemagick_clock_cmd() 'Applying clock filter: -density 100 -font `fc-match -f '%{file[0]}' 'Ubuntu Nerd Font:60'` -pointsize 60 -gravity SouthEast -fill '#00000044' -annotate 0x0+58+203 '20:33' -fill white -annotate 0x0+60+205 '20:33' -font `fc-match -f '%{file[0]}' 'Ubuntu Nerd Font:Medium:26'` -pointsize 26 -fill '#00000044' -annotate 0x0+58+153 'poniedziaÅek, listopada 25' -fill white -annotate 0x0+60+155 'poniedziaÅek, listopada 25''
INFO: 2024-11-25 20:33:00,617: build_imagemagick_clock_cmd() 'ImageMagick clock cmd: convert /home/pawel/.config/variety/Downloaded/nasa_apod/NGC1975RunningMan.jpg -scale 1920x1080^ -density 100 -font `fc-match -f '%{file[0]}' 'Ubuntu Nerd Font:60'` -pointsize 60 -gravity SouthEast -fill '#00000044' -annotate 0x0+58+203 '20:33' -fill white -annotate 0x0+60+205 '20:33' -font `fc-match -f '%{file[0]}' 'Ubuntu Nerd Font:Medium:26'` -pointsize 26 -fill '#00000044' -annotate 0x0+58+153 'poniedziaÅek, listopada 25' -fill white -annotate 0x0+60+155 'poniedziaÅek, listopada 25' /home/pawel/.config/variety/wallpaper/wallpaper-clock-a46c7677fbbd05500d1b1d4803c549e9.jpg'
INFO: 2024-11-25 20:33:01,073: update_indicator() 'Setting file info to: /home/pawel/.config/variety/Downloaded/nasa_apod/NGC1975RunningMan.jpg'
INFO: 2024-11-25 20:33:01,073: list_files() 'More than 1 files in the folders, stop listing'
INFO: 2024-11-25 20:33:24,215: server_options_thread() 'Fetching server options from http://tiny.cc/variety-options-063'
ERROR: 2024-11-25 20:33:24,732: server_options_thread() 'Could not fetch Variety serverside options'
Traceback (most recent call last):
  File "/usr/lib/python3.12/site-packages/requests/models.py", line 974, in json
    return complexjson.loads(self.text, **kwargs)
           ^^^^^^^^^^^^^^^^^^^^^^^^^^^^^^^^^^^^^^
  File "/usr/lib/python3.12/json/__init__.py", line 346, in loads
    return _default_decoder.decode(s)
           ^^^^^^^^^^^^^^^^^^^^^^^^^^
  File "/usr/lib/python3.12/json/decoder.py", line 337, in decode
    obj, end = self.raw_decode(s, idx=_w(s, 0).end())
               ^^^^^^^^^^^^^^^^^^^^^^^^^^^^^^^^^^^^^^
  File "/usr/lib/python3.12/json/decoder.py", line 355, in raw_decode
    raise JSONDecodeError("Expecting value", s, err.value) from None
json.decoder.JSONDecodeError: Expecting value: line 1 column 1 (char 0)

During handling of the above exception, another exception occurred:

Traceback (most recent call last):
  File "/usr/lib/python3.12/site-packages/variety/VarietyWindow.py", line 1084, in server_options_thread
    self.server_options = Util.fetch_json(VarietyWindow.SERVERSIDE_OPTIONS_URL)
                          ^^^^^^^^^^^^^^^^^^^^^^^^^^^^^^^^^^^^^^^^^^^^^^^^^^^^^
  File "/usr/lib/python3.12/site-packages/variety/Util.py", line 684, in fetch_json
    return Util.request(url, data, **request_kwargs).json()
           ^^^^^^^^^^^^^^^^^^^^^^^^^^^^^^^^^^^^^^^^^^^^^^^^
  File "/usr/lib/python3.12/site-packages/requests/models.py", line 978, in json
    raise RequestsJSONDecodeError(e.msg, e.doc, e.pos)
requests.exceptions.JSONDecodeError: Expecting value: line 1 column 1 (char 0)
INFO: 2024-11-25 20:33:54,733: server_options_thread() 'Fetching server options from http://tiny.cc/variety-options-063'
ERROR: 2024-11-25 20:33:55,262: server_options_thread() 'Could not fetch Variety serverside options'
Traceback (most recent call last):
  File "/usr/lib/python3.12/site-packages/requests/models.py", line 974, in json
    return complexjson.loads(self.text, **kwargs)
           ^^^^^^^^^^^^^^^^^^^^^^^^^^^^^^^^^^^^^^
  File "/usr/lib/python3.12/json/__init__.py", line 346, in loads
    return _default_decoder.decode(s)
           ^^^^^^^^^^^^^^^^^^^^^^^^^^
  File "/usr/lib/python3.12/json/decoder.py", line 337, in decode
    obj, end = self.raw_decode(s, idx=_w(s, 0).end())
               ^^^^^^^^^^^^^^^^^^^^^^^^^^^^^^^^^^^^^^
  File "/usr/lib/python3.12/json/decoder.py", line 355, in raw_decode
    raise JSONDecodeError("Expecting value", s, err.value) from None
json.decoder.JSONDecodeError: Expecting value: line 1 column 1 (char 0)

During handling of the above exception, another exception occurred:

Traceback (most recent call last):
  File "/usr/lib/python3.12/site-packages/variety/VarietyWindow.py", line 1084, in server_options_thread
    self.server_options = Util.fetch_json(VarietyWindow.SERVERSIDE_OPTIONS_URL)
                          ^^^^^^^^^^^^^^^^^^^^^^^^^^^^^^^^^^^^^^^^^^^^^^^^^^^^^
  File "/usr/lib/python3.12/site-packages/variety/Util.py", line 684, in fetch_json
    return Util.request(url, data, **request_kwargs).json()
           ^^^^^^^^^^^^^^^^^^^^^^^^^^^^^^^^^^^^^^^^^^^^^^^^
  File "/usr/lib/python3.12/site-packages/requests/models.py", line 978, in json
    raise RequestsJSONDecodeError(e.msg, e.doc, e.pos)
requests.exceptions.JSONDecodeError: Expecting value: line 1 column 1 (char 0)
INFO: 2024-11-25 20:34:00,630: clock_thread_method() 'clock_thread updates wallpaper'
INFO: 2024-11-25 20:34:00,630: do_set_wp() 'Calling do_set_wp with /home/pawel/.config/variety/Downloaded/nasa_apod/NGC1975RunningMan.jpg, time: 1732563240.630273'
INFO: 2024-11-25 20:34:00,630: compute_trimmed_offsets() 'Trimmed offsets debug info: w:1920, h:1080, ratio:1.777778, iw:6153, ih:4071, scw:1920, sch:1270, ho:0, vo:95'
INFO: 2024-11-25 20:34:00,630: build_imagemagick_clock_cmd() 'Applying clock filter: -density 100 -font `fc-match -f '%{file[0]}' 'Ubuntu Nerd Font:60'` -pointsize 60 -gravity SouthEast -fill '#00000044' -annotate 0x0+58+203 '20:34' -fill white -annotate 0x0+60+205 '20:34' -font `fc-match -f '%{file[0]}' 'Ubuntu Nerd Font:Medium:26'` -pointsize 26 -fill '#00000044' -annotate 0x0+58+153 'poniedziaÅek, listopada 25' -fill white -annotate 0x0+60+155 'poniedziaÅek, listopada 25''
INFO: 2024-11-25 20:34:00,630: build_imagemagick_clock_cmd() 'ImageMagick clock cmd: convert /home/pawel/.config/variety/Downloaded/nasa_apod/NGC1975RunningMan.jpg -scale 1920x1080^ -density 100 -font `fc-match -f '%{file[0]}' 'Ubuntu Nerd Font:60'` -pointsize 60 -gravity SouthEast -fill '#00000044' -annotate 0x0+58+203 '20:34' -fill white -annotate 0x0+60+205 '20:34' -font `fc-match -f '%{file[0]}' 'Ubuntu Nerd Font:Medium:26'` -pointsize 26 -fill '#00000044' -annotate 0x0+58+153 'poniedziaÅek, listopada 25' -fill white -annotate 0x0+60+155 'poniedziaÅek, listopada 25' /home/pawel/.config/variety/wallpaper/wallpaper-clock-2a65554933d4a4a4dd2efd04a8919111.jpg'
INFO: 2024-11-25 20:34:01,091: update_indicator() 'Setting file info to: /home/pawel/.config/variety/Downloaded/nasa_apod/NGC1975RunningMan.jpg'
INFO: 2024-11-25 20:34:01,092: list_files() 'More than 1 files in the folders, stop listing'
